powershell.exe Information: 0 : 2018-11-11 03:29:47.7503	[OfficeDevPnP.Core]	[0]	[Information]	File Custom.QuickLaunch.Template.xml retrieved from folder 	0ms	
powershell.exe Information: 0 : 2018-11-11 03:29:47.7513	[OfficeDevPnP.Core]	[0]	[Information]	File Custom.QuickLaunch.Template.xml retrieved from folder 	0ms	
powershell.exe Information: 0 : 2018-11-11 03:29:47.7733	[Provisioning]	[14]	[Debug]	Code execution scope started	0ms	33e1fc91-26ca-46cb-aeaf-6a3df70a05f3
powershell.exe Information: 0 : 2018-11-11 03:29:47.7733	[Provisioning]	[14]	[Information]	ProgressDelegate registered	0ms	33e1fc91-26ca-46cb-aeaf-6a3df70a05f3
powershell.exe Information: 0 : 2018-11-11 03:29:47.7743	[Provisioning]	[14]	[Information]	MessagesDelegate registered	0ms	33e1fc91-26ca-46cb-aeaf-6a3df70a05f3
powershell.exe Information: 0 : 2018-11-11 03:30:23.3120	[Extensibility Providers]	[14]	[Debug]	Code execution scope started	0ms	33e1fc91-26ca-46cb-aeaf-6a3df70a05f3
powershell.exe Information: 0 : 2018-11-11 03:30:23.3120	[Extensibility Providers]	[14]	[Debug]	Code execution scope ended	0ms	33e1fc91-26ca-46cb-aeaf-6a3df70a05f3
powershell.exe Information: 0 : 2018-11-11 03:30:24.3323	[Files]	[14]	[Debug]	Code execution scope started	0ms	33e1fc91-26ca-46cb-aeaf-6a3df70a05f3
powershell.exe Information: 0 : 2018-11-11 03:31:07.2694	[OfficeDevPnP.Core]	[0]	[Information]	Creating folder 'QuickLaunch' under List '/sites/brandme/Style Library'.	0ms	
powershell.exe Information: 0 : 2018-11-11 03:31:08.3587	[OfficeDevPnP.Core]	[0]	[Information]	File left-nav-override.js retrieved from folder 	0ms	
powershell.exe Information: 0 : 2018-11-11 03:31:08.3587	[Files]	[14]	[Debug]	Uploading file left-nav-override.js	44025ms	33e1fc91-26ca-46cb-aeaf-6a3df70a05f3
powershell.exe Information: 0 : 2018-11-11 03:31:08.3587	[OfficeDevPnP.Core]	[0]	[Debug]	Creating file info with Url 'left-nav-override.js'	0ms	
powershell.exe Information: 0 : 2018-11-11 03:31:09.4474	[OfficeDevPnP.Core]	[0]	[Debug]	Checking in file 'left-nav-override.js'	0ms	
powershell.exe Information: 0 : 2018-11-11 03:31:09.7968	[OfficeDevPnP.Core]	[0]	[Debug]	Publishing file 'left-nav-override.js'	0ms	
powershell.exe Information: 0 : 2018-11-11 03:31:11.5630	[OfficeDevPnP.Core]	[0]	[Information]	File left-nav-override.css retrieved from folder 	0ms	
powershell.exe Information: 0 : 2018-11-11 03:31:11.5630	[Files]	[14]	[Debug]	Uploading file left-nav-override.css	47230ms	33e1fc91-26ca-46cb-aeaf-6a3df70a05f3
powershell.exe Information: 0 : 2018-11-11 03:31:11.5630	[OfficeDevPnP.Core]	[0]	[Debug]	Creating file info with Url 'left-nav-override.css'	0ms	
powershell.exe Information: 0 : 2018-11-11 03:31:12.6262	[OfficeDevPnP.Core]	[0]	[Debug]	Checking in file 'left-nav-override.css'	0ms	
powershell.exe Information: 0 : 2018-11-11 03:31:13.1239	[OfficeDevPnP.Core]	[0]	[Debug]	Publishing file 'left-nav-override.css'	0ms	
powershell.exe Information: 0 : 2018-11-11 03:31:18.0070	[OfficeDevPnP.Core]	[0]	[Information]	File Custom-Script-Action.js retrieved from folder 	0ms	
powershell.exe Information: 0 : 2018-11-11 03:31:18.0070	[Files]	[14]	[Debug]	Uploading file Custom-Script-Action.js	53674ms	33e1fc91-26ca-46cb-aeaf-6a3df70a05f3
powershell.exe Information: 0 : 2018-11-11 03:31:18.0070	[OfficeDevPnP.Core]	[0]	[Debug]	Creating file info with Url 'Custom-Script-Action.js'	0ms	
powershell.exe Information: 0 : 2018-11-11 03:31:21.1286	[OfficeDevPnP.Core]	[0]	[Debug]	Checking in file 'Custom-Script-Action.js'	0ms	
powershell.exe Information: 0 : 2018-11-11 03:31:22.2361	[OfficeDevPnP.Core]	[0]	[Debug]	Publishing file 'Custom-Script-Action.js'	0ms	
powershell.exe Information: 0 : 2018-11-11 03:31:26.3110	[Files]	[14]	[Debug]	Uploading and overwriting existing file connectslogo(78px).png	61977ms	33e1fc91-26ca-46cb-aeaf-6a3df70a05f3
powershell.exe Information: 0 : 2018-11-11 03:31:27.2854	[OfficeDevPnP.Core]	[0]	[Information]	File connectslogo(78px).png retrieved from folder 	0ms	
powershell.exe Information: 0 : 2018-11-11 03:31:27.2864	[OfficeDevPnP.Core]	[0]	[Debug]	Creating file info with Url 'connectslogo(78px).png'	0ms	
powershell.exe Information: 0 : 2018-11-11 03:31:30.4127	[OfficeDevPnP.Core]	[0]	[Debug]	Checking in file 'connectslogo(78px).png'	0ms	
powershell.exe Information: 0 : 2018-11-11 03:31:30.9526	[OfficeDevPnP.Core]	[0]	[Debug]	Publishing file 'connectslogo(78px).png'	0ms	
powershell.exe Information: 0 : 2018-11-11 03:31:32.4231	[Files]	[14]	[Debug]	Uploading and overwriting existing file Waypoint-Logo_color.png	68090ms	33e1fc91-26ca-46cb-aeaf-6a3df70a05f3
powershell.exe Information: 0 : 2018-11-11 03:31:33.3990	[OfficeDevPnP.Core]	[0]	[Information]	File Waypoint-Logo_color.png retrieved from folder 	0ms	
powershell.exe Information: 0 : 2018-11-11 03:31:33.3994	[OfficeDevPnP.Core]	[0]	[Debug]	Creating file info with Url 'Waypoint-Logo_color.png'	0ms	
powershell.exe Information: 0 : 2018-11-11 03:31:36.4946	[OfficeDevPnP.Core]	[0]	[Debug]	Checking in file 'Waypoint-Logo_color.png'	0ms	
powershell.exe Information: 0 : 2018-11-11 03:31:37.3952	[OfficeDevPnP.Core]	[0]	[Debug]	Publishing file 'Waypoint-Logo_color.png'	0ms	
powershell.exe Information: 0 : 2018-11-11 03:31:37.8080	[Files]	[14]	[Debug]	Code execution scope ended	73474ms	33e1fc91-26ca-46cb-aeaf-6a3df70a05f3
powershell.exe Information: 0 : 2018-11-11 03:31:37.8456	[Tenant Settings]	[14]	[Debug]	Code execution scope started	0ms	33e1fc91-26ca-46cb-aeaf-6a3df70a05f3
powershell.exe Information: 0 : 2018-11-11 03:31:37.8466	[Tenant Settings]	[14]	[Debug]	Code execution scope ended	0ms	33e1fc91-26ca-46cb-aeaf-6a3df70a05f3
powershell.exe Information: 0 : 2018-11-11 03:31:37.8666	[Application Lifecycle Management]	[14]	[Debug]	Code execution scope started	0ms	33e1fc91-26ca-46cb-aeaf-6a3df70a05f3
powershell.exe Information: 0 : 2018-11-11 03:31:37.8676	[Application Lifecycle Management]	[14]	[Debug]	Code execution scope ended	0ms	33e1fc91-26ca-46cb-aeaf-6a3df70a05f3
powershell.exe Information: 0 : 2018-11-11 03:31:37.8868	[Custom Actions]	[14]	[Debug]	Code execution scope started	0ms	33e1fc91-26ca-46cb-aeaf-6a3df70a05f3
powershell.exe Information: 0 : 2018-11-11 03:31:38.6433	[Custom Actions]	[14]	[Debug]	Adding custom action 'QL_Dropdown' to scope Site	757ms	33e1fc91-26ca-46cb-aeaf-6a3df70a05f3
powershell.exe Information: 0 : 2018-11-11 03:31:39.3929	[Custom Actions]	[14]	[Debug]	Code execution scope ended	1506ms	33e1fc91-26ca-46cb-aeaf-6a3df70a05f3
powershell.exe Information: 0 : 2018-11-11 03:31:39.4079	[Web Settings]	[14]	[Debug]	Code execution scope started	0ms	33e1fc91-26ca-46cb-aeaf-6a3df70a05f3
powershell.exe Information: 0 : 2018-11-11 03:31:39.8319	[Web Settings]	[14]	[Debug]	Code execution scope ended	424ms	33e1fc91-26ca-46cb-aeaf-6a3df70a05f3
powershell.exe Information: 0 : 2018-11-11 03:31:39.8319	[Persist Template Info]	[14]	[Debug]	Code execution scope started	0ms	33e1fc91-26ca-46cb-aeaf-6a3df70a05f3
powershell.exe Information: 0 : 2018-11-11 03:31:45.4607	[Persist Template Info]	[14]	[Debug]	Code execution scope ended	5627ms	33e1fc91-26ca-46cb-aeaf-6a3df70a05f3
powershell.exe Information: 0 : 2018-11-11 03:31:45.4607	[Provisioning]	[14]	[Debug]	Code execution scope ended	117686ms	33e1fc91-26ca-46cb-aeaf-6a3df70a05f3
