powershell.exe Information: 0 : 2018-11-10 21:14:41.7333	[OfficeDevPnP.Core]	[0]	[Information]	File Custom.QuickLaunch.Template.xml retrieved from folder 	0ms	
powershell.exe Information: 0 : 2018-11-10 21:14:41.7343	[OfficeDevPnP.Core]	[0]	[Information]	File Custom.QuickLaunch.Template.xml retrieved from folder 	0ms	
powershell.exe Information: 0 : 2018-11-10 21:14:41.7638	[Provisioning]	[14]	[Debug]	Code execution scope started	0ms	ee39b69f-73e8-4cd5-b98b-2e764f1e49b2
powershell.exe Information: 0 : 2018-11-10 21:14:41.7643	[Provisioning]	[14]	[Information]	ProgressDelegate registered	0ms	ee39b69f-73e8-4cd5-b98b-2e764f1e49b2
powershell.exe Information: 0 : 2018-11-10 21:14:41.7668	[Provisioning]	[14]	[Information]	MessagesDelegate registered	2ms	ee39b69f-73e8-4cd5-b98b-2e764f1e49b2
powershell.exe Information: 0 : 2018-11-10 21:14:47.9890	[Extensibility Providers]	[14]	[Debug]	Code execution scope started	0ms	ee39b69f-73e8-4cd5-b98b-2e764f1e49b2
powershell.exe Information: 0 : 2018-11-10 21:14:47.9890	[Extensibility Providers]	[14]	[Debug]	Code execution scope ended	0ms	ee39b69f-73e8-4cd5-b98b-2e764f1e49b2
powershell.exe Information: 0 : 2018-11-10 21:14:48.1360	[Files]	[14]	[Debug]	Code execution scope started	0ms	ee39b69f-73e8-4cd5-b98b-2e764f1e49b2
powershell.exe Information: 0 : 2018-11-10 21:15:00.6274	[OfficeDevPnP.Core]	[0]	[Information]	Creating folder 'QuickLaunch' under List '/sites/brandme/Style Library'.	0ms	
powershell.exe Information: 0 : 2018-11-10 21:15:01.2351	[OfficeDevPnP.Core]	[0]	[Information]	File left-nav-override.js retrieved from folder 	0ms	
powershell.exe Information: 0 : 2018-11-10 21:15:01.2361	[Files]	[14]	[Debug]	Uploading file left-nav-override.js	13099ms	ee39b69f-73e8-4cd5-b98b-2e764f1e49b2
powershell.exe Information: 0 : 2018-11-10 21:15:01.2361	[OfficeDevPnP.Core]	[0]	[Debug]	Creating file info with Url 'left-nav-override.js'	0ms	
powershell.exe Information: 0 : 2018-11-10 21:15:01.8695	[OfficeDevPnP.Core]	[0]	[Debug]	Checking in file 'left-nav-override.js'	0ms	
powershell.exe Information: 0 : 2018-11-10 21:15:02.0751	[OfficeDevPnP.Core]	[0]	[Debug]	Publishing file 'left-nav-override.js'	0ms	
powershell.exe Information: 0 : 2018-11-10 21:15:02.7724	[OfficeDevPnP.Core]	[0]	[Information]	File left-nav-override.css retrieved from folder 	0ms	
powershell.exe Information: 0 : 2018-11-10 21:15:02.7724	[Files]	[14]	[Debug]	Uploading file left-nav-override.css	14636ms	ee39b69f-73e8-4cd5-b98b-2e764f1e49b2
powershell.exe Information: 0 : 2018-11-10 21:15:02.7729	[OfficeDevPnP.Core]	[0]	[Debug]	Creating file info with Url 'left-nav-override.css'	0ms	
powershell.exe Information: 0 : 2018-11-10 21:15:03.3907	[OfficeDevPnP.Core]	[0]	[Debug]	Checking in file 'left-nav-override.css'	0ms	
powershell.exe Information: 0 : 2018-11-10 21:15:03.5927	[OfficeDevPnP.Core]	[0]	[Debug]	Publishing file 'left-nav-override.css'	0ms	
powershell.exe Information: 0 : 2018-11-10 21:15:04.2242	[OfficeDevPnP.Core]	[0]	[Information]	File Custom-Script-Action.js retrieved from folder 	0ms	
powershell.exe Information: 0 : 2018-11-10 21:15:04.2253	[Files]	[14]	[Debug]	Uploading file Custom-Script-Action.js	16089ms	ee39b69f-73e8-4cd5-b98b-2e764f1e49b2
powershell.exe Information: 0 : 2018-11-10 21:15:04.2253	[OfficeDevPnP.Core]	[0]	[Debug]	Creating file info with Url 'Custom-Script-Action.js'	0ms	
powershell.exe Information: 0 : 2018-11-10 21:15:04.7387	[OfficeDevPnP.Core]	[0]	[Debug]	Checking in file 'Custom-Script-Action.js'	0ms	
powershell.exe Information: 0 : 2018-11-10 21:15:04.9568	[OfficeDevPnP.Core]	[0]	[Debug]	Publishing file 'Custom-Script-Action.js'	0ms	
powershell.exe Information: 0 : 2018-11-10 21:15:05.5494	[Files]	[14]	[Debug]	Uploading and overwriting existing file connectslogo(78px).png	17412ms	ee39b69f-73e8-4cd5-b98b-2e764f1e49b2
powershell.exe Information: 0 : 2018-11-10 21:15:05.6901	[OfficeDevPnP.Core]	[0]	[Information]	File connectslogo(78px).png retrieved from folder 	0ms	
powershell.exe Information: 0 : 2018-11-10 21:15:05.6901	[OfficeDevPnP.Core]	[0]	[Debug]	Creating file info with Url 'connectslogo(78px).png'	0ms	
powershell.exe Information: 0 : 2018-11-10 21:15:06.3887	[OfficeDevPnP.Core]	[0]	[Debug]	Checking in file 'connectslogo(78px).png'	0ms	
powershell.exe Information: 0 : 2018-11-10 21:15:06.5945	[OfficeDevPnP.Core]	[0]	[Debug]	Publishing file 'connectslogo(78px).png'	0ms	
powershell.exe Information: 0 : 2018-11-10 21:15:07.4500	[Files]	[14]	[Debug]	Uploading and overwriting existing file Waypoint-Logo_color.png	19313ms	ee39b69f-73e8-4cd5-b98b-2e764f1e49b2
powershell.exe Information: 0 : 2018-11-10 21:15:07.5964	[OfficeDevPnP.Core]	[0]	[Information]	File Waypoint-Logo_color.png retrieved from folder 	0ms	
powershell.exe Information: 0 : 2018-11-10 21:15:07.5964	[OfficeDevPnP.Core]	[0]	[Debug]	Creating file info with Url 'Waypoint-Logo_color.png'	0ms	
powershell.exe Information: 0 : 2018-11-10 21:15:08.3134	[OfficeDevPnP.Core]	[0]	[Debug]	Checking in file 'Waypoint-Logo_color.png'	0ms	
powershell.exe Information: 0 : 2018-11-10 21:15:08.5650	[OfficeDevPnP.Core]	[0]	[Debug]	Publishing file 'Waypoint-Logo_color.png'	0ms	
powershell.exe Information: 0 : 2018-11-10 21:15:08.8570	[Files]	[14]	[Debug]	Code execution scope ended	20720ms	ee39b69f-73e8-4cd5-b98b-2e764f1e49b2
powershell.exe Information: 0 : 2018-11-10 21:15:08.9020	[Tenant Settings]	[14]	[Debug]	Code execution scope started	0ms	ee39b69f-73e8-4cd5-b98b-2e764f1e49b2
powershell.exe Information: 0 : 2018-11-10 21:15:08.9031	[Tenant Settings]	[14]	[Debug]	Code execution scope ended	1ms	ee39b69f-73e8-4cd5-b98b-2e764f1e49b2
powershell.exe Information: 0 : 2018-11-10 21:15:08.9257	[Application Lifecycle Management]	[14]	[Debug]	Code execution scope started	0ms	ee39b69f-73e8-4cd5-b98b-2e764f1e49b2
powershell.exe Information: 0 : 2018-11-10 21:15:08.9257	[Application Lifecycle Management]	[14]	[Debug]	Code execution scope ended	0ms	ee39b69f-73e8-4cd5-b98b-2e764f1e49b2
powershell.exe Information: 0 : 2018-11-10 21:15:08.9492	[Custom Actions]	[14]	[Debug]	Code execution scope started	0ms	ee39b69f-73e8-4cd5-b98b-2e764f1e49b2
powershell.exe Information: 0 : 2018-11-10 21:15:09.6032	[Custom Actions]	[14]	[Debug]	Adding custom action 'QL_Dropdown' to scope Site	654ms	ee39b69f-73e8-4cd5-b98b-2e764f1e49b2
powershell.exe Information: 0 : 2018-11-10 21:15:10.0197	[Custom Actions]	[14]	[Debug]	Code execution scope ended	1070ms	ee39b69f-73e8-4cd5-b98b-2e764f1e49b2
powershell.exe Information: 0 : 2018-11-10 21:15:10.0437	[Web Settings]	[14]	[Debug]	Code execution scope started	0ms	ee39b69f-73e8-4cd5-b98b-2e764f1e49b2
powershell.exe Information: 0 : 2018-11-10 21:15:10.4239	[Web Settings]	[14]	[Debug]	Code execution scope ended	380ms	ee39b69f-73e8-4cd5-b98b-2e764f1e49b2
powershell.exe Information: 0 : 2018-11-10 21:15:10.4239	[Persist Template Info]	[14]	[Debug]	Code execution scope started	0ms	ee39b69f-73e8-4cd5-b98b-2e764f1e49b2
powershell.exe Information: 0 : 2018-11-10 21:15:11.2351	[Persist Template Info]	[14]	[Debug]	Code execution scope ended	810ms	ee39b69f-73e8-4cd5-b98b-2e764f1e49b2
powershell.exe Information: 0 : 2018-11-10 21:15:11.2351	[Provisioning]	[14]	[Debug]	Code execution scope ended	29470ms	ee39b69f-73e8-4cd5-b98b-2e764f1e49b2
