powershell.exe Information: 0 : 2018-11-11 01:50:14.5151	[OfficeDevPnP.Core]	[0]	[Information]	File Custom.QuickLaunch.Template.xml retrieved from folder 	0ms	
powershell.exe Information: 0 : 2018-11-11 01:50:14.5171	[OfficeDevPnP.Core]	[0]	[Information]	File Custom.QuickLaunch.Template.xml retrieved from folder 	0ms	
powershell.exe Information: 0 : 2018-11-11 01:50:14.5581	[Provisioning]	[14]	[Debug]	Code execution scope started	0ms	f2f6784d-9ae4-4acc-b2c2-7e885f32c4cd
powershell.exe Information: 0 : 2018-11-11 01:50:14.5581	[Provisioning]	[14]	[Information]	ProgressDelegate registered	0ms	f2f6784d-9ae4-4acc-b2c2-7e885f32c4cd
powershell.exe Information: 0 : 2018-11-11 01:50:14.5591	[Provisioning]	[14]	[Information]	MessagesDelegate registered	0ms	f2f6784d-9ae4-4acc-b2c2-7e885f32c4cd
powershell.exe Information: 0 : 2018-11-11 01:50:25.4182	[Extensibility Providers]	[14]	[Debug]	Code execution scope started	0ms	f2f6784d-9ae4-4acc-b2c2-7e885f32c4cd
powershell.exe Information: 0 : 2018-11-11 01:50:25.4182	[Extensibility Providers]	[14]	[Debug]	Code execution scope ended	0ms	f2f6784d-9ae4-4acc-b2c2-7e885f32c4cd
powershell.exe Information: 0 : 2018-11-11 01:50:25.6425	[Files]	[14]	[Debug]	Code execution scope started	0ms	f2f6784d-9ae4-4acc-b2c2-7e885f32c4cd
powershell.exe Information: 0 : 2018-11-11 01:50:51.5562	[OfficeDevPnP.Core]	[0]	[Information]	Creating folder 'QuickLaunch' under List '/sites/brandme/Style Library'.	0ms	
powershell.exe Information: 0 : 2018-11-11 01:50:52.6700	[OfficeDevPnP.Core]	[0]	[Information]	File left-nav-override.js retrieved from folder 	0ms	
powershell.exe Information: 0 : 2018-11-11 01:50:52.6700	[Files]	[14]	[Debug]	Uploading file left-nav-override.js	27027ms	f2f6784d-9ae4-4acc-b2c2-7e885f32c4cd
powershell.exe Information: 0 : 2018-11-11 01:50:52.6700	[OfficeDevPnP.Core]	[0]	[Debug]	Creating file info with Url 'left-nav-override.js'	0ms	
powershell.exe Information: 0 : 2018-11-11 01:50:53.6066	[OfficeDevPnP.Core]	[0]	[Debug]	Checking in file 'left-nav-override.js'	0ms	
powershell.exe Information: 0 : 2018-11-11 01:50:53.7923	[OfficeDevPnP.Core]	[0]	[Debug]	Publishing file 'left-nav-override.js'	0ms	
powershell.exe Information: 0 : 2018-11-11 01:50:55.1045	[OfficeDevPnP.Core]	[0]	[Information]	File left-nav-override.css retrieved from folder 	0ms	
powershell.exe Information: 0 : 2018-11-11 01:50:55.1045	[Files]	[14]	[Debug]	Uploading file left-nav-override.css	29462ms	f2f6784d-9ae4-4acc-b2c2-7e885f32c4cd
powershell.exe Information: 0 : 2018-11-11 01:50:55.1045	[OfficeDevPnP.Core]	[0]	[Debug]	Creating file info with Url 'left-nav-override.css'	0ms	
powershell.exe Information: 0 : 2018-11-11 01:50:56.2740	[OfficeDevPnP.Core]	[0]	[Debug]	Checking in file 'left-nav-override.css'	0ms	
powershell.exe Information: 0 : 2018-11-11 01:50:56.6790	[OfficeDevPnP.Core]	[0]	[Debug]	Publishing file 'left-nav-override.css'	0ms	
powershell.exe Information: 0 : 2018-11-11 01:50:57.9666	[OfficeDevPnP.Core]	[0]	[Information]	File Custom-Script-Action.js retrieved from folder 	0ms	
powershell.exe Information: 0 : 2018-11-11 01:50:57.9666	[Files]	[14]	[Debug]	Uploading file Custom-Script-Action.js	32324ms	f2f6784d-9ae4-4acc-b2c2-7e885f32c4cd
powershell.exe Information: 0 : 2018-11-11 01:50:57.9671	[OfficeDevPnP.Core]	[0]	[Debug]	Creating file info with Url 'Custom-Script-Action.js'	0ms	
powershell.exe Information: 0 : 2018-11-11 01:50:58.7378	[OfficeDevPnP.Core]	[0]	[Debug]	Checking in file 'Custom-Script-Action.js'	0ms	
powershell.exe Information: 0 : 2018-11-11 01:50:58.9229	[OfficeDevPnP.Core]	[0]	[Debug]	Publishing file 'Custom-Script-Action.js'	0ms	
powershell.exe Information: 0 : 2018-11-11 01:51:00.2225	[Files]	[14]	[Debug]	Uploading and overwriting existing file connectslogo(78px).png	34579ms	f2f6784d-9ae4-4acc-b2c2-7e885f32c4cd
powershell.exe Information: 0 : 2018-11-11 01:51:00.4066	[OfficeDevPnP.Core]	[0]	[Information]	File connectslogo(78px).png retrieved from folder 	0ms	
powershell.exe Information: 0 : 2018-11-11 01:51:00.4066	[OfficeDevPnP.Core]	[0]	[Debug]	Creating file info with Url 'connectslogo(78px).png'	0ms	
powershell.exe Information: 0 : 2018-11-11 01:51:01.3289	[OfficeDevPnP.Core]	[0]	[Debug]	Checking in file 'connectslogo(78px).png'	0ms	
powershell.exe Information: 0 : 2018-11-11 01:51:01.5231	[OfficeDevPnP.Core]	[0]	[Debug]	Publishing file 'connectslogo(78px).png'	0ms	
powershell.exe Information: 0 : 2018-11-11 01:51:02.4809	[Files]	[14]	[Debug]	Uploading and overwriting existing file Waypoint-Logo_color.png	36837ms	f2f6784d-9ae4-4acc-b2c2-7e885f32c4cd
powershell.exe Information: 0 : 2018-11-11 01:51:02.6680	[OfficeDevPnP.Core]	[0]	[Information]	File Waypoint-Logo_color.png retrieved from folder 	0ms	
powershell.exe Information: 0 : 2018-11-11 01:51:02.6685	[OfficeDevPnP.Core]	[0]	[Debug]	Creating file info with Url 'Waypoint-Logo_color.png'	0ms	
powershell.exe Information: 0 : 2018-11-11 01:51:04.3340	[OfficeDevPnP.Core]	[0]	[Debug]	Checking in file 'Waypoint-Logo_color.png'	0ms	
powershell.exe Information: 0 : 2018-11-11 01:51:04.7022	[OfficeDevPnP.Core]	[0]	[Debug]	Publishing file 'Waypoint-Logo_color.png'	0ms	
powershell.exe Information: 0 : 2018-11-11 01:51:04.9063	[Files]	[14]	[Debug]	Code execution scope ended	39263ms	f2f6784d-9ae4-4acc-b2c2-7e885f32c4cd
powershell.exe Information: 0 : 2018-11-11 01:51:04.9478	[Tenant Settings]	[14]	[Debug]	Code execution scope started	0ms	f2f6784d-9ae4-4acc-b2c2-7e885f32c4cd
powershell.exe Information: 0 : 2018-11-11 01:51:04.9488	[Tenant Settings]	[14]	[Debug]	Code execution scope ended	0ms	f2f6784d-9ae4-4acc-b2c2-7e885f32c4cd
powershell.exe Information: 0 : 2018-11-11 01:51:04.9718	[Application Lifecycle Management]	[14]	[Debug]	Code execution scope started	0ms	f2f6784d-9ae4-4acc-b2c2-7e885f32c4cd
powershell.exe Information: 0 : 2018-11-11 01:51:04.9718	[Application Lifecycle Management]	[14]	[Debug]	Code execution scope ended	0ms	f2f6784d-9ae4-4acc-b2c2-7e885f32c4cd
powershell.exe Information: 0 : 2018-11-11 01:51:04.9938	[Custom Actions]	[14]	[Debug]	Code execution scope started	0ms	f2f6784d-9ae4-4acc-b2c2-7e885f32c4cd
powershell.exe Information: 0 : 2018-11-11 01:51:05.8199	[Custom Actions]	[14]	[Debug]	Adding custom action 'QL_Dropdown' to scope Site	825ms	f2f6784d-9ae4-4acc-b2c2-7e885f32c4cd
powershell.exe Information: 0 : 2018-11-11 01:51:06.1996	[Custom Actions]	[14]	[Debug]	Code execution scope ended	1205ms	f2f6784d-9ae4-4acc-b2c2-7e885f32c4cd
powershell.exe Information: 0 : 2018-11-11 01:51:06.2141	[Web Settings]	[14]	[Debug]	Code execution scope started	0ms	f2f6784d-9ae4-4acc-b2c2-7e885f32c4cd
powershell.exe Information: 0 : 2018-11-11 01:51:06.9500	[Web Settings]	[14]	[Debug]	Code execution scope ended	736ms	f2f6784d-9ae4-4acc-b2c2-7e885f32c4cd
powershell.exe Information: 0 : 2018-11-11 01:51:06.9520	[Persist Template Info]	[14]	[Debug]	Code execution scope started	0ms	f2f6784d-9ae4-4acc-b2c2-7e885f32c4cd
powershell.exe Information: 0 : 2018-11-11 01:51:08.0696	[Persist Template Info]	[14]	[Debug]	Code execution scope ended	1117ms	f2f6784d-9ae4-4acc-b2c2-7e885f32c4cd
powershell.exe Information: 0 : 2018-11-11 01:51:08.0696	[Provisioning]	[14]	[Debug]	Code execution scope ended	53511ms	f2f6784d-9ae4-4acc-b2c2-7e885f32c4cd
