powershell.exe Information: 0 : 2018-11-07 15:50:44.9536	[OfficeDevPnP.Core]	[0]	[Information]	File Custom.QuickLaunch.Template.xml retrieved from folder 	0ms	
powershell.exe Information: 0 : 2018-11-07 15:50:44.9546	[OfficeDevPnP.Core]	[0]	[Information]	File Custom.QuickLaunch.Template.xml retrieved from folder 	0ms	
powershell.exe Information: 0 : 2018-11-07 15:50:44.9996	[Provisioning]	[14]	[Debug]	Code execution scope started	0ms	ba04c4f2-5fca-4558-86af-911db35b1bdc
powershell.exe Information: 0 : 2018-11-07 15:50:45.0001	[Provisioning]	[14]	[Information]	ProgressDelegate registered	0ms	ba04c4f2-5fca-4558-86af-911db35b1bdc
powershell.exe Information: 0 : 2018-11-07 15:50:45.0026	[Provisioning]	[14]	[Information]	MessagesDelegate registered	2ms	ba04c4f2-5fca-4558-86af-911db35b1bdc
powershell.exe Information: 0 : 2018-11-07 15:50:51.1908	[Extensibility Providers]	[14]	[Debug]	Code execution scope started	0ms	ba04c4f2-5fca-4558-86af-911db35b1bdc
powershell.exe Information: 0 : 2018-11-07 15:50:51.1913	[Extensibility Providers]	[14]	[Debug]	Code execution scope ended	0ms	ba04c4f2-5fca-4558-86af-911db35b1bdc
powershell.exe Information: 0 : 2018-11-07 15:50:51.3288	[Files]	[14]	[Debug]	Code execution scope started	0ms	ba04c4f2-5fca-4558-86af-911db35b1bdc
powershell.exe Information: 0 : 2018-11-07 15:51:03.2764	[OfficeDevPnP.Core]	[0]	[Information]	Creating folder 'QuickLaunch' under List '/sites/brandme/Style Library'.	0ms	
powershell.exe Information: 0 : 2018-11-07 15:51:03.9396	[OfficeDevPnP.Core]	[0]	[Information]	File left-nav-override.js retrieved from folder 	0ms	
powershell.exe Information: 0 : 2018-11-07 15:51:03.9406	[Files]	[14]	[Debug]	Uploading file left-nav-override.js	12611ms	ba04c4f2-5fca-4558-86af-911db35b1bdc
powershell.exe Information: 0 : 2018-11-07 15:51:03.9406	[OfficeDevPnP.Core]	[0]	[Debug]	Creating file info with Url 'left-nav-override.js'	0ms	
powershell.exe Information: 0 : 2018-11-07 15:51:04.5272	[OfficeDevPnP.Core]	[0]	[Debug]	Checking in file 'left-nav-override.js'	0ms	
powershell.exe Information: 0 : 2018-11-07 15:51:04.7318	[OfficeDevPnP.Core]	[0]	[Debug]	Publishing file 'left-nav-override.js'	0ms	
powershell.exe Information: 0 : 2018-11-07 15:51:05.4562	[OfficeDevPnP.Core]	[0]	[Information]	File left-nav-override.css retrieved from folder 	0ms	
powershell.exe Information: 0 : 2018-11-07 15:51:05.4562	[Files]	[14]	[Debug]	Uploading file left-nav-override.css	14127ms	ba04c4f2-5fca-4558-86af-911db35b1bdc
powershell.exe Information: 0 : 2018-11-07 15:51:05.4572	[OfficeDevPnP.Core]	[0]	[Debug]	Creating file info with Url 'left-nav-override.css'	0ms	
powershell.exe Information: 0 : 2018-11-07 15:51:06.1532	[OfficeDevPnP.Core]	[0]	[Debug]	Checking in file 'left-nav-override.css'	0ms	
powershell.exe Information: 0 : 2018-11-07 15:51:06.4478	[OfficeDevPnP.Core]	[0]	[Debug]	Publishing file 'left-nav-override.css'	0ms	
powershell.exe Information: 0 : 2018-11-07 15:51:07.2037	[OfficeDevPnP.Core]	[0]	[Information]	File Custom-Script-Action.js retrieved from folder 	0ms	
powershell.exe Information: 0 : 2018-11-07 15:51:07.2042	[Files]	[14]	[Debug]	Uploading file Custom-Script-Action.js	15875ms	ba04c4f2-5fca-4558-86af-911db35b1bdc
powershell.exe Information: 0 : 2018-11-07 15:51:07.2048	[OfficeDevPnP.Core]	[0]	[Debug]	Creating file info with Url 'Custom-Script-Action.js'	0ms	
powershell.exe Information: 0 : 2018-11-07 15:51:07.9196	[OfficeDevPnP.Core]	[0]	[Debug]	Checking in file 'Custom-Script-Action.js'	0ms	
powershell.exe Information: 0 : 2018-11-07 15:51:08.1733	[OfficeDevPnP.Core]	[0]	[Debug]	Publishing file 'Custom-Script-Action.js'	0ms	
powershell.exe Information: 0 : 2018-11-07 15:51:08.8828	[Files]	[14]	[Debug]	Uploading and overwriting existing file connectslogo(78px).png	17554ms	ba04c4f2-5fca-4558-86af-911db35b1bdc
powershell.exe Information: 0 : 2018-11-07 15:51:09.0254	[OfficeDevPnP.Core]	[0]	[Information]	File connectslogo(78px).png retrieved from folder 	0ms	
powershell.exe Information: 0 : 2018-11-07 15:51:09.0254	[OfficeDevPnP.Core]	[0]	[Debug]	Creating file info with Url 'connectslogo(78px).png'	0ms	
powershell.exe Information: 0 : 2018-11-07 15:51:09.6574	[OfficeDevPnP.Core]	[0]	[Debug]	Checking in file 'connectslogo(78px).png'	0ms	
powershell.exe Information: 0 : 2018-11-07 15:51:10.0528	[OfficeDevPnP.Core]	[0]	[Debug]	Publishing file 'connectslogo(78px).png'	0ms	
powershell.exe Information: 0 : 2018-11-07 15:51:10.6938	[Files]	[14]	[Debug]	Uploading and overwriting existing file Waypoint-Logo_color.png	19364ms	ba04c4f2-5fca-4558-86af-911db35b1bdc
powershell.exe Information: 0 : 2018-11-07 15:51:10.8446	[OfficeDevPnP.Core]	[0]	[Information]	File Waypoint-Logo_color.png retrieved from folder 	0ms	
powershell.exe Information: 0 : 2018-11-07 15:51:10.8456	[OfficeDevPnP.Core]	[0]	[Debug]	Creating file info with Url 'Waypoint-Logo_color.png'	0ms	
powershell.exe Information: 0 : 2018-11-07 15:51:11.6146	[OfficeDevPnP.Core]	[0]	[Debug]	Checking in file 'Waypoint-Logo_color.png'	0ms	
powershell.exe Information: 0 : 2018-11-07 15:51:11.8726	[OfficeDevPnP.Core]	[0]	[Debug]	Publishing file 'Waypoint-Logo_color.png'	0ms	
powershell.exe Information: 0 : 2018-11-07 15:51:12.0526	[Files]	[14]	[Debug]	Code execution scope ended	20724ms	ba04c4f2-5fca-4558-86af-911db35b1bdc
powershell.exe Information: 0 : 2018-11-07 15:51:12.0916	[Tenant Settings]	[14]	[Debug]	Code execution scope started	0ms	ba04c4f2-5fca-4558-86af-911db35b1bdc
powershell.exe Information: 0 : 2018-11-07 15:51:12.0926	[Tenant Settings]	[14]	[Debug]	Code execution scope ended	0ms	ba04c4f2-5fca-4558-86af-911db35b1bdc
powershell.exe Information: 0 : 2018-11-07 15:51:12.1146	[Application Lifecycle Management]	[14]	[Debug]	Code execution scope started	0ms	ba04c4f2-5fca-4558-86af-911db35b1bdc
powershell.exe Information: 0 : 2018-11-07 15:51:12.1156	[Application Lifecycle Management]	[14]	[Debug]	Code execution scope ended	0ms	ba04c4f2-5fca-4558-86af-911db35b1bdc
powershell.exe Information: 0 : 2018-11-07 15:51:12.1456	[Custom Actions]	[14]	[Debug]	Code execution scope started	0ms	ba04c4f2-5fca-4558-86af-911db35b1bdc
powershell.exe Information: 0 : 2018-11-07 15:51:12.5184	[Custom Actions]	[14]	[Debug]	Adding custom action 'QL_Dropdown' to scope Site	372ms	ba04c4f2-5fca-4558-86af-911db35b1bdc
powershell.exe Information: 0 : 2018-11-07 15:51:12.8380	[Custom Actions]	[14]	[Debug]	Code execution scope ended	692ms	ba04c4f2-5fca-4558-86af-911db35b1bdc
powershell.exe Information: 0 : 2018-11-07 15:51:12.8574	[Web Settings]	[14]	[Debug]	Code execution scope started	0ms	ba04c4f2-5fca-4558-86af-911db35b1bdc
powershell.exe Information: 0 : 2018-11-07 15:51:13.1938	[Web Settings]	[14]	[Debug]	Code execution scope ended	336ms	ba04c4f2-5fca-4558-86af-911db35b1bdc
powershell.exe Information: 0 : 2018-11-07 15:51:13.1943	[Persist Template Info]	[14]	[Debug]	Code execution scope started	0ms	ba04c4f2-5fca-4558-86af-911db35b1bdc
powershell.exe Information: 0 : 2018-11-07 15:51:13.9517	[Persist Template Info]	[14]	[Debug]	Code execution scope ended	757ms	ba04c4f2-5fca-4558-86af-911db35b1bdc
powershell.exe Information: 0 : 2018-11-07 15:51:13.9522	[Provisioning]	[14]	[Debug]	Code execution scope ended	28952ms	ba04c4f2-5fca-4558-86af-911db35b1bdc
