powershell.exe Information: 0 : 2018-11-12 09:53:03.5381	[OfficeDevPnP.Core]	[0]	[Information]	File Custom.QuickLaunch.Template.xml retrieved from folder 	0ms	
powershell.exe Information: 0 : 2018-11-12 09:53:03.5391	[OfficeDevPnP.Core]	[0]	[Information]	File Custom.QuickLaunch.Template.xml retrieved from folder 	0ms	
powershell.exe Information: 0 : 2018-11-12 09:53:03.5596	[Provisioning]	[14]	[Debug]	Code execution scope started	0ms	c0046f12-bc1c-455b-8edc-05097a72abbd
powershell.exe Information: 0 : 2018-11-12 09:53:03.5596	[Provisioning]	[14]	[Information]	ProgressDelegate registered	0ms	c0046f12-bc1c-455b-8edc-05097a72abbd
powershell.exe Information: 0 : 2018-11-12 09:53:03.5626	[Provisioning]	[14]	[Information]	MessagesDelegate registered	2ms	c0046f12-bc1c-455b-8edc-05097a72abbd
powershell.exe Information: 0 : 2018-11-12 09:53:09.9823	[Extensibility Providers]	[14]	[Debug]	Code execution scope started	0ms	c0046f12-bc1c-455b-8edc-05097a72abbd
powershell.exe Information: 0 : 2018-11-12 09:53:09.9827	[Extensibility Providers]	[14]	[Debug]	Code execution scope ended	0ms	c0046f12-bc1c-455b-8edc-05097a72abbd
powershell.exe Information: 0 : 2018-11-12 09:53:10.1158	[Files]	[14]	[Debug]	Code execution scope started	0ms	c0046f12-bc1c-455b-8edc-05097a72abbd
powershell.exe Information: 0 : 2018-11-12 09:53:22.4078	[OfficeDevPnP.Core]	[0]	[Information]	Creating folder 'QuickLaunch' under List '/sites/brandme/Style Library'.	0ms	
powershell.exe Information: 0 : 2018-11-12 09:53:22.9461	[OfficeDevPnP.Core]	[0]	[Information]	File left-nav-override.js retrieved from folder 	0ms	
powershell.exe Information: 0 : 2018-11-12 09:53:22.9461	[Files]	[14]	[Debug]	Uploading file left-nav-override.js	12830ms	c0046f12-bc1c-455b-8edc-05097a72abbd
powershell.exe Information: 0 : 2018-11-12 09:53:22.9461	[OfficeDevPnP.Core]	[0]	[Debug]	Creating file info with Url 'left-nav-override.js'	0ms	
powershell.exe Information: 0 : 2018-11-12 09:53:23.4504	[OfficeDevPnP.Core]	[0]	[Debug]	Checking in file 'left-nav-override.js'	0ms	
powershell.exe Information: 0 : 2018-11-12 09:53:23.7325	[OfficeDevPnP.Core]	[0]	[Debug]	Publishing file 'left-nav-override.js'	0ms	
powershell.exe Information: 0 : 2018-11-12 09:53:24.6180	[OfficeDevPnP.Core]	[0]	[Information]	File left-nav-override.css retrieved from folder 	0ms	
powershell.exe Information: 0 : 2018-11-12 09:53:24.6190	[Files]	[14]	[Debug]	Uploading file left-nav-override.css	14503ms	c0046f12-bc1c-455b-8edc-05097a72abbd
powershell.exe Information: 0 : 2018-11-12 09:53:24.6190	[OfficeDevPnP.Core]	[0]	[Debug]	Creating file info with Url 'left-nav-override.css'	0ms	
powershell.exe Information: 0 : 2018-11-12 09:53:25.3240	[OfficeDevPnP.Core]	[0]	[Debug]	Checking in file 'left-nav-override.css'	0ms	
powershell.exe Information: 0 : 2018-11-12 09:53:25.5246	[OfficeDevPnP.Core]	[0]	[Debug]	Publishing file 'left-nav-override.css'	0ms	
powershell.exe Information: 0 : 2018-11-12 09:53:26.2228	[OfficeDevPnP.Core]	[0]	[Information]	File Custom-Script-Action.js retrieved from folder 	0ms	
powershell.exe Information: 0 : 2018-11-12 09:53:26.2228	[Files]	[14]	[Debug]	Uploading file Custom-Script-Action.js	16107ms	c0046f12-bc1c-455b-8edc-05097a72abbd
powershell.exe Information: 0 : 2018-11-12 09:53:26.2238	[OfficeDevPnP.Core]	[0]	[Debug]	Creating file info with Url 'Custom-Script-Action.js'	0ms	
powershell.exe Information: 0 : 2018-11-12 09:53:26.8602	[OfficeDevPnP.Core]	[0]	[Debug]	Checking in file 'Custom-Script-Action.js'	0ms	
powershell.exe Information: 0 : 2018-11-12 09:53:27.0909	[OfficeDevPnP.Core]	[0]	[Debug]	Publishing file 'Custom-Script-Action.js'	0ms	
powershell.exe Information: 0 : 2018-11-12 09:53:27.7247	[Files]	[14]	[Debug]	Uploading and overwriting existing file connectslogo(78px).png	17609ms	c0046f12-bc1c-455b-8edc-05097a72abbd
powershell.exe Information: 0 : 2018-11-12 09:53:27.9103	[OfficeDevPnP.Core]	[0]	[Information]	File connectslogo(78px).png retrieved from folder 	0ms	
powershell.exe Information: 0 : 2018-11-12 09:53:27.9103	[OfficeDevPnP.Core]	[0]	[Debug]	Creating file info with Url 'connectslogo(78px).png'	0ms	
powershell.exe Information: 0 : 2018-11-12 09:53:28.6683	[OfficeDevPnP.Core]	[0]	[Debug]	Checking in file 'connectslogo(78px).png'	0ms	
powershell.exe Information: 0 : 2018-11-12 09:53:28.9715	[OfficeDevPnP.Core]	[0]	[Debug]	Publishing file 'connectslogo(78px).png'	0ms	
powershell.exe Information: 0 : 2018-11-12 09:53:29.5706	[Files]	[14]	[Debug]	Uploading and overwriting existing file Waypoint-Logo_color.png	19455ms	c0046f12-bc1c-455b-8edc-05097a72abbd
powershell.exe Information: 0 : 2018-11-12 09:53:29.7137	[OfficeDevPnP.Core]	[0]	[Information]	File Waypoint-Logo_color.png retrieved from folder 	0ms	
powershell.exe Information: 0 : 2018-11-12 09:53:29.7137	[OfficeDevPnP.Core]	[0]	[Debug]	Creating file info with Url 'Waypoint-Logo_color.png'	0ms	
powershell.exe Information: 0 : 2018-11-12 09:53:30.5052	[OfficeDevPnP.Core]	[0]	[Debug]	Checking in file 'Waypoint-Logo_color.png'	0ms	
powershell.exe Information: 0 : 2018-11-12 09:53:30.7003	[OfficeDevPnP.Core]	[0]	[Debug]	Publishing file 'Waypoint-Logo_color.png'	0ms	
powershell.exe Information: 0 : 2018-11-12 09:53:30.8889	[Files]	[14]	[Debug]	Code execution scope ended	20773ms	c0046f12-bc1c-455b-8edc-05097a72abbd
powershell.exe Information: 0 : 2018-11-12 09:53:30.9289	[Tenant Settings]	[14]	[Debug]	Code execution scope started	0ms	c0046f12-bc1c-455b-8edc-05097a72abbd
powershell.exe Information: 0 : 2018-11-12 09:53:30.9299	[Tenant Settings]	[14]	[Debug]	Code execution scope ended	1ms	c0046f12-bc1c-455b-8edc-05097a72abbd
powershell.exe Information: 0 : 2018-11-12 09:53:30.9565	[Application Lifecycle Management]	[14]	[Debug]	Code execution scope started	0ms	c0046f12-bc1c-455b-8edc-05097a72abbd
powershell.exe Information: 0 : 2018-11-12 09:53:30.9565	[Application Lifecycle Management]	[14]	[Debug]	Code execution scope ended	0ms	c0046f12-bc1c-455b-8edc-05097a72abbd
powershell.exe Information: 0 : 2018-11-12 09:53:30.9790	[Custom Actions]	[14]	[Debug]	Code execution scope started	0ms	c0046f12-bc1c-455b-8edc-05097a72abbd
powershell.exe Information: 0 : 2018-11-12 09:53:31.4100	[Custom Actions]	[14]	[Debug]	Adding custom action 'QL_Dropdown' to scope Site	430ms	c0046f12-bc1c-455b-8edc-05097a72abbd
powershell.exe Information: 0 : 2018-11-12 09:53:31.7678	[Custom Actions]	[14]	[Debug]	Code execution scope ended	788ms	c0046f12-bc1c-455b-8edc-05097a72abbd
powershell.exe Information: 0 : 2018-11-12 09:53:31.7818	[Web Settings]	[14]	[Debug]	Code execution scope started	0ms	c0046f12-bc1c-455b-8edc-05097a72abbd
powershell.exe Information: 0 : 2018-11-12 09:53:32.0926	[Web Settings]	[14]	[Debug]	Code execution scope ended	310ms	c0046f12-bc1c-455b-8edc-05097a72abbd
powershell.exe Information: 0 : 2018-11-12 09:53:32.0931	[Persist Template Info]	[14]	[Debug]	Code execution scope started	0ms	c0046f12-bc1c-455b-8edc-05097a72abbd
powershell.exe Information: 0 : 2018-11-12 09:53:32.8985	[Persist Template Info]	[14]	[Debug]	Code execution scope ended	805ms	c0046f12-bc1c-455b-8edc-05097a72abbd
powershell.exe Information: 0 : 2018-11-12 09:53:32.8990	[Provisioning]	[14]	[Debug]	Code execution scope ended	29338ms	c0046f12-bc1c-455b-8edc-05097a72abbd
