powershell.exe Information: 0 : 2018-11-12 09:45:56.6894	[OfficeDevPnP.Core]	[0]	[Information]	File Custom.QuickLaunch.Template.xml retrieved from folder 	0ms	
powershell.exe Information: 0 : 2018-11-12 09:45:56.6904	[OfficeDevPnP.Core]	[0]	[Information]	File Custom.QuickLaunch.Template.xml retrieved from folder 	0ms	
powershell.exe Information: 0 : 2018-11-12 09:45:56.7125	[Provisioning]	[14]	[Debug]	Code execution scope started	0ms	52916752-e43f-4f42-8f60-46cbfb5da2e1
powershell.exe Information: 0 : 2018-11-12 09:45:56.7135	[Provisioning]	[14]	[Information]	ProgressDelegate registered	0ms	52916752-e43f-4f42-8f60-46cbfb5da2e1
powershell.exe Information: 0 : 2018-11-12 09:45:56.7155	[Provisioning]	[14]	[Information]	MessagesDelegate registered	2ms	52916752-e43f-4f42-8f60-46cbfb5da2e1
powershell.exe Information: 0 : 2018-11-12 09:46:02.8847	[Extensibility Providers]	[14]	[Debug]	Code execution scope started	0ms	52916752-e43f-4f42-8f60-46cbfb5da2e1
powershell.exe Information: 0 : 2018-11-12 09:46:02.8852	[Extensibility Providers]	[14]	[Debug]	Code execution scope ended	0ms	52916752-e43f-4f42-8f60-46cbfb5da2e1
powershell.exe Information: 0 : 2018-11-12 09:46:03.0307	[Files]	[14]	[Debug]	Code execution scope started	0ms	52916752-e43f-4f42-8f60-46cbfb5da2e1
powershell.exe Information: 0 : 2018-11-12 09:46:15.4591	[OfficeDevPnP.Core]	[0]	[Information]	Creating folder 'QuickLaunch' under List '/sites/brandme/Style Library'.	0ms	
powershell.exe Information: 0 : 2018-11-12 09:46:16.0737	[OfficeDevPnP.Core]	[0]	[Information]	File left-nav-override.js retrieved from folder 	0ms	
powershell.exe Information: 0 : 2018-11-12 09:46:16.0737	[Files]	[14]	[Debug]	Uploading file left-nav-override.js	13042ms	52916752-e43f-4f42-8f60-46cbfb5da2e1
powershell.exe Information: 0 : 2018-11-12 09:46:16.0737	[OfficeDevPnP.Core]	[0]	[Debug]	Creating file info with Url 'left-nav-override.js'	0ms	
powershell.exe Information: 0 : 2018-11-12 09:46:16.6746	[OfficeDevPnP.Core]	[0]	[Debug]	Checking in file 'left-nav-override.js'	0ms	
powershell.exe Information: 0 : 2018-11-12 09:46:16.8843	[OfficeDevPnP.Core]	[0]	[Debug]	Publishing file 'left-nav-override.js'	0ms	
powershell.exe Information: 0 : 2018-11-12 09:46:17.5128	[OfficeDevPnP.Core]	[0]	[Information]	File left-nav-override.css retrieved from folder 	0ms	
powershell.exe Information: 0 : 2018-11-12 09:46:17.5128	[Files]	[14]	[Debug]	Uploading file left-nav-override.css	14482ms	52916752-e43f-4f42-8f60-46cbfb5da2e1
powershell.exe Information: 0 : 2018-11-12 09:46:17.5138	[OfficeDevPnP.Core]	[0]	[Debug]	Creating file info with Url 'left-nav-override.css'	0ms	
powershell.exe Information: 0 : 2018-11-12 09:46:18.1174	[OfficeDevPnP.Core]	[0]	[Debug]	Checking in file 'left-nav-override.css'	0ms	
powershell.exe Information: 0 : 2018-11-12 09:46:18.3200	[OfficeDevPnP.Core]	[0]	[Debug]	Publishing file 'left-nav-override.css'	0ms	
powershell.exe Information: 0 : 2018-11-12 09:46:18.9657	[OfficeDevPnP.Core]	[0]	[Information]	File Custom-Script-Action.js retrieved from folder 	0ms	
powershell.exe Information: 0 : 2018-11-12 09:46:18.9661	[Files]	[14]	[Debug]	Uploading file Custom-Script-Action.js	15934ms	52916752-e43f-4f42-8f60-46cbfb5da2e1
powershell.exe Information: 0 : 2018-11-12 09:46:18.9661	[OfficeDevPnP.Core]	[0]	[Debug]	Creating file info with Url 'Custom-Script-Action.js'	0ms	
powershell.exe Information: 0 : 2018-11-12 09:46:19.5269	[OfficeDevPnP.Core]	[0]	[Debug]	Checking in file 'Custom-Script-Action.js'	0ms	
powershell.exe Information: 0 : 2018-11-12 09:46:19.7161	[OfficeDevPnP.Core]	[0]	[Debug]	Publishing file 'Custom-Script-Action.js'	0ms	
powershell.exe Information: 0 : 2018-11-12 09:46:20.3804	[Files]	[14]	[Debug]	Uploading and overwriting existing file connectslogo(78px).png	17349ms	52916752-e43f-4f42-8f60-46cbfb5da2e1
powershell.exe Information: 0 : 2018-11-12 09:46:20.5191	[OfficeDevPnP.Core]	[0]	[Information]	File connectslogo(78px).png retrieved from folder 	0ms	
powershell.exe Information: 0 : 2018-11-12 09:46:20.5201	[OfficeDevPnP.Core]	[0]	[Debug]	Creating file info with Url 'connectslogo(78px).png'	0ms	
powershell.exe Information: 0 : 2018-11-12 09:46:21.3151	[OfficeDevPnP.Core]	[0]	[Debug]	Checking in file 'connectslogo(78px).png'	0ms	
powershell.exe Information: 0 : 2018-11-12 09:46:21.5069	[OfficeDevPnP.Core]	[0]	[Debug]	Publishing file 'connectslogo(78px).png'	0ms	
powershell.exe Information: 0 : 2018-11-12 09:46:22.1772	[Files]	[14]	[Debug]	Uploading and overwriting existing file Waypoint-Logo_color.png	19146ms	52916752-e43f-4f42-8f60-46cbfb5da2e1
powershell.exe Information: 0 : 2018-11-12 09:46:22.3152	[OfficeDevPnP.Core]	[0]	[Information]	File Waypoint-Logo_color.png retrieved from folder 	0ms	
powershell.exe Information: 0 : 2018-11-12 09:46:22.3152	[OfficeDevPnP.Core]	[0]	[Debug]	Creating file info with Url 'Waypoint-Logo_color.png'	0ms	
powershell.exe Information: 0 : 2018-11-12 09:46:23.0195	[OfficeDevPnP.Core]	[0]	[Debug]	Checking in file 'Waypoint-Logo_color.png'	0ms	
powershell.exe Information: 0 : 2018-11-12 09:46:23.3263	[OfficeDevPnP.Core]	[0]	[Debug]	Publishing file 'Waypoint-Logo_color.png'	0ms	
powershell.exe Information: 0 : 2018-11-12 09:46:23.5312	[Files]	[14]	[Debug]	Code execution scope ended	20500ms	52916752-e43f-4f42-8f60-46cbfb5da2e1
powershell.exe Information: 0 : 2018-11-12 09:46:23.6527	[Tenant Settings]	[14]	[Debug]	Code execution scope started	0ms	52916752-e43f-4f42-8f60-46cbfb5da2e1
powershell.exe Information: 0 : 2018-11-12 09:46:23.6537	[Tenant Settings]	[14]	[Debug]	Code execution scope ended	1ms	52916752-e43f-4f42-8f60-46cbfb5da2e1
powershell.exe Information: 0 : 2018-11-12 09:46:23.6727	[Application Lifecycle Management]	[14]	[Debug]	Code execution scope started	0ms	52916752-e43f-4f42-8f60-46cbfb5da2e1
powershell.exe Information: 0 : 2018-11-12 09:46:23.6727	[Application Lifecycle Management]	[14]	[Debug]	Code execution scope ended	0ms	52916752-e43f-4f42-8f60-46cbfb5da2e1
powershell.exe Information: 0 : 2018-11-12 09:46:23.6917	[Custom Actions]	[14]	[Debug]	Code execution scope started	0ms	52916752-e43f-4f42-8f60-46cbfb5da2e1
powershell.exe Information: 0 : 2018-11-12 09:46:24.0919	[Custom Actions]	[14]	[Debug]	Adding custom action 'QL_Dropdown' to scope Site	401ms	52916752-e43f-4f42-8f60-46cbfb5da2e1
powershell.exe Information: 0 : 2018-11-12 09:46:24.4308	[Custom Actions]	[14]	[Debug]	Code execution scope ended	739ms	52916752-e43f-4f42-8f60-46cbfb5da2e1
powershell.exe Information: 0 : 2018-11-12 09:46:24.4458	[Web Settings]	[14]	[Debug]	Code execution scope started	0ms	52916752-e43f-4f42-8f60-46cbfb5da2e1
powershell.exe Information: 0 : 2018-11-12 09:46:24.7642	[Web Settings]	[14]	[Debug]	Code execution scope ended	318ms	52916752-e43f-4f42-8f60-46cbfb5da2e1
powershell.exe Information: 0 : 2018-11-12 09:46:24.7647	[Persist Template Info]	[14]	[Debug]	Code execution scope started	0ms	52916752-e43f-4f42-8f60-46cbfb5da2e1
powershell.exe Information: 0 : 2018-11-12 09:46:25.5056	[Persist Template Info]	[14]	[Debug]	Code execution scope ended	740ms	52916752-e43f-4f42-8f60-46cbfb5da2e1
powershell.exe Information: 0 : 2018-11-12 09:46:25.5056	[Provisioning]	[14]	[Debug]	Code execution scope ended	28792ms	52916752-e43f-4f42-8f60-46cbfb5da2e1
