powershell.exe Information: 0 : 2018-11-06 13:12:56.8684	[OfficeDevPnP.Core]	[0]	[Information]	File Custom.QuickLaunch.Template.xml retrieved from folder 	0ms	
powershell.exe Information: 0 : 2018-11-06 13:12:56.8699	[OfficeDevPnP.Core]	[0]	[Information]	File Custom.QuickLaunch.Template.xml retrieved from folder 	0ms	
powershell.exe Information: 0 : 2018-11-06 13:12:56.8954	[Provisioning]	[14]	[Debug]	Code execution scope started	0ms	7efde291-6ac4-4de5-8a8f-e86dfee85887
powershell.exe Information: 0 : 2018-11-06 13:12:56.8959	[Provisioning]	[14]	[Information]	ProgressDelegate registered	0ms	7efde291-6ac4-4de5-8a8f-e86dfee85887
powershell.exe Information: 0 : 2018-11-06 13:12:56.8959	[Provisioning]	[14]	[Information]	MessagesDelegate registered	0ms	7efde291-6ac4-4de5-8a8f-e86dfee85887
powershell.exe Information: 0 : 2018-11-06 13:13:05.4558	[Extensibility Providers]	[14]	[Debug]	Code execution scope started	0ms	7efde291-6ac4-4de5-8a8f-e86dfee85887
powershell.exe Information: 0 : 2018-11-06 13:13:05.4558	[Extensibility Providers]	[14]	[Debug]	Code execution scope ended	0ms	7efde291-6ac4-4de5-8a8f-e86dfee85887
powershell.exe Information: 0 : 2018-11-06 13:13:05.6203	[Files]	[14]	[Debug]	Code execution scope started	0ms	7efde291-6ac4-4de5-8a8f-e86dfee85887
powershell.exe Information: 0 : 2018-11-06 13:13:18.5965	[OfficeDevPnP.Core]	[0]	[Information]	Creating folder 'QuickLaunch' under List '/sites/brandme/Style Library'.	0ms	
powershell.exe Information: 0 : 2018-11-06 13:13:19.2332	[OfficeDevPnP.Core]	[0]	[Information]	File left-nav-override.js retrieved from folder 	0ms	
powershell.exe Information: 0 : 2018-11-06 13:13:19.2337	[Files]	[14]	[Debug]	Uploading file left-nav-override.js	13613ms	7efde291-6ac4-4de5-8a8f-e86dfee85887
powershell.exe Information: 0 : 2018-11-06 13:13:19.2337	[OfficeDevPnP.Core]	[0]	[Debug]	Creating file info with Url 'left-nav-override.js'	0ms	
powershell.exe Information: 0 : 2018-11-06 13:13:19.8296	[OfficeDevPnP.Core]	[0]	[Debug]	Checking in file 'left-nav-override.js'	0ms	
powershell.exe Information: 0 : 2018-11-06 13:13:20.0426	[OfficeDevPnP.Core]	[0]	[Debug]	Publishing file 'left-nav-override.js'	0ms	
powershell.exe Information: 0 : 2018-11-06 13:13:20.6541	[OfficeDevPnP.Core]	[0]	[Information]	File left-nav-override.css retrieved from folder 	0ms	
powershell.exe Information: 0 : 2018-11-06 13:13:20.6541	[Files]	[14]	[Debug]	Uploading file left-nav-override.css	15033ms	7efde291-6ac4-4de5-8a8f-e86dfee85887
powershell.exe Information: 0 : 2018-11-06 13:13:20.6546	[OfficeDevPnP.Core]	[0]	[Debug]	Creating file info with Url 'left-nav-override.css'	0ms	
powershell.exe Information: 0 : 2018-11-06 13:13:21.2560	[OfficeDevPnP.Core]	[0]	[Debug]	Checking in file 'left-nav-override.css'	0ms	
powershell.exe Information: 0 : 2018-11-06 13:13:21.5500	[OfficeDevPnP.Core]	[0]	[Debug]	Publishing file 'left-nav-override.css'	0ms	
powershell.exe Information: 0 : 2018-11-06 13:13:22.2285	[OfficeDevPnP.Core]	[0]	[Information]	File Custom-Script-Action.js retrieved from folder 	0ms	
powershell.exe Information: 0 : 2018-11-06 13:13:22.2290	[Files]	[14]	[Debug]	Uploading file Custom-Script-Action.js	16608ms	7efde291-6ac4-4de5-8a8f-e86dfee85887
powershell.exe Information: 0 : 2018-11-06 13:13:22.2290	[OfficeDevPnP.Core]	[0]	[Debug]	Creating file info with Url 'Custom-Script-Action.js'	0ms	
powershell.exe Information: 0 : 2018-11-06 13:13:22.8526	[OfficeDevPnP.Core]	[0]	[Debug]	Checking in file 'Custom-Script-Action.js'	0ms	
powershell.exe Information: 0 : 2018-11-06 13:13:23.1656	[OfficeDevPnP.Core]	[0]	[Debug]	Publishing file 'Custom-Script-Action.js'	0ms	
powershell.exe Information: 0 : 2018-11-06 13:13:23.9577	[Files]	[14]	[Debug]	Uploading and overwriting existing file connectslogo(78px).png	18337ms	7efde291-6ac4-4de5-8a8f-e86dfee85887
powershell.exe Information: 0 : 2018-11-06 13:13:24.1062	[OfficeDevPnP.Core]	[0]	[Information]	File connectslogo(78px).png retrieved from folder 	0ms	
powershell.exe Information: 0 : 2018-11-06 13:13:24.1062	[OfficeDevPnP.Core]	[0]	[Debug]	Creating file info with Url 'connectslogo(78px).png'	0ms	
powershell.exe Information: 0 : 2018-11-06 13:13:25.0338	[OfficeDevPnP.Core]	[0]	[Debug]	Checking in file 'connectslogo(78px).png'	0ms	
powershell.exe Information: 0 : 2018-11-06 13:13:25.2738	[OfficeDevPnP.Core]	[0]	[Debug]	Publishing file 'connectslogo(78px).png'	0ms	
powershell.exe Information: 0 : 2018-11-06 13:13:25.9908	[Files]	[14]	[Debug]	Uploading and overwriting existing file Waypoint-Logo_color.png	20370ms	7efde291-6ac4-4de5-8a8f-e86dfee85887
powershell.exe Information: 0 : 2018-11-06 13:13:26.1433	[OfficeDevPnP.Core]	[0]	[Information]	File Waypoint-Logo_color.png retrieved from folder 	0ms	
powershell.exe Information: 0 : 2018-11-06 13:13:26.1443	[OfficeDevPnP.Core]	[0]	[Debug]	Creating file info with Url 'Waypoint-Logo_color.png'	0ms	
powershell.exe Information: 0 : 2018-11-06 13:13:26.9019	[OfficeDevPnP.Core]	[0]	[Debug]	Checking in file 'Waypoint-Logo_color.png'	0ms	
powershell.exe Information: 0 : 2018-11-06 13:13:27.1520	[OfficeDevPnP.Core]	[0]	[Debug]	Publishing file 'Waypoint-Logo_color.png'	0ms	
powershell.exe Information: 0 : 2018-11-06 13:13:27.4097	[Files]	[14]	[Debug]	Code execution scope ended	21789ms	7efde291-6ac4-4de5-8a8f-e86dfee85887
powershell.exe Information: 0 : 2018-11-06 13:13:27.4537	[Tenant Settings]	[14]	[Debug]	Code execution scope started	0ms	7efde291-6ac4-4de5-8a8f-e86dfee85887
powershell.exe Information: 0 : 2018-11-06 13:13:27.4558	[Tenant Settings]	[14]	[Debug]	Code execution scope ended	1ms	7efde291-6ac4-4de5-8a8f-e86dfee85887
powershell.exe Information: 0 : 2018-11-06 13:13:27.4787	[Application Lifecycle Management]	[14]	[Debug]	Code execution scope started	0ms	7efde291-6ac4-4de5-8a8f-e86dfee85887
powershell.exe Information: 0 : 2018-11-06 13:13:27.4797	[Application Lifecycle Management]	[14]	[Debug]	Code execution scope ended	0ms	7efde291-6ac4-4de5-8a8f-e86dfee85887
powershell.exe Information: 0 : 2018-11-06 13:13:27.5007	[Custom Actions]	[14]	[Debug]	Code execution scope started	0ms	7efde291-6ac4-4de5-8a8f-e86dfee85887
powershell.exe Information: 0 : 2018-11-06 13:13:27.8853	[Custom Actions]	[14]	[Debug]	Adding custom action 'QL_Dropdown' to scope Site	384ms	7efde291-6ac4-4de5-8a8f-e86dfee85887
powershell.exe Information: 0 : 2018-11-06 13:13:28.2125	[Custom Actions]	[14]	[Debug]	Code execution scope ended	711ms	7efde291-6ac4-4de5-8a8f-e86dfee85887
powershell.exe Information: 0 : 2018-11-06 13:13:28.2125	[Persist Template Info]	[14]	[Debug]	Code execution scope started	0ms	7efde291-6ac4-4de5-8a8f-e86dfee85887
powershell.exe Information: 0 : 2018-11-06 13:13:28.9488	[Persist Template Info]	[14]	[Debug]	Code execution scope ended	735ms	7efde291-6ac4-4de5-8a8f-e86dfee85887
powershell.exe Information: 0 : 2018-11-06 13:13:28.9488	[Provisioning]	[14]	[Debug]	Code execution scope ended	32053ms	7efde291-6ac4-4de5-8a8f-e86dfee85887
