powershell.exe Information: 0 : 2018-11-11 02:13:34.2846	[OfficeDevPnP.Core]	[0]	[Information]	File Custom.QuickLaunch.Template.xml retrieved from folder 	0ms	
powershell.exe Information: 0 : 2018-11-11 02:13:34.2866	[OfficeDevPnP.Core]	[0]	[Information]	File Custom.QuickLaunch.Template.xml retrieved from folder 	0ms	
powershell.exe Information: 0 : 2018-11-11 02:13:34.3147	[Provisioning]	[14]	[Debug]	Code execution scope started	0ms	f530ed90-af08-41d7-8763-70429a98a9ca
powershell.exe Information: 0 : 2018-11-11 02:13:34.3156	[Provisioning]	[14]	[Information]	ProgressDelegate registered	0ms	f530ed90-af08-41d7-8763-70429a98a9ca
powershell.exe Information: 0 : 2018-11-11 02:13:34.3177	[Provisioning]	[14]	[Information]	MessagesDelegate registered	2ms	f530ed90-af08-41d7-8763-70429a98a9ca
powershell.exe Information: 0 : 2018-11-11 02:14:23.6141	[Extensibility Providers]	[14]	[Debug]	Code execution scope started	0ms	f530ed90-af08-41d7-8763-70429a98a9ca
powershell.exe Information: 0 : 2018-11-11 02:14:23.6141	[Extensibility Providers]	[14]	[Debug]	Code execution scope ended	0ms	f530ed90-af08-41d7-8763-70429a98a9ca
powershell.exe Information: 0 : 2018-11-11 02:14:24.4966	[Files]	[14]	[Debug]	Code execution scope started	0ms	f530ed90-af08-41d7-8763-70429a98a9ca
powershell.exe Information: 0 : 2018-11-11 02:15:46.0563	[OfficeDevPnP.Core]	[0]	[Information]	Creating folder 'QuickLaunch' under List '/sites/brandme/Style Library'.	0ms	
powershell.exe Information: 0 : 2018-11-11 02:15:49.7883	[OfficeDevPnP.Core]	[0]	[Information]	File left-nav-override.js retrieved from folder 	0ms	
powershell.exe Information: 0 : 2018-11-11 02:15:49.7883	[Files]	[14]	[Debug]	Uploading file left-nav-override.js	85291ms	f530ed90-af08-41d7-8763-70429a98a9ca
powershell.exe Information: 0 : 2018-11-11 02:15:49.7888	[OfficeDevPnP.Core]	[0]	[Debug]	Creating file info with Url 'left-nav-override.js'	0ms	
powershell.exe Information: 0 : 2018-11-11 02:15:53.5233	[OfficeDevPnP.Core]	[0]	[Debug]	Checking in file 'left-nav-override.js'	0ms	
powershell.exe Information: 0 : 2018-11-11 02:15:54.6637	[OfficeDevPnP.Core]	[0]	[Debug]	Publishing file 'left-nav-override.js'	0ms	
powershell.exe Information: 0 : 2018-11-11 02:15:59.0229	[OfficeDevPnP.Core]	[0]	[Information]	File left-nav-override.css retrieved from folder 	0ms	
powershell.exe Information: 0 : 2018-11-11 02:15:59.0229	[Files]	[14]	[Debug]	Uploading file left-nav-override.css	94525ms	f530ed90-af08-41d7-8763-70429a98a9ca
powershell.exe Information: 0 : 2018-11-11 02:15:59.0229	[OfficeDevPnP.Core]	[0]	[Debug]	Creating file info with Url 'left-nav-override.css'	0ms	
powershell.exe Information: 0 : 2018-11-11 02:16:01.6949	[OfficeDevPnP.Core]	[0]	[Debug]	Checking in file 'left-nav-override.css'	0ms	
powershell.exe Information: 0 : 2018-11-11 02:16:02.7577	[OfficeDevPnP.Core]	[0]	[Debug]	Publishing file 'left-nav-override.css'	0ms	
powershell.exe Information: 0 : 2018-11-11 02:16:06.0219	[OfficeDevPnP.Core]	[0]	[Information]	File Custom-Script-Action.js retrieved from folder 	0ms	
powershell.exe Information: 0 : 2018-11-11 02:16:06.0219	[Files]	[14]	[Debug]	Uploading file Custom-Script-Action.js	101524ms	f530ed90-af08-41d7-8763-70429a98a9ca
powershell.exe Information: 0 : 2018-11-11 02:16:06.0219	[OfficeDevPnP.Core]	[0]	[Debug]	Creating file info with Url 'Custom-Script-Action.js'	0ms	
powershell.exe Information: 0 : 2018-11-11 02:16:09.3895	[OfficeDevPnP.Core]	[0]	[Debug]	Checking in file 'Custom-Script-Action.js'	0ms	
powershell.exe Information: 0 : 2018-11-11 02:16:10.8348	[OfficeDevPnP.Core]	[0]	[Debug]	Publishing file 'Custom-Script-Action.js'	0ms	
powershell.exe Information: 0 : 2018-11-11 02:16:14.2502	[Files]	[14]	[Debug]	Uploading and overwriting existing file connectslogo(78px).png	109752ms	f530ed90-af08-41d7-8763-70429a98a9ca
powershell.exe Information: 0 : 2018-11-11 02:16:14.9321	[OfficeDevPnP.Core]	[0]	[Information]	File connectslogo(78px).png retrieved from folder 	0ms	
powershell.exe Information: 0 : 2018-11-11 02:16:14.9341	[OfficeDevPnP.Core]	[0]	[Debug]	Creating file info with Url 'connectslogo(78px).png'	0ms	
powershell.exe Information: 0 : 2018-11-11 02:16:18.4618	[OfficeDevPnP.Core]	[0]	[Debug]	Checking in file 'connectslogo(78px).png'	0ms	
powershell.exe Information: 0 : 2018-11-11 02:16:19.8069	[OfficeDevPnP.Core]	[0]	[Debug]	Publishing file 'connectslogo(78px).png'	0ms	
powershell.exe Information: 0 : 2018-11-11 02:16:24.7654	[Files]	[14]	[Debug]	Uploading and overwriting existing file Waypoint-Logo_color.png	120268ms	f530ed90-af08-41d7-8763-70429a98a9ca
powershell.exe Information: 0 : 2018-11-11 02:16:25.6720	[OfficeDevPnP.Core]	[0]	[Information]	File Waypoint-Logo_color.png retrieved from folder 	0ms	
powershell.exe Information: 0 : 2018-11-11 02:16:25.6720	[OfficeDevPnP.Core]	[0]	[Debug]	Creating file info with Url 'Waypoint-Logo_color.png'	0ms	
powershell.exe Information: 0 : 2018-11-11 02:16:28.8396	[OfficeDevPnP.Core]	[0]	[Debug]	Checking in file 'Waypoint-Logo_color.png'	0ms	
powershell.exe Information: 0 : 2018-11-11 02:16:30.1223	[OfficeDevPnP.Core]	[0]	[Debug]	Publishing file 'Waypoint-Logo_color.png'	0ms	
powershell.exe Information: 0 : 2018-11-11 02:16:31.4620	[Files]	[14]	[Debug]	Code execution scope ended	126964ms	f530ed90-af08-41d7-8763-70429a98a9ca
powershell.exe Information: 0 : 2018-11-11 02:16:31.5024	[Tenant Settings]	[14]	[Debug]	Code execution scope started	0ms	f530ed90-af08-41d7-8763-70429a98a9ca
powershell.exe Information: 0 : 2018-11-11 02:16:31.5034	[Tenant Settings]	[14]	[Debug]	Code execution scope ended	0ms	f530ed90-af08-41d7-8763-70429a98a9ca
powershell.exe Information: 0 : 2018-11-11 02:16:31.5224	[Application Lifecycle Management]	[14]	[Debug]	Code execution scope started	0ms	f530ed90-af08-41d7-8763-70429a98a9ca
powershell.exe Information: 0 : 2018-11-11 02:16:31.5234	[Application Lifecycle Management]	[14]	[Debug]	Code execution scope ended	0ms	f530ed90-af08-41d7-8763-70429a98a9ca
powershell.exe Information: 0 : 2018-11-11 02:16:31.5419	[Custom Actions]	[14]	[Debug]	Code execution scope started	0ms	f530ed90-af08-41d7-8763-70429a98a9ca
powershell.exe Information: 0 : 2018-11-11 02:16:33.8773	[Custom Actions]	[14]	[Debug]	Adding custom action 'QL_Dropdown' to scope Site	2335ms	f530ed90-af08-41d7-8763-70429a98a9ca
powershell.exe Information: 0 : 2018-11-11 02:16:35.6649	[Custom Actions]	[14]	[Debug]	Code execution scope ended	4123ms	f530ed90-af08-41d7-8763-70429a98a9ca
powershell.exe Information: 0 : 2018-11-11 02:16:35.6795	[Web Settings]	[14]	[Debug]	Code execution scope started	0ms	f530ed90-af08-41d7-8763-70429a98a9ca
powershell.exe Information: 0 : 2018-11-11 02:16:37.1578	[Web Settings]	[14]	[Debug]	Code execution scope ended	1478ms	f530ed90-af08-41d7-8763-70429a98a9ca
powershell.exe Information: 0 : 2018-11-11 02:16:37.1587	[Persist Template Info]	[14]	[Debug]	Code execution scope started	0ms	f530ed90-af08-41d7-8763-70429a98a9ca
powershell.exe Information: 0 : 2018-11-11 02:16:42.5087	[Persist Template Info]	[14]	[Debug]	Code execution scope ended	5350ms	f530ed90-af08-41d7-8763-70429a98a9ca
powershell.exe Information: 0 : 2018-11-11 02:16:42.5087	[Provisioning]	[14]	[Debug]	Code execution scope ended	188192ms	f530ed90-af08-41d7-8763-70429a98a9ca
