powershell.exe Information: 0 : 2018-11-07 14:02:23.8143	[OfficeDevPnP.Core]	[0]	[Information]	File Custom.QuickLaunch.Template.xml retrieved from folder 	0ms	
powershell.exe Information: 0 : 2018-11-07 14:02:23.8164	[OfficeDevPnP.Core]	[0]	[Information]	File Custom.QuickLaunch.Template.xml retrieved from folder 	0ms	
powershell.exe Information: 0 : 2018-11-07 14:02:23.8474	[Provisioning]	[14]	[Debug]	Code execution scope started	0ms	3d536e68-f5fb-4d55-90db-318a8e574e55
powershell.exe Information: 0 : 2018-11-07 14:02:23.8484	[Provisioning]	[14]	[Information]	ProgressDelegate registered	0ms	3d536e68-f5fb-4d55-90db-318a8e574e55
powershell.exe Information: 0 : 2018-11-07 14:02:23.8504	[Provisioning]	[14]	[Information]	MessagesDelegate registered	2ms	3d536e68-f5fb-4d55-90db-318a8e574e55
powershell.exe Information: 0 : 2018-11-07 14:02:30.0595	[Extensibility Providers]	[14]	[Debug]	Code execution scope started	0ms	3d536e68-f5fb-4d55-90db-318a8e574e55
powershell.exe Information: 0 : 2018-11-07 14:02:30.0600	[Extensibility Providers]	[14]	[Debug]	Code execution scope ended	0ms	3d536e68-f5fb-4d55-90db-318a8e574e55
powershell.exe Information: 0 : 2018-11-07 14:02:30.2085	[Files]	[14]	[Debug]	Code execution scope started	0ms	3d536e68-f5fb-4d55-90db-318a8e574e55
powershell.exe Information: 0 : 2018-11-07 14:02:42.8024	[OfficeDevPnP.Core]	[0]	[Information]	Creating folder 'QuickLaunch' under List '/sites/brandme/Style Library'.	0ms	
powershell.exe Information: 0 : 2018-11-07 14:02:43.4312	[OfficeDevPnP.Core]	[0]	[Information]	File left-nav-override.js retrieved from folder 	0ms	
powershell.exe Information: 0 : 2018-11-07 14:02:43.4317	[Files]	[14]	[Debug]	Uploading file left-nav-override.js	13222ms	3d536e68-f5fb-4d55-90db-318a8e574e55
powershell.exe Information: 0 : 2018-11-07 14:02:43.4322	[OfficeDevPnP.Core]	[0]	[Debug]	Creating file info with Url 'left-nav-override.js'	0ms	
powershell.exe Information: 0 : 2018-11-07 14:02:44.1629	[OfficeDevPnP.Core]	[0]	[Debug]	Checking in file 'left-nav-override.js'	0ms	
powershell.exe Information: 0 : 2018-11-07 14:02:44.3624	[OfficeDevPnP.Core]	[0]	[Debug]	Publishing file 'left-nav-override.js'	0ms	
powershell.exe Information: 0 : 2018-11-07 14:02:45.0349	[OfficeDevPnP.Core]	[0]	[Information]	File left-nav-override.css retrieved from folder 	0ms	
powershell.exe Information: 0 : 2018-11-07 14:02:45.0354	[Files]	[14]	[Debug]	Uploading file left-nav-override.css	14826ms	3d536e68-f5fb-4d55-90db-318a8e574e55
powershell.exe Information: 0 : 2018-11-07 14:02:45.0364	[OfficeDevPnP.Core]	[0]	[Debug]	Creating file info with Url 'left-nav-override.css'	0ms	
powershell.exe Information: 0 : 2018-11-07 14:02:46.0252	[OfficeDevPnP.Core]	[0]	[Debug]	Checking in file 'left-nav-override.css'	0ms	
powershell.exe Information: 0 : 2018-11-07 14:02:46.2309	[OfficeDevPnP.Core]	[0]	[Debug]	Publishing file 'left-nav-override.css'	0ms	
powershell.exe Information: 0 : 2018-11-07 14:02:46.8430	[OfficeDevPnP.Core]	[0]	[Information]	File Custom-Script-Action.js retrieved from folder 	0ms	
powershell.exe Information: 0 : 2018-11-07 14:02:46.8430	[Files]	[14]	[Debug]	Uploading file Custom-Script-Action.js	16634ms	3d536e68-f5fb-4d55-90db-318a8e574e55
powershell.exe Information: 0 : 2018-11-07 14:02:46.8430	[OfficeDevPnP.Core]	[0]	[Debug]	Creating file info with Url 'Custom-Script-Action.js'	0ms	
powershell.exe Information: 0 : 2018-11-07 14:02:47.7046	[OfficeDevPnP.Core]	[0]	[Debug]	Checking in file 'Custom-Script-Action.js'	0ms	
powershell.exe Information: 0 : 2018-11-07 14:02:47.8984	[OfficeDevPnP.Core]	[0]	[Debug]	Publishing file 'Custom-Script-Action.js'	0ms	
powershell.exe Information: 0 : 2018-11-07 14:02:48.4892	[Files]	[14]	[Debug]	Uploading and overwriting existing file connectslogo(78px).png	18280ms	3d536e68-f5fb-4d55-90db-318a8e574e55
powershell.exe Information: 0 : 2018-11-07 14:02:48.6469	[OfficeDevPnP.Core]	[0]	[Information]	File connectslogo(78px).png retrieved from folder 	0ms	
powershell.exe Information: 0 : 2018-11-07 14:02:48.6469	[OfficeDevPnP.Core]	[0]	[Debug]	Creating file info with Url 'connectslogo(78px).png'	0ms	
powershell.exe Information: 0 : 2018-11-07 14:02:49.3080	[OfficeDevPnP.Core]	[0]	[Debug]	Checking in file 'connectslogo(78px).png'	0ms	
powershell.exe Information: 0 : 2018-11-07 14:02:49.5338	[OfficeDevPnP.Core]	[0]	[Debug]	Publishing file 'connectslogo(78px).png'	0ms	
powershell.exe Information: 0 : 2018-11-07 14:02:50.3653	[Files]	[14]	[Debug]	Uploading and overwriting existing file Waypoint-Logo_color.png	20156ms	3d536e68-f5fb-4d55-90db-318a8e574e55
powershell.exe Information: 0 : 2018-11-07 14:02:50.5126	[OfficeDevPnP.Core]	[0]	[Information]	File Waypoint-Logo_color.png retrieved from folder 	0ms	
powershell.exe Information: 0 : 2018-11-07 14:02:50.5126	[OfficeDevPnP.Core]	[0]	[Debug]	Creating file info with Url 'Waypoint-Logo_color.png'	0ms	
powershell.exe Information: 0 : 2018-11-07 14:02:51.1350	[OfficeDevPnP.Core]	[0]	[Debug]	Checking in file 'Waypoint-Logo_color.png'	0ms	
powershell.exe Information: 0 : 2018-11-07 14:02:51.3587	[OfficeDevPnP.Core]	[0]	[Debug]	Publishing file 'Waypoint-Logo_color.png'	0ms	
powershell.exe Information: 0 : 2018-11-07 14:02:51.5338	[Files]	[14]	[Debug]	Code execution scope ended	21324ms	3d536e68-f5fb-4d55-90db-318a8e574e55
powershell.exe Information: 0 : 2018-11-07 14:02:51.5908	[Tenant Settings]	[14]	[Debug]	Code execution scope started	0ms	3d536e68-f5fb-4d55-90db-318a8e574e55
powershell.exe Information: 0 : 2018-11-07 14:02:51.5918	[Tenant Settings]	[14]	[Debug]	Code execution scope ended	1ms	3d536e68-f5fb-4d55-90db-318a8e574e55
powershell.exe Information: 0 : 2018-11-07 14:02:51.6108	[Application Lifecycle Management]	[14]	[Debug]	Code execution scope started	0ms	3d536e68-f5fb-4d55-90db-318a8e574e55
powershell.exe Information: 0 : 2018-11-07 14:02:51.6118	[Application Lifecycle Management]	[14]	[Debug]	Code execution scope ended	0ms	3d536e68-f5fb-4d55-90db-318a8e574e55
powershell.exe Information: 0 : 2018-11-07 14:02:51.6298	[Custom Actions]	[14]	[Debug]	Code execution scope started	0ms	3d536e68-f5fb-4d55-90db-318a8e574e55
powershell.exe Information: 0 : 2018-11-07 14:02:52.0259	[Custom Actions]	[14]	[Debug]	Adding custom action 'QL_Dropdown' to scope Site	396ms	3d536e68-f5fb-4d55-90db-318a8e574e55
powershell.exe Information: 0 : 2018-11-07 14:02:52.2656	[Custom Actions]	[14]	[Debug]	Code execution scope ended	636ms	3d536e68-f5fb-4d55-90db-318a8e574e55
powershell.exe Information: 0 : 2018-11-07 14:02:52.2816	[Web Settings]	[14]	[Debug]	Code execution scope started	0ms	3d536e68-f5fb-4d55-90db-318a8e574e55
powershell.exe Information: 0 : 2018-11-07 14:02:52.5322	[Web Settings]	[14]	[Debug]	Code execution scope ended	250ms	3d536e68-f5fb-4d55-90db-318a8e574e55
powershell.exe Information: 0 : 2018-11-07 14:02:52.5332	[Persist Template Info]	[14]	[Debug]	Code execution scope started	0ms	3d536e68-f5fb-4d55-90db-318a8e574e55
powershell.exe Information: 0 : 2018-11-07 14:02:53.2244	[Persist Template Info]	[14]	[Debug]	Code execution scope ended	691ms	3d536e68-f5fb-4d55-90db-318a8e574e55
powershell.exe Information: 0 : 2018-11-07 14:02:53.2254	[Provisioning]	[14]	[Debug]	Code execution scope ended	29377ms	3d536e68-f5fb-4d55-90db-318a8e574e55
