powershell.exe Information: 0 : 2018-11-07 15:03:04.5715	[OfficeDevPnP.Core]	[0]	[Information]	File Custom.QuickLaunch.Template.xml retrieved from folder 	0ms	
powershell.exe Information: 0 : 2018-11-07 15:03:04.5735	[OfficeDevPnP.Core]	[0]	[Information]	File Custom.QuickLaunch.Template.xml retrieved from folder 	0ms	
powershell.exe Information: 0 : 2018-11-07 15:03:04.6050	[Provisioning]	[14]	[Debug]	Code execution scope started	0ms	37ea903d-93e0-4eed-8f27-8a166e73484e
powershell.exe Information: 0 : 2018-11-07 15:03:04.6050	[Provisioning]	[14]	[Information]	ProgressDelegate registered	0ms	37ea903d-93e0-4eed-8f27-8a166e73484e
powershell.exe Information: 0 : 2018-11-07 15:03:04.6075	[Provisioning]	[14]	[Information]	MessagesDelegate registered	2ms	37ea903d-93e0-4eed-8f27-8a166e73484e
powershell.exe Information: 0 : 2018-11-07 15:03:10.6206	[Extensibility Providers]	[14]	[Debug]	Code execution scope started	0ms	37ea903d-93e0-4eed-8f27-8a166e73484e
powershell.exe Information: 0 : 2018-11-07 15:03:10.6216	[Extensibility Providers]	[14]	[Debug]	Code execution scope ended	0ms	37ea903d-93e0-4eed-8f27-8a166e73484e
powershell.exe Information: 0 : 2018-11-07 15:03:10.7576	[Files]	[14]	[Debug]	Code execution scope started	0ms	37ea903d-93e0-4eed-8f27-8a166e73484e
powershell.exe Information: 0 : 2018-11-07 15:03:22.9031	[OfficeDevPnP.Core]	[0]	[Information]	Creating folder 'QuickLaunch' under List '/sites/brandme/Style Library'.	0ms	
powershell.exe Information: 0 : 2018-11-07 15:03:23.4728	[OfficeDevPnP.Core]	[0]	[Information]	File left-nav-override.js retrieved from folder 	0ms	
powershell.exe Information: 0 : 2018-11-07 15:03:23.4732	[Files]	[14]	[Debug]	Uploading file left-nav-override.js	12715ms	37ea903d-93e0-4eed-8f27-8a166e73484e
powershell.exe Information: 0 : 2018-11-07 15:03:23.4732	[OfficeDevPnP.Core]	[0]	[Debug]	Creating file info with Url 'left-nav-override.js'	0ms	
powershell.exe Information: 0 : 2018-11-07 15:03:24.1992	[OfficeDevPnP.Core]	[0]	[Debug]	Checking in file 'left-nav-override.js'	0ms	
powershell.exe Information: 0 : 2018-11-07 15:03:24.4817	[OfficeDevPnP.Core]	[0]	[Debug]	Publishing file 'left-nav-override.js'	0ms	
powershell.exe Information: 0 : 2018-11-07 15:03:25.1459	[OfficeDevPnP.Core]	[0]	[Information]	File left-nav-override.css retrieved from folder 	0ms	
powershell.exe Information: 0 : 2018-11-07 15:03:25.1459	[Files]	[14]	[Debug]	Uploading file left-nav-override.css	14388ms	37ea903d-93e0-4eed-8f27-8a166e73484e
powershell.exe Information: 0 : 2018-11-07 15:03:25.1464	[OfficeDevPnP.Core]	[0]	[Debug]	Creating file info with Url 'left-nav-override.css'	0ms	
powershell.exe Information: 0 : 2018-11-07 15:03:25.8391	[OfficeDevPnP.Core]	[0]	[Debug]	Checking in file 'left-nav-override.css'	0ms	
powershell.exe Information: 0 : 2018-11-07 15:03:26.0368	[OfficeDevPnP.Core]	[0]	[Debug]	Publishing file 'left-nav-override.css'	0ms	
powershell.exe Information: 0 : 2018-11-07 15:03:26.7926	[OfficeDevPnP.Core]	[0]	[Information]	File Custom-Script-Action.js retrieved from folder 	0ms	
powershell.exe Information: 0 : 2018-11-07 15:03:26.7931	[Files]	[14]	[Debug]	Uploading file Custom-Script-Action.js	16035ms	37ea903d-93e0-4eed-8f27-8a166e73484e
powershell.exe Information: 0 : 2018-11-07 15:03:26.7936	[OfficeDevPnP.Core]	[0]	[Debug]	Creating file info with Url 'Custom-Script-Action.js'	0ms	
powershell.exe Information: 0 : 2018-11-07 15:03:27.4863	[OfficeDevPnP.Core]	[0]	[Debug]	Checking in file 'Custom-Script-Action.js'	0ms	
powershell.exe Information: 0 : 2018-11-07 15:03:27.7437	[OfficeDevPnP.Core]	[0]	[Debug]	Publishing file 'Custom-Script-Action.js'	0ms	
powershell.exe Information: 0 : 2018-11-07 15:03:28.3762	[Files]	[14]	[Debug]	Uploading and overwriting existing file connectslogo(78px).png	17618ms	37ea903d-93e0-4eed-8f27-8a166e73484e
powershell.exe Information: 0 : 2018-11-07 15:03:28.5267	[OfficeDevPnP.Core]	[0]	[Information]	File connectslogo(78px).png retrieved from folder 	0ms	
powershell.exe Information: 0 : 2018-11-07 15:03:28.5272	[OfficeDevPnP.Core]	[0]	[Debug]	Creating file info with Url 'connectslogo(78px).png'	0ms	
powershell.exe Information: 0 : 2018-11-07 15:03:29.0898	[OfficeDevPnP.Core]	[0]	[Debug]	Checking in file 'connectslogo(78px).png'	0ms	
powershell.exe Information: 0 : 2018-11-07 15:03:29.2971	[OfficeDevPnP.Core]	[0]	[Debug]	Publishing file 'connectslogo(78px).png'	0ms	
powershell.exe Information: 0 : 2018-11-07 15:03:29.9395	[Files]	[14]	[Debug]	Uploading and overwriting existing file Waypoint-Logo_color.png	19182ms	37ea903d-93e0-4eed-8f27-8a166e73484e
powershell.exe Information: 0 : 2018-11-07 15:03:30.0965	[OfficeDevPnP.Core]	[0]	[Information]	File Waypoint-Logo_color.png retrieved from folder 	0ms	
powershell.exe Information: 0 : 2018-11-07 15:03:30.0965	[OfficeDevPnP.Core]	[0]	[Debug]	Creating file info with Url 'Waypoint-Logo_color.png'	0ms	
powershell.exe Information: 0 : 2018-11-07 15:03:30.9380	[OfficeDevPnP.Core]	[0]	[Debug]	Checking in file 'Waypoint-Logo_color.png'	0ms	
powershell.exe Information: 0 : 2018-11-07 15:03:31.2487	[OfficeDevPnP.Core]	[0]	[Debug]	Publishing file 'Waypoint-Logo_color.png'	0ms	
powershell.exe Information: 0 : 2018-11-07 15:03:31.5774	[Files]	[14]	[Debug]	Code execution scope ended	20819ms	37ea903d-93e0-4eed-8f27-8a166e73484e
powershell.exe Information: 0 : 2018-11-07 15:03:31.6294	[Tenant Settings]	[14]	[Debug]	Code execution scope started	0ms	37ea903d-93e0-4eed-8f27-8a166e73484e
powershell.exe Information: 0 : 2018-11-07 15:03:31.6304	[Tenant Settings]	[14]	[Debug]	Code execution scope ended	0ms	37ea903d-93e0-4eed-8f27-8a166e73484e
powershell.exe Information: 0 : 2018-11-07 15:03:31.6544	[Application Lifecycle Management]	[14]	[Debug]	Code execution scope started	0ms	37ea903d-93e0-4eed-8f27-8a166e73484e
powershell.exe Information: 0 : 2018-11-07 15:03:31.6549	[Application Lifecycle Management]	[14]	[Debug]	Code execution scope ended	0ms	37ea903d-93e0-4eed-8f27-8a166e73484e
powershell.exe Information: 0 : 2018-11-07 15:03:31.6784	[Custom Actions]	[14]	[Debug]	Code execution scope started	0ms	37ea903d-93e0-4eed-8f27-8a166e73484e
powershell.exe Information: 0 : 2018-11-07 15:03:32.0427	[Custom Actions]	[14]	[Debug]	Adding custom action 'QL_Dropdown' to scope Site	364ms	37ea903d-93e0-4eed-8f27-8a166e73484e
powershell.exe Information: 0 : 2018-11-07 15:03:32.3687	[Custom Actions]	[14]	[Debug]	Code execution scope ended	690ms	37ea903d-93e0-4eed-8f27-8a166e73484e
powershell.exe Information: 0 : 2018-11-07 15:03:32.3827	[Web Settings]	[14]	[Debug]	Code execution scope started	0ms	37ea903d-93e0-4eed-8f27-8a166e73484e
powershell.exe Information: 0 : 2018-11-07 15:03:32.6399	[Web Settings]	[14]	[Debug]	Code execution scope ended	256ms	37ea903d-93e0-4eed-8f27-8a166e73484e
powershell.exe Information: 0 : 2018-11-07 15:03:32.6399	[Persist Template Info]	[14]	[Debug]	Code execution scope started	0ms	37ea903d-93e0-4eed-8f27-8a166e73484e
powershell.exe Information: 0 : 2018-11-07 15:03:33.5309	[Persist Template Info]	[14]	[Debug]	Code execution scope ended	890ms	37ea903d-93e0-4eed-8f27-8a166e73484e
powershell.exe Information: 0 : 2018-11-07 15:03:33.5309	[Provisioning]	[14]	[Debug]	Code execution scope ended	28926ms	37ea903d-93e0-4eed-8f27-8a166e73484e
