powershell.exe Information: 0 : 2018-10-26 21:05:30.4628	[OfficeDevPnP.Core]	[0]	[Information]	File Custom.QuickLaunch.Template.xml retrieved from folder 	0ms	
powershell.exe Information: 0 : 2018-10-26 21:05:30.4648	[OfficeDevPnP.Core]	[0]	[Information]	File Custom.QuickLaunch.Template.xml retrieved from folder 	0ms	
powershell.exe Information: 0 : 2018-10-26 21:05:30.4949	[Provisioning]	[14]	[Debug]	Code execution scope started	0ms	7d274032-90fa-45c8-81f9-19eaba9a485b
powershell.exe Information: 0 : 2018-10-26 21:05:30.4959	[Provisioning]	[14]	[Information]	ProgressDelegate registered	0ms	7d274032-90fa-45c8-81f9-19eaba9a485b
powershell.exe Information: 0 : 2018-10-26 21:05:30.4979	[Provisioning]	[14]	[Information]	MessagesDelegate registered	2ms	7d274032-90fa-45c8-81f9-19eaba9a485b
powershell.exe Information: 0 : 2018-10-26 21:05:37.5223	[Extensibility Providers]	[14]	[Debug]	Code execution scope started	0ms	7d274032-90fa-45c8-81f9-19eaba9a485b
powershell.exe Information: 0 : 2018-10-26 21:05:37.5223	[Extensibility Providers]	[14]	[Debug]	Code execution scope ended	0ms	7d274032-90fa-45c8-81f9-19eaba9a485b
powershell.exe Information: 0 : 2018-10-26 21:05:37.6630	[Files]	[14]	[Debug]	Code execution scope started	0ms	7d274032-90fa-45c8-81f9-19eaba9a485b
powershell.exe Information: 0 : 2018-10-26 21:05:50.2106	[OfficeDevPnP.Core]	[0]	[Information]	Creating folder 'QuickLaunch' under List '/sites/brandme/Style Library'.	0ms	
powershell.exe Information: 0 : 2018-10-26 21:05:50.8543	[OfficeDevPnP.Core]	[0]	[Information]	File left-nav-override.js retrieved from folder 	0ms	
powershell.exe Information: 0 : 2018-10-26 21:05:50.8543	[Files]	[14]	[Debug]	Uploading file left-nav-override.js	13191ms	7d274032-90fa-45c8-81f9-19eaba9a485b
powershell.exe Information: 0 : 2018-10-26 21:05:50.8553	[OfficeDevPnP.Core]	[0]	[Debug]	Creating file info with Url 'left-nav-override.js'	0ms	
powershell.exe Information: 0 : 2018-10-26 21:05:51.5978	[OfficeDevPnP.Core]	[0]	[Debug]	Checking in file 'left-nav-override.js'	0ms	
powershell.exe Information: 0 : 2018-10-26 21:05:51.9014	[OfficeDevPnP.Core]	[0]	[Debug]	Publishing file 'left-nav-override.js'	0ms	
powershell.exe Information: 0 : 2018-10-26 21:05:52.5927	[OfficeDevPnP.Core]	[0]	[Information]	File left-nav-override.css retrieved from folder 	0ms	
powershell.exe Information: 0 : 2018-10-26 21:05:52.5938	[Files]	[14]	[Debug]	Uploading file left-nav-override.css	14931ms	7d274032-90fa-45c8-81f9-19eaba9a485b
powershell.exe Information: 0 : 2018-10-26 21:05:52.5948	[OfficeDevPnP.Core]	[0]	[Debug]	Creating file info with Url 'left-nav-override.css'	0ms	
powershell.exe Information: 0 : 2018-10-26 21:05:53.6819	[OfficeDevPnP.Core]	[0]	[Debug]	Checking in file 'left-nav-override.css'	0ms	
powershell.exe Information: 0 : 2018-10-26 21:05:53.9051	[OfficeDevPnP.Core]	[0]	[Debug]	Publishing file 'left-nav-override.css'	0ms	
powershell.exe Information: 0 : 2018-10-26 21:05:54.5680	[OfficeDevPnP.Core]	[0]	[Information]	File Custom-Script-Action.js retrieved from folder 	0ms	
powershell.exe Information: 0 : 2018-10-26 21:05:54.5680	[Files]	[14]	[Debug]	Uploading file Custom-Script-Action.js	16905ms	7d274032-90fa-45c8-81f9-19eaba9a485b
powershell.exe Information: 0 : 2018-10-26 21:05:54.5690	[OfficeDevPnP.Core]	[0]	[Debug]	Creating file info with Url 'Custom-Script-Action.js'	0ms	
powershell.exe Information: 0 : 2018-10-26 21:05:55.2750	[OfficeDevPnP.Core]	[0]	[Debug]	Checking in file 'Custom-Script-Action.js'	0ms	
powershell.exe Information: 0 : 2018-10-26 21:05:55.4790	[OfficeDevPnP.Core]	[0]	[Debug]	Publishing file 'Custom-Script-Action.js'	0ms	
powershell.exe Information: 0 : 2018-10-26 21:05:56.1570	[Files]	[14]	[Debug]	Uploading and overwriting existing file connectslogo(78px).png	18494ms	7d274032-90fa-45c8-81f9-19eaba9a485b
powershell.exe Information: 0 : 2018-10-26 21:05:56.2891	[OfficeDevPnP.Core]	[0]	[Information]	File connectslogo(78px).png retrieved from folder 	0ms	
powershell.exe Information: 0 : 2018-10-26 21:05:56.2891	[OfficeDevPnP.Core]	[0]	[Debug]	Creating file info with Url 'connectslogo(78px).png'	0ms	
powershell.exe Information: 0 : 2018-10-26 21:05:57.0320	[OfficeDevPnP.Core]	[0]	[Debug]	Checking in file 'connectslogo(78px).png'	0ms	
powershell.exe Information: 0 : 2018-10-26 21:05:57.2503	[OfficeDevPnP.Core]	[0]	[Debug]	Publishing file 'connectslogo(78px).png'	0ms	
powershell.exe Information: 0 : 2018-10-26 21:05:57.8995	[Files]	[14]	[Debug]	Uploading and overwriting existing file Waypoint-Logo_color.png	20236ms	7d274032-90fa-45c8-81f9-19eaba9a485b
powershell.exe Information: 0 : 2018-10-26 21:05:58.0394	[OfficeDevPnP.Core]	[0]	[Information]	File Waypoint-Logo_color.png retrieved from folder 	0ms	
powershell.exe Information: 0 : 2018-10-26 21:05:58.0404	[OfficeDevPnP.Core]	[0]	[Debug]	Creating file info with Url 'Waypoint-Logo_color.png'	0ms	
powershell.exe Information: 0 : 2018-10-26 21:05:58.9108	[OfficeDevPnP.Core]	[0]	[Debug]	Checking in file 'Waypoint-Logo_color.png'	0ms	
powershell.exe Information: 0 : 2018-10-26 21:05:59.0959	[OfficeDevPnP.Core]	[0]	[Debug]	Publishing file 'Waypoint-Logo_color.png'	0ms	
powershell.exe Information: 0 : 2018-10-26 21:05:59.3138	[Files]	[14]	[Debug]	Code execution scope ended	21651ms	7d274032-90fa-45c8-81f9-19eaba9a485b
powershell.exe Information: 0 : 2018-10-26 21:05:59.3492	[Tenant Settings]	[14]	[Debug]	Code execution scope started	0ms	7d274032-90fa-45c8-81f9-19eaba9a485b
powershell.exe Information: 0 : 2018-10-26 21:05:59.3502	[Tenant Settings]	[14]	[Debug]	Code execution scope ended	0ms	7d274032-90fa-45c8-81f9-19eaba9a485b
powershell.exe Information: 0 : 2018-10-26 21:05:59.3682	[Application Lifecycle Management]	[14]	[Debug]	Code execution scope started	0ms	7d274032-90fa-45c8-81f9-19eaba9a485b
powershell.exe Information: 0 : 2018-10-26 21:05:59.3682	[Application Lifecycle Management]	[14]	[Debug]	Code execution scope ended	0ms	7d274032-90fa-45c8-81f9-19eaba9a485b
powershell.exe Information: 0 : 2018-10-26 21:05:59.3813	[Custom Actions]	[14]	[Debug]	Code execution scope started	0ms	7d274032-90fa-45c8-81f9-19eaba9a485b
powershell.exe Information: 0 : 2018-10-26 21:05:59.4931	[Custom Actions]	[14]	[Debug]	Adding custom action 'QL_Dropdown' to scope Site	111ms	7d274032-90fa-45c8-81f9-19eaba9a485b
powershell.exe Information: 0 : 2018-10-26 21:05:59.8327	[Custom Actions]	[14]	[Debug]	Code execution scope ended	451ms	7d274032-90fa-45c8-81f9-19eaba9a485b
powershell.exe Information: 0 : 2018-10-26 21:05:59.8337	[Persist Template Info]	[14]	[Debug]	Code execution scope started	0ms	7d274032-90fa-45c8-81f9-19eaba9a485b
powershell.exe Information: 0 : 2018-10-26 21:06:00.6151	[Persist Template Info]	[14]	[Debug]	Code execution scope ended	781ms	7d274032-90fa-45c8-81f9-19eaba9a485b
powershell.exe Information: 0 : 2018-10-26 21:06:00.6151	[Provisioning]	[14]	[Debug]	Code execution scope ended	30119ms	7d274032-90fa-45c8-81f9-19eaba9a485b
