powershell.exe Information: 0 : 2018-10-25 14:02:01.3611	[OfficeDevPnP.Core]	[0]	[Information]	File Custom.QuickLaunch.Template.xml retrieved from folder 	0ms	
powershell.exe Information: 0 : 2018-10-25 14:02:01.3646	[OfficeDevPnP.Core]	[0]	[Information]	File Custom.QuickLaunch.Template.xml retrieved from folder 	0ms	
powershell.exe Information: 0 : 2018-10-25 14:02:02.1529	[Provisioning]	[14]	[Debug]	Code execution scope started	0ms	e4a7292e-8f70-4265-a1fc-86d9b26a805f
powershell.exe Information: 0 : 2018-10-25 14:02:02.1549	[Provisioning]	[14]	[Information]	ProgressDelegate registered	2ms	e4a7292e-8f70-4265-a1fc-86d9b26a805f
powershell.exe Information: 0 : 2018-10-25 14:02:02.1549	[Provisioning]	[14]	[Information]	MessagesDelegate registered	3ms	e4a7292e-8f70-4265-a1fc-86d9b26a805f
powershell.exe Information: 0 : 2018-10-25 14:02:10.3285	[Extensibility Providers]	[14]	[Debug]	Code execution scope started	7ms	e4a7292e-8f70-4265-a1fc-86d9b26a805f
powershell.exe Information: 0 : 2018-10-25 14:02:10.3290	[Extensibility Providers]	[14]	[Debug]	Code execution scope ended	7ms	e4a7292e-8f70-4265-a1fc-86d9b26a805f
powershell.exe Information: 0 : 2018-10-25 14:02:10.5154	[Files]	[14]	[Debug]	Code execution scope started	0ms	e4a7292e-8f70-4265-a1fc-86d9b26a805f
powershell.exe Information: 0 : 2018-10-25 14:02:22.9157	[OfficeDevPnP.Core]	[0]	[Information]	Creating folder 'QuickLaunch' under List '/sites/brandme/Style Library'.	0ms	
powershell.exe Information: 0 : 2018-10-25 14:02:23.6504	[OfficeDevPnP.Core]	[0]	[Information]	File left-nav-override.js retrieved from folder 	0ms	
powershell.exe Information: 0 : 2018-10-25 14:02:23.6509	[Files]	[14]	[Debug]	Uploading file left-nav-override.js	13106ms	e4a7292e-8f70-4265-a1fc-86d9b26a805f
powershell.exe Information: 0 : 2018-10-25 14:02:23.6544	[OfficeDevPnP.Core]	[0]	[Debug]	Creating file info with Url 'left-nav-override.js'	0ms	
powershell.exe Information: 0 : 2018-10-25 14:02:24.3769	[OfficeDevPnP.Core]	[0]	[Debug]	Checking in file 'left-nav-override.js'	0ms	
powershell.exe Information: 0 : 2018-10-25 14:02:24.6398	[OfficeDevPnP.Core]	[0]	[Debug]	Publishing file 'left-nav-override.js'	0ms	
powershell.exe Information: 0 : 2018-10-25 14:02:25.3702	[OfficeDevPnP.Core]	[0]	[Information]	File left-nav-override.css retrieved from folder 	0ms	
powershell.exe Information: 0 : 2018-10-25 14:02:25.3707	[Files]	[14]	[Debug]	Uploading file left-nav-override.css	14822ms	e4a7292e-8f70-4265-a1fc-86d9b26a805f
powershell.exe Information: 0 : 2018-10-25 14:02:25.3707	[OfficeDevPnP.Core]	[0]	[Debug]	Creating file info with Url 'left-nav-override.css'	0ms	
powershell.exe Information: 0 : 2018-10-25 14:02:26.2194	[OfficeDevPnP.Core]	[0]	[Debug]	Checking in file 'left-nav-override.css'	0ms	
powershell.exe Information: 0 : 2018-10-25 14:02:26.4354	[OfficeDevPnP.Core]	[0]	[Debug]	Publishing file 'left-nav-override.css'	0ms	
powershell.exe Information: 0 : 2018-10-25 14:02:27.0809	[OfficeDevPnP.Core]	[0]	[Information]	File Custom-Script-Action.js retrieved from folder 	0ms	
powershell.exe Information: 0 : 2018-10-25 14:02:27.0809	[Files]	[14]	[Debug]	Uploading file Custom-Script-Action.js	16529ms	e4a7292e-8f70-4265-a1fc-86d9b26a805f
powershell.exe Information: 0 : 2018-10-25 14:02:27.0814	[OfficeDevPnP.Core]	[0]	[Debug]	Creating file info with Url 'Custom-Script-Action.js'	0ms	
powershell.exe Information: 0 : 2018-10-25 14:02:27.7201	[OfficeDevPnP.Core]	[0]	[Debug]	Checking in file 'Custom-Script-Action.js'	0ms	
powershell.exe Information: 0 : 2018-10-25 14:02:27.9983	[OfficeDevPnP.Core]	[0]	[Debug]	Publishing file 'Custom-Script-Action.js'	0ms	
powershell.exe Information: 0 : 2018-10-25 14:02:28.7033	[Files]	[14]	[Debug]	Uploading and overwriting existing file connectslogo(78px).png	18148ms	e4a7292e-8f70-4265-a1fc-86d9b26a805f
powershell.exe Information: 0 : 2018-10-25 14:02:28.8902	[OfficeDevPnP.Core]	[0]	[Information]	File connectslogo(78px).png retrieved from folder 	0ms	
powershell.exe Information: 0 : 2018-10-25 14:02:28.8907	[OfficeDevPnP.Core]	[0]	[Debug]	Creating file info with Url 'connectslogo(78px).png'	0ms	
powershell.exe Information: 0 : 2018-10-25 14:02:29.6741	[OfficeDevPnP.Core]	[0]	[Debug]	Checking in file 'connectslogo(78px).png'	0ms	
powershell.exe Information: 0 : 2018-10-25 14:02:29.9203	[OfficeDevPnP.Core]	[0]	[Debug]	Publishing file 'connectslogo(78px).png'	0ms	
powershell.exe Information: 0 : 2018-10-25 14:02:30.8591	[Files]	[14]	[Debug]	Uploading and overwriting existing file Waypoint-Logo_color.png	20299ms	e4a7292e-8f70-4265-a1fc-86d9b26a805f
powershell.exe Information: 0 : 2018-10-25 14:02:31.0146	[OfficeDevPnP.Core]	[0]	[Information]	File Waypoint-Logo_color.png retrieved from folder 	0ms	
powershell.exe Information: 0 : 2018-10-25 14:02:31.0151	[OfficeDevPnP.Core]	[0]	[Debug]	Creating file info with Url 'Waypoint-Logo_color.png'	0ms	
powershell.exe Information: 0 : 2018-10-25 14:02:31.7580	[OfficeDevPnP.Core]	[0]	[Debug]	Checking in file 'Waypoint-Logo_color.png'	0ms	
powershell.exe Information: 0 : 2018-10-25 14:02:31.9725	[OfficeDevPnP.Core]	[0]	[Debug]	Publishing file 'Waypoint-Logo_color.png'	0ms	
powershell.exe Information: 0 : 2018-10-25 14:02:32.2281	[Files]	[14]	[Debug]	Code execution scope ended	21665ms	e4a7292e-8f70-4265-a1fc-86d9b26a805f
powershell.exe Information: 0 : 2018-10-25 14:02:32.2662	[Tenant Settings]	[14]	[Debug]	Code execution scope started	0ms	e4a7292e-8f70-4265-a1fc-86d9b26a805f
powershell.exe Information: 0 : 2018-10-25 14:02:32.3073	[Tenant Settings]	[14]	[Debug]	Code execution scope ended	40ms	e4a7292e-8f70-4265-a1fc-86d9b26a805f
powershell.exe Information: 0 : 2018-10-25 14:02:32.3228	[Application Lifecycle Management]	[14]	[Debug]	Code execution scope started	0ms	e4a7292e-8f70-4265-a1fc-86d9b26a805f
powershell.exe Information: 0 : 2018-10-25 14:02:32.3233	[Application Lifecycle Management]	[14]	[Debug]	Code execution scope ended	0ms	e4a7292e-8f70-4265-a1fc-86d9b26a805f
powershell.exe Information: 0 : 2018-10-25 14:02:32.3414	[Custom Actions]	[14]	[Debug]	Code execution scope started	0ms	e4a7292e-8f70-4265-a1fc-86d9b26a805f
powershell.exe Information: 0 : 2018-10-25 14:02:32.4620	[Custom Actions]	[14]	[Debug]	Adding custom action 'QL_Dropdown' to scope Site	120ms	e4a7292e-8f70-4265-a1fc-86d9b26a805f
powershell.exe Information: 0 : 2018-10-25 14:02:32.7911	[Custom Actions]	[14]	[Debug]	Code execution scope ended	448ms	e4a7292e-8f70-4265-a1fc-86d9b26a805f
powershell.exe Information: 0 : 2018-10-25 14:02:32.7941	[Persist Template Info]	[14]	[Debug]	Code execution scope started	0ms	e4a7292e-8f70-4265-a1fc-86d9b26a805f
powershell.exe Information: 0 : 2018-10-25 14:02:33.7084	[Persist Template Info]	[14]	[Debug]	Code execution scope ended	912ms	e4a7292e-8f70-4265-a1fc-86d9b26a805f
powershell.exe Information: 0 : 2018-10-25 14:02:33.7089	[Provisioning]	[14]	[Debug]	Code execution scope ended	31487ms	e4a7292e-8f70-4265-a1fc-86d9b26a805f
