powershell.exe Information: 0 : 2018-11-10 23:17:52.1211	[OfficeDevPnP.Core]	[0]	[Information]	File Custom.QuickLaunch.Template.xml retrieved from folder 	0ms	
powershell.exe Information: 0 : 2018-11-10 23:17:52.1220	[OfficeDevPnP.Core]	[0]	[Information]	File Custom.QuickLaunch.Template.xml retrieved from folder 	0ms	
powershell.exe Information: 0 : 2018-11-10 23:17:52.1420	[Provisioning]	[14]	[Debug]	Code execution scope started	0ms	74fb279e-e05c-4283-a0b3-f7605bd64c41
powershell.exe Information: 0 : 2018-11-10 23:17:52.1430	[Provisioning]	[14]	[Information]	ProgressDelegate registered	0ms	74fb279e-e05c-4283-a0b3-f7605bd64c41
powershell.exe Information: 0 : 2018-11-10 23:17:52.1451	[Provisioning]	[14]	[Information]	MessagesDelegate registered	2ms	74fb279e-e05c-4283-a0b3-f7605bd64c41
powershell.exe Information: 0 : 2018-11-10 23:17:58.2791	[Extensibility Providers]	[14]	[Debug]	Code execution scope started	0ms	74fb279e-e05c-4283-a0b3-f7605bd64c41
powershell.exe Information: 0 : 2018-11-10 23:17:58.2791	[Extensibility Providers]	[14]	[Debug]	Code execution scope ended	0ms	74fb279e-e05c-4283-a0b3-f7605bd64c41
powershell.exe Information: 0 : 2018-11-10 23:17:58.4031	[Files]	[14]	[Debug]	Code execution scope started	0ms	74fb279e-e05c-4283-a0b3-f7605bd64c41
powershell.exe Information: 0 : 2018-11-10 23:18:10.1801	[OfficeDevPnP.Core]	[0]	[Information]	Creating folder 'QuickLaunch' under List '/sites/brandme/Style Library'.	0ms	
powershell.exe Information: 0 : 2018-11-10 23:18:10.7940	[OfficeDevPnP.Core]	[0]	[Information]	File left-nav-override.js retrieved from folder 	0ms	
powershell.exe Information: 0 : 2018-11-10 23:18:10.7940	[Files]	[14]	[Debug]	Uploading file left-nav-override.js	12391ms	74fb279e-e05c-4283-a0b3-f7605bd64c41
powershell.exe Information: 0 : 2018-11-10 23:18:10.7950	[OfficeDevPnP.Core]	[0]	[Debug]	Creating file info with Url 'left-nav-override.js'	0ms	
powershell.exe Information: 0 : 2018-11-10 23:18:11.5520	[OfficeDevPnP.Core]	[0]	[Debug]	Checking in file 'left-nav-override.js'	0ms	
powershell.exe Information: 0 : 2018-11-10 23:18:11.9991	[OfficeDevPnP.Core]	[0]	[Debug]	Publishing file 'left-nav-override.js'	0ms	
powershell.exe Information: 0 : 2018-11-10 23:18:12.6456	[OfficeDevPnP.Core]	[0]	[Information]	File left-nav-override.css retrieved from folder 	0ms	
powershell.exe Information: 0 : 2018-11-10 23:18:12.6461	[Files]	[14]	[Debug]	Uploading file left-nav-override.css	14242ms	74fb279e-e05c-4283-a0b3-f7605bd64c41
powershell.exe Information: 0 : 2018-11-10 23:18:12.6466	[OfficeDevPnP.Core]	[0]	[Debug]	Creating file info with Url 'left-nav-override.css'	0ms	
powershell.exe Information: 0 : 2018-11-10 23:18:13.2243	[OfficeDevPnP.Core]	[0]	[Debug]	Checking in file 'left-nav-override.css'	0ms	
powershell.exe Information: 0 : 2018-11-10 23:18:13.4073	[OfficeDevPnP.Core]	[0]	[Debug]	Publishing file 'left-nav-override.css'	0ms	
powershell.exe Information: 0 : 2018-11-10 23:18:14.0293	[OfficeDevPnP.Core]	[0]	[Information]	File Custom-Script-Action.js retrieved from folder 	0ms	
powershell.exe Information: 0 : 2018-11-10 23:18:14.0293	[Files]	[14]	[Debug]	Uploading file Custom-Script-Action.js	15626ms	74fb279e-e05c-4283-a0b3-f7605bd64c41
powershell.exe Information: 0 : 2018-11-10 23:18:14.0293	[OfficeDevPnP.Core]	[0]	[Debug]	Creating file info with Url 'Custom-Script-Action.js'	0ms	
powershell.exe Information: 0 : 2018-11-10 23:18:14.6284	[OfficeDevPnP.Core]	[0]	[Debug]	Checking in file 'Custom-Script-Action.js'	0ms	
powershell.exe Information: 0 : 2018-11-10 23:18:14.8181	[OfficeDevPnP.Core]	[0]	[Debug]	Publishing file 'Custom-Script-Action.js'	0ms	
powershell.exe Information: 0 : 2018-11-10 23:18:15.4700	[Files]	[14]	[Debug]	Uploading and overwriting existing file connectslogo(78px).png	17067ms	74fb279e-e05c-4283-a0b3-f7605bd64c41
powershell.exe Information: 0 : 2018-11-10 23:18:15.6191	[OfficeDevPnP.Core]	[0]	[Information]	File connectslogo(78px).png retrieved from folder 	0ms	
powershell.exe Information: 0 : 2018-11-10 23:18:15.6202	[OfficeDevPnP.Core]	[0]	[Debug]	Creating file info with Url 'connectslogo(78px).png'	0ms	
powershell.exe Information: 0 : 2018-11-10 23:18:16.6182	[OfficeDevPnP.Core]	[0]	[Debug]	Checking in file 'connectslogo(78px).png'	0ms	
powershell.exe Information: 0 : 2018-11-10 23:18:16.8171	[OfficeDevPnP.Core]	[0]	[Debug]	Publishing file 'connectslogo(78px).png'	0ms	
powershell.exe Information: 0 : 2018-11-10 23:18:17.4401	[Files]	[14]	[Debug]	Uploading and overwriting existing file Waypoint-Logo_color.png	19037ms	74fb279e-e05c-4283-a0b3-f7605bd64c41
powershell.exe Information: 0 : 2018-11-10 23:18:17.5869	[OfficeDevPnP.Core]	[0]	[Information]	File Waypoint-Logo_color.png retrieved from folder 	0ms	
powershell.exe Information: 0 : 2018-11-10 23:18:17.5874	[OfficeDevPnP.Core]	[0]	[Debug]	Creating file info with Url 'Waypoint-Logo_color.png'	0ms	
powershell.exe Information: 0 : 2018-11-10 23:18:18.2535	[OfficeDevPnP.Core]	[0]	[Debug]	Checking in file 'Waypoint-Logo_color.png'	0ms	
powershell.exe Information: 0 : 2018-11-10 23:18:18.4908	[OfficeDevPnP.Core]	[0]	[Debug]	Publishing file 'Waypoint-Logo_color.png'	0ms	
powershell.exe Information: 0 : 2018-11-10 23:18:18.6810	[Files]	[14]	[Debug]	Code execution scope ended	20278ms	74fb279e-e05c-4283-a0b3-f7605bd64c41
powershell.exe Information: 0 : 2018-11-10 23:18:18.7319	[Tenant Settings]	[14]	[Debug]	Code execution scope started	0ms	74fb279e-e05c-4283-a0b3-f7605bd64c41
powershell.exe Information: 0 : 2018-11-10 23:18:18.7319	[Tenant Settings]	[14]	[Debug]	Code execution scope ended	0ms	74fb279e-e05c-4283-a0b3-f7605bd64c41
powershell.exe Information: 0 : 2018-11-10 23:18:18.7479	[Application Lifecycle Management]	[14]	[Debug]	Code execution scope started	0ms	74fb279e-e05c-4283-a0b3-f7605bd64c41
powershell.exe Information: 0 : 2018-11-10 23:18:18.7489	[Application Lifecycle Management]	[14]	[Debug]	Code execution scope ended	0ms	74fb279e-e05c-4283-a0b3-f7605bd64c41
powershell.exe Information: 0 : 2018-11-10 23:18:18.7696	[Custom Actions]	[14]	[Debug]	Code execution scope started	0ms	74fb279e-e05c-4283-a0b3-f7605bd64c41
powershell.exe Information: 0 : 2018-11-10 23:18:19.1244	[Custom Actions]	[14]	[Debug]	Adding custom action 'QL_Dropdown' to scope Site	354ms	74fb279e-e05c-4283-a0b3-f7605bd64c41
powershell.exe Information: 0 : 2018-11-10 23:18:19.4776	[Custom Actions]	[14]	[Debug]	Code execution scope ended	708ms	74fb279e-e05c-4283-a0b3-f7605bd64c41
powershell.exe Information: 0 : 2018-11-10 23:18:19.4955	[Web Settings]	[14]	[Debug]	Code execution scope started	0ms	74fb279e-e05c-4283-a0b3-f7605bd64c41
powershell.exe Information: 0 : 2018-11-10 23:18:19.7862	[Web Settings]	[14]	[Debug]	Code execution scope ended	290ms	74fb279e-e05c-4283-a0b3-f7605bd64c41
powershell.exe Information: 0 : 2018-11-10 23:18:19.7867	[Persist Template Info]	[14]	[Debug]	Code execution scope started	0ms	74fb279e-e05c-4283-a0b3-f7605bd64c41
powershell.exe Information: 0 : 2018-11-10 23:18:20.4832	[Persist Template Info]	[14]	[Debug]	Code execution scope ended	696ms	74fb279e-e05c-4283-a0b3-f7605bd64c41
powershell.exe Information: 0 : 2018-11-10 23:18:20.4837	[Provisioning]	[14]	[Debug]	Code execution scope ended	28340ms	74fb279e-e05c-4283-a0b3-f7605bd64c41
