powershell.exe Information: 0 : 2018-11-10 19:41:01.0229	[OfficeDevPnP.Core]	[0]	[Information]	File Custom.QuickLaunch.Template.xml retrieved from folder 	0ms	
powershell.exe Information: 0 : 2018-11-10 19:41:01.0254	[OfficeDevPnP.Core]	[0]	[Information]	File Custom.QuickLaunch.Template.xml retrieved from folder 	0ms	
powershell.exe Information: 0 : 2018-11-10 19:41:01.0704	[Provisioning]	[14]	[Debug]	Code execution scope started	0ms	ad512d69-b545-41d3-a5f3-1e93a6a695ba
powershell.exe Information: 0 : 2018-11-10 19:41:01.0704	[Provisioning]	[14]	[Information]	ProgressDelegate registered	0ms	ad512d69-b545-41d3-a5f3-1e93a6a695ba
powershell.exe Information: 0 : 2018-11-10 19:41:01.0734	[Provisioning]	[14]	[Information]	MessagesDelegate registered	3ms	ad512d69-b545-41d3-a5f3-1e93a6a695ba
powershell.exe Information: 0 : 2018-11-10 19:41:06.8582	[Extensibility Providers]	[14]	[Debug]	Code execution scope started	0ms	ad512d69-b545-41d3-a5f3-1e93a6a695ba
powershell.exe Information: 0 : 2018-11-10 19:41:06.8582	[Extensibility Providers]	[14]	[Debug]	Code execution scope ended	0ms	ad512d69-b545-41d3-a5f3-1e93a6a695ba
powershell.exe Information: 0 : 2018-11-10 19:41:06.9873	[Files]	[14]	[Debug]	Code execution scope started	0ms	ad512d69-b545-41d3-a5f3-1e93a6a695ba
powershell.exe Information: 0 : 2018-11-10 19:41:18.5027	[OfficeDevPnP.Core]	[0]	[Information]	Creating folder 'QuickLaunch' under List '/sites/brandme/Style Library'.	0ms	
powershell.exe Information: 0 : 2018-11-10 19:41:19.0506	[OfficeDevPnP.Core]	[0]	[Information]	File left-nav-override.js retrieved from folder 	0ms	
powershell.exe Information: 0 : 2018-11-10 19:41:19.0516	[Files]	[14]	[Debug]	Uploading file left-nav-override.js	12063ms	ad512d69-b545-41d3-a5f3-1e93a6a695ba
powershell.exe Information: 0 : 2018-11-10 19:41:19.0516	[OfficeDevPnP.Core]	[0]	[Debug]	Creating file info with Url 'left-nav-override.js'	0ms	
powershell.exe Information: 0 : 2018-11-10 19:41:19.7562	[OfficeDevPnP.Core]	[0]	[Debug]	Checking in file 'left-nav-override.js'	0ms	
powershell.exe Information: 0 : 2018-11-10 19:41:19.9473	[OfficeDevPnP.Core]	[0]	[Debug]	Publishing file 'left-nav-override.js'	0ms	
powershell.exe Information: 0 : 2018-11-10 19:41:20.7009	[OfficeDevPnP.Core]	[0]	[Information]	File left-nav-override.css retrieved from folder 	0ms	
powershell.exe Information: 0 : 2018-11-10 19:41:20.7009	[Files]	[14]	[Debug]	Uploading file left-nav-override.css	13713ms	ad512d69-b545-41d3-a5f3-1e93a6a695ba
powershell.exe Information: 0 : 2018-11-10 19:41:20.7019	[OfficeDevPnP.Core]	[0]	[Debug]	Creating file info with Url 'left-nav-override.css'	0ms	
powershell.exe Information: 0 : 2018-11-10 19:41:21.2078	[OfficeDevPnP.Core]	[0]	[Debug]	Checking in file 'left-nav-override.css'	0ms	
powershell.exe Information: 0 : 2018-11-10 19:41:21.4075	[OfficeDevPnP.Core]	[0]	[Debug]	Publishing file 'left-nav-override.css'	0ms	
powershell.exe Information: 0 : 2018-11-10 19:41:22.0676	[OfficeDevPnP.Core]	[0]	[Information]	File Custom-Script-Action.js retrieved from folder 	0ms	
powershell.exe Information: 0 : 2018-11-10 19:41:22.0676	[Files]	[14]	[Debug]	Uploading file Custom-Script-Action.js	15080ms	ad512d69-b545-41d3-a5f3-1e93a6a695ba
powershell.exe Information: 0 : 2018-11-10 19:41:22.0686	[OfficeDevPnP.Core]	[0]	[Debug]	Creating file info with Url 'Custom-Script-Action.js'	0ms	
powershell.exe Information: 0 : 2018-11-10 19:41:22.6795	[OfficeDevPnP.Core]	[0]	[Debug]	Checking in file 'Custom-Script-Action.js'	0ms	
powershell.exe Information: 0 : 2018-11-10 19:41:22.8787	[OfficeDevPnP.Core]	[0]	[Debug]	Publishing file 'Custom-Script-Action.js'	0ms	
powershell.exe Information: 0 : 2018-11-10 19:41:23.5842	[Files]	[14]	[Debug]	Uploading and overwriting existing file connectslogo(78px).png	16596ms	ad512d69-b545-41d3-a5f3-1e93a6a695ba
powershell.exe Information: 0 : 2018-11-10 19:41:23.7433	[OfficeDevPnP.Core]	[0]	[Information]	File connectslogo(78px).png retrieved from folder 	0ms	
powershell.exe Information: 0 : 2018-11-10 19:41:23.7433	[OfficeDevPnP.Core]	[0]	[Debug]	Creating file info with Url 'connectslogo(78px).png'	0ms	
powershell.exe Information: 0 : 2018-11-10 19:41:24.4433	[OfficeDevPnP.Core]	[0]	[Debug]	Checking in file 'connectslogo(78px).png'	0ms	
powershell.exe Information: 0 : 2018-11-10 19:41:24.6809	[OfficeDevPnP.Core]	[0]	[Debug]	Publishing file 'connectslogo(78px).png'	0ms	
powershell.exe Information: 0 : 2018-11-10 19:41:25.4051	[Files]	[14]	[Debug]	Uploading and overwriting existing file Waypoint-Logo_color.png	18417ms	ad512d69-b545-41d3-a5f3-1e93a6a695ba
powershell.exe Information: 0 : 2018-11-10 19:41:25.5542	[OfficeDevPnP.Core]	[0]	[Information]	File Waypoint-Logo_color.png retrieved from folder 	0ms	
powershell.exe Information: 0 : 2018-11-10 19:41:25.5542	[OfficeDevPnP.Core]	[0]	[Debug]	Creating file info with Url 'Waypoint-Logo_color.png'	0ms	
powershell.exe Information: 0 : 2018-11-10 19:41:26.4489	[OfficeDevPnP.Core]	[0]	[Debug]	Checking in file 'Waypoint-Logo_color.png'	0ms	
powershell.exe Information: 0 : 2018-11-10 19:41:26.7700	[OfficeDevPnP.Core]	[0]	[Debug]	Publishing file 'Waypoint-Logo_color.png'	0ms	
powershell.exe Information: 0 : 2018-11-10 19:41:26.9625	[Files]	[14]	[Debug]	Code execution scope ended	19974ms	ad512d69-b545-41d3-a5f3-1e93a6a695ba
powershell.exe Information: 0 : 2018-11-10 19:41:27.0095	[Tenant Settings]	[14]	[Debug]	Code execution scope started	0ms	ad512d69-b545-41d3-a5f3-1e93a6a695ba
powershell.exe Information: 0 : 2018-11-10 19:41:27.0105	[Tenant Settings]	[14]	[Debug]	Code execution scope ended	1ms	ad512d69-b545-41d3-a5f3-1e93a6a695ba
powershell.exe Information: 0 : 2018-11-10 19:41:27.0366	[Application Lifecycle Management]	[14]	[Debug]	Code execution scope started	0ms	ad512d69-b545-41d3-a5f3-1e93a6a695ba
powershell.exe Information: 0 : 2018-11-10 19:41:27.0371	[Application Lifecycle Management]	[14]	[Debug]	Code execution scope ended	0ms	ad512d69-b545-41d3-a5f3-1e93a6a695ba
powershell.exe Information: 0 : 2018-11-10 19:41:27.0556	[Custom Actions]	[14]	[Debug]	Code execution scope started	0ms	ad512d69-b545-41d3-a5f3-1e93a6a695ba
powershell.exe Information: 0 : 2018-11-10 19:41:27.4127	[Custom Actions]	[14]	[Debug]	Adding custom action 'QL_Dropdown' to scope Site	356ms	ad512d69-b545-41d3-a5f3-1e93a6a695ba
powershell.exe Information: 0 : 2018-11-10 19:41:27.7702	[Custom Actions]	[14]	[Debug]	Code execution scope ended	714ms	ad512d69-b545-41d3-a5f3-1e93a6a695ba
powershell.exe Information: 0 : 2018-11-10 19:41:27.7892	[Web Settings]	[14]	[Debug]	Code execution scope started	0ms	ad512d69-b545-41d3-a5f3-1e93a6a695ba
powershell.exe Information: 0 : 2018-11-10 19:41:28.0906	[Web Settings]	[14]	[Debug]	Code execution scope ended	301ms	ad512d69-b545-41d3-a5f3-1e93a6a695ba
powershell.exe Information: 0 : 2018-11-10 19:41:28.0916	[Persist Template Info]	[14]	[Debug]	Code execution scope started	0ms	ad512d69-b545-41d3-a5f3-1e93a6a695ba
powershell.exe Information: 0 : 2018-11-10 19:41:28.8452	[Persist Template Info]	[14]	[Debug]	Code execution scope ended	753ms	ad512d69-b545-41d3-a5f3-1e93a6a695ba
powershell.exe Information: 0 : 2018-11-10 19:41:28.8452	[Provisioning]	[14]	[Debug]	Code execution scope ended	27775ms	ad512d69-b545-41d3-a5f3-1e93a6a695ba
