powershell.exe Information: 0 : 2018-11-06 12:59:57.3305	[OfficeDevPnP.Core]	[0]	[Information]	File Custom.QuickLaunch.Template.xml retrieved from folder 	0ms	
powershell.exe Information: 0 : 2018-11-06 12:59:57.3315	[OfficeDevPnP.Core]	[0]	[Information]	File Custom.QuickLaunch.Template.xml retrieved from folder 	0ms	
powershell.exe Information: 0 : 2018-11-06 12:59:57.3605	[Provisioning]	[14]	[Debug]	Code execution scope started	0ms	8e979ba1-8e81-4669-b8b9-567f50f98d83
powershell.exe Information: 0 : 2018-11-06 12:59:57.3611	[Provisioning]	[14]	[Information]	ProgressDelegate registered	0ms	8e979ba1-8e81-4669-b8b9-567f50f98d83
powershell.exe Information: 0 : 2018-11-06 12:59:57.3625	[Provisioning]	[14]	[Information]	MessagesDelegate registered	1ms	8e979ba1-8e81-4669-b8b9-567f50f98d83
powershell.exe Information: 0 : 2018-11-06 13:00:04.5608	[Extensibility Providers]	[14]	[Debug]	Code execution scope started	0ms	8e979ba1-8e81-4669-b8b9-567f50f98d83
powershell.exe Information: 0 : 2018-11-06 13:00:04.5618	[Extensibility Providers]	[14]	[Debug]	Code execution scope ended	0ms	8e979ba1-8e81-4669-b8b9-567f50f98d83
powershell.exe Information: 0 : 2018-11-06 13:00:04.7048	[Files]	[14]	[Debug]	Code execution scope started	0ms	8e979ba1-8e81-4669-b8b9-567f50f98d83
powershell.exe Information: 0 : 2018-11-06 13:00:17.6789	[OfficeDevPnP.Core]	[0]	[Information]	Creating folder 'QuickLaunch' under List '/sites/brandme/Style Library'.	0ms	
powershell.exe Information: 0 : 2018-11-06 13:00:18.3983	[OfficeDevPnP.Core]	[0]	[Information]	File left-nav-override.js retrieved from folder 	0ms	
powershell.exe Information: 0 : 2018-11-06 13:00:18.3989	[Files]	[14]	[Debug]	Uploading file left-nav-override.js	13693ms	8e979ba1-8e81-4669-b8b9-567f50f98d83
powershell.exe Information: 0 : 2018-11-06 13:00:18.3989	[OfficeDevPnP.Core]	[0]	[Debug]	Creating file info with Url 'left-nav-override.js'	0ms	
powershell.exe Information: 0 : 2018-11-06 13:00:19.1808	[OfficeDevPnP.Core]	[0]	[Debug]	Checking in file 'left-nav-override.js'	0ms	
powershell.exe Information: 0 : 2018-11-06 13:00:19.4536	[OfficeDevPnP.Core]	[0]	[Debug]	Publishing file 'left-nav-override.js'	0ms	
powershell.exe Information: 0 : 2018-11-06 13:00:20.1742	[OfficeDevPnP.Core]	[0]	[Information]	File left-nav-override.css retrieved from folder 	0ms	
powershell.exe Information: 0 : 2018-11-06 13:00:20.1747	[Files]	[14]	[Debug]	Uploading file left-nav-override.css	15469ms	8e979ba1-8e81-4669-b8b9-567f50f98d83
powershell.exe Information: 0 : 2018-11-06 13:00:20.1747	[OfficeDevPnP.Core]	[0]	[Debug]	Creating file info with Url 'left-nav-override.css'	0ms	
powershell.exe Information: 0 : 2018-11-06 13:00:21.1071	[OfficeDevPnP.Core]	[0]	[Debug]	Checking in file 'left-nav-override.css'	0ms	
powershell.exe Information: 0 : 2018-11-06 13:00:21.4190	[OfficeDevPnP.Core]	[0]	[Debug]	Publishing file 'left-nav-override.css'	0ms	
powershell.exe Information: 0 : 2018-11-06 13:00:22.1020	[OfficeDevPnP.Core]	[0]	[Information]	File Custom-Script-Action.js retrieved from folder 	0ms	
powershell.exe Information: 0 : 2018-11-06 13:00:22.1025	[Files]	[14]	[Debug]	Uploading file Custom-Script-Action.js	17397ms	8e979ba1-8e81-4669-b8b9-567f50f98d83
powershell.exe Information: 0 : 2018-11-06 13:00:22.1025	[OfficeDevPnP.Core]	[0]	[Debug]	Creating file info with Url 'Custom-Script-Action.js'	0ms	
powershell.exe Information: 0 : 2018-11-06 13:00:22.6735	[OfficeDevPnP.Core]	[0]	[Debug]	Checking in file 'Custom-Script-Action.js'	0ms	
powershell.exe Information: 0 : 2018-11-06 13:00:22.9425	[OfficeDevPnP.Core]	[0]	[Debug]	Publishing file 'Custom-Script-Action.js'	0ms	
powershell.exe Information: 0 : 2018-11-06 13:00:23.5938	[Files]	[14]	[Debug]	Uploading and overwriting existing file connectslogo(78px).png	18888ms	8e979ba1-8e81-4669-b8b9-567f50f98d83
powershell.exe Information: 0 : 2018-11-06 13:00:23.7395	[OfficeDevPnP.Core]	[0]	[Information]	File connectslogo(78px).png retrieved from folder 	0ms	
powershell.exe Information: 0 : 2018-11-06 13:00:23.7400	[OfficeDevPnP.Core]	[0]	[Debug]	Creating file info with Url 'connectslogo(78px).png'	0ms	
powershell.exe Information: 0 : 2018-11-06 13:00:24.5451	[OfficeDevPnP.Core]	[0]	[Debug]	Checking in file 'connectslogo(78px).png'	0ms	
powershell.exe Information: 0 : 2018-11-06 13:00:24.8277	[OfficeDevPnP.Core]	[0]	[Debug]	Publishing file 'connectslogo(78px).png'	0ms	
powershell.exe Information: 0 : 2018-11-06 13:00:25.5732	[Files]	[14]	[Debug]	Uploading and overwriting existing file Waypoint-Logo_color.png	20868ms	8e979ba1-8e81-4669-b8b9-567f50f98d83
powershell.exe Information: 0 : 2018-11-06 13:00:25.7278	[OfficeDevPnP.Core]	[0]	[Information]	File Waypoint-Logo_color.png retrieved from folder 	0ms	
powershell.exe Information: 0 : 2018-11-06 13:00:25.7283	[OfficeDevPnP.Core]	[0]	[Debug]	Creating file info with Url 'Waypoint-Logo_color.png'	0ms	
powershell.exe Information: 0 : 2018-11-06 13:00:26.7458	[OfficeDevPnP.Core]	[0]	[Debug]	Checking in file 'Waypoint-Logo_color.png'	0ms	
powershell.exe Information: 0 : 2018-11-06 13:00:27.1414	[OfficeDevPnP.Core]	[0]	[Debug]	Publishing file 'Waypoint-Logo_color.png'	0ms	
powershell.exe Information: 0 : 2018-11-06 13:00:27.4113	[Files]	[14]	[Debug]	Code execution scope ended	22706ms	8e979ba1-8e81-4669-b8b9-567f50f98d83
powershell.exe Information: 0 : 2018-11-06 13:00:27.4653	[Tenant Settings]	[14]	[Debug]	Code execution scope started	0ms	8e979ba1-8e81-4669-b8b9-567f50f98d83
powershell.exe Information: 0 : 2018-11-06 13:00:27.4668	[Tenant Settings]	[14]	[Debug]	Code execution scope ended	1ms	8e979ba1-8e81-4669-b8b9-567f50f98d83
powershell.exe Information: 0 : 2018-11-06 13:00:27.4898	[Application Lifecycle Management]	[14]	[Debug]	Code execution scope started	0ms	8e979ba1-8e81-4669-b8b9-567f50f98d83
powershell.exe Information: 0 : 2018-11-06 13:00:27.4903	[Application Lifecycle Management]	[14]	[Debug]	Code execution scope ended	0ms	8e979ba1-8e81-4669-b8b9-567f50f98d83
powershell.exe Information: 0 : 2018-11-06 13:00:27.5214	[Custom Actions]	[14]	[Debug]	Code execution scope started	0ms	8e979ba1-8e81-4669-b8b9-567f50f98d83
powershell.exe Information: 0 : 2018-11-06 13:00:27.9240	[Custom Actions]	[14]	[Debug]	Adding custom action 'QL_Dropdown' to scope Site	402ms	8e979ba1-8e81-4669-b8b9-567f50f98d83
powershell.exe Information: 0 : 2018-11-06 13:00:28.2742	[Custom Actions]	[14]	[Debug]	Code execution scope ended	753ms	8e979ba1-8e81-4669-b8b9-567f50f98d83
powershell.exe Information: 0 : 2018-11-06 13:00:28.2747	[Persist Template Info]	[14]	[Debug]	Code execution scope started	0ms	8e979ba1-8e81-4669-b8b9-567f50f98d83
powershell.exe Information: 0 : 2018-11-06 13:00:29.1943	[Persist Template Info]	[14]	[Debug]	Code execution scope ended	919ms	8e979ba1-8e81-4669-b8b9-567f50f98d83
powershell.exe Information: 0 : 2018-11-06 13:00:29.1948	[Provisioning]	[14]	[Debug]	Code execution scope ended	31834ms	8e979ba1-8e81-4669-b8b9-567f50f98d83
