powershell.exe Information: 0 : 2018-11-01 13:49:55.9784	[OfficeDevPnP.Core]	[0]	[Information]	File Custom.QuickLaunch.Template.xml retrieved from folder 	0ms	
powershell.exe Information: 0 : 2018-11-01 13:49:55.9804	[OfficeDevPnP.Core]	[0]	[Information]	File Custom.QuickLaunch.Template.xml retrieved from folder 	0ms	
powershell.exe Information: 0 : 2018-11-01 13:49:56.0529	[Provisioning]	[14]	[Debug]	Code execution scope started	0ms	2496a950-1f79-439b-aa1c-c0ac5a41e251
powershell.exe Information: 0 : 2018-11-01 13:49:56.0534	[Provisioning]	[14]	[Information]	ProgressDelegate registered	0ms	2496a950-1f79-439b-aa1c-c0ac5a41e251
powershell.exe Information: 0 : 2018-11-01 13:49:56.0539	[Provisioning]	[14]	[Information]	MessagesDelegate registered	1ms	2496a950-1f79-439b-aa1c-c0ac5a41e251
powershell.exe Information: 0 : 2018-11-01 13:50:04.2097	[Extensibility Providers]	[14]	[Debug]	Code execution scope started	0ms	2496a950-1f79-439b-aa1c-c0ac5a41e251
powershell.exe Information: 0 : 2018-11-01 13:50:04.2102	[Extensibility Providers]	[14]	[Debug]	Code execution scope ended	0ms	2496a950-1f79-439b-aa1c-c0ac5a41e251
powershell.exe Information: 0 : 2018-11-01 13:50:04.3382	[Files]	[14]	[Debug]	Code execution scope started	0ms	2496a950-1f79-439b-aa1c-c0ac5a41e251
powershell.exe Information: 0 : 2018-11-01 13:50:18.3709	[OfficeDevPnP.Core]	[0]	[Information]	Creating folder 'QuickLaunch' under List '/sites/brandme/Style Library'.	0ms	
powershell.exe Information: 0 : 2018-11-01 13:50:19.0810	[OfficeDevPnP.Core]	[0]	[Information]	File left-nav-override.js retrieved from folder 	0ms	
powershell.exe Information: 0 : 2018-11-01 13:50:19.0815	[Files]	[14]	[Debug]	Uploading file left-nav-override.js	14742ms	2496a950-1f79-439b-aa1c-c0ac5a41e251
powershell.exe Information: 0 : 2018-11-01 13:50:19.0815	[OfficeDevPnP.Core]	[0]	[Debug]	Creating file info with Url 'left-nav-override.js'	0ms	
powershell.exe Information: 0 : 2018-11-01 13:50:20.0900	[OfficeDevPnP.Core]	[0]	[Debug]	Checking in file 'left-nav-override.js'	0ms	
powershell.exe Information: 0 : 2018-11-01 13:50:20.4900	[OfficeDevPnP.Core]	[0]	[Debug]	Publishing file 'left-nav-override.js'	0ms	
powershell.exe Information: 0 : 2018-11-01 13:50:21.2175	[OfficeDevPnP.Core]	[0]	[Information]	File left-nav-override.css retrieved from folder 	0ms	
powershell.exe Information: 0 : 2018-11-01 13:50:21.2175	[Files]	[14]	[Debug]	Uploading file left-nav-override.css	16879ms	2496a950-1f79-439b-aa1c-c0ac5a41e251
powershell.exe Information: 0 : 2018-11-01 13:50:21.2180	[OfficeDevPnP.Core]	[0]	[Debug]	Creating file info with Url 'left-nav-override.css'	0ms	
powershell.exe Information: 0 : 2018-11-01 13:50:21.9490	[OfficeDevPnP.Core]	[0]	[Debug]	Checking in file 'left-nav-override.css'	0ms	
powershell.exe Information: 0 : 2018-11-01 13:50:22.1665	[OfficeDevPnP.Core]	[0]	[Debug]	Publishing file 'left-nav-override.css'	0ms	
powershell.exe Information: 0 : 2018-11-01 13:50:22.8835	[OfficeDevPnP.Core]	[0]	[Information]	File Custom-Script-Action.js retrieved from folder 	0ms	
powershell.exe Information: 0 : 2018-11-01 13:50:22.8835	[Files]	[14]	[Debug]	Uploading file Custom-Script-Action.js	18545ms	2496a950-1f79-439b-aa1c-c0ac5a41e251
powershell.exe Information: 0 : 2018-11-01 13:50:22.8840	[OfficeDevPnP.Core]	[0]	[Debug]	Creating file info with Url 'Custom-Script-Action.js'	0ms	
powershell.exe Information: 0 : 2018-11-01 13:50:23.9545	[OfficeDevPnP.Core]	[0]	[Debug]	Checking in file 'Custom-Script-Action.js'	0ms	
powershell.exe Information: 0 : 2018-11-01 13:50:24.2255	[OfficeDevPnP.Core]	[0]	[Debug]	Publishing file 'Custom-Script-Action.js'	0ms	
powershell.exe Information: 0 : 2018-11-01 13:50:24.9120	[Files]	[14]	[Debug]	Uploading and overwriting existing file connectslogo(78px).png	20573ms	2496a950-1f79-439b-aa1c-c0ac5a41e251
powershell.exe Information: 0 : 2018-11-01 13:50:25.0605	[OfficeDevPnP.Core]	[0]	[Information]	File connectslogo(78px).png retrieved from folder 	0ms	
powershell.exe Information: 0 : 2018-11-01 13:50:25.0615	[OfficeDevPnP.Core]	[0]	[Debug]	Creating file info with Url 'connectslogo(78px).png'	0ms	
powershell.exe Information: 0 : 2018-11-01 13:50:25.8400	[OfficeDevPnP.Core]	[0]	[Debug]	Checking in file 'connectslogo(78px).png'	0ms	
powershell.exe Information: 0 : 2018-11-01 13:50:26.0350	[OfficeDevPnP.Core]	[0]	[Debug]	Publishing file 'connectslogo(78px).png'	0ms	
powershell.exe Information: 0 : 2018-11-01 13:50:26.7755	[Files]	[14]	[Debug]	Uploading and overwriting existing file Waypoint-Logo_color.png	22437ms	2496a950-1f79-439b-aa1c-c0ac5a41e251
powershell.exe Information: 0 : 2018-11-01 13:50:27.7390	[OfficeDevPnP.Core]	[0]	[Information]	File Waypoint-Logo_color.png retrieved from folder 	0ms	
powershell.exe Information: 0 : 2018-11-01 13:50:27.7390	[OfficeDevPnP.Core]	[0]	[Debug]	Creating file info with Url 'Waypoint-Logo_color.png'	0ms	
powershell.exe Information: 0 : 2018-11-01 13:50:28.5905	[OfficeDevPnP.Core]	[0]	[Debug]	Checking in file 'Waypoint-Logo_color.png'	0ms	
powershell.exe Information: 0 : 2018-11-01 13:50:28.8251	[OfficeDevPnP.Core]	[0]	[Debug]	Publishing file 'Waypoint-Logo_color.png'	0ms	
powershell.exe Information: 0 : 2018-11-01 13:50:29.0710	[Files]	[14]	[Debug]	Code execution scope ended	24732ms	2496a950-1f79-439b-aa1c-c0ac5a41e251
powershell.exe Information: 0 : 2018-11-01 13:50:29.1305	[Tenant Settings]	[14]	[Debug]	Code execution scope started	0ms	2496a950-1f79-439b-aa1c-c0ac5a41e251
powershell.exe Information: 0 : 2018-11-01 13:50:29.1320	[Tenant Settings]	[14]	[Debug]	Code execution scope ended	1ms	2496a950-1f79-439b-aa1c-c0ac5a41e251
powershell.exe Information: 0 : 2018-11-01 13:50:29.1595	[Application Lifecycle Management]	[14]	[Debug]	Code execution scope started	0ms	2496a950-1f79-439b-aa1c-c0ac5a41e251
powershell.exe Information: 0 : 2018-11-01 13:50:29.1595	[Application Lifecycle Management]	[14]	[Debug]	Code execution scope ended	0ms	2496a950-1f79-439b-aa1c-c0ac5a41e251
powershell.exe Information: 0 : 2018-11-01 13:50:29.1855	[Custom Actions]	[14]	[Debug]	Code execution scope started	0ms	2496a950-1f79-439b-aa1c-c0ac5a41e251
powershell.exe Information: 0 : 2018-11-01 13:50:29.2985	[Custom Actions]	[14]	[Debug]	Adding custom action 'QL_Dropdown' to scope Site	113ms	2496a950-1f79-439b-aa1c-c0ac5a41e251
powershell.exe Information: 0 : 2018-11-01 13:50:29.6025	[Custom Actions]	[14]	[Debug]	Code execution scope ended	417ms	2496a950-1f79-439b-aa1c-c0ac5a41e251
powershell.exe Information: 0 : 2018-11-01 13:50:29.6030	[Persist Template Info]	[14]	[Debug]	Code execution scope started	0ms	2496a950-1f79-439b-aa1c-c0ac5a41e251
powershell.exe Information: 0 : 2018-11-01 13:50:30.4125	[Persist Template Info]	[14]	[Debug]	Code execution scope ended	809ms	2496a950-1f79-439b-aa1c-c0ac5a41e251
powershell.exe Information: 0 : 2018-11-01 13:50:30.4135	[Provisioning]	[14]	[Debug]	Code execution scope ended	34360ms	2496a950-1f79-439b-aa1c-c0ac5a41e251
