powershell.exe Information: 0 : 2018-10-25 01:41:07.8647	[OfficeDevPnP.Core]	[0]	[Information]	File Custom.QuickLaunch.Template.xml retrieved from folder 	0ms	
powershell.exe Information: 0 : 2018-10-25 01:41:07.8667	[OfficeDevPnP.Core]	[0]	[Information]	File Custom.QuickLaunch.Template.xml retrieved from folder 	0ms	
powershell.exe Information: 0 : 2018-10-25 01:41:07.8907	[Provisioning]	[14]	[Debug]	Code execution scope started	0ms	0a52da41-7872-4334-8365-1f5d1302742d
powershell.exe Information: 0 : 2018-10-25 01:41:07.8917	[Provisioning]	[14]	[Information]	ProgressDelegate registered	0ms	0a52da41-7872-4334-8365-1f5d1302742d
powershell.exe Information: 0 : 2018-10-25 01:41:07.8937	[Provisioning]	[14]	[Information]	MessagesDelegate registered	2ms	0a52da41-7872-4334-8365-1f5d1302742d
powershell.exe Information: 0 : 2018-10-25 01:41:14.4163	[Extensibility Providers]	[14]	[Debug]	Code execution scope started	0ms	0a52da41-7872-4334-8365-1f5d1302742d
powershell.exe Information: 0 : 2018-10-25 01:41:14.4163	[Extensibility Providers]	[14]	[Debug]	Code execution scope ended	0ms	0a52da41-7872-4334-8365-1f5d1302742d
powershell.exe Information: 0 : 2018-10-25 01:41:14.5483	[Files]	[14]	[Debug]	Code execution scope started	0ms	0a52da41-7872-4334-8365-1f5d1302742d
powershell.exe Information: 0 : 2018-10-25 01:41:27.4909	[OfficeDevPnP.Core]	[0]	[Information]	Creating folder 'QuickLaunch' under List '/sites/brandme/Style Library'.	0ms	
powershell.exe Information: 0 : 2018-10-25 01:41:28.2029	[OfficeDevPnP.Core]	[0]	[Information]	File left-nav-override.js retrieved from folder 	0ms	
powershell.exe Information: 0 : 2018-10-25 01:41:28.2039	[Files]	[14]	[Debug]	Uploading file left-nav-override.js	13655ms	0a52da41-7872-4334-8365-1f5d1302742d
powershell.exe Information: 0 : 2018-10-25 01:41:28.2039	[OfficeDevPnP.Core]	[0]	[Debug]	Creating file info with Url 'left-nav-override.js'	0ms	
powershell.exe Information: 0 : 2018-10-25 01:41:28.7938	[OfficeDevPnP.Core]	[0]	[Debug]	Checking in file 'left-nav-override.js'	0ms	
powershell.exe Information: 0 : 2018-10-25 01:41:28.9996	[OfficeDevPnP.Core]	[0]	[Debug]	Publishing file 'left-nav-override.js'	0ms	
powershell.exe Information: 0 : 2018-10-25 01:41:29.6307	[OfficeDevPnP.Core]	[0]	[Information]	File left-nav-override.css retrieved from folder 	0ms	
powershell.exe Information: 0 : 2018-10-25 01:41:29.6307	[Files]	[14]	[Debug]	Uploading file left-nav-override.css	15082ms	0a52da41-7872-4334-8365-1f5d1302742d
powershell.exe Information: 0 : 2018-10-25 01:41:29.6307	[OfficeDevPnP.Core]	[0]	[Debug]	Creating file info with Url 'left-nav-override.css'	0ms	
powershell.exe Information: 0 : 2018-10-25 01:41:30.2967	[OfficeDevPnP.Core]	[0]	[Debug]	Checking in file 'left-nav-override.css'	0ms	
powershell.exe Information: 0 : 2018-10-25 01:41:30.4917	[OfficeDevPnP.Core]	[0]	[Debug]	Publishing file 'left-nav-override.css'	0ms	
powershell.exe Information: 0 : 2018-10-25 01:41:31.1623	[OfficeDevPnP.Core]	[0]	[Information]	File Custom-Script-Action.js retrieved from folder 	0ms	
powershell.exe Information: 0 : 2018-10-25 01:41:31.1633	[Files]	[14]	[Debug]	Uploading file Custom-Script-Action.js	16614ms	0a52da41-7872-4334-8365-1f5d1302742d
powershell.exe Information: 0 : 2018-10-25 01:41:31.1633	[OfficeDevPnP.Core]	[0]	[Debug]	Creating file info with Url 'Custom-Script-Action.js'	0ms	
powershell.exe Information: 0 : 2018-10-25 01:41:32.3907	[OfficeDevPnP.Core]	[0]	[Debug]	Checking in file 'Custom-Script-Action.js'	0ms	
powershell.exe Information: 0 : 2018-10-25 01:41:32.8187	[OfficeDevPnP.Core]	[0]	[Debug]	Publishing file 'Custom-Script-Action.js'	0ms	
powershell.exe Information: 0 : 2018-10-25 01:41:33.6517	[Files]	[14]	[Debug]	Uploading and overwriting existing file connectslogo(78px).png	19103ms	0a52da41-7872-4334-8365-1f5d1302742d
powershell.exe Information: 0 : 2018-10-25 01:41:33.7947	[OfficeDevPnP.Core]	[0]	[Information]	File connectslogo(78px).png retrieved from folder 	0ms	
powershell.exe Information: 0 : 2018-10-25 01:41:33.7947	[OfficeDevPnP.Core]	[0]	[Debug]	Creating file info with Url 'connectslogo(78px).png'	0ms	
powershell.exe Information: 0 : 2018-10-25 01:41:34.3937	[OfficeDevPnP.Core]	[0]	[Debug]	Checking in file 'connectslogo(78px).png'	0ms	
powershell.exe Information: 0 : 2018-10-25 01:41:34.6327	[OfficeDevPnP.Core]	[0]	[Debug]	Publishing file 'connectslogo(78px).png'	0ms	
powershell.exe Information: 0 : 2018-10-25 01:41:35.3448	[Files]	[14]	[Debug]	Uploading and overwriting existing file Waypoint-Logo_color.png	20796ms	0a52da41-7872-4334-8365-1f5d1302742d
powershell.exe Information: 0 : 2018-10-25 01:41:35.5598	[OfficeDevPnP.Core]	[0]	[Information]	File Waypoint-Logo_color.png retrieved from folder 	0ms	
powershell.exe Information: 0 : 2018-10-25 01:41:35.5598	[OfficeDevPnP.Core]	[0]	[Debug]	Creating file info with Url 'Waypoint-Logo_color.png'	0ms	
powershell.exe Information: 0 : 2018-10-25 01:41:36.1479	[OfficeDevPnP.Core]	[0]	[Debug]	Checking in file 'Waypoint-Logo_color.png'	0ms	
powershell.exe Information: 0 : 2018-10-25 01:41:36.3809	[OfficeDevPnP.Core]	[0]	[Debug]	Publishing file 'Waypoint-Logo_color.png'	0ms	
powershell.exe Information: 0 : 2018-10-25 01:41:36.6005	[Files]	[14]	[Debug]	Code execution scope ended	22052ms	0a52da41-7872-4334-8365-1f5d1302742d
powershell.exe Information: 0 : 2018-10-25 01:41:36.6485	[Tenant Settings]	[14]	[Debug]	Code execution scope started	0ms	0a52da41-7872-4334-8365-1f5d1302742d
powershell.exe Information: 0 : 2018-10-25 01:41:36.6495	[Tenant Settings]	[14]	[Debug]	Code execution scope ended	0ms	0a52da41-7872-4334-8365-1f5d1302742d
powershell.exe Information: 0 : 2018-10-25 01:41:36.6695	[Application Lifecycle Management]	[14]	[Debug]	Code execution scope started	0ms	0a52da41-7872-4334-8365-1f5d1302742d
powershell.exe Information: 0 : 2018-10-25 01:41:36.6695	[Application Lifecycle Management]	[14]	[Debug]	Code execution scope ended	0ms	0a52da41-7872-4334-8365-1f5d1302742d
powershell.exe Information: 0 : 2018-10-25 01:41:36.6915	[Custom Actions]	[14]	[Debug]	Code execution scope started	0ms	0a52da41-7872-4334-8365-1f5d1302742d
powershell.exe Information: 0 : 2018-10-25 01:41:36.8045	[Custom Actions]	[14]	[Debug]	Adding custom action 'QL_Dropdown' to scope Site	112ms	0a52da41-7872-4334-8365-1f5d1302742d
powershell.exe Information: 0 : 2018-10-25 01:41:37.1325	[Custom Actions]	[14]	[Debug]	Code execution scope ended	440ms	0a52da41-7872-4334-8365-1f5d1302742d
powershell.exe Information: 0 : 2018-10-25 01:41:37.1335	[Persist Template Info]	[14]	[Debug]	Code execution scope started	0ms	0a52da41-7872-4334-8365-1f5d1302742d
powershell.exe Information: 0 : 2018-10-25 01:41:37.8745	[Persist Template Info]	[14]	[Debug]	Code execution scope ended	741ms	0a52da41-7872-4334-8365-1f5d1302742d
powershell.exe Information: 0 : 2018-10-25 01:41:37.8755	[Provisioning]	[14]	[Debug]	Code execution scope ended	29984ms	0a52da41-7872-4334-8365-1f5d1302742d
