powershell.exe Information: 0 : 2018-10-24 22:40:29.9417	[OfficeDevPnP.Core]	[0]	[Information]	File Custom.QuickLaunch.Template.xml retrieved from folder 	0ms	
powershell.exe Information: 0 : 2018-10-24 22:40:29.9427	[OfficeDevPnP.Core]	[0]	[Information]	File Custom.QuickLaunch.Template.xml retrieved from folder 	0ms	
powershell.exe Information: 0 : 2018-10-24 22:40:29.9667	[Provisioning]	[14]	[Debug]	Code execution scope started	0ms	383a01da-594f-49e9-b078-6acca075070e
powershell.exe Information: 0 : 2018-10-24 22:40:29.9667	[Provisioning]	[14]	[Information]	ProgressDelegate registered	0ms	383a01da-594f-49e9-b078-6acca075070e
powershell.exe Information: 0 : 2018-10-24 22:40:29.9697	[Provisioning]	[14]	[Information]	MessagesDelegate registered	2ms	383a01da-594f-49e9-b078-6acca075070e
powershell.exe Information: 0 : 2018-10-24 22:40:36.8165	[Extensibility Providers]	[14]	[Debug]	Code execution scope started	0ms	383a01da-594f-49e9-b078-6acca075070e
powershell.exe Information: 0 : 2018-10-24 22:40:36.8165	[Extensibility Providers]	[14]	[Debug]	Code execution scope ended	0ms	383a01da-594f-49e9-b078-6acca075070e
powershell.exe Information: 0 : 2018-10-24 22:40:36.9385	[Files]	[14]	[Debug]	Code execution scope started	0ms	383a01da-594f-49e9-b078-6acca075070e
powershell.exe Information: 0 : 2018-10-24 22:40:48.5618	[OfficeDevPnP.Core]	[0]	[Information]	Creating folder 'QuickLaunch' under List '/sites/brandme/Style Library'.	0ms	
powershell.exe Information: 0 : 2018-10-24 22:40:49.1109	[OfficeDevPnP.Core]	[0]	[Information]	File left-nav-override.js retrieved from folder 	0ms	
powershell.exe Information: 0 : 2018-10-24 22:40:49.1109	[Files]	[14]	[Debug]	Uploading file left-nav-override.js	12172ms	383a01da-594f-49e9-b078-6acca075070e
powershell.exe Information: 0 : 2018-10-24 22:40:49.1119	[OfficeDevPnP.Core]	[0]	[Debug]	Creating file info with Url 'left-nav-override.js'	0ms	
powershell.exe Information: 0 : 2018-10-24 22:40:50.0435	[OfficeDevPnP.Core]	[0]	[Debug]	Checking in file 'left-nav-override.js'	0ms	
powershell.exe Information: 0 : 2018-10-24 22:40:50.2815	[OfficeDevPnP.Core]	[0]	[Debug]	Publishing file 'left-nav-override.js'	0ms	
powershell.exe Information: 0 : 2018-10-24 22:40:50.9454	[OfficeDevPnP.Core]	[0]	[Information]	File left-nav-override.css retrieved from folder 	0ms	
powershell.exe Information: 0 : 2018-10-24 22:40:50.9463	[Files]	[14]	[Debug]	Uploading file left-nav-override.css	14007ms	383a01da-594f-49e9-b078-6acca075070e
powershell.exe Information: 0 : 2018-10-24 22:40:50.9463	[OfficeDevPnP.Core]	[0]	[Debug]	Creating file info with Url 'left-nav-override.css'	0ms	
powershell.exe Information: 0 : 2018-10-24 22:40:51.5351	[OfficeDevPnP.Core]	[0]	[Debug]	Checking in file 'left-nav-override.css'	0ms	
powershell.exe Information: 0 : 2018-10-24 22:40:51.7217	[OfficeDevPnP.Core]	[0]	[Debug]	Publishing file 'left-nav-override.css'	0ms	
powershell.exe Information: 0 : 2018-10-24 22:40:52.3185	[OfficeDevPnP.Core]	[0]	[Information]	File Custom-Script-Action.js retrieved from folder 	0ms	
powershell.exe Information: 0 : 2018-10-24 22:40:52.3185	[Files]	[14]	[Debug]	Uploading file Custom-Script-Action.js	15380ms	383a01da-594f-49e9-b078-6acca075070e
powershell.exe Information: 0 : 2018-10-24 22:40:52.3195	[OfficeDevPnP.Core]	[0]	[Debug]	Creating file info with Url 'Custom-Script-Action.js'	0ms	
powershell.exe Information: 0 : 2018-10-24 22:40:52.9924	[OfficeDevPnP.Core]	[0]	[Debug]	Checking in file 'Custom-Script-Action.js'	0ms	
powershell.exe Information: 0 : 2018-10-24 22:40:53.1812	[OfficeDevPnP.Core]	[0]	[Debug]	Publishing file 'Custom-Script-Action.js'	0ms	
powershell.exe Information: 0 : 2018-10-24 22:40:53.3529	[Files]	[14]	[Debug]	Code execution scope ended	16413ms	383a01da-594f-49e9-b078-6acca075070e
powershell.exe Information: 0 : 2018-10-24 22:40:53.3920	[Tenant Settings]	[14]	[Debug]	Code execution scope started	0ms	383a01da-594f-49e9-b078-6acca075070e
powershell.exe Information: 0 : 2018-10-24 22:40:53.3930	[Tenant Settings]	[14]	[Debug]	Code execution scope ended	0ms	383a01da-594f-49e9-b078-6acca075070e
powershell.exe Information: 0 : 2018-10-24 22:40:53.4089	[Application Lifecycle Management]	[14]	[Debug]	Code execution scope started	0ms	383a01da-594f-49e9-b078-6acca075070e
powershell.exe Information: 0 : 2018-10-24 22:40:53.4089	[Application Lifecycle Management]	[14]	[Debug]	Code execution scope ended	0ms	383a01da-594f-49e9-b078-6acca075070e
powershell.exe Information: 0 : 2018-10-24 22:40:53.4310	[Custom Actions]	[14]	[Debug]	Code execution scope started	0ms	383a01da-594f-49e9-b078-6acca075070e
powershell.exe Information: 0 : 2018-10-24 22:40:53.6027	[Custom Actions]	[14]	[Debug]	Adding custom action 'QL_Dropdown' to scope Site	171ms	383a01da-594f-49e9-b078-6acca075070e
powershell.exe Information: 0 : 2018-10-24 22:40:53.9383	[Custom Actions]	[14]	[Debug]	Code execution scope ended	507ms	383a01da-594f-49e9-b078-6acca075070e
powershell.exe Information: 0 : 2018-10-24 22:40:53.9383	[Persist Template Info]	[14]	[Debug]	Code execution scope started	0ms	383a01da-594f-49e9-b078-6acca075070e
powershell.exe Information: 0 : 2018-10-24 22:40:54.7102	[Persist Template Info]	[14]	[Debug]	Code execution scope ended	771ms	383a01da-594f-49e9-b078-6acca075070e
powershell.exe Information: 0 : 2018-10-24 22:40:54.7102	[Provisioning]	[14]	[Debug]	Code execution scope ended	24743ms	383a01da-594f-49e9-b078-6acca075070e
