powershell.exe Information: 0 : 2018-10-24 21:13:49.2684	[OfficeDevPnP.Core]	[0]	[Information]	File Custom.QuickLaunch.Template.xml retrieved from folder 	0ms	
powershell.exe Information: 0 : 2018-10-24 21:13:49.2694	[OfficeDevPnP.Core]	[0]	[Information]	File Custom.QuickLaunch.Template.xml retrieved from folder 	0ms	
powershell.exe Information: 0 : 2018-10-24 21:13:49.2914	[Provisioning]	[14]	[Debug]	Code execution scope started	0ms	b0aada78-312f-4b49-9288-fcf9715d7045
powershell.exe Information: 0 : 2018-10-24 21:13:49.2924	[Provisioning]	[14]	[Information]	ProgressDelegate registered	0ms	b0aada78-312f-4b49-9288-fcf9715d7045
powershell.exe Information: 0 : 2018-10-24 21:13:49.2924	[Provisioning]	[14]	[Information]	MessagesDelegate registered	0ms	b0aada78-312f-4b49-9288-fcf9715d7045
powershell.exe Information: 0 : 2018-10-24 21:13:56.4228	[Extensibility Providers]	[14]	[Debug]	Code execution scope started	0ms	b0aada78-312f-4b49-9288-fcf9715d7045
powershell.exe Information: 0 : 2018-10-24 21:13:56.4228	[Extensibility Providers]	[14]	[Debug]	Code execution scope ended	0ms	b0aada78-312f-4b49-9288-fcf9715d7045
powershell.exe Information: 0 : 2018-10-24 21:13:56.5532	[Files]	[14]	[Debug]	Code execution scope started	0ms	b0aada78-312f-4b49-9288-fcf9715d7045
powershell.exe Information: 0 : 2018-10-24 21:14:08.8309	[OfficeDevPnP.Core]	[0]	[Information]	Creating folder 'QuickLaunch' under List '/sites/brandme/Style Library'.	0ms	
powershell.exe Information: 0 : 2018-10-24 21:14:09.3958	[OfficeDevPnP.Core]	[0]	[Information]	File left-nav-override.js retrieved from folder 	0ms	
powershell.exe Information: 0 : 2018-10-24 21:14:09.3958	[Files]	[14]	[Debug]	Uploading file left-nav-override.js	12842ms	b0aada78-312f-4b49-9288-fcf9715d7045
powershell.exe Information: 0 : 2018-10-24 21:14:09.3958	[OfficeDevPnP.Core]	[0]	[Debug]	Creating file info with Url 'left-nav-override.js'	0ms	
powershell.exe Information: 0 : 2018-10-24 21:14:10.0919	[OfficeDevPnP.Core]	[0]	[Debug]	Checking in file 'left-nav-override.js'	0ms	
powershell.exe Information: 0 : 2018-10-24 21:14:10.3018	[OfficeDevPnP.Core]	[0]	[Debug]	Publishing file 'left-nav-override.js'	0ms	
powershell.exe Information: 0 : 2018-10-24 21:14:10.9371	[OfficeDevPnP.Core]	[0]	[Information]	File left-nav-override.css retrieved from folder 	0ms	
powershell.exe Information: 0 : 2018-10-24 21:14:10.9371	[Files]	[14]	[Debug]	Uploading file left-nav-override.css	14384ms	b0aada78-312f-4b49-9288-fcf9715d7045
powershell.exe Information: 0 : 2018-10-24 21:14:10.9381	[OfficeDevPnP.Core]	[0]	[Debug]	Creating file info with Url 'left-nav-override.css'	0ms	
powershell.exe Information: 0 : 2018-10-24 21:14:11.6005	[OfficeDevPnP.Core]	[0]	[Debug]	Checking in file 'left-nav-override.css'	0ms	
powershell.exe Information: 0 : 2018-10-24 21:14:11.8166	[OfficeDevPnP.Core]	[0]	[Debug]	Publishing file 'left-nav-override.css'	0ms	
powershell.exe Information: 0 : 2018-10-24 21:14:12.4447	[OfficeDevPnP.Core]	[0]	[Information]	File Custom-Script-Action.js retrieved from folder 	0ms	
powershell.exe Information: 0 : 2018-10-24 21:14:12.4452	[Files]	[14]	[Debug]	Uploading file Custom-Script-Action.js	15891ms	b0aada78-312f-4b49-9288-fcf9715d7045
powershell.exe Information: 0 : 2018-10-24 21:14:12.4452	[OfficeDevPnP.Core]	[0]	[Debug]	Creating file info with Url 'Custom-Script-Action.js'	0ms	
powershell.exe Information: 0 : 2018-10-24 21:14:13.1397	[OfficeDevPnP.Core]	[0]	[Debug]	Checking in file 'Custom-Script-Action.js'	0ms	
powershell.exe Information: 0 : 2018-10-24 21:14:13.3358	[OfficeDevPnP.Core]	[0]	[Debug]	Publishing file 'Custom-Script-Action.js'	0ms	
powershell.exe Information: 0 : 2018-10-24 21:14:13.4998	[Files]	[14]	[Debug]	Code execution scope ended	16946ms	b0aada78-312f-4b49-9288-fcf9715d7045
powershell.exe Information: 0 : 2018-10-24 21:14:13.5488	[Tenant Settings]	[14]	[Debug]	Code execution scope started	0ms	b0aada78-312f-4b49-9288-fcf9715d7045
powershell.exe Information: 0 : 2018-10-24 21:14:13.5498	[Tenant Settings]	[14]	[Debug]	Code execution scope ended	0ms	b0aada78-312f-4b49-9288-fcf9715d7045
powershell.exe Information: 0 : 2018-10-24 21:14:13.5728	[Application Lifecycle Management]	[14]	[Debug]	Code execution scope started	0ms	b0aada78-312f-4b49-9288-fcf9715d7045
powershell.exe Information: 0 : 2018-10-24 21:14:13.5738	[Application Lifecycle Management]	[14]	[Debug]	Code execution scope ended	0ms	b0aada78-312f-4b49-9288-fcf9715d7045
powershell.exe Information: 0 : 2018-10-24 21:14:13.5958	[Custom Actions]	[14]	[Debug]	Code execution scope started	0ms	b0aada78-312f-4b49-9288-fcf9715d7045
powershell.exe Information: 0 : 2018-10-24 21:14:13.7283	[Custom Actions]	[14]	[Debug]	Adding custom action 'QL_Dropdown' to scope Site	132ms	b0aada78-312f-4b49-9288-fcf9715d7045
powershell.exe Information: 0 : 2018-10-24 21:14:14.0786	[Custom Actions]	[14]	[Debug]	Code execution scope ended	483ms	b0aada78-312f-4b49-9288-fcf9715d7045
powershell.exe Information: 0 : 2018-10-24 21:14:14.0796	[Persist Template Info]	[14]	[Debug]	Code execution scope started	0ms	b0aada78-312f-4b49-9288-fcf9715d7045
powershell.exe Information: 0 : 2018-10-24 21:14:15.0186	[Persist Template Info]	[14]	[Debug]	Code execution scope ended	939ms	b0aada78-312f-4b49-9288-fcf9715d7045
powershell.exe Information: 0 : 2018-10-24 21:14:15.0196	[Provisioning]	[14]	[Debug]	Code execution scope ended	25727ms	b0aada78-312f-4b49-9288-fcf9715d7045
