powershell.exe Information: 0 : 2018-10-25 02:58:02.9342	[OfficeDevPnP.Core]	[0]	[Information]	File Custom.QuickLaunch.Template.xml retrieved from folder 	0ms	
powershell.exe Information: 0 : 2018-10-25 02:58:02.9362	[OfficeDevPnP.Core]	[0]	[Information]	File Custom.QuickLaunch.Template.xml retrieved from folder 	0ms	
powershell.exe Information: 0 : 2018-10-25 02:58:02.9772	[Provisioning]	[14]	[Debug]	Code execution scope started	0ms	745d59f1-f007-4c0a-81e6-4c50522543bc
powershell.exe Information: 0 : 2018-10-25 02:58:02.9772	[Provisioning]	[14]	[Information]	ProgressDelegate registered	0ms	745d59f1-f007-4c0a-81e6-4c50522543bc
powershell.exe Information: 0 : 2018-10-25 02:58:02.9812	[Provisioning]	[14]	[Information]	MessagesDelegate registered	3ms	745d59f1-f007-4c0a-81e6-4c50522543bc
powershell.exe Information: 0 : 2018-10-25 02:58:09.1130	[Extensibility Providers]	[14]	[Debug]	Code execution scope started	0ms	745d59f1-f007-4c0a-81e6-4c50522543bc
powershell.exe Information: 0 : 2018-10-25 02:58:09.1140	[Extensibility Providers]	[14]	[Debug]	Code execution scope ended	0ms	745d59f1-f007-4c0a-81e6-4c50522543bc
powershell.exe Information: 0 : 2018-10-25 02:58:09.2550	[Files]	[14]	[Debug]	Code execution scope started	0ms	745d59f1-f007-4c0a-81e6-4c50522543bc
powershell.exe Information: 0 : 2018-10-25 02:58:22.7175	[OfficeDevPnP.Core]	[0]	[Information]	Creating folder 'QuickLaunch' under List '/sites/brandme/Style Library'.	0ms	
powershell.exe Information: 0 : 2018-10-25 02:58:23.4095	[OfficeDevPnP.Core]	[0]	[Information]	File left-nav-override.js retrieved from folder 	0ms	
powershell.exe Information: 0 : 2018-10-25 02:58:23.4095	[Files]	[14]	[Debug]	Uploading file left-nav-override.js	14153ms	745d59f1-f007-4c0a-81e6-4c50522543bc
powershell.exe Information: 0 : 2018-10-25 02:58:23.4095	[OfficeDevPnP.Core]	[0]	[Debug]	Creating file info with Url 'left-nav-override.js'	0ms	
powershell.exe Information: 0 : 2018-10-25 02:58:23.9804	[OfficeDevPnP.Core]	[0]	[Debug]	Checking in file 'left-nav-override.js'	0ms	
powershell.exe Information: 0 : 2018-10-25 02:58:24.1666	[OfficeDevPnP.Core]	[0]	[Debug]	Publishing file 'left-nav-override.js'	0ms	
powershell.exe Information: 0 : 2018-10-25 02:58:24.8120	[OfficeDevPnP.Core]	[0]	[Information]	File left-nav-override.css retrieved from folder 	0ms	
powershell.exe Information: 0 : 2018-10-25 02:58:24.8120	[Files]	[14]	[Debug]	Uploading file left-nav-override.css	15556ms	745d59f1-f007-4c0a-81e6-4c50522543bc
powershell.exe Information: 0 : 2018-10-25 02:58:24.8130	[OfficeDevPnP.Core]	[0]	[Debug]	Creating file info with Url 'left-nav-override.css'	0ms	
powershell.exe Information: 0 : 2018-10-25 02:58:25.4671	[OfficeDevPnP.Core]	[0]	[Debug]	Checking in file 'left-nav-override.css'	0ms	
powershell.exe Information: 0 : 2018-10-25 02:58:25.6461	[OfficeDevPnP.Core]	[0]	[Debug]	Publishing file 'left-nav-override.css'	0ms	
powershell.exe Information: 0 : 2018-10-25 02:58:26.2977	[OfficeDevPnP.Core]	[0]	[Information]	File Custom-Script-Action.js retrieved from folder 	0ms	
powershell.exe Information: 0 : 2018-10-25 02:58:26.2977	[Files]	[14]	[Debug]	Uploading file Custom-Script-Action.js	17041ms	745d59f1-f007-4c0a-81e6-4c50522543bc
powershell.exe Information: 0 : 2018-10-25 02:58:26.2977	[OfficeDevPnP.Core]	[0]	[Debug]	Creating file info with Url 'Custom-Script-Action.js'	0ms	
powershell.exe Information: 0 : 2018-10-25 02:58:26.9861	[OfficeDevPnP.Core]	[0]	[Debug]	Checking in file 'Custom-Script-Action.js'	0ms	
powershell.exe Information: 0 : 2018-10-25 02:58:27.2351	[OfficeDevPnP.Core]	[0]	[Debug]	Publishing file 'Custom-Script-Action.js'	0ms	
powershell.exe Information: 0 : 2018-10-25 02:58:27.8231	[Files]	[14]	[Debug]	Uploading and overwriting existing file connectslogo(78px).png	18567ms	745d59f1-f007-4c0a-81e6-4c50522543bc
powershell.exe Information: 0 : 2018-10-25 02:58:27.9851	[OfficeDevPnP.Core]	[0]	[Information]	File connectslogo(78px).png retrieved from folder 	0ms	
powershell.exe Information: 0 : 2018-10-25 02:58:27.9851	[OfficeDevPnP.Core]	[0]	[Debug]	Creating file info with Url 'connectslogo(78px).png'	0ms	
powershell.exe Information: 0 : 2018-10-25 02:58:28.6589	[OfficeDevPnP.Core]	[0]	[Debug]	Checking in file 'connectslogo(78px).png'	0ms	
powershell.exe Information: 0 : 2018-10-25 02:58:28.8739	[OfficeDevPnP.Core]	[0]	[Debug]	Publishing file 'connectslogo(78px).png'	0ms	
powershell.exe Information: 0 : 2018-10-25 02:58:29.4981	[Files]	[14]	[Debug]	Uploading and overwriting existing file Waypoint-Logo_color.png	20241ms	745d59f1-f007-4c0a-81e6-4c50522543bc
powershell.exe Information: 0 : 2018-10-25 02:58:29.6412	[OfficeDevPnP.Core]	[0]	[Information]	File Waypoint-Logo_color.png retrieved from folder 	0ms	
powershell.exe Information: 0 : 2018-10-25 02:58:29.6412	[OfficeDevPnP.Core]	[0]	[Debug]	Creating file info with Url 'Waypoint-Logo_color.png'	0ms	
powershell.exe Information: 0 : 2018-10-25 02:58:30.2037	[OfficeDevPnP.Core]	[0]	[Debug]	Checking in file 'Waypoint-Logo_color.png'	0ms	
powershell.exe Information: 0 : 2018-10-25 02:58:30.3877	[OfficeDevPnP.Core]	[0]	[Debug]	Publishing file 'Waypoint-Logo_color.png'	0ms	
powershell.exe Information: 0 : 2018-10-25 02:58:30.5607	[Files]	[14]	[Debug]	Code execution scope ended	21304ms	745d59f1-f007-4c0a-81e6-4c50522543bc
powershell.exe Information: 0 : 2018-10-25 02:58:30.6007	[Tenant Settings]	[14]	[Debug]	Code execution scope started	0ms	745d59f1-f007-4c0a-81e6-4c50522543bc
powershell.exe Information: 0 : 2018-10-25 02:58:30.6007	[Tenant Settings]	[14]	[Debug]	Code execution scope ended	0ms	745d59f1-f007-4c0a-81e6-4c50522543bc
powershell.exe Information: 0 : 2018-10-25 02:58:30.6207	[Application Lifecycle Management]	[14]	[Debug]	Code execution scope started	0ms	745d59f1-f007-4c0a-81e6-4c50522543bc
powershell.exe Information: 0 : 2018-10-25 02:58:30.6207	[Application Lifecycle Management]	[14]	[Debug]	Code execution scope ended	0ms	745d59f1-f007-4c0a-81e6-4c50522543bc
powershell.exe Information: 0 : 2018-10-25 02:58:30.6376	[Custom Actions]	[14]	[Debug]	Code execution scope started	0ms	745d59f1-f007-4c0a-81e6-4c50522543bc
powershell.exe Information: 0 : 2018-10-25 02:58:30.7530	[Custom Actions]	[14]	[Debug]	Adding custom action 'QL_Dropdown' to scope Site	115ms	745d59f1-f007-4c0a-81e6-4c50522543bc
powershell.exe Information: 0 : 2018-10-25 02:58:31.0606	[Custom Actions]	[14]	[Debug]	Code execution scope ended	422ms	745d59f1-f007-4c0a-81e6-4c50522543bc
powershell.exe Information: 0 : 2018-10-25 02:58:31.0616	[Persist Template Info]	[14]	[Debug]	Code execution scope started	0ms	745d59f1-f007-4c0a-81e6-4c50522543bc
powershell.exe Information: 0 : 2018-10-25 02:58:31.7762	[Persist Template Info]	[14]	[Debug]	Code execution scope ended	715ms	745d59f1-f007-4c0a-81e6-4c50522543bc
powershell.exe Information: 0 : 2018-10-25 02:58:31.7762	[Provisioning]	[14]	[Debug]	Code execution scope ended	28798ms	745d59f1-f007-4c0a-81e6-4c50522543bc
