powershell.exe Information: 0 : 2018-10-17 23:42:36.6262	[OfficeDevPnP.Core]	[0]	[Information]	File Custom.QuickLaunch.Template.xml retrieved from folder 	0ms	
powershell.exe Information: 0 : 2018-10-17 23:42:36.6322	[OfficeDevPnP.Core]	[0]	[Information]	File Custom.QuickLaunch.Template.xml retrieved from folder 	0ms	
powershell.exe Information: 0 : 2018-10-17 23:42:36.6552	[Provisioning]	[14]	[Debug]	Code execution scope started	0ms	0cd6bffa-adb1-4082-93e1-877008364b6b
powershell.exe Information: 0 : 2018-10-17 23:42:36.6552	[Provisioning]	[14]	[Information]	ProgressDelegate registered	0ms	0cd6bffa-adb1-4082-93e1-877008364b6b
powershell.exe Information: 0 : 2018-10-17 23:42:36.6562	[Provisioning]	[14]	[Information]	MessagesDelegate registered	1ms	0cd6bffa-adb1-4082-93e1-877008364b6b
powershell.exe Information: 0 : 2018-10-17 23:42:43.2016	[Extensibility Providers]	[14]	[Debug]	Code execution scope started	0ms	0cd6bffa-adb1-4082-93e1-877008364b6b
powershell.exe Information: 0 : 2018-10-17 23:42:43.2021	[Extensibility Providers]	[14]	[Debug]	Code execution scope ended	0ms	0cd6bffa-adb1-4082-93e1-877008364b6b
powershell.exe Information: 0 : 2018-10-17 23:42:43.3519	[Files]	[14]	[Debug]	Code execution scope started	0ms	0cd6bffa-adb1-4082-93e1-877008364b6b
powershell.exe Information: 0 : 2018-10-17 23:42:43.7035	[OfficeDevPnP.Core]	[0]	[Information]	Creating folder 'QuickLaunch' under List '/sites/brandme/Style Library'.	0ms	
powershell.exe Information: 0 : 2018-10-17 23:42:44.2907	[OfficeDevPnP.Core]	[0]	[Information]	File left-nav-override.js retrieved from folder 	0ms	
powershell.exe Information: 0 : 2018-10-17 23:42:44.2917	[Files]	[14]	[Debug]	Uploading file left-nav-override.js	939ms	0cd6bffa-adb1-4082-93e1-877008364b6b
powershell.exe Information: 0 : 2018-10-17 23:42:44.2917	[OfficeDevPnP.Core]	[0]	[Debug]	Creating file info with Url 'left-nav-override.js'	0ms	
powershell.exe Information: 0 : 2018-10-17 23:42:45.0023	[OfficeDevPnP.Core]	[0]	[Debug]	Checking in file 'left-nav-override.js'	0ms	
powershell.exe Information: 0 : 2018-10-17 23:42:45.2396	[OfficeDevPnP.Core]	[0]	[Debug]	Publishing file 'left-nav-override.js'	0ms	
powershell.exe Information: 0 : 2018-10-17 23:42:58.0412	[Files]	[14]	[Debug]	Uploading and overwriting existing file Custom-Script-Action.js	14689ms	0cd6bffa-adb1-4082-93e1-877008364b6b
powershell.exe Information: 0 : 2018-10-17 23:42:58.1687	[OfficeDevPnP.Core]	[0]	[Information]	File Custom-Script-Action.js retrieved from folder 	0ms	
powershell.exe Information: 0 : 2018-10-17 23:42:58.1698	[OfficeDevPnP.Core]	[0]	[Debug]	Creating file info with Url 'Custom-Script-Action.js'	0ms	
powershell.exe Information: 0 : 2018-10-17 23:42:58.5369	[Files]	[14]	[Debug]	Code execution scope ended	15185ms	0cd6bffa-adb1-4082-93e1-877008364b6b
powershell.exe Information: 0 : 2018-10-17 23:42:58.5869	[Tenant Settings]	[14]	[Debug]	Code execution scope started	0ms	0cd6bffa-adb1-4082-93e1-877008364b6b
powershell.exe Information: 0 : 2018-10-17 23:42:58.5874	[Tenant Settings]	[14]	[Debug]	Code execution scope ended	0ms	0cd6bffa-adb1-4082-93e1-877008364b6b
powershell.exe Information: 0 : 2018-10-17 23:42:58.6085	[Application Lifecycle Management]	[14]	[Debug]	Code execution scope started	0ms	0cd6bffa-adb1-4082-93e1-877008364b6b
powershell.exe Information: 0 : 2018-10-17 23:42:58.6085	[Application Lifecycle Management]	[14]	[Debug]	Code execution scope ended	0ms	0cd6bffa-adb1-4082-93e1-877008364b6b
powershell.exe Information: 0 : 2018-10-17 23:42:58.6314	[Custom Actions]	[14]	[Debug]	Code execution scope started	0ms	0cd6bffa-adb1-4082-93e1-877008364b6b
powershell.exe Information: 0 : 2018-10-17 23:42:58.8036	[Custom Actions]	[14]	[Debug]	Adding custom action 'QL_Dropdown' to scope Site	172ms	0cd6bffa-adb1-4082-93e1-877008364b6b
powershell.exe Information: 0 : 2018-10-17 23:42:59.1264	[Custom Actions]	[14]	[Debug]	Code execution scope ended	494ms	0cd6bffa-adb1-4082-93e1-877008364b6b
powershell.exe Information: 0 : 2018-10-17 23:42:59.1269	[Persist Template Info]	[14]	[Debug]	Code execution scope started	0ms	0cd6bffa-adb1-4082-93e1-877008364b6b
powershell.exe Information: 0 : 2018-10-17 23:42:59.8942	[Persist Template Info]	[14]	[Debug]	Code execution scope ended	768ms	0cd6bffa-adb1-4082-93e1-877008364b6b
powershell.exe Information: 0 : 2018-10-17 23:42:59.8952	[Provisioning]	[14]	[Debug]	Code execution scope ended	23239ms	0cd6bffa-adb1-4082-93e1-877008364b6b
