powershell.exe Information: 0 : 2018-10-25 02:30:42.8599	[OfficeDevPnP.Core]	[0]	[Information]	File Custom.QuickLaunch.Template.xml retrieved from folder 	0ms	
powershell.exe Information: 0 : 2018-10-25 02:30:42.8624	[OfficeDevPnP.Core]	[0]	[Information]	File Custom.QuickLaunch.Template.xml retrieved from folder 	0ms	
powershell.exe Information: 0 : 2018-10-25 02:30:42.8804	[Provisioning]	[14]	[Debug]	Code execution scope started	0ms	4434229d-06ed-4121-ab10-8e9872386f7e
powershell.exe Information: 0 : 2018-10-25 02:30:42.8804	[Provisioning]	[14]	[Information]	ProgressDelegate registered	0ms	4434229d-06ed-4121-ab10-8e9872386f7e
powershell.exe Information: 0 : 2018-10-25 02:30:42.8804	[Provisioning]	[14]	[Information]	MessagesDelegate registered	0ms	4434229d-06ed-4121-ab10-8e9872386f7e
powershell.exe Information: 0 : 2018-10-25 02:30:50.3591	[Extensibility Providers]	[14]	[Debug]	Code execution scope started	0ms	4434229d-06ed-4121-ab10-8e9872386f7e
powershell.exe Information: 0 : 2018-10-25 02:30:50.3591	[Extensibility Providers]	[14]	[Debug]	Code execution scope ended	0ms	4434229d-06ed-4121-ab10-8e9872386f7e
powershell.exe Information: 0 : 2018-10-25 02:30:50.5021	[Files]	[14]	[Debug]	Code execution scope started	0ms	4434229d-06ed-4121-ab10-8e9872386f7e
powershell.exe Information: 0 : 2018-10-25 02:31:02.4211	[OfficeDevPnP.Core]	[0]	[Information]	Creating folder 'QuickLaunch' under List '/sites/brandme/Style Library'.	0ms	
powershell.exe Information: 0 : 2018-10-25 02:31:03.0870	[OfficeDevPnP.Core]	[0]	[Information]	File left-nav-override.js retrieved from folder 	0ms	
powershell.exe Information: 0 : 2018-10-25 02:31:03.0870	[Files]	[14]	[Debug]	Uploading file left-nav-override.js	12585ms	4434229d-06ed-4121-ab10-8e9872386f7e
powershell.exe Information: 0 : 2018-10-25 02:31:03.0880	[OfficeDevPnP.Core]	[0]	[Debug]	Creating file info with Url 'left-nav-override.js'	0ms	
powershell.exe Information: 0 : 2018-10-25 02:31:04.0126	[OfficeDevPnP.Core]	[0]	[Debug]	Checking in file 'left-nav-override.js'	0ms	
powershell.exe Information: 0 : 2018-10-25 02:31:04.2845	[OfficeDevPnP.Core]	[0]	[Debug]	Publishing file 'left-nav-override.js'	0ms	
powershell.exe Information: 0 : 2018-10-25 02:31:05.0623	[OfficeDevPnP.Core]	[0]	[Information]	File left-nav-override.css retrieved from folder 	0ms	
powershell.exe Information: 0 : 2018-10-25 02:31:05.0623	[Files]	[14]	[Debug]	Uploading file left-nav-override.css	14559ms	4434229d-06ed-4121-ab10-8e9872386f7e
powershell.exe Information: 0 : 2018-10-25 02:31:05.0623	[OfficeDevPnP.Core]	[0]	[Debug]	Creating file info with Url 'left-nav-override.css'	0ms	
powershell.exe Information: 0 : 2018-10-25 02:31:05.8285	[OfficeDevPnP.Core]	[0]	[Debug]	Checking in file 'left-nav-override.css'	0ms	
powershell.exe Information: 0 : 2018-10-25 02:31:06.0325	[OfficeDevPnP.Core]	[0]	[Debug]	Publishing file 'left-nav-override.css'	0ms	
powershell.exe Information: 0 : 2018-10-25 02:31:06.7015	[OfficeDevPnP.Core]	[0]	[Information]	File Custom-Script-Action.js retrieved from folder 	0ms	
powershell.exe Information: 0 : 2018-10-25 02:31:06.7025	[Files]	[14]	[Debug]	Uploading file Custom-Script-Action.js	16200ms	4434229d-06ed-4121-ab10-8e9872386f7e
powershell.exe Information: 0 : 2018-10-25 02:31:06.7025	[OfficeDevPnP.Core]	[0]	[Debug]	Creating file info with Url 'Custom-Script-Action.js'	0ms	
powershell.exe Information: 0 : 2018-10-25 02:31:07.3975	[OfficeDevPnP.Core]	[0]	[Debug]	Checking in file 'Custom-Script-Action.js'	0ms	
powershell.exe Information: 0 : 2018-10-25 02:31:07.6535	[OfficeDevPnP.Core]	[0]	[Debug]	Publishing file 'Custom-Script-Action.js'	0ms	
powershell.exe Information: 0 : 2018-10-25 02:31:08.3753	[Files]	[14]	[Debug]	Uploading and overwriting existing file connectslogo(78px).png	17872ms	4434229d-06ed-4121-ab10-8e9872386f7e
powershell.exe Information: 0 : 2018-10-25 02:31:08.5153	[OfficeDevPnP.Core]	[0]	[Information]	File connectslogo(78px).png retrieved from folder 	0ms	
powershell.exe Information: 0 : 2018-10-25 02:31:08.5158	[OfficeDevPnP.Core]	[0]	[Debug]	Creating file info with Url 'connectslogo(78px).png'	0ms	
powershell.exe Information: 0 : 2018-10-25 02:31:09.1114	[OfficeDevPnP.Core]	[0]	[Debug]	Checking in file 'connectslogo(78px).png'	0ms	
powershell.exe Information: 0 : 2018-10-25 02:31:09.3174	[OfficeDevPnP.Core]	[0]	[Debug]	Publishing file 'connectslogo(78px).png'	0ms	
powershell.exe Information: 0 : 2018-10-25 02:31:10.0997	[Files]	[14]	[Debug]	Uploading and overwriting existing file Waypoint-Logo_color.png	19597ms	4434229d-06ed-4121-ab10-8e9872386f7e
powershell.exe Information: 0 : 2018-10-25 02:31:10.2464	[OfficeDevPnP.Core]	[0]	[Information]	File Waypoint-Logo_color.png retrieved from folder 	0ms	
powershell.exe Information: 0 : 2018-10-25 02:31:10.2474	[OfficeDevPnP.Core]	[0]	[Debug]	Creating file info with Url 'Waypoint-Logo_color.png'	0ms	
powershell.exe Information: 0 : 2018-10-25 02:31:10.8968	[OfficeDevPnP.Core]	[0]	[Debug]	Checking in file 'Waypoint-Logo_color.png'	0ms	
powershell.exe Information: 0 : 2018-10-25 02:31:11.1598	[OfficeDevPnP.Core]	[0]	[Debug]	Publishing file 'Waypoint-Logo_color.png'	0ms	
powershell.exe Information: 0 : 2018-10-25 02:31:11.4408	[Files]	[14]	[Debug]	Code execution scope ended	20938ms	4434229d-06ed-4121-ab10-8e9872386f7e
powershell.exe Information: 0 : 2018-10-25 02:31:11.4868	[Tenant Settings]	[14]	[Debug]	Code execution scope started	0ms	4434229d-06ed-4121-ab10-8e9872386f7e
powershell.exe Information: 0 : 2018-10-25 02:31:11.4878	[Tenant Settings]	[14]	[Debug]	Code execution scope ended	0ms	4434229d-06ed-4121-ab10-8e9872386f7e
powershell.exe Information: 0 : 2018-10-25 02:31:11.5069	[Application Lifecycle Management]	[14]	[Debug]	Code execution scope started	0ms	4434229d-06ed-4121-ab10-8e9872386f7e
powershell.exe Information: 0 : 2018-10-25 02:31:11.5069	[Application Lifecycle Management]	[14]	[Debug]	Code execution scope ended	0ms	4434229d-06ed-4121-ab10-8e9872386f7e
powershell.exe Information: 0 : 2018-10-25 02:31:11.5288	[Custom Actions]	[14]	[Debug]	Code execution scope started	0ms	4434229d-06ed-4121-ab10-8e9872386f7e
powershell.exe Information: 0 : 2018-10-25 02:31:11.6879	[Custom Actions]	[14]	[Debug]	Adding custom action 'QL_Dropdown' to scope Site	159ms	4434229d-06ed-4121-ab10-8e9872386f7e
powershell.exe Information: 0 : 2018-10-25 02:31:11.9931	[Custom Actions]	[14]	[Debug]	Code execution scope ended	465ms	4434229d-06ed-4121-ab10-8e9872386f7e
powershell.exe Information: 0 : 2018-10-25 02:31:11.9941	[Persist Template Info]	[14]	[Debug]	Code execution scope started	0ms	4434229d-06ed-4121-ab10-8e9872386f7e
powershell.exe Information: 0 : 2018-10-25 02:31:12.6981	[Persist Template Info]	[14]	[Debug]	Code execution scope ended	704ms	4434229d-06ed-4121-ab10-8e9872386f7e
powershell.exe Information: 0 : 2018-10-25 02:31:12.6991	[Provisioning]	[14]	[Debug]	Code execution scope ended	29818ms	4434229d-06ed-4121-ab10-8e9872386f7e
