powershell.exe Information: 0 : 2018-10-25 01:55:32.6659	[OfficeDevPnP.Core]	[0]	[Information]	File Custom.QuickLaunch.Template.xml retrieved from folder 	0ms	
powershell.exe Information: 0 : 2018-10-25 01:55:32.6689	[OfficeDevPnP.Core]	[0]	[Information]	File Custom.QuickLaunch.Template.xml retrieved from folder 	0ms	
powershell.exe Information: 0 : 2018-10-25 01:55:32.7049	[Provisioning]	[14]	[Debug]	Code execution scope started	0ms	9ae9c9b9-21c8-4308-8bbe-88a2cf04f37c
powershell.exe Information: 0 : 2018-10-25 01:55:32.7069	[Provisioning]	[14]	[Information]	ProgressDelegate registered	1ms	9ae9c9b9-21c8-4308-8bbe-88a2cf04f37c
powershell.exe Information: 0 : 2018-10-25 01:55:32.7079	[Provisioning]	[14]	[Information]	MessagesDelegate registered	3ms	9ae9c9b9-21c8-4308-8bbe-88a2cf04f37c
powershell.exe Information: 0 : 2018-10-25 01:55:39.1844	[Extensibility Providers]	[14]	[Debug]	Code execution scope started	0ms	9ae9c9b9-21c8-4308-8bbe-88a2cf04f37c
powershell.exe Information: 0 : 2018-10-25 01:55:39.1849	[Extensibility Providers]	[14]	[Debug]	Code execution scope ended	0ms	9ae9c9b9-21c8-4308-8bbe-88a2cf04f37c
powershell.exe Information: 0 : 2018-10-25 01:55:39.3090	[Files]	[14]	[Debug]	Code execution scope started	0ms	9ae9c9b9-21c8-4308-8bbe-88a2cf04f37c
powershell.exe Information: 0 : 2018-10-25 01:55:52.3724	[OfficeDevPnP.Core]	[0]	[Information]	Creating folder 'QuickLaunch' under List '/sites/brandme/Style Library'.	0ms	
powershell.exe Information: 0 : 2018-10-25 01:55:53.0908	[OfficeDevPnP.Core]	[0]	[Information]	File left-nav-override.js retrieved from folder 	0ms	
powershell.exe Information: 0 : 2018-10-25 01:55:53.0908	[Files]	[14]	[Debug]	Uploading file left-nav-override.js	13782ms	9ae9c9b9-21c8-4308-8bbe-88a2cf04f37c
powershell.exe Information: 0 : 2018-10-25 01:55:53.0918	[OfficeDevPnP.Core]	[0]	[Debug]	Creating file info with Url 'left-nav-override.js'	0ms	
powershell.exe Information: 0 : 2018-10-25 01:55:53.9046	[OfficeDevPnP.Core]	[0]	[Debug]	Checking in file 'left-nav-override.js'	0ms	
powershell.exe Information: 0 : 2018-10-25 01:55:54.1312	[OfficeDevPnP.Core]	[0]	[Debug]	Publishing file 'left-nav-override.js'	0ms	
powershell.exe Information: 0 : 2018-10-25 01:55:54.9308	[OfficeDevPnP.Core]	[0]	[Information]	File left-nav-override.css retrieved from folder 	0ms	
powershell.exe Information: 0 : 2018-10-25 01:55:54.9308	[Files]	[14]	[Debug]	Uploading file left-nav-override.css	15622ms	9ae9c9b9-21c8-4308-8bbe-88a2cf04f37c
powershell.exe Information: 0 : 2018-10-25 01:55:54.9308	[OfficeDevPnP.Core]	[0]	[Debug]	Creating file info with Url 'left-nav-override.css'	0ms	
powershell.exe Information: 0 : 2018-10-25 01:55:55.6149	[OfficeDevPnP.Core]	[0]	[Debug]	Checking in file 'left-nav-override.css'	0ms	
powershell.exe Information: 0 : 2018-10-25 01:55:55.9985	[OfficeDevPnP.Core]	[0]	[Debug]	Publishing file 'left-nav-override.css'	0ms	
powershell.exe Information: 0 : 2018-10-25 01:55:56.6693	[OfficeDevPnP.Core]	[0]	[Information]	File Custom-Script-Action.js retrieved from folder 	0ms	
powershell.exe Information: 0 : 2018-10-25 01:55:56.6703	[Files]	[14]	[Debug]	Uploading file Custom-Script-Action.js	17361ms	9ae9c9b9-21c8-4308-8bbe-88a2cf04f37c
powershell.exe Information: 0 : 2018-10-25 01:55:56.6703	[OfficeDevPnP.Core]	[0]	[Debug]	Creating file info with Url 'Custom-Script-Action.js'	0ms	
powershell.exe Information: 0 : 2018-10-25 01:55:57.4482	[OfficeDevPnP.Core]	[0]	[Debug]	Checking in file 'Custom-Script-Action.js'	0ms	
powershell.exe Information: 0 : 2018-10-25 01:55:57.7272	[OfficeDevPnP.Core]	[0]	[Debug]	Publishing file 'Custom-Script-Action.js'	0ms	
powershell.exe Information: 0 : 2018-10-25 01:55:58.4060	[Files]	[14]	[Debug]	Uploading and overwriting existing file connectslogo(78px).png	19096ms	9ae9c9b9-21c8-4308-8bbe-88a2cf04f37c
powershell.exe Information: 0 : 2018-10-25 01:55:58.5420	[OfficeDevPnP.Core]	[0]	[Information]	File connectslogo(78px).png retrieved from folder 	0ms	
powershell.exe Information: 0 : 2018-10-25 01:55:58.5430	[OfficeDevPnP.Core]	[0]	[Debug]	Creating file info with Url 'connectslogo(78px).png'	0ms	
powershell.exe Information: 0 : 2018-10-25 01:55:59.1515	[OfficeDevPnP.Core]	[0]	[Debug]	Checking in file 'connectslogo(78px).png'	0ms	
powershell.exe Information: 0 : 2018-10-25 01:55:59.3564	[OfficeDevPnP.Core]	[0]	[Debug]	Publishing file 'connectslogo(78px).png'	0ms	
powershell.exe Information: 0 : 2018-10-25 01:56:00.0353	[Files]	[14]	[Debug]	Uploading and overwriting existing file Waypoint-Logo_color.png	20727ms	9ae9c9b9-21c8-4308-8bbe-88a2cf04f37c
powershell.exe Information: 0 : 2018-10-25 01:56:00.1993	[OfficeDevPnP.Core]	[0]	[Information]	File Waypoint-Logo_color.png retrieved from folder 	0ms	
powershell.exe Information: 0 : 2018-10-25 01:56:00.1993	[OfficeDevPnP.Core]	[0]	[Debug]	Creating file info with Url 'Waypoint-Logo_color.png'	0ms	
powershell.exe Information: 0 : 2018-10-25 01:56:00.8039	[OfficeDevPnP.Core]	[0]	[Debug]	Checking in file 'Waypoint-Logo_color.png'	0ms	
powershell.exe Information: 0 : 2018-10-25 01:56:01.0795	[OfficeDevPnP.Core]	[0]	[Debug]	Publishing file 'Waypoint-Logo_color.png'	0ms	
powershell.exe Information: 0 : 2018-10-25 01:56:01.4667	[Files]	[14]	[Debug]	Code execution scope ended	22158ms	9ae9c9b9-21c8-4308-8bbe-88a2cf04f37c
powershell.exe Information: 0 : 2018-10-25 01:56:01.5068	[Tenant Settings]	[14]	[Debug]	Code execution scope started	0ms	9ae9c9b9-21c8-4308-8bbe-88a2cf04f37c
powershell.exe Information: 0 : 2018-10-25 01:56:01.5068	[Tenant Settings]	[14]	[Debug]	Code execution scope ended	0ms	9ae9c9b9-21c8-4308-8bbe-88a2cf04f37c
powershell.exe Information: 0 : 2018-10-25 01:56:01.5368	[Application Lifecycle Management]	[14]	[Debug]	Code execution scope started	0ms	9ae9c9b9-21c8-4308-8bbe-88a2cf04f37c
powershell.exe Information: 0 : 2018-10-25 01:56:01.5372	[Application Lifecycle Management]	[14]	[Debug]	Code execution scope ended	0ms	9ae9c9b9-21c8-4308-8bbe-88a2cf04f37c
powershell.exe Information: 0 : 2018-10-25 01:56:01.5609	[Custom Actions]	[14]	[Debug]	Code execution scope started	0ms	9ae9c9b9-21c8-4308-8bbe-88a2cf04f37c
powershell.exe Information: 0 : 2018-10-25 01:56:01.6798	[Custom Actions]	[14]	[Debug]	Adding custom action 'QL_Dropdown' to scope Site	119ms	9ae9c9b9-21c8-4308-8bbe-88a2cf04f37c
powershell.exe Information: 0 : 2018-10-25 01:56:02.2433	[Custom Actions]	[14]	[Debug]	Code execution scope ended	682ms	9ae9c9b9-21c8-4308-8bbe-88a2cf04f37c
powershell.exe Information: 0 : 2018-10-25 01:56:02.2443	[Persist Template Info]	[14]	[Debug]	Code execution scope started	0ms	9ae9c9b9-21c8-4308-8bbe-88a2cf04f37c
powershell.exe Information: 0 : 2018-10-25 01:56:03.0421	[Persist Template Info]	[14]	[Debug]	Code execution scope ended	797ms	9ae9c9b9-21c8-4308-8bbe-88a2cf04f37c
powershell.exe Information: 0 : 2018-10-25 01:56:03.0431	[Provisioning]	[14]	[Debug]	Code execution scope ended	30337ms	9ae9c9b9-21c8-4308-8bbe-88a2cf04f37c
