powershell.exe Information: 0 : 2018-10-22 00:21:58.2810	[OfficeDevPnP.Core]	[0]	[Information]	File Custom.QuickLaunch.Template.xml retrieved from folder 	0ms	
powershell.exe Information: 0 : 2018-10-22 00:21:58.2835	[OfficeDevPnP.Core]	[0]	[Information]	File Custom.QuickLaunch.Template.xml retrieved from folder 	0ms	
powershell.exe Information: 0 : 2018-10-22 00:21:58.3320	[Provisioning]	[14]	[Debug]	Code execution scope started	0ms	2e93b3f3-d2a9-461e-b9dd-fff080d310f5
powershell.exe Information: 0 : 2018-10-22 00:21:58.3320	[Provisioning]	[14]	[Information]	ProgressDelegate registered	0ms	2e93b3f3-d2a9-461e-b9dd-fff080d310f5
powershell.exe Information: 0 : 2018-10-22 00:21:58.3340	[Provisioning]	[14]	[Information]	MessagesDelegate registered	1ms	2e93b3f3-d2a9-461e-b9dd-fff080d310f5
powershell.exe Information: 0 : 2018-10-22 00:22:06.3489	[Extensibility Providers]	[14]	[Debug]	Code execution scope started	0ms	2e93b3f3-d2a9-461e-b9dd-fff080d310f5
powershell.exe Information: 0 : 2018-10-22 00:22:06.3489	[Extensibility Providers]	[14]	[Debug]	Code execution scope ended	0ms	2e93b3f3-d2a9-461e-b9dd-fff080d310f5
powershell.exe Information: 0 : 2018-10-22 00:22:06.4823	[Files]	[14]	[Debug]	Code execution scope started	0ms	2e93b3f3-d2a9-461e-b9dd-fff080d310f5
powershell.exe Information: 0 : 2018-10-22 00:22:20.0099	[OfficeDevPnP.Core]	[0]	[Information]	Creating folder 'QuickLaunch' under List '/sites/brandme/Style Library'.	0ms	
powershell.exe Information: 0 : 2018-10-22 00:22:20.5803	[OfficeDevPnP.Core]	[0]	[Information]	File left-nav-override.js retrieved from folder 	0ms	
powershell.exe Information: 0 : 2018-10-22 00:22:20.5808	[Files]	[14]	[Debug]	Uploading file left-nav-override.js	14098ms	2e93b3f3-d2a9-461e-b9dd-fff080d310f5
powershell.exe Information: 0 : 2018-10-22 00:22:20.5813	[OfficeDevPnP.Core]	[0]	[Debug]	Creating file info with Url 'left-nav-override.js'	0ms	
powershell.exe Information: 0 : 2018-10-22 00:22:21.2461	[OfficeDevPnP.Core]	[0]	[Debug]	Checking in file 'left-nav-override.js'	0ms	
powershell.exe Information: 0 : 2018-10-22 00:22:21.4820	[OfficeDevPnP.Core]	[0]	[Debug]	Publishing file 'left-nav-override.js'	0ms	
powershell.exe Information: 0 : 2018-10-22 00:22:22.1095	[OfficeDevPnP.Core]	[0]	[Information]	File Custom-Script-Action.js retrieved from folder 	0ms	
powershell.exe Information: 0 : 2018-10-22 00:22:22.1105	[Files]	[14]	[Debug]	Uploading file Custom-Script-Action.js	15628ms	2e93b3f3-d2a9-461e-b9dd-fff080d310f5
powershell.exe Information: 0 : 2018-10-22 00:22:22.1105	[OfficeDevPnP.Core]	[0]	[Debug]	Creating file info with Url 'Custom-Script-Action.js'	0ms	
powershell.exe Information: 0 : 2018-10-22 00:22:22.7088	[OfficeDevPnP.Core]	[0]	[Debug]	Checking in file 'Custom-Script-Action.js'	0ms	
powershell.exe Information: 0 : 2018-10-22 00:22:22.9722	[OfficeDevPnP.Core]	[0]	[Debug]	Publishing file 'Custom-Script-Action.js'	0ms	
powershell.exe Information: 0 : 2018-10-22 00:22:23.4848	[Files]	[14]	[Debug]	Code execution scope ended	17002ms	2e93b3f3-d2a9-461e-b9dd-fff080d310f5
powershell.exe Information: 0 : 2018-10-22 00:22:23.5298	[Tenant Settings]	[14]	[Debug]	Code execution scope started	0ms	2e93b3f3-d2a9-461e-b9dd-fff080d310f5
powershell.exe Information: 0 : 2018-10-22 00:22:23.5308	[Tenant Settings]	[14]	[Debug]	Code execution scope ended	0ms	2e93b3f3-d2a9-461e-b9dd-fff080d310f5
powershell.exe Information: 0 : 2018-10-22 00:22:23.5478	[Application Lifecycle Management]	[14]	[Debug]	Code execution scope started	0ms	2e93b3f3-d2a9-461e-b9dd-fff080d310f5
powershell.exe Information: 0 : 2018-10-22 00:22:23.5478	[Application Lifecycle Management]	[14]	[Debug]	Code execution scope ended	0ms	2e93b3f3-d2a9-461e-b9dd-fff080d310f5
powershell.exe Information: 0 : 2018-10-22 00:22:23.5698	[Custom Actions]	[14]	[Debug]	Code execution scope started	0ms	2e93b3f3-d2a9-461e-b9dd-fff080d310f5
powershell.exe Information: 0 : 2018-10-22 00:22:23.6878	[Custom Actions]	[14]	[Debug]	Adding custom action 'QL_Dropdown' to scope Site	118ms	2e93b3f3-d2a9-461e-b9dd-fff080d310f5
powershell.exe Information: 0 : 2018-10-22 00:22:24.2143	[Custom Actions]	[14]	[Debug]	Code execution scope ended	645ms	2e93b3f3-d2a9-461e-b9dd-fff080d310f5
powershell.exe Information: 0 : 2018-10-22 00:22:24.2153	[Persist Template Info]	[14]	[Debug]	Code execution scope started	0ms	2e93b3f3-d2a9-461e-b9dd-fff080d310f5
powershell.exe Information: 0 : 2018-10-22 00:22:24.9610	[Persist Template Info]	[14]	[Debug]	Code execution scope ended	745ms	2e93b3f3-d2a9-461e-b9dd-fff080d310f5
powershell.exe Information: 0 : 2018-10-22 00:22:24.9620	[Provisioning]	[14]	[Debug]	Code execution scope ended	26629ms	2e93b3f3-d2a9-461e-b9dd-fff080d310f5
