powershell.exe Information: 0 : 2018-10-24 18:49:58.0265	[OfficeDevPnP.Core]	[0]	[Information]	File Custom.QuickLaunch.Template.xml retrieved from folder 	0ms	
powershell.exe Information: 0 : 2018-10-24 18:49:58.0275	[OfficeDevPnP.Core]	[0]	[Information]	File Custom.QuickLaunch.Template.xml retrieved from folder 	0ms	
powershell.exe Information: 0 : 2018-10-24 18:49:58.0475	[Provisioning]	[14]	[Debug]	Code execution scope started	0ms	c3fc00b4-137e-4f26-8e8f-6524de00a195
powershell.exe Information: 0 : 2018-10-24 18:49:58.0485	[Provisioning]	[14]	[Information]	ProgressDelegate registered	0ms	c3fc00b4-137e-4f26-8e8f-6524de00a195
powershell.exe Information: 0 : 2018-10-24 18:49:58.0505	[Provisioning]	[14]	[Information]	MessagesDelegate registered	2ms	c3fc00b4-137e-4f26-8e8f-6524de00a195
powershell.exe Information: 0 : 2018-10-24 18:50:06.3727	[Extensibility Providers]	[14]	[Debug]	Code execution scope started	0ms	c3fc00b4-137e-4f26-8e8f-6524de00a195
powershell.exe Information: 0 : 2018-10-24 18:50:06.3737	[Extensibility Providers]	[14]	[Debug]	Code execution scope ended	0ms	c3fc00b4-137e-4f26-8e8f-6524de00a195
powershell.exe Information: 0 : 2018-10-24 18:50:06.5116	[Files]	[14]	[Debug]	Code execution scope started	0ms	c3fc00b4-137e-4f26-8e8f-6524de00a195
powershell.exe Information: 0 : 2018-10-24 18:50:20.0834	[OfficeDevPnP.Core]	[0]	[Information]	Creating folder 'QuickLaunch' under List '/sites/brandme/Style Library'.	0ms	
powershell.exe Information: 0 : 2018-10-24 18:50:20.9771	[OfficeDevPnP.Core]	[0]	[Information]	File left-nav-override.js retrieved from folder 	0ms	
powershell.exe Information: 0 : 2018-10-24 18:50:20.9771	[Files]	[14]	[Debug]	Uploading file left-nav-override.js	14466ms	c3fc00b4-137e-4f26-8e8f-6524de00a195
powershell.exe Information: 0 : 2018-10-24 18:50:20.9781	[OfficeDevPnP.Core]	[0]	[Debug]	Creating file info with Url 'left-nav-override.js'	0ms	
powershell.exe Information: 0 : 2018-10-24 18:50:21.8973	[OfficeDevPnP.Core]	[0]	[Debug]	Checking in file 'left-nav-override.js'	0ms	
powershell.exe Information: 0 : 2018-10-24 18:50:22.3353	[OfficeDevPnP.Core]	[0]	[Debug]	Publishing file 'left-nav-override.js'	0ms	
powershell.exe Information: 0 : 2018-10-24 18:50:23.4528	[OfficeDevPnP.Core]	[0]	[Information]	File left-nav-override.css retrieved from folder 	0ms	
powershell.exe Information: 0 : 2018-10-24 18:50:23.4528	[Files]	[14]	[Debug]	Uploading file left-nav-override.css	16941ms	c3fc00b4-137e-4f26-8e8f-6524de00a195
powershell.exe Information: 0 : 2018-10-24 18:50:23.4538	[OfficeDevPnP.Core]	[0]	[Debug]	Creating file info with Url 'left-nav-override.css'	0ms	
powershell.exe Information: 0 : 2018-10-24 18:50:24.2909	[OfficeDevPnP.Core]	[0]	[Debug]	Checking in file 'left-nav-override.css'	0ms	
powershell.exe Information: 0 : 2018-10-24 18:50:24.7509	[OfficeDevPnP.Core]	[0]	[Debug]	Publishing file 'left-nav-override.css'	0ms	
powershell.exe Information: 0 : 2018-10-24 18:50:25.4585	[OfficeDevPnP.Core]	[0]	[Information]	File Custom-Script-Action.js retrieved from folder 	0ms	
powershell.exe Information: 0 : 2018-10-24 18:50:25.4585	[Files]	[14]	[Debug]	Uploading file Custom-Script-Action.js	18947ms	c3fc00b4-137e-4f26-8e8f-6524de00a195
powershell.exe Information: 0 : 2018-10-24 18:50:25.4585	[OfficeDevPnP.Core]	[0]	[Debug]	Creating file info with Url 'Custom-Script-Action.js'	0ms	
powershell.exe Information: 0 : 2018-10-24 18:50:26.1535	[OfficeDevPnP.Core]	[0]	[Debug]	Checking in file 'Custom-Script-Action.js'	0ms	
powershell.exe Information: 0 : 2018-10-24 18:50:26.5366	[OfficeDevPnP.Core]	[0]	[Debug]	Publishing file 'Custom-Script-Action.js'	0ms	
powershell.exe Information: 0 : 2018-10-24 18:50:26.9186	[Files]	[14]	[Debug]	Code execution scope ended	20406ms	c3fc00b4-137e-4f26-8e8f-6524de00a195
powershell.exe Information: 0 : 2018-10-24 18:50:26.9753	[Tenant Settings]	[14]	[Debug]	Code execution scope started	0ms	c3fc00b4-137e-4f26-8e8f-6524de00a195
powershell.exe Information: 0 : 2018-10-24 18:50:26.9758	[Tenant Settings]	[14]	[Debug]	Code execution scope ended	0ms	c3fc00b4-137e-4f26-8e8f-6524de00a195
powershell.exe Information: 0 : 2018-10-24 18:50:27.0028	[Application Lifecycle Management]	[14]	[Debug]	Code execution scope started	0ms	c3fc00b4-137e-4f26-8e8f-6524de00a195
powershell.exe Information: 0 : 2018-10-24 18:50:27.0038	[Application Lifecycle Management]	[14]	[Debug]	Code execution scope ended	1ms	c3fc00b4-137e-4f26-8e8f-6524de00a195
powershell.exe Information: 0 : 2018-10-24 18:50:27.0303	[Custom Actions]	[14]	[Debug]	Code execution scope started	0ms	c3fc00b4-137e-4f26-8e8f-6524de00a195
powershell.exe Information: 0 : 2018-10-24 18:50:27.1498	[Custom Actions]	[14]	[Debug]	Adding custom action 'QL_Dropdown' to scope Site	120ms	c3fc00b4-137e-4f26-8e8f-6524de00a195
powershell.exe Information: 0 : 2018-10-24 18:50:27.4889	[Custom Actions]	[14]	[Debug]	Code execution scope ended	459ms	c3fc00b4-137e-4f26-8e8f-6524de00a195
powershell.exe Information: 0 : 2018-10-24 18:50:27.4899	[Persist Template Info]	[14]	[Debug]	Code execution scope started	0ms	c3fc00b4-137e-4f26-8e8f-6524de00a195
powershell.exe Information: 0 : 2018-10-24 18:50:28.2546	[Persist Template Info]	[14]	[Debug]	Code execution scope ended	764ms	c3fc00b4-137e-4f26-8e8f-6524de00a195
powershell.exe Information: 0 : 2018-10-24 18:50:28.2551	[Provisioning]	[14]	[Debug]	Code execution scope ended	30207ms	c3fc00b4-137e-4f26-8e8f-6524de00a195
