powershell.exe Information: 0 : 2018-10-24 20:39:13.2364	[OfficeDevPnP.Core]	[0]	[Information]	File Custom.QuickLaunch.Template.xml retrieved from folder 	0ms	
powershell.exe Information: 0 : 2018-10-24 20:39:13.2374	[OfficeDevPnP.Core]	[0]	[Information]	File Custom.QuickLaunch.Template.xml retrieved from folder 	0ms	
powershell.exe Information: 0 : 2018-10-24 20:39:13.2684	[Provisioning]	[14]	[Debug]	Code execution scope started	0ms	f25859c6-4000-4b57-836f-671740dffa34
powershell.exe Information: 0 : 2018-10-24 20:39:13.2694	[Provisioning]	[14]	[Information]	ProgressDelegate registered	0ms	f25859c6-4000-4b57-836f-671740dffa34
powershell.exe Information: 0 : 2018-10-24 20:39:13.2714	[Provisioning]	[14]	[Information]	MessagesDelegate registered	2ms	f25859c6-4000-4b57-836f-671740dffa34
powershell.exe Information: 0 : 2018-10-24 20:39:19.7122	[Extensibility Providers]	[14]	[Debug]	Code execution scope started	0ms	f25859c6-4000-4b57-836f-671740dffa34
powershell.exe Information: 0 : 2018-10-24 20:39:19.7122	[Extensibility Providers]	[14]	[Debug]	Code execution scope ended	0ms	f25859c6-4000-4b57-836f-671740dffa34
powershell.exe Information: 0 : 2018-10-24 20:39:19.8512	[Files]	[14]	[Debug]	Code execution scope started	0ms	f25859c6-4000-4b57-836f-671740dffa34
powershell.exe Information: 0 : 2018-10-24 20:39:31.8537	[OfficeDevPnP.Core]	[0]	[Information]	Creating folder 'QuickLaunch' under List '/sites/brandme/Style Library'.	0ms	
powershell.exe Information: 0 : 2018-10-24 20:39:32.4698	[OfficeDevPnP.Core]	[0]	[Information]	File left-nav-override.js retrieved from folder 	0ms	
powershell.exe Information: 0 : 2018-10-24 20:39:32.4698	[Files]	[14]	[Debug]	Uploading file left-nav-override.js	12618ms	f25859c6-4000-4b57-836f-671740dffa34
powershell.exe Information: 0 : 2018-10-24 20:39:32.4708	[OfficeDevPnP.Core]	[0]	[Debug]	Creating file info with Url 'left-nav-override.js'	0ms	
powershell.exe Information: 0 : 2018-10-24 20:39:33.0581	[OfficeDevPnP.Core]	[0]	[Debug]	Checking in file 'left-nav-override.js'	0ms	
powershell.exe Information: 0 : 2018-10-24 20:39:33.2628	[OfficeDevPnP.Core]	[0]	[Debug]	Publishing file 'left-nav-override.js'	0ms	
powershell.exe Information: 0 : 2018-10-24 20:39:33.9287	[OfficeDevPnP.Core]	[0]	[Information]	File left-nav-override.css retrieved from folder 	0ms	
powershell.exe Information: 0 : 2018-10-24 20:39:33.9287	[Files]	[14]	[Debug]	Uploading file left-nav-override.css	14076ms	f25859c6-4000-4b57-836f-671740dffa34
powershell.exe Information: 0 : 2018-10-24 20:39:33.9287	[OfficeDevPnP.Core]	[0]	[Debug]	Creating file info with Url 'left-nav-override.css'	0ms	
powershell.exe Information: 0 : 2018-10-24 20:39:34.6634	[OfficeDevPnP.Core]	[0]	[Debug]	Checking in file 'left-nav-override.css'	0ms	
powershell.exe Information: 0 : 2018-10-24 20:39:34.8638	[OfficeDevPnP.Core]	[0]	[Debug]	Publishing file 'left-nav-override.css'	0ms	
powershell.exe Information: 0 : 2018-10-24 20:39:35.5926	[OfficeDevPnP.Core]	[0]	[Information]	File Custom-Script-Action.js retrieved from folder 	0ms	
powershell.exe Information: 0 : 2018-10-24 20:39:35.5926	[Files]	[14]	[Debug]	Uploading file Custom-Script-Action.js	15741ms	f25859c6-4000-4b57-836f-671740dffa34
powershell.exe Information: 0 : 2018-10-24 20:39:35.5936	[OfficeDevPnP.Core]	[0]	[Debug]	Creating file info with Url 'Custom-Script-Action.js'	0ms	
powershell.exe Information: 0 : 2018-10-24 20:39:36.4522	[OfficeDevPnP.Core]	[0]	[Debug]	Checking in file 'Custom-Script-Action.js'	0ms	
powershell.exe Information: 0 : 2018-10-24 20:39:36.6620	[OfficeDevPnP.Core]	[0]	[Debug]	Publishing file 'Custom-Script-Action.js'	0ms	
powershell.exe Information: 0 : 2018-10-24 20:39:36.8419	[Files]	[14]	[Debug]	Code execution scope ended	16989ms	f25859c6-4000-4b57-836f-671740dffa34
powershell.exe Information: 0 : 2018-10-24 20:39:36.9180	[Tenant Settings]	[14]	[Debug]	Code execution scope started	0ms	f25859c6-4000-4b57-836f-671740dffa34
powershell.exe Information: 0 : 2018-10-24 20:39:36.9200	[Tenant Settings]	[14]	[Debug]	Code execution scope ended	1ms	f25859c6-4000-4b57-836f-671740dffa34
powershell.exe Information: 0 : 2018-10-24 20:39:36.9459	[Application Lifecycle Management]	[14]	[Debug]	Code execution scope started	0ms	f25859c6-4000-4b57-836f-671740dffa34
powershell.exe Information: 0 : 2018-10-24 20:39:36.9459	[Application Lifecycle Management]	[14]	[Debug]	Code execution scope ended	0ms	f25859c6-4000-4b57-836f-671740dffa34
powershell.exe Information: 0 : 2018-10-24 20:39:36.9753	[Custom Actions]	[14]	[Debug]	Code execution scope started	0ms	f25859c6-4000-4b57-836f-671740dffa34
powershell.exe Information: 0 : 2018-10-24 20:39:37.0872	[Custom Actions]	[14]	[Debug]	Adding custom action 'QL_Dropdown' to scope Site	112ms	f25859c6-4000-4b57-836f-671740dffa34
powershell.exe Information: 0 : 2018-10-24 20:39:37.3958	[Custom Actions]	[14]	[Debug]	Code execution scope ended	421ms	f25859c6-4000-4b57-836f-671740dffa34
powershell.exe Information: 0 : 2018-10-24 20:39:37.4208	[Persist Template Info]	[14]	[Debug]	Code execution scope started	0ms	f25859c6-4000-4b57-836f-671740dffa34
powershell.exe Information: 0 : 2018-10-24 20:39:38.1445	[Persist Template Info]	[14]	[Debug]	Code execution scope ended	723ms	f25859c6-4000-4b57-836f-671740dffa34
powershell.exe Information: 0 : 2018-10-24 20:39:38.1445	[Provisioning]	[14]	[Debug]	Code execution scope ended	24875ms	f25859c6-4000-4b57-836f-671740dffa34
