powershell.exe Information: 0 : 2018-10-24 20:54:58.4386	[OfficeDevPnP.Core]	[0]	[Information]	File Custom.QuickLaunch.Template.xml retrieved from folder 	0ms	
powershell.exe Information: 0 : 2018-10-24 20:54:58.4396	[OfficeDevPnP.Core]	[0]	[Information]	File Custom.QuickLaunch.Template.xml retrieved from folder 	0ms	
powershell.exe Information: 0 : 2018-10-24 20:54:58.4597	[Provisioning]	[14]	[Debug]	Code execution scope started	0ms	9da33afe-49dd-453f-9658-8cacd0ffe5f2
powershell.exe Information: 0 : 2018-10-24 20:54:58.4607	[Provisioning]	[14]	[Information]	ProgressDelegate registered	0ms	9da33afe-49dd-453f-9658-8cacd0ffe5f2
powershell.exe Information: 0 : 2018-10-24 20:54:58.4626	[Provisioning]	[14]	[Information]	MessagesDelegate registered	2ms	9da33afe-49dd-453f-9658-8cacd0ffe5f2
powershell.exe Information: 0 : 2018-10-24 20:55:07.8567	[Extensibility Providers]	[14]	[Debug]	Code execution scope started	0ms	9da33afe-49dd-453f-9658-8cacd0ffe5f2
powershell.exe Information: 0 : 2018-10-24 20:55:07.8577	[Extensibility Providers]	[14]	[Debug]	Code execution scope ended	0ms	9da33afe-49dd-453f-9658-8cacd0ffe5f2
powershell.exe Information: 0 : 2018-10-24 20:55:07.9837	[Files]	[14]	[Debug]	Code execution scope started	0ms	9da33afe-49dd-453f-9658-8cacd0ffe5f2
powershell.exe Information: 0 : 2018-10-24 20:55:21.7099	[OfficeDevPnP.Core]	[0]	[Information]	Creating folder 'QuickLaunch' under List '/sites/brandme/Style Library'.	0ms	
powershell.exe Information: 0 : 2018-10-24 20:55:22.2719	[OfficeDevPnP.Core]	[0]	[Information]	File left-nav-override.js retrieved from folder 	0ms	
powershell.exe Information: 0 : 2018-10-24 20:55:22.2719	[Files]	[14]	[Debug]	Uploading file left-nav-override.js	14288ms	9da33afe-49dd-453f-9658-8cacd0ffe5f2
powershell.exe Information: 0 : 2018-10-24 20:55:22.2728	[OfficeDevPnP.Core]	[0]	[Debug]	Creating file info with Url 'left-nav-override.js'	0ms	
powershell.exe Information: 0 : 2018-10-24 20:55:23.0478	[OfficeDevPnP.Core]	[0]	[Debug]	Checking in file 'left-nav-override.js'	0ms	
powershell.exe Information: 0 : 2018-10-24 20:55:23.2499	[OfficeDevPnP.Core]	[0]	[Debug]	Publishing file 'left-nav-override.js'	0ms	
powershell.exe Information: 0 : 2018-10-24 20:55:24.3609	[OfficeDevPnP.Core]	[0]	[Information]	File left-nav-override.css retrieved from folder 	0ms	
powershell.exe Information: 0 : 2018-10-24 20:55:24.3609	[Files]	[14]	[Debug]	Uploading file left-nav-override.css	16376ms	9da33afe-49dd-453f-9658-8cacd0ffe5f2
powershell.exe Information: 0 : 2018-10-24 20:55:24.3609	[OfficeDevPnP.Core]	[0]	[Debug]	Creating file info with Url 'left-nav-override.css'	0ms	
powershell.exe Information: 0 : 2018-10-24 20:55:24.9689	[OfficeDevPnP.Core]	[0]	[Debug]	Checking in file 'left-nav-override.css'	0ms	
powershell.exe Information: 0 : 2018-10-24 20:55:25.2149	[OfficeDevPnP.Core]	[0]	[Debug]	Publishing file 'left-nav-override.css'	0ms	
powershell.exe Information: 0 : 2018-10-24 20:55:25.9469	[OfficeDevPnP.Core]	[0]	[Information]	File Custom-Script-Action.js retrieved from folder 	0ms	
powershell.exe Information: 0 : 2018-10-24 20:55:25.9479	[Files]	[14]	[Debug]	Uploading file Custom-Script-Action.js	17963ms	9da33afe-49dd-453f-9658-8cacd0ffe5f2
powershell.exe Information: 0 : 2018-10-24 20:55:25.9479	[OfficeDevPnP.Core]	[0]	[Debug]	Creating file info with Url 'Custom-Script-Action.js'	0ms	
powershell.exe Information: 0 : 2018-10-24 20:55:26.4879	[OfficeDevPnP.Core]	[0]	[Debug]	Checking in file 'Custom-Script-Action.js'	0ms	
powershell.exe Information: 0 : 2018-10-24 20:55:26.7029	[OfficeDevPnP.Core]	[0]	[Debug]	Publishing file 'Custom-Script-Action.js'	0ms	
powershell.exe Information: 0 : 2018-10-24 20:55:26.9069	[Files]	[14]	[Debug]	Code execution scope ended	18922ms	9da33afe-49dd-453f-9658-8cacd0ffe5f2
powershell.exe Information: 0 : 2018-10-24 20:55:26.9579	[Tenant Settings]	[14]	[Debug]	Code execution scope started	0ms	9da33afe-49dd-453f-9658-8cacd0ffe5f2
powershell.exe Information: 0 : 2018-10-24 20:55:26.9589	[Tenant Settings]	[14]	[Debug]	Code execution scope ended	1ms	9da33afe-49dd-453f-9658-8cacd0ffe5f2
powershell.exe Information: 0 : 2018-10-24 20:55:26.9799	[Application Lifecycle Management]	[14]	[Debug]	Code execution scope started	0ms	9da33afe-49dd-453f-9658-8cacd0ffe5f2
powershell.exe Information: 0 : 2018-10-24 20:55:26.9804	[Application Lifecycle Management]	[14]	[Debug]	Code execution scope ended	0ms	9da33afe-49dd-453f-9658-8cacd0ffe5f2
powershell.exe Information: 0 : 2018-10-24 20:55:26.9999	[Custom Actions]	[14]	[Debug]	Code execution scope started	0ms	9da33afe-49dd-453f-9658-8cacd0ffe5f2
powershell.exe Information: 0 : 2018-10-24 20:55:27.1228	[Custom Actions]	[14]	[Debug]	Adding custom action 'QL_Dropdown' to scope Site	123ms	9da33afe-49dd-453f-9658-8cacd0ffe5f2
powershell.exe Information: 0 : 2018-10-24 20:55:27.4268	[Custom Actions]	[14]	[Debug]	Code execution scope ended	427ms	9da33afe-49dd-453f-9658-8cacd0ffe5f2
powershell.exe Information: 0 : 2018-10-24 20:55:27.4278	[Persist Template Info]	[14]	[Debug]	Code execution scope started	0ms	9da33afe-49dd-453f-9658-8cacd0ffe5f2
powershell.exe Information: 0 : 2018-10-24 20:55:28.1597	[Persist Template Info]	[14]	[Debug]	Code execution scope ended	732ms	9da33afe-49dd-453f-9658-8cacd0ffe5f2
powershell.exe Information: 0 : 2018-10-24 20:55:28.1597	[Provisioning]	[14]	[Debug]	Code execution scope ended	29699ms	9da33afe-49dd-453f-9658-8cacd0ffe5f2
