powershell.exe Information: 0 : 2018-10-17 23:47:56.5891	[OfficeDevPnP.Core]	[0]	[Information]	File Custom.QuickLaunch.Template.xml retrieved from folder 	0ms	
powershell.exe Information: 0 : 2018-10-17 23:47:56.5911	[OfficeDevPnP.Core]	[0]	[Information]	File Custom.QuickLaunch.Template.xml retrieved from folder 	0ms	
powershell.exe Information: 0 : 2018-10-17 23:47:56.6147	[Provisioning]	[14]	[Debug]	Code execution scope started	0ms	895654cf-8d80-4a65-9c42-6e0c59ab8864
powershell.exe Information: 0 : 2018-10-17 23:47:56.6157	[Provisioning]	[14]	[Information]	ProgressDelegate registered	0ms	895654cf-8d80-4a65-9c42-6e0c59ab8864
powershell.exe Information: 0 : 2018-10-17 23:47:56.6177	[Provisioning]	[14]	[Information]	MessagesDelegate registered	2ms	895654cf-8d80-4a65-9c42-6e0c59ab8864
powershell.exe Information: 0 : 2018-10-17 23:48:03.5792	[Extensibility Providers]	[14]	[Debug]	Code execution scope started	0ms	895654cf-8d80-4a65-9c42-6e0c59ab8864
powershell.exe Information: 0 : 2018-10-17 23:48:03.5792	[Extensibility Providers]	[14]	[Debug]	Code execution scope ended	0ms	895654cf-8d80-4a65-9c42-6e0c59ab8864
powershell.exe Information: 0 : 2018-10-17 23:48:03.7135	[Files]	[14]	[Debug]	Code execution scope started	0ms	895654cf-8d80-4a65-9c42-6e0c59ab8864
powershell.exe Information: 0 : 2018-10-17 23:48:04.0738	[OfficeDevPnP.Core]	[0]	[Information]	Creating folder 'QuickLaunch' under List '/sites/brandme/Style Library'.	0ms	
powershell.exe Information: 0 : 2018-10-17 23:48:04.8427	[OfficeDevPnP.Core]	[0]	[Information]	File left-nav-override.js retrieved from folder 	0ms	
powershell.exe Information: 0 : 2018-10-17 23:48:04.8427	[Files]	[14]	[Debug]	Uploading file left-nav-override.js	1129ms	895654cf-8d80-4a65-9c42-6e0c59ab8864
powershell.exe Information: 0 : 2018-10-17 23:48:04.8427	[OfficeDevPnP.Core]	[0]	[Debug]	Creating file info with Url 'left-nav-override.js'	0ms	
powershell.exe Information: 0 : 2018-10-17 23:48:05.5492	[OfficeDevPnP.Core]	[0]	[Debug]	Checking in file 'left-nav-override.js'	0ms	
powershell.exe Information: 0 : 2018-10-17 23:48:05.9125	[OfficeDevPnP.Core]	[0]	[Debug]	Publishing file 'left-nav-override.js'	0ms	
powershell.exe Information: 0 : 2018-10-17 23:48:19.4429	[Files]	[14]	[Debug]	Uploading and overwriting existing file Custom-Script-Action.js	15729ms	895654cf-8d80-4a65-9c42-6e0c59ab8864
powershell.exe Information: 0 : 2018-10-17 23:48:19.5735	[OfficeDevPnP.Core]	[0]	[Information]	File Custom-Script-Action.js retrieved from folder 	0ms	
powershell.exe Information: 0 : 2018-10-17 23:48:19.5745	[OfficeDevPnP.Core]	[0]	[Debug]	Creating file info with Url 'Custom-Script-Action.js'	0ms	
powershell.exe Information: 0 : 2018-10-17 23:48:20.0214	[Files]	[14]	[Debug]	Code execution scope ended	16307ms	895654cf-8d80-4a65-9c42-6e0c59ab8864
powershell.exe Information: 0 : 2018-10-17 23:48:20.0765	[Tenant Settings]	[14]	[Debug]	Code execution scope started	0ms	895654cf-8d80-4a65-9c42-6e0c59ab8864
powershell.exe Information: 0 : 2018-10-17 23:48:20.0775	[Tenant Settings]	[14]	[Debug]	Code execution scope ended	1ms	895654cf-8d80-4a65-9c42-6e0c59ab8864
powershell.exe Information: 0 : 2018-10-17 23:48:20.1055	[Application Lifecycle Management]	[14]	[Debug]	Code execution scope started	0ms	895654cf-8d80-4a65-9c42-6e0c59ab8864
powershell.exe Information: 0 : 2018-10-17 23:48:20.1060	[Application Lifecycle Management]	[14]	[Debug]	Code execution scope ended	0ms	895654cf-8d80-4a65-9c42-6e0c59ab8864
powershell.exe Information: 0 : 2018-10-17 23:48:20.1311	[Custom Actions]	[14]	[Debug]	Code execution scope started	0ms	895654cf-8d80-4a65-9c42-6e0c59ab8864
powershell.exe Information: 0 : 2018-10-17 23:48:20.2478	[Custom Actions]	[14]	[Debug]	Adding custom action 'QL_Dropdown' to scope Site	116ms	895654cf-8d80-4a65-9c42-6e0c59ab8864
powershell.exe Information: 0 : 2018-10-17 23:48:20.6615	[Custom Actions]	[14]	[Debug]	Code execution scope ended	530ms	895654cf-8d80-4a65-9c42-6e0c59ab8864
powershell.exe Information: 0 : 2018-10-17 23:48:20.6625	[Persist Template Info]	[14]	[Debug]	Code execution scope started	0ms	895654cf-8d80-4a65-9c42-6e0c59ab8864
powershell.exe Information: 0 : 2018-10-17 23:48:21.4989	[Persist Template Info]	[14]	[Debug]	Code execution scope ended	836ms	895654cf-8d80-4a65-9c42-6e0c59ab8864
powershell.exe Information: 0 : 2018-10-17 23:48:21.4989	[Provisioning]	[14]	[Debug]	Code execution scope ended	24883ms	895654cf-8d80-4a65-9c42-6e0c59ab8864
