powershell.exe Information: 0 : 2018-10-24 18:44:21.0523	[OfficeDevPnP.Core]	[0]	[Information]	File Custom.QuickLaunch.Template.xml retrieved from folder 	0ms	
powershell.exe Information: 0 : 2018-10-24 18:44:21.0533	[OfficeDevPnP.Core]	[0]	[Information]	File Custom.QuickLaunch.Template.xml retrieved from folder 	0ms	
powershell.exe Information: 0 : 2018-10-24 18:44:21.0783	[Provisioning]	[14]	[Debug]	Code execution scope started	0ms	1fd04ed1-9201-4873-b063-25ddc97176a0
powershell.exe Information: 0 : 2018-10-24 18:44:21.0783	[Provisioning]	[14]	[Information]	ProgressDelegate registered	0ms	1fd04ed1-9201-4873-b063-25ddc97176a0
powershell.exe Information: 0 : 2018-10-24 18:44:21.0803	[Provisioning]	[14]	[Information]	MessagesDelegate registered	2ms	1fd04ed1-9201-4873-b063-25ddc97176a0
powershell.exe Information: 0 : 2018-10-24 18:44:27.8299	[Extensibility Providers]	[14]	[Debug]	Code execution scope started	0ms	1fd04ed1-9201-4873-b063-25ddc97176a0
powershell.exe Information: 0 : 2018-10-24 18:44:27.8304	[Extensibility Providers]	[14]	[Debug]	Code execution scope ended	0ms	1fd04ed1-9201-4873-b063-25ddc97176a0
powershell.exe Information: 0 : 2018-10-24 18:44:27.9614	[Files]	[14]	[Debug]	Code execution scope started	0ms	1fd04ed1-9201-4873-b063-25ddc97176a0
powershell.exe Information: 0 : 2018-10-24 18:44:40.5283	[OfficeDevPnP.Core]	[0]	[Information]	Creating folder 'QuickLaunch' under List '/sites/brandme/Style Library'.	0ms	
powershell.exe Information: 0 : 2018-10-24 18:44:41.1560	[OfficeDevPnP.Core]	[0]	[Information]	File left-nav-override.js retrieved from folder 	0ms	
powershell.exe Information: 0 : 2018-10-24 18:44:41.1560	[Files]	[14]	[Debug]	Uploading file left-nav-override.js	13194ms	1fd04ed1-9201-4873-b063-25ddc97176a0
powershell.exe Information: 0 : 2018-10-24 18:44:41.1565	[OfficeDevPnP.Core]	[0]	[Debug]	Creating file info with Url 'left-nav-override.js'	0ms	
powershell.exe Information: 0 : 2018-10-24 18:44:42.0004	[OfficeDevPnP.Core]	[0]	[Debug]	Checking in file 'left-nav-override.js'	0ms	
powershell.exe Information: 0 : 2018-10-24 18:44:42.2333	[OfficeDevPnP.Core]	[0]	[Debug]	Publishing file 'left-nav-override.js'	0ms	
powershell.exe Information: 0 : 2018-10-24 18:44:42.8378	[OfficeDevPnP.Core]	[0]	[Information]	File left-nav-override.css retrieved from folder 	0ms	
powershell.exe Information: 0 : 2018-10-24 18:44:42.8378	[Files]	[14]	[Debug]	Uploading file left-nav-override.css	14876ms	1fd04ed1-9201-4873-b063-25ddc97176a0
powershell.exe Information: 0 : 2018-10-24 18:44:42.8378	[OfficeDevPnP.Core]	[0]	[Debug]	Creating file info with Url 'left-nav-override.css'	0ms	
powershell.exe Information: 0 : 2018-10-24 18:44:43.5278	[OfficeDevPnP.Core]	[0]	[Debug]	Checking in file 'left-nav-override.css'	0ms	
powershell.exe Information: 0 : 2018-10-24 18:44:43.7839	[OfficeDevPnP.Core]	[0]	[Debug]	Publishing file 'left-nav-override.css'	0ms	
powershell.exe Information: 0 : 2018-10-24 18:44:44.4377	[OfficeDevPnP.Core]	[0]	[Information]	File Custom-Script-Action.js retrieved from folder 	0ms	
powershell.exe Information: 0 : 2018-10-24 18:44:44.4377	[Files]	[14]	[Debug]	Uploading file Custom-Script-Action.js	16476ms	1fd04ed1-9201-4873-b063-25ddc97176a0
powershell.exe Information: 0 : 2018-10-24 18:44:44.4387	[OfficeDevPnP.Core]	[0]	[Debug]	Creating file info with Url 'Custom-Script-Action.js'	0ms	
powershell.exe Information: 0 : 2018-10-24 18:44:45.0661	[OfficeDevPnP.Core]	[0]	[Debug]	Checking in file 'Custom-Script-Action.js'	0ms	
powershell.exe Information: 0 : 2018-10-24 18:44:45.2672	[OfficeDevPnP.Core]	[0]	[Debug]	Publishing file 'Custom-Script-Action.js'	0ms	
powershell.exe Information: 0 : 2018-10-24 18:44:45.4467	[Files]	[14]	[Debug]	Code execution scope ended	17485ms	1fd04ed1-9201-4873-b063-25ddc97176a0
powershell.exe Information: 0 : 2018-10-24 18:44:45.4937	[Tenant Settings]	[14]	[Debug]	Code execution scope started	0ms	1fd04ed1-9201-4873-b063-25ddc97176a0
powershell.exe Information: 0 : 2018-10-24 18:44:45.4947	[Tenant Settings]	[14]	[Debug]	Code execution scope ended	0ms	1fd04ed1-9201-4873-b063-25ddc97176a0
powershell.exe Information: 0 : 2018-10-24 18:44:45.5117	[Application Lifecycle Management]	[14]	[Debug]	Code execution scope started	0ms	1fd04ed1-9201-4873-b063-25ddc97176a0
powershell.exe Information: 0 : 2018-10-24 18:44:45.5127	[Application Lifecycle Management]	[14]	[Debug]	Code execution scope ended	0ms	1fd04ed1-9201-4873-b063-25ddc97176a0
powershell.exe Information: 0 : 2018-10-24 18:44:45.5357	[Custom Actions]	[14]	[Debug]	Code execution scope started	0ms	1fd04ed1-9201-4873-b063-25ddc97176a0
powershell.exe Information: 0 : 2018-10-24 18:44:45.6551	[Custom Actions]	[14]	[Debug]	Adding custom action 'QL_Dropdown' to scope Site	119ms	1fd04ed1-9201-4873-b063-25ddc97176a0
powershell.exe Information: 0 : 2018-10-24 18:44:45.9867	[Custom Actions]	[14]	[Debug]	Code execution scope ended	450ms	1fd04ed1-9201-4873-b063-25ddc97176a0
powershell.exe Information: 0 : 2018-10-24 18:44:45.9867	[Persist Template Info]	[14]	[Debug]	Code execution scope started	0ms	1fd04ed1-9201-4873-b063-25ddc97176a0
powershell.exe Information: 0 : 2018-10-24 18:44:46.7612	[Persist Template Info]	[14]	[Debug]	Code execution scope ended	773ms	1fd04ed1-9201-4873-b063-25ddc97176a0
powershell.exe Information: 0 : 2018-10-24 18:44:46.7612	[Provisioning]	[14]	[Debug]	Code execution scope ended	25683ms	1fd04ed1-9201-4873-b063-25ddc97176a0
