powershell.exe Information: 0 : 2018-10-24 19:24:22.8858	[OfficeDevPnP.Core]	[0]	[Information]	File Custom.QuickLaunch.Template.xml retrieved from folder 	0ms	
powershell.exe Information: 0 : 2018-10-24 19:24:22.8878	[OfficeDevPnP.Core]	[0]	[Information]	File Custom.QuickLaunch.Template.xml retrieved from folder 	0ms	
powershell.exe Information: 0 : 2018-10-24 19:24:22.9119	[Provisioning]	[14]	[Debug]	Code execution scope started	0ms	6621b343-d434-4609-b8bf-a75430442c60
powershell.exe Information: 0 : 2018-10-24 19:24:22.9128	[Provisioning]	[14]	[Information]	ProgressDelegate registered	0ms	6621b343-d434-4609-b8bf-a75430442c60
powershell.exe Information: 0 : 2018-10-24 19:24:22.9128	[Provisioning]	[14]	[Information]	MessagesDelegate registered	0ms	6621b343-d434-4609-b8bf-a75430442c60
powershell.exe Information: 0 : 2018-10-24 19:24:30.0787	[Extensibility Providers]	[14]	[Debug]	Code execution scope started	0ms	6621b343-d434-4609-b8bf-a75430442c60
powershell.exe Information: 0 : 2018-10-24 19:24:30.0787	[Extensibility Providers]	[14]	[Debug]	Code execution scope ended	0ms	6621b343-d434-4609-b8bf-a75430442c60
powershell.exe Information: 0 : 2018-10-24 19:24:30.2707	[Files]	[14]	[Debug]	Code execution scope started	0ms	6621b343-d434-4609-b8bf-a75430442c60
powershell.exe Information: 0 : 2018-10-24 19:24:43.7955	[OfficeDevPnP.Core]	[0]	[Information]	Creating folder 'QuickLaunch' under List '/sites/brandme/Style Library'.	0ms	
powershell.exe Information: 0 : 2018-10-24 19:24:44.4270	[OfficeDevPnP.Core]	[0]	[Information]	File left-nav-override.js retrieved from folder 	0ms	
powershell.exe Information: 0 : 2018-10-24 19:24:44.4270	[Files]	[14]	[Debug]	Uploading file left-nav-override.js	14156ms	6621b343-d434-4609-b8bf-a75430442c60
powershell.exe Information: 0 : 2018-10-24 19:24:44.4280	[OfficeDevPnP.Core]	[0]	[Debug]	Creating file info with Url 'left-nav-override.js'	0ms	
powershell.exe Information: 0 : 2018-10-24 19:24:45.2060	[OfficeDevPnP.Core]	[0]	[Debug]	Checking in file 'left-nav-override.js'	0ms	
powershell.exe Information: 0 : 2018-10-24 19:24:45.4713	[OfficeDevPnP.Core]	[0]	[Debug]	Publishing file 'left-nav-override.js'	0ms	
powershell.exe Information: 0 : 2018-10-24 19:24:46.1647	[OfficeDevPnP.Core]	[0]	[Information]	File left-nav-override.css retrieved from folder 	0ms	
powershell.exe Information: 0 : 2018-10-24 19:24:46.1647	[Files]	[14]	[Debug]	Uploading file left-nav-override.css	15894ms	6621b343-d434-4609-b8bf-a75430442c60
powershell.exe Information: 0 : 2018-10-24 19:24:46.1647	[OfficeDevPnP.Core]	[0]	[Debug]	Creating file info with Url 'left-nav-override.css'	0ms	
powershell.exe Information: 0 : 2018-10-24 19:24:46.7966	[OfficeDevPnP.Core]	[0]	[Debug]	Checking in file 'left-nav-override.css'	0ms	
powershell.exe Information: 0 : 2018-10-24 19:24:47.0598	[OfficeDevPnP.Core]	[0]	[Debug]	Publishing file 'left-nav-override.css'	0ms	
powershell.exe Information: 0 : 2018-10-24 19:24:47.6876	[OfficeDevPnP.Core]	[0]	[Information]	File Custom-Script-Action.js retrieved from folder 	0ms	
powershell.exe Information: 0 : 2018-10-24 19:24:47.6886	[Files]	[14]	[Debug]	Uploading file Custom-Script-Action.js	17417ms	6621b343-d434-4609-b8bf-a75430442c60
powershell.exe Information: 0 : 2018-10-24 19:24:47.6886	[OfficeDevPnP.Core]	[0]	[Debug]	Creating file info with Url 'Custom-Script-Action.js'	0ms	
powershell.exe Information: 0 : 2018-10-24 19:24:48.3771	[OfficeDevPnP.Core]	[0]	[Debug]	Checking in file 'Custom-Script-Action.js'	0ms	
powershell.exe Information: 0 : 2018-10-24 19:24:48.7305	[OfficeDevPnP.Core]	[0]	[Debug]	Publishing file 'Custom-Script-Action.js'	0ms	
powershell.exe Information: 0 : 2018-10-24 19:24:49.0170	[Files]	[14]	[Debug]	Code execution scope ended	18746ms	6621b343-d434-4609-b8bf-a75430442c60
powershell.exe Information: 0 : 2018-10-24 19:24:49.0575	[Tenant Settings]	[14]	[Debug]	Code execution scope started	0ms	6621b343-d434-4609-b8bf-a75430442c60
powershell.exe Information: 0 : 2018-10-24 19:24:49.0585	[Tenant Settings]	[14]	[Debug]	Code execution scope ended	0ms	6621b343-d434-4609-b8bf-a75430442c60
powershell.exe Information: 0 : 2018-10-24 19:24:49.0825	[Application Lifecycle Management]	[14]	[Debug]	Code execution scope started	0ms	6621b343-d434-4609-b8bf-a75430442c60
powershell.exe Information: 0 : 2018-10-24 19:24:49.0835	[Application Lifecycle Management]	[14]	[Debug]	Code execution scope ended	0ms	6621b343-d434-4609-b8bf-a75430442c60
powershell.exe Information: 0 : 2018-10-24 19:24:49.1012	[Custom Actions]	[14]	[Debug]	Code execution scope started	0ms	6621b343-d434-4609-b8bf-a75430442c60
powershell.exe Information: 0 : 2018-10-24 19:24:49.2147	[Custom Actions]	[14]	[Debug]	Adding custom action 'QL_Dropdown' to scope Site	113ms	6621b343-d434-4609-b8bf-a75430442c60
powershell.exe Information: 0 : 2018-10-24 19:24:49.5593	[Custom Actions]	[14]	[Debug]	Code execution scope ended	457ms	6621b343-d434-4609-b8bf-a75430442c60
powershell.exe Information: 0 : 2018-10-24 19:24:49.5598	[Persist Template Info]	[14]	[Debug]	Code execution scope started	0ms	6621b343-d434-4609-b8bf-a75430442c60
powershell.exe Information: 0 : 2018-10-24 19:24:50.3254	[Persist Template Info]	[14]	[Debug]	Code execution scope ended	766ms	6621b343-d434-4609-b8bf-a75430442c60
powershell.exe Information: 0 : 2018-10-24 19:24:50.3264	[Provisioning]	[14]	[Debug]	Code execution scope ended	27413ms	6621b343-d434-4609-b8bf-a75430442c60
