powershell.exe Information: 0 : 2018-10-24 22:49:49.8941	[OfficeDevPnP.Core]	[0]	[Information]	File Custom.QuickLaunch.Template.xml retrieved from folder 	0ms	
powershell.exe Information: 0 : 2018-10-24 22:49:49.8956	[OfficeDevPnP.Core]	[0]	[Information]	File Custom.QuickLaunch.Template.xml retrieved from folder 	0ms	
powershell.exe Information: 0 : 2018-10-24 22:49:49.9192	[Provisioning]	[14]	[Debug]	Code execution scope started	0ms	5d7d9d09-372f-4f99-953a-209933f052e7
powershell.exe Information: 0 : 2018-10-24 22:49:49.9192	[Provisioning]	[14]	[Information]	ProgressDelegate registered	0ms	5d7d9d09-372f-4f99-953a-209933f052e7
powershell.exe Information: 0 : 2018-10-24 22:49:49.9202	[Provisioning]	[14]	[Information]	MessagesDelegate registered	0ms	5d7d9d09-372f-4f99-953a-209933f052e7
powershell.exe Information: 0 : 2018-10-24 22:49:56.6673	[Extensibility Providers]	[14]	[Debug]	Code execution scope started	0ms	5d7d9d09-372f-4f99-953a-209933f052e7
powershell.exe Information: 0 : 2018-10-24 22:49:56.6673	[Extensibility Providers]	[14]	[Debug]	Code execution scope ended	0ms	5d7d9d09-372f-4f99-953a-209933f052e7
powershell.exe Information: 0 : 2018-10-24 22:49:56.7915	[Files]	[14]	[Debug]	Code execution scope started	0ms	5d7d9d09-372f-4f99-953a-209933f052e7
powershell.exe Information: 0 : 2018-10-24 22:50:09.5964	[OfficeDevPnP.Core]	[0]	[Information]	Creating folder 'QuickLaunch' under List '/sites/brandme/Style Library'.	0ms	
powershell.exe Information: 0 : 2018-10-24 22:50:10.1794	[OfficeDevPnP.Core]	[0]	[Information]	File left-nav-override.js retrieved from folder 	0ms	
powershell.exe Information: 0 : 2018-10-24 22:50:10.1794	[Files]	[14]	[Debug]	Uploading file left-nav-override.js	13387ms	5d7d9d09-372f-4f99-953a-209933f052e7
powershell.exe Information: 0 : 2018-10-24 22:50:10.1794	[OfficeDevPnP.Core]	[0]	[Debug]	Creating file info with Url 'left-nav-override.js'	0ms	
powershell.exe Information: 0 : 2018-10-24 22:50:10.7237	[OfficeDevPnP.Core]	[0]	[Debug]	Checking in file 'left-nav-override.js'	0ms	
powershell.exe Information: 0 : 2018-10-24 22:50:10.9412	[OfficeDevPnP.Core]	[0]	[Debug]	Publishing file 'left-nav-override.js'	0ms	
powershell.exe Information: 0 : 2018-10-24 22:50:11.5858	[OfficeDevPnP.Core]	[0]	[Information]	File left-nav-override.css retrieved from folder 	0ms	
powershell.exe Information: 0 : 2018-10-24 22:50:11.5858	[Files]	[14]	[Debug]	Uploading file left-nav-override.css	14794ms	5d7d9d09-372f-4f99-953a-209933f052e7
powershell.exe Information: 0 : 2018-10-24 22:50:11.5868	[OfficeDevPnP.Core]	[0]	[Debug]	Creating file info with Url 'left-nav-override.css'	0ms	
powershell.exe Information: 0 : 2018-10-24 22:50:12.2574	[OfficeDevPnP.Core]	[0]	[Debug]	Checking in file 'left-nav-override.css'	0ms	
powershell.exe Information: 0 : 2018-10-24 22:50:12.5485	[OfficeDevPnP.Core]	[0]	[Debug]	Publishing file 'left-nav-override.css'	0ms	
powershell.exe Information: 0 : 2018-10-24 22:50:13.2450	[OfficeDevPnP.Core]	[0]	[Information]	File Custom-Script-Action.js retrieved from folder 	0ms	
powershell.exe Information: 0 : 2018-10-24 22:50:13.2450	[Files]	[14]	[Debug]	Uploading file Custom-Script-Action.js	16453ms	5d7d9d09-372f-4f99-953a-209933f052e7
powershell.exe Information: 0 : 2018-10-24 22:50:13.2450	[OfficeDevPnP.Core]	[0]	[Debug]	Creating file info with Url 'Custom-Script-Action.js'	0ms	
powershell.exe Information: 0 : 2018-10-24 22:50:13.8336	[OfficeDevPnP.Core]	[0]	[Debug]	Checking in file 'Custom-Script-Action.js'	0ms	
powershell.exe Information: 0 : 2018-10-24 22:50:14.0323	[OfficeDevPnP.Core]	[0]	[Debug]	Publishing file 'Custom-Script-Action.js'	0ms	
powershell.exe Information: 0 : 2018-10-24 22:50:14.2056	[Files]	[14]	[Debug]	Code execution scope ended	17413ms	5d7d9d09-372f-4f99-953a-209933f052e7
powershell.exe Information: 0 : 2018-10-24 22:50:14.2561	[Tenant Settings]	[14]	[Debug]	Code execution scope started	0ms	5d7d9d09-372f-4f99-953a-209933f052e7
powershell.exe Information: 0 : 2018-10-24 22:50:14.2571	[Tenant Settings]	[14]	[Debug]	Code execution scope ended	1ms	5d7d9d09-372f-4f99-953a-209933f052e7
powershell.exe Information: 0 : 2018-10-24 22:50:14.2782	[Application Lifecycle Management]	[14]	[Debug]	Code execution scope started	0ms	5d7d9d09-372f-4f99-953a-209933f052e7
powershell.exe Information: 0 : 2018-10-24 22:50:14.2791	[Application Lifecycle Management]	[14]	[Debug]	Code execution scope ended	0ms	5d7d9d09-372f-4f99-953a-209933f052e7
powershell.exe Information: 0 : 2018-10-24 22:50:14.3041	[Custom Actions]	[14]	[Debug]	Code execution scope started	0ms	5d7d9d09-372f-4f99-953a-209933f052e7
powershell.exe Information: 0 : 2018-10-24 22:50:14.4199	[Custom Actions]	[14]	[Debug]	Adding custom action 'QL_Dropdown' to scope Site	115ms	5d7d9d09-372f-4f99-953a-209933f052e7
powershell.exe Information: 0 : 2018-10-24 22:50:14.7539	[Custom Actions]	[14]	[Debug]	Code execution scope ended	448ms	5d7d9d09-372f-4f99-953a-209933f052e7
powershell.exe Information: 0 : 2018-10-24 22:50:14.7539	[Persist Template Info]	[14]	[Debug]	Code execution scope started	0ms	5d7d9d09-372f-4f99-953a-209933f052e7
powershell.exe Information: 0 : 2018-10-24 22:50:15.5472	[Persist Template Info]	[14]	[Debug]	Code execution scope ended	793ms	5d7d9d09-372f-4f99-953a-209933f052e7
powershell.exe Information: 0 : 2018-10-24 22:50:15.5472	[Provisioning]	[14]	[Debug]	Code execution scope ended	25628ms	5d7d9d09-372f-4f99-953a-209933f052e7
