powershell.exe Information: 0 : 2018-10-24 21:35:41.0898	[OfficeDevPnP.Core]	[0]	[Information]	File Custom.QuickLaunch.Template.xml retrieved from folder 	0ms	
powershell.exe Information: 0 : 2018-10-24 21:35:41.0908	[OfficeDevPnP.Core]	[0]	[Information]	File Custom.QuickLaunch.Template.xml retrieved from folder 	0ms	
powershell.exe Information: 0 : 2018-10-24 21:35:41.1243	[Provisioning]	[14]	[Debug]	Code execution scope started	0ms	f06ca0f6-94fe-4fc5-a890-40127d397045
powershell.exe Information: 0 : 2018-10-24 21:35:41.1243	[Provisioning]	[14]	[Information]	ProgressDelegate registered	0ms	f06ca0f6-94fe-4fc5-a890-40127d397045
powershell.exe Information: 0 : 2018-10-24 21:35:41.1253	[Provisioning]	[14]	[Information]	MessagesDelegate registered	0ms	f06ca0f6-94fe-4fc5-a890-40127d397045
powershell.exe Information: 0 : 2018-10-24 21:35:48.3014	[Extensibility Providers]	[14]	[Debug]	Code execution scope started	0ms	f06ca0f6-94fe-4fc5-a890-40127d397045
powershell.exe Information: 0 : 2018-10-24 21:35:48.3024	[Extensibility Providers]	[14]	[Debug]	Code execution scope ended	0ms	f06ca0f6-94fe-4fc5-a890-40127d397045
powershell.exe Information: 0 : 2018-10-24 21:35:48.4430	[Files]	[14]	[Debug]	Code execution scope started	0ms	f06ca0f6-94fe-4fc5-a890-40127d397045
powershell.exe Information: 0 : 2018-10-24 21:36:00.2556	[OfficeDevPnP.Core]	[0]	[Information]	Creating folder 'QuickLaunch' under List '/sites/brandme/Style Library'.	0ms	
powershell.exe Information: 0 : 2018-10-24 21:36:01.0143	[OfficeDevPnP.Core]	[0]	[Information]	File left-nav-override.js retrieved from folder 	0ms	
powershell.exe Information: 0 : 2018-10-24 21:36:01.0143	[Files]	[14]	[Debug]	Uploading file left-nav-override.js	12571ms	f06ca0f6-94fe-4fc5-a890-40127d397045
powershell.exe Information: 0 : 2018-10-24 21:36:01.0143	[OfficeDevPnP.Core]	[0]	[Debug]	Creating file info with Url 'left-nav-override.js'	0ms	
powershell.exe Information: 0 : 2018-10-24 21:36:01.8485	[OfficeDevPnP.Core]	[0]	[Debug]	Checking in file 'left-nav-override.js'	0ms	
powershell.exe Information: 0 : 2018-10-24 21:36:02.1035	[OfficeDevPnP.Core]	[0]	[Debug]	Publishing file 'left-nav-override.js'	0ms	
powershell.exe Information: 0 : 2018-10-24 21:36:02.7773	[OfficeDevPnP.Core]	[0]	[Information]	File left-nav-override.css retrieved from folder 	0ms	
powershell.exe Information: 0 : 2018-10-24 21:36:02.7783	[Files]	[14]	[Debug]	Uploading file left-nav-override.css	14335ms	f06ca0f6-94fe-4fc5-a890-40127d397045
powershell.exe Information: 0 : 2018-10-24 21:36:02.7783	[OfficeDevPnP.Core]	[0]	[Debug]	Creating file info with Url 'left-nav-override.css'	0ms	
powershell.exe Information: 0 : 2018-10-24 21:36:03.4552	[OfficeDevPnP.Core]	[0]	[Debug]	Checking in file 'left-nav-override.css'	0ms	
powershell.exe Information: 0 : 2018-10-24 21:36:03.6892	[OfficeDevPnP.Core]	[0]	[Debug]	Publishing file 'left-nav-override.css'	0ms	
powershell.exe Information: 0 : 2018-10-24 21:36:04.2983	[OfficeDevPnP.Core]	[0]	[Information]	File Custom-Script-Action.js retrieved from folder 	0ms	
powershell.exe Information: 0 : 2018-10-24 21:36:04.2988	[Files]	[14]	[Debug]	Uploading file Custom-Script-Action.js	15855ms	f06ca0f6-94fe-4fc5-a890-40127d397045
powershell.exe Information: 0 : 2018-10-24 21:36:04.2993	[OfficeDevPnP.Core]	[0]	[Debug]	Creating file info with Url 'Custom-Script-Action.js'	0ms	
powershell.exe Information: 0 : 2018-10-24 21:36:04.7830	[OfficeDevPnP.Core]	[0]	[Debug]	Checking in file 'Custom-Script-Action.js'	0ms	
powershell.exe Information: 0 : 2018-10-24 21:36:04.9708	[OfficeDevPnP.Core]	[0]	[Debug]	Publishing file 'Custom-Script-Action.js'	0ms	
powershell.exe Information: 0 : 2018-10-24 21:36:05.1468	[Files]	[14]	[Debug]	Code execution scope ended	16704ms	f06ca0f6-94fe-4fc5-a890-40127d397045
powershell.exe Information: 0 : 2018-10-24 21:36:05.1968	[Tenant Settings]	[14]	[Debug]	Code execution scope started	0ms	f06ca0f6-94fe-4fc5-a890-40127d397045
powershell.exe Information: 0 : 2018-10-24 21:36:05.1978	[Tenant Settings]	[14]	[Debug]	Code execution scope ended	0ms	f06ca0f6-94fe-4fc5-a890-40127d397045
powershell.exe Information: 0 : 2018-10-24 21:36:05.2219	[Application Lifecycle Management]	[14]	[Debug]	Code execution scope started	0ms	f06ca0f6-94fe-4fc5-a890-40127d397045
powershell.exe Information: 0 : 2018-10-24 21:36:05.2219	[Application Lifecycle Management]	[14]	[Debug]	Code execution scope ended	0ms	f06ca0f6-94fe-4fc5-a890-40127d397045
powershell.exe Information: 0 : 2018-10-24 21:36:05.2448	[Custom Actions]	[14]	[Debug]	Code execution scope started	0ms	f06ca0f6-94fe-4fc5-a890-40127d397045
powershell.exe Information: 0 : 2018-10-24 21:36:05.3583	[Custom Actions]	[14]	[Debug]	Adding custom action 'QL_Dropdown' to scope Site	113ms	f06ca0f6-94fe-4fc5-a890-40127d397045
powershell.exe Information: 0 : 2018-10-24 21:36:07.5048	[Custom Actions]	[14]	[Debug]	Code execution scope ended	2260ms	f06ca0f6-94fe-4fc5-a890-40127d397045
powershell.exe Information: 0 : 2018-10-24 21:36:07.5058	[Persist Template Info]	[14]	[Debug]	Code execution scope started	0ms	f06ca0f6-94fe-4fc5-a890-40127d397045
powershell.exe Information: 0 : 2018-10-24 21:36:08.2130	[Persist Template Info]	[14]	[Debug]	Code execution scope ended	707ms	f06ca0f6-94fe-4fc5-a890-40127d397045
powershell.exe Information: 0 : 2018-10-24 21:36:08.2140	[Provisioning]	[14]	[Debug]	Code execution scope ended	27089ms	f06ca0f6-94fe-4fc5-a890-40127d397045
