powershell.exe Information: 0 : 2018-10-25 05:34:48.2981	[OfficeDevPnP.Core]	[0]	[Information]	File Custom.QuickLaunch.Template.xml retrieved from folder 	0ms	
powershell.exe Information: 0 : 2018-10-25 05:34:48.2991	[OfficeDevPnP.Core]	[0]	[Information]	File Custom.QuickLaunch.Template.xml retrieved from folder 	0ms	
powershell.exe Information: 0 : 2018-10-25 05:34:48.3182	[Provisioning]	[14]	[Debug]	Code execution scope started	0ms	d96263fc-f18f-41d4-a47c-b6dbff9ef251
powershell.exe Information: 0 : 2018-10-25 05:34:48.3192	[Provisioning]	[14]	[Information]	ProgressDelegate registered	0ms	d96263fc-f18f-41d4-a47c-b6dbff9ef251
powershell.exe Information: 0 : 2018-10-25 05:34:48.3192	[Provisioning]	[14]	[Information]	MessagesDelegate registered	1ms	d96263fc-f18f-41d4-a47c-b6dbff9ef251
powershell.exe Information: 0 : 2018-10-25 05:34:55.8953	[Extensibility Providers]	[14]	[Debug]	Code execution scope started	0ms	d96263fc-f18f-41d4-a47c-b6dbff9ef251
powershell.exe Information: 0 : 2018-10-25 05:34:55.8953	[Extensibility Providers]	[14]	[Debug]	Code execution scope ended	0ms	d96263fc-f18f-41d4-a47c-b6dbff9ef251
powershell.exe Information: 0 : 2018-10-25 05:34:56.0589	[Files]	[14]	[Debug]	Code execution scope started	0ms	d96263fc-f18f-41d4-a47c-b6dbff9ef251
powershell.exe Information: 0 : 2018-10-25 05:35:09.4458	[OfficeDevPnP.Core]	[0]	[Information]	Creating folder 'QuickLaunch' under List '/sites/brandme/Style Library'.	0ms	
powershell.exe Information: 0 : 2018-10-25 05:35:10.3327	[OfficeDevPnP.Core]	[0]	[Information]	File left-nav-override.js retrieved from folder 	0ms	
powershell.exe Information: 0 : 2018-10-25 05:35:10.3327	[Files]	[14]	[Debug]	Uploading file left-nav-override.js	14274ms	d96263fc-f18f-41d4-a47c-b6dbff9ef251
powershell.exe Information: 0 : 2018-10-25 05:35:10.3327	[OfficeDevPnP.Core]	[0]	[Debug]	Creating file info with Url 'left-nav-override.js'	0ms	
powershell.exe Information: 0 : 2018-10-25 05:35:11.3944	[OfficeDevPnP.Core]	[0]	[Debug]	Checking in file 'left-nav-override.js'	0ms	
powershell.exe Information: 0 : 2018-10-25 05:35:11.9806	[OfficeDevPnP.Core]	[0]	[Debug]	Publishing file 'left-nav-override.js'	0ms	
powershell.exe Information: 0 : 2018-10-25 05:35:13.2561	[OfficeDevPnP.Core]	[0]	[Information]	File left-nav-override.css retrieved from folder 	0ms	
powershell.exe Information: 0 : 2018-10-25 05:35:13.2561	[Files]	[14]	[Debug]	Uploading file left-nav-override.css	17197ms	d96263fc-f18f-41d4-a47c-b6dbff9ef251
powershell.exe Information: 0 : 2018-10-25 05:35:13.2561	[OfficeDevPnP.Core]	[0]	[Debug]	Creating file info with Url 'left-nav-override.css'	0ms	
powershell.exe Information: 0 : 2018-10-25 05:35:14.3110	[OfficeDevPnP.Core]	[0]	[Debug]	Checking in file 'left-nav-override.css'	0ms	
powershell.exe Information: 0 : 2018-10-25 05:35:14.8797	[OfficeDevPnP.Core]	[0]	[Debug]	Publishing file 'left-nav-override.css'	0ms	
powershell.exe Information: 0 : 2018-10-25 05:35:15.8669	[OfficeDevPnP.Core]	[0]	[Information]	File Custom-Script-Action.js retrieved from folder 	0ms	
powershell.exe Information: 0 : 2018-10-25 05:35:15.8669	[Files]	[14]	[Debug]	Uploading file Custom-Script-Action.js	19808ms	d96263fc-f18f-41d4-a47c-b6dbff9ef251
powershell.exe Information: 0 : 2018-10-25 05:35:15.8669	[OfficeDevPnP.Core]	[0]	[Debug]	Creating file info with Url 'Custom-Script-Action.js'	0ms	
powershell.exe Information: 0 : 2018-10-25 05:35:16.6194	[OfficeDevPnP.Core]	[0]	[Debug]	Checking in file 'Custom-Script-Action.js'	0ms	
powershell.exe Information: 0 : 2018-10-25 05:35:17.0308	[OfficeDevPnP.Core]	[0]	[Debug]	Publishing file 'Custom-Script-Action.js'	0ms	
powershell.exe Information: 0 : 2018-10-25 05:35:17.9639	[Files]	[14]	[Debug]	Uploading and overwriting existing file connectslogo(78px).png	21905ms	d96263fc-f18f-41d4-a47c-b6dbff9ef251
powershell.exe Information: 0 : 2018-10-25 05:35:18.1417	[OfficeDevPnP.Core]	[0]	[Information]	File connectslogo(78px).png retrieved from folder 	0ms	
powershell.exe Information: 0 : 2018-10-25 05:35:18.1417	[OfficeDevPnP.Core]	[0]	[Debug]	Creating file info with Url 'connectslogo(78px).png'	0ms	
powershell.exe Information: 0 : 2018-10-25 05:35:19.2753	[OfficeDevPnP.Core]	[0]	[Debug]	Checking in file 'connectslogo(78px).png'	0ms	
powershell.exe Information: 0 : 2018-10-25 05:35:19.6051	[OfficeDevPnP.Core]	[0]	[Debug]	Publishing file 'connectslogo(78px).png'	0ms	
powershell.exe Information: 0 : 2018-10-25 05:35:20.6772	[Files]	[14]	[Debug]	Uploading and overwriting existing file Waypoint-Logo_color.png	24618ms	d96263fc-f18f-41d4-a47c-b6dbff9ef251
powershell.exe Information: 0 : 2018-10-25 05:35:20.8286	[OfficeDevPnP.Core]	[0]	[Information]	File Waypoint-Logo_color.png retrieved from folder 	0ms	
powershell.exe Information: 0 : 2018-10-25 05:35:20.8286	[OfficeDevPnP.Core]	[0]	[Debug]	Creating file info with Url 'Waypoint-Logo_color.png'	0ms	
powershell.exe Information: 0 : 2018-10-25 05:35:21.7245	[OfficeDevPnP.Core]	[0]	[Debug]	Checking in file 'Waypoint-Logo_color.png'	0ms	
powershell.exe Information: 0 : 2018-10-25 05:35:22.2351	[OfficeDevPnP.Core]	[0]	[Debug]	Publishing file 'Waypoint-Logo_color.png'	0ms	
powershell.exe Information: 0 : 2018-10-25 05:35:22.6039	[Files]	[14]	[Debug]	Code execution scope ended	26545ms	d96263fc-f18f-41d4-a47c-b6dbff9ef251
powershell.exe Information: 0 : 2018-10-25 05:35:22.6499	[Tenant Settings]	[14]	[Debug]	Code execution scope started	0ms	d96263fc-f18f-41d4-a47c-b6dbff9ef251
powershell.exe Information: 0 : 2018-10-25 05:35:22.6509	[Tenant Settings]	[14]	[Debug]	Code execution scope ended	0ms	d96263fc-f18f-41d4-a47c-b6dbff9ef251
powershell.exe Information: 0 : 2018-10-25 05:35:22.6699	[Application Lifecycle Management]	[14]	[Debug]	Code execution scope started	0ms	d96263fc-f18f-41d4-a47c-b6dbff9ef251
powershell.exe Information: 0 : 2018-10-25 05:35:22.6699	[Application Lifecycle Management]	[14]	[Debug]	Code execution scope ended	0ms	d96263fc-f18f-41d4-a47c-b6dbff9ef251
powershell.exe Information: 0 : 2018-10-25 05:35:22.6939	[Custom Actions]	[14]	[Debug]	Code execution scope started	0ms	d96263fc-f18f-41d4-a47c-b6dbff9ef251
powershell.exe Information: 0 : 2018-10-25 05:35:22.9445	[Custom Actions]	[14]	[Debug]	Adding custom action 'QL_Dropdown' to scope Site	250ms	d96263fc-f18f-41d4-a47c-b6dbff9ef251
powershell.exe Information: 0 : 2018-10-25 05:35:23.2719	[Custom Actions]	[14]	[Debug]	Code execution scope ended	578ms	d96263fc-f18f-41d4-a47c-b6dbff9ef251
powershell.exe Information: 0 : 2018-10-25 05:35:23.2729	[Persist Template Info]	[14]	[Debug]	Code execution scope started	0ms	d96263fc-f18f-41d4-a47c-b6dbff9ef251
powershell.exe Information: 0 : 2018-10-25 05:35:24.7356	[Persist Template Info]	[14]	[Debug]	Code execution scope ended	1463ms	d96263fc-f18f-41d4-a47c-b6dbff9ef251
powershell.exe Information: 0 : 2018-10-25 05:35:24.7366	[Provisioning]	[14]	[Debug]	Code execution scope ended	36417ms	d96263fc-f18f-41d4-a47c-b6dbff9ef251
