powershell.exe Information: 0 : 2018-10-24 14:13:51.0832	[OfficeDevPnP.Core]	[0]	[Information]	File Custom.QuickLaunch.Template.xml retrieved from folder 	0ms	
powershell.exe Information: 0 : 2018-10-24 14:13:51.0842	[OfficeDevPnP.Core]	[0]	[Information]	File Custom.QuickLaunch.Template.xml retrieved from folder 	0ms	
powershell.exe Information: 0 : 2018-10-24 14:13:51.1192	[Provisioning]	[14]	[Debug]	Code execution scope started	0ms	06d0f824-1bb2-40a6-9d84-47b80b335b8c
powershell.exe Information: 0 : 2018-10-24 14:13:51.1202	[Provisioning]	[14]	[Information]	ProgressDelegate registered	0ms	06d0f824-1bb2-40a6-9d84-47b80b335b8c
powershell.exe Information: 0 : 2018-10-24 14:13:51.1222	[Provisioning]	[14]	[Information]	MessagesDelegate registered	2ms	06d0f824-1bb2-40a6-9d84-47b80b335b8c
powershell.exe Information: 0 : 2018-10-24 14:13:58.1033	[Extensibility Providers]	[14]	[Debug]	Code execution scope started	0ms	06d0f824-1bb2-40a6-9d84-47b80b335b8c
powershell.exe Information: 0 : 2018-10-24 14:13:58.1043	[Extensibility Providers]	[14]	[Debug]	Code execution scope ended	0ms	06d0f824-1bb2-40a6-9d84-47b80b335b8c
powershell.exe Information: 0 : 2018-10-24 14:13:58.2603	[Files]	[14]	[Debug]	Code execution scope started	0ms	06d0f824-1bb2-40a6-9d84-47b80b335b8c
powershell.exe Information: 0 : 2018-10-24 14:14:11.3360	[OfficeDevPnP.Core]	[0]	[Information]	Creating folder 'QuickLaunch' under List '/sites/brandme/Style Library'.	0ms	
powershell.exe Information: 0 : 2018-10-24 14:14:11.9246	[OfficeDevPnP.Core]	[0]	[Information]	File left-nav-override.js retrieved from folder 	0ms	
powershell.exe Information: 0 : 2018-10-24 14:14:11.9246	[Files]	[14]	[Debug]	Uploading file left-nav-override.js	13664ms	06d0f824-1bb2-40a6-9d84-47b80b335b8c
powershell.exe Information: 0 : 2018-10-24 14:14:11.9256	[OfficeDevPnP.Core]	[0]	[Debug]	Creating file info with Url 'left-nav-override.js'	0ms	
powershell.exe Information: 0 : 2018-10-24 14:14:12.5951	[OfficeDevPnP.Core]	[0]	[Debug]	Checking in file 'left-nav-override.js'	0ms	
powershell.exe Information: 0 : 2018-10-24 14:14:12.8471	[OfficeDevPnP.Core]	[0]	[Debug]	Publishing file 'left-nav-override.js'	0ms	
powershell.exe Information: 0 : 2018-10-24 14:14:13.5069	[OfficeDevPnP.Core]	[0]	[Information]	File left-nav-override.css retrieved from folder 	0ms	
powershell.exe Information: 0 : 2018-10-24 14:14:13.5069	[Files]	[14]	[Debug]	Uploading file left-nav-override.css	15246ms	06d0f824-1bb2-40a6-9d84-47b80b335b8c
powershell.exe Information: 0 : 2018-10-24 14:14:13.5069	[OfficeDevPnP.Core]	[0]	[Debug]	Creating file info with Url 'left-nav-override.css'	0ms	
powershell.exe Information: 0 : 2018-10-24 14:14:14.7456	[OfficeDevPnP.Core]	[0]	[Debug]	Checking in file 'left-nav-override.css'	0ms	
powershell.exe Information: 0 : 2018-10-24 14:14:15.0411	[OfficeDevPnP.Core]	[0]	[Debug]	Publishing file 'left-nav-override.css'	0ms	
powershell.exe Information: 0 : 2018-10-24 14:14:15.7220	[OfficeDevPnP.Core]	[0]	[Information]	File Custom-Script-Action.js retrieved from folder 	0ms	
powershell.exe Information: 0 : 2018-10-24 14:14:15.7230	[Files]	[14]	[Debug]	Uploading file Custom-Script-Action.js	17462ms	06d0f824-1bb2-40a6-9d84-47b80b335b8c
powershell.exe Information: 0 : 2018-10-24 14:14:15.7230	[OfficeDevPnP.Core]	[0]	[Debug]	Creating file info with Url 'Custom-Script-Action.js'	0ms	
powershell.exe Information: 0 : 2018-10-24 14:14:16.6640	[OfficeDevPnP.Core]	[0]	[Debug]	Checking in file 'Custom-Script-Action.js'	0ms	
powershell.exe Information: 0 : 2018-10-24 14:14:16.9262	[OfficeDevPnP.Core]	[0]	[Debug]	Publishing file 'Custom-Script-Action.js'	0ms	
powershell.exe Information: 0 : 2018-10-24 14:14:17.5966	[OfficeDevPnP.Core]	[0]	[Information]	File jquery-ui.min.js retrieved from folder 	0ms	
powershell.exe Information: 0 : 2018-10-24 14:14:17.5966	[Files]	[14]	[Debug]	Uploading file jquery-ui.min.js	19336ms	06d0f824-1bb2-40a6-9d84-47b80b335b8c
powershell.exe Information: 0 : 2018-10-24 14:14:17.5976	[OfficeDevPnP.Core]	[0]	[Debug]	Creating file info with Url 'jquery-ui.min.js'	0ms	
powershell.exe Information: 0 : 2018-10-24 14:14:18.2886	[OfficeDevPnP.Core]	[0]	[Debug]	Checking in file 'jquery-ui.min.js'	0ms	
powershell.exe Information: 0 : 2018-10-24 14:14:18.5068	[OfficeDevPnP.Core]	[0]	[Debug]	Publishing file 'jquery-ui.min.js'	0ms	
powershell.exe Information: 0 : 2018-10-24 14:14:18.9022	[Files]	[14]	[Debug]	Code execution scope ended	20641ms	06d0f824-1bb2-40a6-9d84-47b80b335b8c
powershell.exe Information: 0 : 2018-10-24 14:14:18.9741	[Tenant Settings]	[14]	[Debug]	Code execution scope started	0ms	06d0f824-1bb2-40a6-9d84-47b80b335b8c
powershell.exe Information: 0 : 2018-10-24 14:14:18.9751	[Tenant Settings]	[14]	[Debug]	Code execution scope ended	0ms	06d0f824-1bb2-40a6-9d84-47b80b335b8c
powershell.exe Information: 0 : 2018-10-24 14:14:18.9931	[Application Lifecycle Management]	[14]	[Debug]	Code execution scope started	0ms	06d0f824-1bb2-40a6-9d84-47b80b335b8c
powershell.exe Information: 0 : 2018-10-24 14:14:18.9931	[Application Lifecycle Management]	[14]	[Debug]	Code execution scope ended	0ms	06d0f824-1bb2-40a6-9d84-47b80b335b8c
powershell.exe Information: 0 : 2018-10-24 14:14:19.0172	[Custom Actions]	[14]	[Debug]	Code execution scope started	0ms	06d0f824-1bb2-40a6-9d84-47b80b335b8c
powershell.exe Information: 0 : 2018-10-24 14:14:19.1544	[Custom Actions]	[14]	[Debug]	Adding custom action 'QL_Dropdown' to scope Site	137ms	06d0f824-1bb2-40a6-9d84-47b80b335b8c
powershell.exe Information: 0 : 2018-10-24 14:14:19.5076	[Custom Actions]	[14]	[Debug]	Code execution scope ended	491ms	06d0f824-1bb2-40a6-9d84-47b80b335b8c
powershell.exe Information: 0 : 2018-10-24 14:14:19.5086	[Persist Template Info]	[14]	[Debug]	Code execution scope started	0ms	06d0f824-1bb2-40a6-9d84-47b80b335b8c
powershell.exe Information: 0 : 2018-10-24 14:14:20.2836	[Persist Template Info]	[14]	[Debug]	Code execution scope ended	775ms	06d0f824-1bb2-40a6-9d84-47b80b335b8c
powershell.exe Information: 0 : 2018-10-24 14:14:20.2845	[Provisioning]	[14]	[Debug]	Code execution scope ended	29164ms	06d0f824-1bb2-40a6-9d84-47b80b335b8c
