powershell.exe Information: 0 : 2018-10-21 22:23:15.3540	[OfficeDevPnP.Core]	[0]	[Information]	File Custom.QuickLaunch.Template.xml retrieved from folder 	0ms	
powershell.exe Information: 0 : 2018-10-21 22:23:15.3551	[OfficeDevPnP.Core]	[0]	[Information]	File Custom.QuickLaunch.Template.xml retrieved from folder 	0ms	
powershell.exe Information: 0 : 2018-10-21 22:23:15.3830	[Provisioning]	[14]	[Debug]	Code execution scope started	0ms	71559505-0a50-4f5f-bb80-e137f9e1b3fd
powershell.exe Information: 0 : 2018-10-21 22:23:15.3830	[Provisioning]	[14]	[Information]	ProgressDelegate registered	0ms	71559505-0a50-4f5f-bb80-e137f9e1b3fd
powershell.exe Information: 0 : 2018-10-21 22:23:15.3852	[Provisioning]	[14]	[Information]	MessagesDelegate registered	2ms	71559505-0a50-4f5f-bb80-e137f9e1b3fd
powershell.exe Information: 0 : 2018-10-21 22:23:22.2707	[Extensibility Providers]	[14]	[Debug]	Code execution scope started	0ms	71559505-0a50-4f5f-bb80-e137f9e1b3fd
powershell.exe Information: 0 : 2018-10-21 22:23:22.2707	[Extensibility Providers]	[14]	[Debug]	Code execution scope ended	0ms	71559505-0a50-4f5f-bb80-e137f9e1b3fd
powershell.exe Information: 0 : 2018-10-21 22:23:22.4414	[Files]	[14]	[Debug]	Code execution scope started	0ms	71559505-0a50-4f5f-bb80-e137f9e1b3fd
powershell.exe Information: 0 : 2018-10-21 22:23:35.0323	[OfficeDevPnP.Core]	[0]	[Information]	Creating folder 'QuickLaunch' under List '/sites/brandme/Style Library'.	0ms	
powershell.exe Information: 0 : 2018-10-21 22:23:35.6306	[OfficeDevPnP.Core]	[0]	[Information]	File left-nav-override.js retrieved from folder 	0ms	
powershell.exe Information: 0 : 2018-10-21 22:23:35.6306	[Files]	[14]	[Debug]	Uploading file left-nav-override.js	13188ms	71559505-0a50-4f5f-bb80-e137f9e1b3fd
powershell.exe Information: 0 : 2018-10-21 22:23:35.6306	[OfficeDevPnP.Core]	[0]	[Debug]	Creating file info with Url 'left-nav-override.js'	0ms	
powershell.exe Information: 0 : 2018-10-21 22:23:36.2241	[OfficeDevPnP.Core]	[0]	[Debug]	Checking in file 'left-nav-override.js'	0ms	
powershell.exe Information: 0 : 2018-10-21 22:23:36.4148	[OfficeDevPnP.Core]	[0]	[Debug]	Publishing file 'left-nav-override.js'	0ms	
powershell.exe Information: 0 : 2018-10-21 22:23:37.0623	[OfficeDevPnP.Core]	[0]	[Information]	File Custom-Script-Action.js retrieved from folder 	0ms	
powershell.exe Information: 0 : 2018-10-21 22:23:37.0623	[Files]	[14]	[Debug]	Uploading file Custom-Script-Action.js	14620ms	71559505-0a50-4f5f-bb80-e137f9e1b3fd
powershell.exe Information: 0 : 2018-10-21 22:23:37.0628	[OfficeDevPnP.Core]	[0]	[Debug]	Creating file info with Url 'Custom-Script-Action.js'	0ms	
powershell.exe Information: 0 : 2018-10-21 22:23:38.5107	[OfficeDevPnP.Core]	[0]	[Debug]	Checking in file 'Custom-Script-Action.js'	0ms	
powershell.exe Information: 0 : 2018-10-21 22:23:38.7392	[OfficeDevPnP.Core]	[0]	[Debug]	Publishing file 'Custom-Script-Action.js'	0ms	
powershell.exe Information: 0 : 2018-10-21 22:23:38.9169	[Files]	[14]	[Debug]	Code execution scope ended	16475ms	71559505-0a50-4f5f-bb80-e137f9e1b3fd
powershell.exe Information: 0 : 2018-10-21 22:23:38.9519	[Tenant Settings]	[14]	[Debug]	Code execution scope started	0ms	71559505-0a50-4f5f-bb80-e137f9e1b3fd
powershell.exe Information: 0 : 2018-10-21 22:23:38.9519	[Tenant Settings]	[14]	[Debug]	Code execution scope ended	0ms	71559505-0a50-4f5f-bb80-e137f9e1b3fd
powershell.exe Information: 0 : 2018-10-21 22:23:38.9699	[Application Lifecycle Management]	[14]	[Debug]	Code execution scope started	0ms	71559505-0a50-4f5f-bb80-e137f9e1b3fd
powershell.exe Information: 0 : 2018-10-21 22:23:38.9699	[Application Lifecycle Management]	[14]	[Debug]	Code execution scope ended	0ms	71559505-0a50-4f5f-bb80-e137f9e1b3fd
powershell.exe Information: 0 : 2018-10-21 22:23:38.9849	[Custom Actions]	[14]	[Debug]	Code execution scope started	0ms	71559505-0a50-4f5f-bb80-e137f9e1b3fd
powershell.exe Information: 0 : 2018-10-21 22:23:39.1140	[Custom Actions]	[14]	[Debug]	Adding custom action 'QL_Dropdown' to scope Site	128ms	71559505-0a50-4f5f-bb80-e137f9e1b3fd
powershell.exe Information: 0 : 2018-10-21 22:23:39.4467	[Custom Actions]	[14]	[Debug]	Code execution scope ended	461ms	71559505-0a50-4f5f-bb80-e137f9e1b3fd
powershell.exe Information: 0 : 2018-10-21 22:23:39.4472	[Persist Template Info]	[14]	[Debug]	Code execution scope started	0ms	71559505-0a50-4f5f-bb80-e137f9e1b3fd
powershell.exe Information: 0 : 2018-10-21 22:23:40.1896	[Persist Template Info]	[14]	[Debug]	Code execution scope ended	742ms	71559505-0a50-4f5f-bb80-e137f9e1b3fd
powershell.exe Information: 0 : 2018-10-21 22:23:40.1896	[Provisioning]	[14]	[Debug]	Code execution scope ended	24806ms	71559505-0a50-4f5f-bb80-e137f9e1b3fd
