powershell.exe Information: 0 : 2018-10-24 23:21:07.5445	[OfficeDevPnP.Core]	[0]	[Information]	File Custom.QuickLaunch.Template.xml retrieved from folder 	0ms	
powershell.exe Information: 0 : 2018-10-24 23:21:07.5455	[OfficeDevPnP.Core]	[0]	[Information]	File Custom.QuickLaunch.Template.xml retrieved from folder 	0ms	
powershell.exe Information: 0 : 2018-10-24 23:21:07.5685	[Provisioning]	[14]	[Debug]	Code execution scope started	0ms	8a9b5ac2-f249-4b7f-9ec4-75b0d2be2b21
powershell.exe Information: 0 : 2018-10-24 23:21:07.5685	[Provisioning]	[14]	[Information]	ProgressDelegate registered	0ms	8a9b5ac2-f249-4b7f-9ec4-75b0d2be2b21
powershell.exe Information: 0 : 2018-10-24 23:21:07.5715	[Provisioning]	[14]	[Information]	MessagesDelegate registered	2ms	8a9b5ac2-f249-4b7f-9ec4-75b0d2be2b21
powershell.exe Information: 0 : 2018-10-24 23:21:13.6731	[Extensibility Providers]	[14]	[Debug]	Code execution scope started	0ms	8a9b5ac2-f249-4b7f-9ec4-75b0d2be2b21
powershell.exe Information: 0 : 2018-10-24 23:21:13.6731	[Extensibility Providers]	[14]	[Debug]	Code execution scope ended	0ms	8a9b5ac2-f249-4b7f-9ec4-75b0d2be2b21
powershell.exe Information: 0 : 2018-10-24 23:21:13.7931	[Files]	[14]	[Debug]	Code execution scope started	0ms	8a9b5ac2-f249-4b7f-9ec4-75b0d2be2b21
powershell.exe Information: 0 : 2018-10-24 23:21:28.0839	[OfficeDevPnP.Core]	[0]	[Information]	Creating folder 'QuickLaunch' under List '/sites/brandme/Style Library'.	0ms	
powershell.exe Information: 0 : 2018-10-24 23:21:28.6459	[OfficeDevPnP.Core]	[0]	[Information]	File left-nav-override.js retrieved from folder 	0ms	
powershell.exe Information: 0 : 2018-10-24 23:21:28.6459	[Files]	[14]	[Debug]	Uploading file left-nav-override.js	14852ms	8a9b5ac2-f249-4b7f-9ec4-75b0d2be2b21
powershell.exe Information: 0 : 2018-10-24 23:21:28.6469	[OfficeDevPnP.Core]	[0]	[Debug]	Creating file info with Url 'left-nav-override.js'	0ms	
powershell.exe Information: 0 : 2018-10-24 23:21:29.4879	[OfficeDevPnP.Core]	[0]	[Debug]	Checking in file 'left-nav-override.js'	0ms	
powershell.exe Information: 0 : 2018-10-24 23:21:29.6959	[OfficeDevPnP.Core]	[0]	[Debug]	Publishing file 'left-nav-override.js'	0ms	
powershell.exe Information: 0 : 2018-10-24 23:21:30.3019	[OfficeDevPnP.Core]	[0]	[Information]	File left-nav-override.css retrieved from folder 	0ms	
powershell.exe Information: 0 : 2018-10-24 23:21:30.3019	[Files]	[14]	[Debug]	Uploading file left-nav-override.css	16508ms	8a9b5ac2-f249-4b7f-9ec4-75b0d2be2b21
powershell.exe Information: 0 : 2018-10-24 23:21:30.3019	[OfficeDevPnP.Core]	[0]	[Debug]	Creating file info with Url 'left-nav-override.css'	0ms	
powershell.exe Information: 0 : 2018-10-24 23:21:31.3859	[OfficeDevPnP.Core]	[0]	[Debug]	Checking in file 'left-nav-override.css'	0ms	
powershell.exe Information: 0 : 2018-10-24 23:21:31.5909	[OfficeDevPnP.Core]	[0]	[Debug]	Publishing file 'left-nav-override.css'	0ms	
powershell.exe Information: 0 : 2018-10-24 23:21:32.2359	[OfficeDevPnP.Core]	[0]	[Information]	File Custom-Script-Action.js retrieved from folder 	0ms	
powershell.exe Information: 0 : 2018-10-24 23:21:32.2359	[Files]	[14]	[Debug]	Uploading file Custom-Script-Action.js	18442ms	8a9b5ac2-f249-4b7f-9ec4-75b0d2be2b21
powershell.exe Information: 0 : 2018-10-24 23:21:32.2359	[OfficeDevPnP.Core]	[0]	[Debug]	Creating file info with Url 'Custom-Script-Action.js'	0ms	
powershell.exe Information: 0 : 2018-10-24 23:21:32.8287	[OfficeDevPnP.Core]	[0]	[Debug]	Checking in file 'Custom-Script-Action.js'	0ms	
powershell.exe Information: 0 : 2018-10-24 23:21:33.1227	[OfficeDevPnP.Core]	[0]	[Debug]	Publishing file 'Custom-Script-Action.js'	0ms	
powershell.exe Information: 0 : 2018-10-24 23:21:33.2957	[Files]	[14]	[Debug]	Code execution scope ended	19502ms	8a9b5ac2-f249-4b7f-9ec4-75b0d2be2b21
powershell.exe Information: 0 : 2018-10-24 23:21:33.3417	[Tenant Settings]	[14]	[Debug]	Code execution scope started	0ms	8a9b5ac2-f249-4b7f-9ec4-75b0d2be2b21
powershell.exe Information: 0 : 2018-10-24 23:21:33.3427	[Tenant Settings]	[14]	[Debug]	Code execution scope ended	0ms	8a9b5ac2-f249-4b7f-9ec4-75b0d2be2b21
powershell.exe Information: 0 : 2018-10-24 23:21:33.3677	[Application Lifecycle Management]	[14]	[Debug]	Code execution scope started	0ms	8a9b5ac2-f249-4b7f-9ec4-75b0d2be2b21
powershell.exe Information: 0 : 2018-10-24 23:21:33.3677	[Application Lifecycle Management]	[14]	[Debug]	Code execution scope ended	0ms	8a9b5ac2-f249-4b7f-9ec4-75b0d2be2b21
powershell.exe Information: 0 : 2018-10-24 23:21:33.3907	[Custom Actions]	[14]	[Debug]	Code execution scope started	0ms	8a9b5ac2-f249-4b7f-9ec4-75b0d2be2b21
powershell.exe Information: 0 : 2018-10-24 23:21:33.5115	[Custom Actions]	[14]	[Debug]	Adding custom action 'QL_Dropdown' to scope Site	120ms	8a9b5ac2-f249-4b7f-9ec4-75b0d2be2b21
powershell.exe Information: 0 : 2018-10-24 23:21:33.8155	[Custom Actions]	[14]	[Debug]	Code execution scope ended	424ms	8a9b5ac2-f249-4b7f-9ec4-75b0d2be2b21
powershell.exe Information: 0 : 2018-10-24 23:21:33.8155	[Persist Template Info]	[14]	[Debug]	Code execution scope started	0ms	8a9b5ac2-f249-4b7f-9ec4-75b0d2be2b21
powershell.exe Information: 0 : 2018-10-24 23:21:34.6533	[Persist Template Info]	[14]	[Debug]	Code execution scope ended	837ms	8a9b5ac2-f249-4b7f-9ec4-75b0d2be2b21
powershell.exe Information: 0 : 2018-10-24 23:21:34.6543	[Provisioning]	[14]	[Debug]	Code execution scope ended	27085ms	8a9b5ac2-f249-4b7f-9ec4-75b0d2be2b21
