powershell.exe Information: 0 : 2018-10-24 10:57:36.7015	[OfficeDevPnP.Core]	[0]	[Information]	File Custom.QuickLaunch.Template.xml retrieved from folder 	0ms	
powershell.exe Information: 0 : 2018-10-24 10:57:36.7035	[OfficeDevPnP.Core]	[0]	[Information]	File Custom.QuickLaunch.Template.xml retrieved from folder 	0ms	
powershell.exe Information: 0 : 2018-10-24 10:57:36.7585	[Provisioning]	[14]	[Debug]	Code execution scope started	0ms	3c85ae88-a4e3-4aa2-8066-06ab97181d99
powershell.exe Information: 0 : 2018-10-24 10:57:36.7585	[Provisioning]	[14]	[Information]	ProgressDelegate registered	0ms	3c85ae88-a4e3-4aa2-8066-06ab97181d99
powershell.exe Information: 0 : 2018-10-24 10:57:36.7590	[Provisioning]	[14]	[Information]	MessagesDelegate registered	0ms	3c85ae88-a4e3-4aa2-8066-06ab97181d99
powershell.exe Information: 0 : 2018-10-24 10:57:44.2550	[Extensibility Providers]	[14]	[Debug]	Code execution scope started	0ms	3c85ae88-a4e3-4aa2-8066-06ab97181d99
powershell.exe Information: 0 : 2018-10-24 10:57:44.2550	[Extensibility Providers]	[14]	[Debug]	Code execution scope ended	0ms	3c85ae88-a4e3-4aa2-8066-06ab97181d99
powershell.exe Information: 0 : 2018-10-24 10:57:44.3781	[Files]	[14]	[Debug]	Code execution scope started	0ms	3c85ae88-a4e3-4aa2-8066-06ab97181d99
powershell.exe Information: 0 : 2018-10-24 10:57:56.8185	[OfficeDevPnP.Core]	[0]	[Information]	Creating folder 'QuickLaunch' under List '/sites/brandme/Style Library'.	0ms	
powershell.exe Information: 0 : 2018-10-24 10:57:57.4809	[OfficeDevPnP.Core]	[0]	[Information]	File left-nav-override.js retrieved from folder 	0ms	
powershell.exe Information: 0 : 2018-10-24 10:57:57.4809	[Files]	[14]	[Debug]	Uploading file left-nav-override.js	13102ms	3c85ae88-a4e3-4aa2-8066-06ab97181d99
powershell.exe Information: 0 : 2018-10-24 10:57:57.4809	[OfficeDevPnP.Core]	[0]	[Debug]	Creating file info with Url 'left-nav-override.js'	0ms	
powershell.exe Information: 0 : 2018-10-24 10:57:58.5405	[OfficeDevPnP.Core]	[0]	[Debug]	Checking in file 'left-nav-override.js'	0ms	
powershell.exe Information: 0 : 2018-10-24 10:57:58.7859	[OfficeDevPnP.Core]	[0]	[Debug]	Publishing file 'left-nav-override.js'	0ms	
powershell.exe Information: 0 : 2018-10-24 10:57:59.4911	[OfficeDevPnP.Core]	[0]	[Information]	File left-nav-override.css retrieved from folder 	0ms	
powershell.exe Information: 0 : 2018-10-24 10:57:59.4911	[Files]	[14]	[Debug]	Uploading file left-nav-override.css	15112ms	3c85ae88-a4e3-4aa2-8066-06ab97181d99
powershell.exe Information: 0 : 2018-10-24 10:57:59.4911	[OfficeDevPnP.Core]	[0]	[Debug]	Creating file info with Url 'left-nav-override.css'	0ms	
powershell.exe Information: 0 : 2018-10-24 10:58:00.2497	[OfficeDevPnP.Core]	[0]	[Debug]	Checking in file 'left-nav-override.css'	0ms	
powershell.exe Information: 0 : 2018-10-24 10:58:00.4847	[OfficeDevPnP.Core]	[0]	[Debug]	Publishing file 'left-nav-override.css'	0ms	
powershell.exe Information: 0 : 2018-10-24 10:58:01.5014	[OfficeDevPnP.Core]	[0]	[Information]	File Custom-Script-Action.js retrieved from folder 	0ms	
powershell.exe Information: 0 : 2018-10-24 10:58:01.5014	[Files]	[14]	[Debug]	Uploading file Custom-Script-Action.js	17122ms	3c85ae88-a4e3-4aa2-8066-06ab97181d99
powershell.exe Information: 0 : 2018-10-24 10:58:01.5020	[OfficeDevPnP.Core]	[0]	[Debug]	Creating file info with Url 'Custom-Script-Action.js'	0ms	
powershell.exe Information: 0 : 2018-10-24 10:58:02.2543	[OfficeDevPnP.Core]	[0]	[Debug]	Checking in file 'Custom-Script-Action.js'	0ms	
powershell.exe Information: 0 : 2018-10-24 10:58:02.5327	[OfficeDevPnP.Core]	[0]	[Debug]	Publishing file 'Custom-Script-Action.js'	0ms	
powershell.exe Information: 0 : 2018-10-24 10:58:03.4204	[OfficeDevPnP.Core]	[0]	[Information]	File jquery-ui.min.js retrieved from folder 	0ms	
powershell.exe Information: 0 : 2018-10-24 10:58:03.4204	[Files]	[14]	[Debug]	Uploading file jquery-ui.min.js	19041ms	3c85ae88-a4e3-4aa2-8066-06ab97181d99
powershell.exe Information: 0 : 2018-10-24 10:58:03.4204	[OfficeDevPnP.Core]	[0]	[Debug]	Creating file info with Url 'jquery-ui.min.js'	0ms	
powershell.exe Information: 0 : 2018-10-24 10:58:04.1722	[OfficeDevPnP.Core]	[0]	[Debug]	Checking in file 'jquery-ui.min.js'	0ms	
powershell.exe Information: 0 : 2018-10-24 10:58:04.4378	[OfficeDevPnP.Core]	[0]	[Debug]	Publishing file 'jquery-ui.min.js'	0ms	
powershell.exe Information: 0 : 2018-10-24 10:58:04.7148	[Files]	[14]	[Debug]	Code execution scope ended	20336ms	3c85ae88-a4e3-4aa2-8066-06ab97181d99
powershell.exe Information: 0 : 2018-10-24 10:58:04.7599	[Tenant Settings]	[14]	[Debug]	Code execution scope started	0ms	3c85ae88-a4e3-4aa2-8066-06ab97181d99
powershell.exe Information: 0 : 2018-10-24 10:58:04.7609	[Tenant Settings]	[14]	[Debug]	Code execution scope ended	0ms	3c85ae88-a4e3-4aa2-8066-06ab97181d99
powershell.exe Information: 0 : 2018-10-24 10:58:04.7789	[Application Lifecycle Management]	[14]	[Debug]	Code execution scope started	0ms	3c85ae88-a4e3-4aa2-8066-06ab97181d99
powershell.exe Information: 0 : 2018-10-24 10:58:04.7789	[Application Lifecycle Management]	[14]	[Debug]	Code execution scope ended	0ms	3c85ae88-a4e3-4aa2-8066-06ab97181d99
powershell.exe Information: 0 : 2018-10-24 10:58:04.8019	[Custom Actions]	[14]	[Debug]	Code execution scope started	0ms	3c85ae88-a4e3-4aa2-8066-06ab97181d99
powershell.exe Information: 0 : 2018-10-24 10:58:04.9377	[Custom Actions]	[14]	[Debug]	Adding custom action 'QL_Dropdown' to scope Site	135ms	3c85ae88-a4e3-4aa2-8066-06ab97181d99
powershell.exe Information: 0 : 2018-10-24 10:58:05.3059	[Custom Actions]	[14]	[Debug]	Code execution scope ended	504ms	3c85ae88-a4e3-4aa2-8066-06ab97181d99
powershell.exe Information: 0 : 2018-10-24 10:58:05.3059	[Persist Template Info]	[14]	[Debug]	Code execution scope started	0ms	3c85ae88-a4e3-4aa2-8066-06ab97181d99
powershell.exe Information: 0 : 2018-10-24 10:58:06.0795	[Persist Template Info]	[14]	[Debug]	Code execution scope ended	773ms	3c85ae88-a4e3-4aa2-8066-06ab97181d99
powershell.exe Information: 0 : 2018-10-24 10:58:06.0795	[Provisioning]	[14]	[Debug]	Code execution scope ended	29321ms	3c85ae88-a4e3-4aa2-8066-06ab97181d99
