powershell.exe Information: 0 : 2018-10-17 23:50:45.2819	[OfficeDevPnP.Core]	[0]	[Information]	File Custom.QuickLaunch.Template.xml retrieved from folder 	0ms	
powershell.exe Information: 0 : 2018-10-17 23:50:45.2829	[OfficeDevPnP.Core]	[0]	[Information]	File Custom.QuickLaunch.Template.xml retrieved from folder 	0ms	
powershell.exe Information: 0 : 2018-10-17 23:50:45.3069	[Provisioning]	[14]	[Debug]	Code execution scope started	0ms	7eaf17ec-c59b-44b7-acba-f99b20f9983e
powershell.exe Information: 0 : 2018-10-17 23:50:45.3069	[Provisioning]	[14]	[Information]	ProgressDelegate registered	0ms	7eaf17ec-c59b-44b7-acba-f99b20f9983e
powershell.exe Information: 0 : 2018-10-17 23:50:45.3079	[Provisioning]	[14]	[Information]	MessagesDelegate registered	0ms	7eaf17ec-c59b-44b7-acba-f99b20f9983e
powershell.exe Information: 0 : 2018-10-17 23:50:51.8641	[Extensibility Providers]	[14]	[Debug]	Code execution scope started	0ms	7eaf17ec-c59b-44b7-acba-f99b20f9983e
powershell.exe Information: 0 : 2018-10-17 23:50:51.8641	[Extensibility Providers]	[14]	[Debug]	Code execution scope ended	0ms	7eaf17ec-c59b-44b7-acba-f99b20f9983e
powershell.exe Information: 0 : 2018-10-17 23:50:52.0071	[Files]	[14]	[Debug]	Code execution scope started	0ms	7eaf17ec-c59b-44b7-acba-f99b20f9983e
powershell.exe Information: 0 : 2018-10-17 23:50:52.3417	[OfficeDevPnP.Core]	[0]	[Information]	Creating folder 'QuickLaunch' under List '/sites/brandme/Style Library'.	0ms	
powershell.exe Information: 0 : 2018-10-17 23:50:52.9596	[OfficeDevPnP.Core]	[0]	[Information]	File left-nav-override.js retrieved from folder 	0ms	
powershell.exe Information: 0 : 2018-10-17 23:50:52.9596	[Files]	[14]	[Debug]	Uploading file left-nav-override.js	952ms	7eaf17ec-c59b-44b7-acba-f99b20f9983e
powershell.exe Information: 0 : 2018-10-17 23:50:52.9596	[OfficeDevPnP.Core]	[0]	[Debug]	Creating file info with Url 'left-nav-override.js'	0ms	
powershell.exe Information: 0 : 2018-10-17 23:50:53.6593	[OfficeDevPnP.Core]	[0]	[Debug]	Checking in file 'left-nav-override.js'	0ms	
powershell.exe Information: 0 : 2018-10-17 23:50:53.8578	[OfficeDevPnP.Core]	[0]	[Debug]	Publishing file 'left-nav-override.js'	0ms	
powershell.exe Information: 0 : 2018-10-17 23:50:54.5344	[OfficeDevPnP.Core]	[0]	[Information]	File Custom-Script-Action.js retrieved from folder 	0ms	
powershell.exe Information: 0 : 2018-10-17 23:50:54.5354	[Files]	[14]	[Debug]	Uploading file Custom-Script-Action.js	2528ms	7eaf17ec-c59b-44b7-acba-f99b20f9983e
powershell.exe Information: 0 : 2018-10-17 23:50:54.5364	[OfficeDevPnP.Core]	[0]	[Debug]	Creating file info with Url 'Custom-Script-Action.js'	0ms	
powershell.exe Information: 0 : 2018-10-17 23:50:55.3144	[OfficeDevPnP.Core]	[0]	[Debug]	Checking in file 'Custom-Script-Action.js'	0ms	
powershell.exe Information: 0 : 2018-10-17 23:50:56.0359	[OfficeDevPnP.Core]	[0]	[Debug]	Publishing file 'Custom-Script-Action.js'	0ms	
powershell.exe Information: 0 : 2018-10-17 23:50:56.3722	[Files]	[14]	[Debug]	Code execution scope ended	4364ms	7eaf17ec-c59b-44b7-acba-f99b20f9983e
powershell.exe Information: 0 : 2018-10-17 23:50:56.4217	[Tenant Settings]	[14]	[Debug]	Code execution scope started	0ms	7eaf17ec-c59b-44b7-acba-f99b20f9983e
powershell.exe Information: 0 : 2018-10-17 23:50:56.4228	[Tenant Settings]	[14]	[Debug]	Code execution scope ended	0ms	7eaf17ec-c59b-44b7-acba-f99b20f9983e
powershell.exe Information: 0 : 2018-10-17 23:50:56.4427	[Application Lifecycle Management]	[14]	[Debug]	Code execution scope started	0ms	7eaf17ec-c59b-44b7-acba-f99b20f9983e
powershell.exe Information: 0 : 2018-10-17 23:50:56.4437	[Application Lifecycle Management]	[14]	[Debug]	Code execution scope ended	0ms	7eaf17ec-c59b-44b7-acba-f99b20f9983e
powershell.exe Information: 0 : 2018-10-17 23:50:56.4723	[Custom Actions]	[14]	[Debug]	Code execution scope started	0ms	7eaf17ec-c59b-44b7-acba-f99b20f9983e
powershell.exe Information: 0 : 2018-10-17 23:51:08.5902	[Custom Actions]	[14]	[Debug]	Adding custom action 'QL_Dropdown' to scope Site	12118ms	7eaf17ec-c59b-44b7-acba-f99b20f9983e
powershell.exe Information: 0 : 2018-10-17 23:51:08.9291	[Custom Actions]	[14]	[Debug]	Code execution scope ended	12456ms	7eaf17ec-c59b-44b7-acba-f99b20f9983e
powershell.exe Information: 0 : 2018-10-17 23:51:08.9296	[Persist Template Info]	[14]	[Debug]	Code execution scope started	0ms	7eaf17ec-c59b-44b7-acba-f99b20f9983e
powershell.exe Information: 0 : 2018-10-17 23:51:09.9169	[Persist Template Info]	[14]	[Debug]	Code execution scope ended	987ms	7eaf17ec-c59b-44b7-acba-f99b20f9983e
powershell.exe Information: 0 : 2018-10-17 23:51:09.9169	[Provisioning]	[14]	[Debug]	Code execution scope ended	24609ms	7eaf17ec-c59b-44b7-acba-f99b20f9983e
