powershell.exe Information: 0 : 2018-10-24 20:18:27.5783	[OfficeDevPnP.Core]	[0]	[Information]	File Custom.QuickLaunch.Template.xml retrieved from folder 	0ms	
powershell.exe Information: 0 : 2018-10-24 20:18:27.5853	[OfficeDevPnP.Core]	[0]	[Information]	File Custom.QuickLaunch.Template.xml retrieved from folder 	0ms	
powershell.exe Information: 0 : 2018-10-24 20:18:27.6013	[Provisioning]	[14]	[Debug]	Code execution scope started	0ms	fc793e86-6797-4c51-bbeb-fb780367ef76
powershell.exe Information: 0 : 2018-10-24 20:18:27.6023	[Provisioning]	[14]	[Information]	ProgressDelegate registered	0ms	fc793e86-6797-4c51-bbeb-fb780367ef76
powershell.exe Information: 0 : 2018-10-24 20:18:27.6023	[Provisioning]	[14]	[Information]	MessagesDelegate registered	0ms	fc793e86-6797-4c51-bbeb-fb780367ef76
powershell.exe Information: 0 : 2018-10-24 20:18:34.3303	[Extensibility Providers]	[14]	[Debug]	Code execution scope started	0ms	fc793e86-6797-4c51-bbeb-fb780367ef76
powershell.exe Information: 0 : 2018-10-24 20:18:34.3313	[Extensibility Providers]	[14]	[Debug]	Code execution scope ended	0ms	fc793e86-6797-4c51-bbeb-fb780367ef76
powershell.exe Information: 0 : 2018-10-24 20:18:34.4553	[Files]	[14]	[Debug]	Code execution scope started	0ms	fc793e86-6797-4c51-bbeb-fb780367ef76
powershell.exe Information: 0 : 2018-10-24 20:18:46.1580	[OfficeDevPnP.Core]	[0]	[Information]	Creating folder 'QuickLaunch' under List '/sites/brandme/Style Library'.	0ms	
powershell.exe Information: 0 : 2018-10-24 20:18:46.7975	[OfficeDevPnP.Core]	[0]	[Information]	File left-nav-override.js retrieved from folder 	0ms	
powershell.exe Information: 0 : 2018-10-24 20:18:46.7975	[Files]	[14]	[Debug]	Uploading file left-nav-override.js	12342ms	fc793e86-6797-4c51-bbeb-fb780367ef76
powershell.exe Information: 0 : 2018-10-24 20:18:46.7975	[OfficeDevPnP.Core]	[0]	[Debug]	Creating file info with Url 'left-nav-override.js'	0ms	
powershell.exe Information: 0 : 2018-10-24 20:18:47.6237	[OfficeDevPnP.Core]	[0]	[Debug]	Checking in file 'left-nav-override.js'	0ms	
powershell.exe Information: 0 : 2018-10-24 20:18:47.8142	[OfficeDevPnP.Core]	[0]	[Debug]	Publishing file 'left-nav-override.js'	0ms	
powershell.exe Information: 0 : 2018-10-24 20:18:48.4249	[OfficeDevPnP.Core]	[0]	[Information]	File left-nav-override.css retrieved from folder 	0ms	
powershell.exe Information: 0 : 2018-10-24 20:18:48.4249	[Files]	[14]	[Debug]	Uploading file left-nav-override.css	13969ms	fc793e86-6797-4c51-bbeb-fb780367ef76
powershell.exe Information: 0 : 2018-10-24 20:18:48.4259	[OfficeDevPnP.Core]	[0]	[Debug]	Creating file info with Url 'left-nav-override.css'	0ms	
powershell.exe Information: 0 : 2018-10-24 20:18:49.0815	[OfficeDevPnP.Core]	[0]	[Debug]	Checking in file 'left-nav-override.css'	0ms	
powershell.exe Information: 0 : 2018-10-24 20:18:49.2733	[OfficeDevPnP.Core]	[0]	[Debug]	Publishing file 'left-nav-override.css'	0ms	
powershell.exe Information: 0 : 2018-10-24 20:18:49.8899	[OfficeDevPnP.Core]	[0]	[Information]	File Custom-Script-Action.js retrieved from folder 	0ms	
powershell.exe Information: 0 : 2018-10-24 20:18:49.8899	[Files]	[14]	[Debug]	Uploading file Custom-Script-Action.js	15434ms	fc793e86-6797-4c51-bbeb-fb780367ef76
powershell.exe Information: 0 : 2018-10-24 20:18:49.8899	[OfficeDevPnP.Core]	[0]	[Debug]	Creating file info with Url 'Custom-Script-Action.js'	0ms	
powershell.exe Information: 0 : 2018-10-24 20:18:50.4776	[OfficeDevPnP.Core]	[0]	[Debug]	Checking in file 'Custom-Script-Action.js'	0ms	
powershell.exe Information: 0 : 2018-10-24 20:18:50.7088	[OfficeDevPnP.Core]	[0]	[Debug]	Publishing file 'Custom-Script-Action.js'	0ms	
powershell.exe Information: 0 : 2018-10-24 20:18:50.9158	[Files]	[14]	[Debug]	Code execution scope ended	16460ms	fc793e86-6797-4c51-bbeb-fb780367ef76
powershell.exe Information: 0 : 2018-10-24 20:18:50.9628	[Tenant Settings]	[14]	[Debug]	Code execution scope started	0ms	fc793e86-6797-4c51-bbeb-fb780367ef76
powershell.exe Information: 0 : 2018-10-24 20:18:50.9648	[Tenant Settings]	[14]	[Debug]	Code execution scope ended	1ms	fc793e86-6797-4c51-bbeb-fb780367ef76
powershell.exe Information: 0 : 2018-10-24 20:18:50.9858	[Application Lifecycle Management]	[14]	[Debug]	Code execution scope started	0ms	fc793e86-6797-4c51-bbeb-fb780367ef76
powershell.exe Information: 0 : 2018-10-24 20:18:50.9858	[Application Lifecycle Management]	[14]	[Debug]	Code execution scope ended	0ms	fc793e86-6797-4c51-bbeb-fb780367ef76
powershell.exe Information: 0 : 2018-10-24 20:18:51.0052	[Custom Actions]	[14]	[Debug]	Code execution scope started	0ms	fc793e86-6797-4c51-bbeb-fb780367ef76
powershell.exe Information: 0 : 2018-10-24 20:18:51.1133	[Custom Actions]	[14]	[Debug]	Adding custom action 'QL_Dropdown' to scope Site	108ms	fc793e86-6797-4c51-bbeb-fb780367ef76
powershell.exe Information: 0 : 2018-10-24 20:18:51.4716	[Custom Actions]	[14]	[Debug]	Code execution scope ended	467ms	fc793e86-6797-4c51-bbeb-fb780367ef76
powershell.exe Information: 0 : 2018-10-24 20:18:51.4726	[Persist Template Info]	[14]	[Debug]	Code execution scope started	0ms	fc793e86-6797-4c51-bbeb-fb780367ef76
powershell.exe Information: 0 : 2018-10-24 20:18:52.3959	[Persist Template Info]	[14]	[Debug]	Code execution scope ended	923ms	fc793e86-6797-4c51-bbeb-fb780367ef76
powershell.exe Information: 0 : 2018-10-24 20:18:52.3959	[Provisioning]	[14]	[Debug]	Code execution scope ended	24794ms	fc793e86-6797-4c51-bbeb-fb780367ef76
