powershell.exe Information: 0 : 2018-10-18 00:36:46.2706	[OfficeDevPnP.Core]	[0]	[Information]	File Custom.QuickLaunch.Template.xml retrieved from folder 	0ms	
powershell.exe Information: 0 : 2018-10-18 00:36:46.2766	[OfficeDevPnP.Core]	[0]	[Information]	File Custom.QuickLaunch.Template.xml retrieved from folder 	0ms	
powershell.exe Information: 0 : 2018-10-18 00:36:46.3117	[Provisioning]	[14]	[Debug]	Code execution scope started	0ms	3c28d937-bd72-459d-aedf-bde1b4580cf5
powershell.exe Information: 0 : 2018-10-18 00:36:46.3117	[Provisioning]	[14]	[Information]	ProgressDelegate registered	0ms	3c28d937-bd72-459d-aedf-bde1b4580cf5
powershell.exe Information: 0 : 2018-10-18 00:36:46.3126	[Provisioning]	[14]	[Information]	MessagesDelegate registered	0ms	3c28d937-bd72-459d-aedf-bde1b4580cf5
powershell.exe Information: 0 : 2018-10-18 00:36:54.3683	[Extensibility Providers]	[14]	[Debug]	Code execution scope started	0ms	3c28d937-bd72-459d-aedf-bde1b4580cf5
powershell.exe Information: 0 : 2018-10-18 00:36:54.3693	[Extensibility Providers]	[14]	[Debug]	Code execution scope ended	0ms	3c28d937-bd72-459d-aedf-bde1b4580cf5
powershell.exe Information: 0 : 2018-10-18 00:36:54.5492	[Files]	[14]	[Debug]	Code execution scope started	0ms	3c28d937-bd72-459d-aedf-bde1b4580cf5
powershell.exe Information: 0 : 2018-10-18 00:37:06.5585	[OfficeDevPnP.Core]	[0]	[Information]	Creating folder 'QuickLaunch' under List '/sites/brandme/Style Library'.	0ms	
powershell.exe Information: 0 : 2018-10-18 00:37:07.1588	[OfficeDevPnP.Core]	[0]	[Information]	File left-nav-override.js retrieved from folder 	0ms	
powershell.exe Information: 0 : 2018-10-18 00:37:07.1588	[Files]	[14]	[Debug]	Uploading file left-nav-override.js	12610ms	3c28d937-bd72-459d-aedf-bde1b4580cf5
powershell.exe Information: 0 : 2018-10-18 00:37:07.1598	[OfficeDevPnP.Core]	[0]	[Debug]	Creating file info with Url 'left-nav-override.js'	0ms	
powershell.exe Information: 0 : 2018-10-18 00:37:07.8564	[OfficeDevPnP.Core]	[0]	[Debug]	Checking in file 'left-nav-override.js'	0ms	
powershell.exe Information: 0 : 2018-10-18 00:37:08.0706	[OfficeDevPnP.Core]	[0]	[Debug]	Publishing file 'left-nav-override.js'	0ms	
powershell.exe Information: 0 : 2018-10-18 00:37:08.7759	[OfficeDevPnP.Core]	[0]	[Information]	File Custom-Script-Action.js retrieved from folder 	0ms	
powershell.exe Information: 0 : 2018-10-18 00:37:08.7769	[Files]	[14]	[Debug]	Uploading file Custom-Script-Action.js	14227ms	3c28d937-bd72-459d-aedf-bde1b4580cf5
powershell.exe Information: 0 : 2018-10-18 00:37:08.7769	[OfficeDevPnP.Core]	[0]	[Debug]	Creating file info with Url 'Custom-Script-Action.js'	0ms	
powershell.exe Information: 0 : 2018-10-18 00:37:09.4810	[OfficeDevPnP.Core]	[0]	[Debug]	Checking in file 'Custom-Script-Action.js'	0ms	
powershell.exe Information: 0 : 2018-10-18 00:37:09.7351	[OfficeDevPnP.Core]	[0]	[Debug]	Publishing file 'Custom-Script-Action.js'	0ms	
powershell.exe Information: 0 : 2018-10-18 00:37:09.9643	[Files]	[14]	[Debug]	Code execution scope ended	15415ms	3c28d937-bd72-459d-aedf-bde1b4580cf5
powershell.exe Information: 0 : 2018-10-18 00:37:10.0146	[Tenant Settings]	[14]	[Debug]	Code execution scope started	0ms	3c28d937-bd72-459d-aedf-bde1b4580cf5
powershell.exe Information: 0 : 2018-10-18 00:37:10.0156	[Tenant Settings]	[14]	[Debug]	Code execution scope ended	0ms	3c28d937-bd72-459d-aedf-bde1b4580cf5
powershell.exe Information: 0 : 2018-10-18 00:37:10.0371	[Application Lifecycle Management]	[14]	[Debug]	Code execution scope started	0ms	3c28d937-bd72-459d-aedf-bde1b4580cf5
powershell.exe Information: 0 : 2018-10-18 00:37:10.0376	[Application Lifecycle Management]	[14]	[Debug]	Code execution scope ended	0ms	3c28d937-bd72-459d-aedf-bde1b4580cf5
powershell.exe Information: 0 : 2018-10-18 00:37:10.0511	[Custom Actions]	[14]	[Debug]	Code execution scope started	0ms	3c28d937-bd72-459d-aedf-bde1b4580cf5
powershell.exe Information: 0 : 2018-10-18 00:37:10.1683	[Custom Actions]	[14]	[Debug]	Adding custom action 'QL_Dropdown' to scope Site	116ms	3c28d937-bd72-459d-aedf-bde1b4580cf5
powershell.exe Information: 0 : 2018-10-18 00:37:10.4196	[Custom Actions]	[14]	[Debug]	Code execution scope ended	368ms	3c28d937-bd72-459d-aedf-bde1b4580cf5
powershell.exe Information: 0 : 2018-10-18 00:37:10.4206	[Persist Template Info]	[14]	[Debug]	Code execution scope started	0ms	3c28d937-bd72-459d-aedf-bde1b4580cf5
powershell.exe Information: 0 : 2018-10-18 00:37:11.1510	[Persist Template Info]	[14]	[Debug]	Code execution scope ended	729ms	3c28d937-bd72-459d-aedf-bde1b4580cf5
powershell.exe Information: 0 : 2018-10-18 00:37:11.1510	[Provisioning]	[14]	[Debug]	Code execution scope ended	24839ms	3c28d937-bd72-459d-aedf-bde1b4580cf5
