powershell.exe Information: 0 : 2018-10-24 21:08:23.1812	[OfficeDevPnP.Core]	[0]	[Information]	File Custom.QuickLaunch.Template.xml retrieved from folder 	0ms	
powershell.exe Information: 0 : 2018-10-24 21:08:23.1832	[OfficeDevPnP.Core]	[0]	[Information]	File Custom.QuickLaunch.Template.xml retrieved from folder 	0ms	
powershell.exe Information: 0 : 2018-10-24 21:08:23.2042	[Provisioning]	[14]	[Debug]	Code execution scope started	0ms	eeea6692-ec65-4f6a-85b3-617bbeedd6fa
powershell.exe Information: 0 : 2018-10-24 21:08:23.2042	[Provisioning]	[14]	[Information]	ProgressDelegate registered	0ms	eeea6692-ec65-4f6a-85b3-617bbeedd6fa
powershell.exe Information: 0 : 2018-10-24 21:08:23.2072	[Provisioning]	[14]	[Information]	MessagesDelegate registered	2ms	eeea6692-ec65-4f6a-85b3-617bbeedd6fa
powershell.exe Information: 0 : 2018-10-24 21:08:30.8895	[Extensibility Providers]	[14]	[Debug]	Code execution scope started	0ms	eeea6692-ec65-4f6a-85b3-617bbeedd6fa
powershell.exe Information: 0 : 2018-10-24 21:08:30.8895	[Extensibility Providers]	[14]	[Debug]	Code execution scope ended	0ms	eeea6692-ec65-4f6a-85b3-617bbeedd6fa
powershell.exe Information: 0 : 2018-10-24 21:08:31.1235	[Files]	[14]	[Debug]	Code execution scope started	0ms	eeea6692-ec65-4f6a-85b3-617bbeedd6fa
powershell.exe Information: 0 : 2018-10-24 21:08:43.3774	[OfficeDevPnP.Core]	[0]	[Information]	Creating folder 'QuickLaunch' under List '/sites/brandme/Style Library'.	0ms	
powershell.exe Information: 0 : 2018-10-24 21:08:43.9923	[OfficeDevPnP.Core]	[0]	[Information]	File left-nav-override.js retrieved from folder 	0ms	
powershell.exe Information: 0 : 2018-10-24 21:08:43.9933	[Files]	[14]	[Debug]	Uploading file left-nav-override.js	12869ms	eeea6692-ec65-4f6a-85b3-617bbeedd6fa
powershell.exe Information: 0 : 2018-10-24 21:08:43.9933	[OfficeDevPnP.Core]	[0]	[Debug]	Creating file info with Url 'left-nav-override.js'	0ms	
powershell.exe Information: 0 : 2018-10-24 21:08:44.7842	[OfficeDevPnP.Core]	[0]	[Debug]	Checking in file 'left-nav-override.js'	0ms	
powershell.exe Information: 0 : 2018-10-24 21:08:45.0692	[OfficeDevPnP.Core]	[0]	[Debug]	Publishing file 'left-nav-override.js'	0ms	
powershell.exe Information: 0 : 2018-10-24 21:08:45.8038	[OfficeDevPnP.Core]	[0]	[Information]	File left-nav-override.css retrieved from folder 	0ms	
powershell.exe Information: 0 : 2018-10-24 21:08:45.8038	[Files]	[14]	[Debug]	Uploading file left-nav-override.css	14680ms	eeea6692-ec65-4f6a-85b3-617bbeedd6fa
powershell.exe Information: 0 : 2018-10-24 21:08:45.8038	[OfficeDevPnP.Core]	[0]	[Debug]	Creating file info with Url 'left-nav-override.css'	0ms	
powershell.exe Information: 0 : 2018-10-24 21:08:46.5218	[OfficeDevPnP.Core]	[0]	[Debug]	Checking in file 'left-nav-override.css'	0ms	
powershell.exe Information: 0 : 2018-10-24 21:08:46.7041	[OfficeDevPnP.Core]	[0]	[Debug]	Publishing file 'left-nav-override.css'	0ms	
powershell.exe Information: 0 : 2018-10-24 21:08:47.3228	[OfficeDevPnP.Core]	[0]	[Information]	File Custom-Script-Action.js retrieved from folder 	0ms	
powershell.exe Information: 0 : 2018-10-24 21:08:47.3228	[Files]	[14]	[Debug]	Uploading file Custom-Script-Action.js	16198ms	eeea6692-ec65-4f6a-85b3-617bbeedd6fa
powershell.exe Information: 0 : 2018-10-24 21:08:47.3233	[OfficeDevPnP.Core]	[0]	[Debug]	Creating file info with Url 'Custom-Script-Action.js'	0ms	
powershell.exe Information: 0 : 2018-10-24 21:08:47.8615	[OfficeDevPnP.Core]	[0]	[Debug]	Checking in file 'Custom-Script-Action.js'	0ms	
powershell.exe Information: 0 : 2018-10-24 21:08:48.0500	[OfficeDevPnP.Core]	[0]	[Debug]	Publishing file 'Custom-Script-Action.js'	0ms	
powershell.exe Information: 0 : 2018-10-24 21:08:48.2193	[Files]	[14]	[Debug]	Code execution scope ended	17095ms	eeea6692-ec65-4f6a-85b3-617bbeedd6fa
powershell.exe Information: 0 : 2018-10-24 21:08:48.2568	[Tenant Settings]	[14]	[Debug]	Code execution scope started	0ms	eeea6692-ec65-4f6a-85b3-617bbeedd6fa
powershell.exe Information: 0 : 2018-10-24 21:08:48.2568	[Tenant Settings]	[14]	[Debug]	Code execution scope ended	0ms	eeea6692-ec65-4f6a-85b3-617bbeedd6fa
powershell.exe Information: 0 : 2018-10-24 21:08:48.2788	[Application Lifecycle Management]	[14]	[Debug]	Code execution scope started	0ms	eeea6692-ec65-4f6a-85b3-617bbeedd6fa
powershell.exe Information: 0 : 2018-10-24 21:08:48.2798	[Application Lifecycle Management]	[14]	[Debug]	Code execution scope ended	1ms	eeea6692-ec65-4f6a-85b3-617bbeedd6fa
powershell.exe Information: 0 : 2018-10-24 21:08:48.2948	[Custom Actions]	[14]	[Debug]	Code execution scope started	0ms	eeea6692-ec65-4f6a-85b3-617bbeedd6fa
powershell.exe Information: 0 : 2018-10-24 21:08:48.4148	[Custom Actions]	[14]	[Debug]	Adding custom action 'QL_Dropdown' to scope Site	119ms	eeea6692-ec65-4f6a-85b3-617bbeedd6fa
powershell.exe Information: 0 : 2018-10-24 21:08:48.7354	[Custom Actions]	[14]	[Debug]	Code execution scope ended	440ms	eeea6692-ec65-4f6a-85b3-617bbeedd6fa
powershell.exe Information: 0 : 2018-10-24 21:08:48.7364	[Persist Template Info]	[14]	[Debug]	Code execution scope started	0ms	eeea6692-ec65-4f6a-85b3-617bbeedd6fa
powershell.exe Information: 0 : 2018-10-24 21:08:49.4586	[Persist Template Info]	[14]	[Debug]	Code execution scope ended	722ms	eeea6692-ec65-4f6a-85b3-617bbeedd6fa
powershell.exe Information: 0 : 2018-10-24 21:08:49.4591	[Provisioning]	[14]	[Debug]	Code execution scope ended	26254ms	eeea6692-ec65-4f6a-85b3-617bbeedd6fa
