powershell.exe Information: 0 : 2018-10-24 15:08:09.1007	[OfficeDevPnP.Core]	[0]	[Information]	File Custom.QuickLaunch.Template.xml retrieved from folder 	0ms	
powershell.exe Information: 0 : 2018-10-24 15:08:09.1057	[OfficeDevPnP.Core]	[0]	[Information]	File Custom.QuickLaunch.Template.xml retrieved from folder 	0ms	
powershell.exe Information: 0 : 2018-10-24 15:08:09.1796	[Provisioning]	[14]	[Debug]	Code execution scope started	0ms	42205691-d7a8-458d-bbc0-05477149c48d
powershell.exe Information: 0 : 2018-10-24 15:08:09.1796	[Provisioning]	[14]	[Information]	ProgressDelegate registered	0ms	42205691-d7a8-458d-bbc0-05477149c48d
powershell.exe Information: 0 : 2018-10-24 15:08:09.1806	[Provisioning]	[14]	[Information]	MessagesDelegate registered	0ms	42205691-d7a8-458d-bbc0-05477149c48d
powershell.exe Information: 0 : 2018-10-24 15:08:16.5251	[Extensibility Providers]	[14]	[Debug]	Code execution scope started	0ms	42205691-d7a8-458d-bbc0-05477149c48d
powershell.exe Information: 0 : 2018-10-24 15:08:16.5251	[Extensibility Providers]	[14]	[Debug]	Code execution scope ended	0ms	42205691-d7a8-458d-bbc0-05477149c48d
powershell.exe Information: 0 : 2018-10-24 15:08:17.5919	[Files]	[14]	[Debug]	Code execution scope started	0ms	42205691-d7a8-458d-bbc0-05477149c48d
powershell.exe Information: 0 : 2018-10-24 15:08:30.1807	[OfficeDevPnP.Core]	[0]	[Information]	Creating folder 'QuickLaunch' under List '/sites/brandme/Style Library'.	0ms	
powershell.exe Information: 0 : 2018-10-24 15:08:30.8630	[OfficeDevPnP.Core]	[0]	[Information]	File left-nav-override.js retrieved from folder 	0ms	
powershell.exe Information: 0 : 2018-10-24 15:08:30.8630	[Files]	[14]	[Debug]	Uploading file left-nav-override.js	13271ms	42205691-d7a8-458d-bbc0-05477149c48d
powershell.exe Information: 0 : 2018-10-24 15:08:30.8640	[OfficeDevPnP.Core]	[0]	[Debug]	Creating file info with Url 'left-nav-override.js'	0ms	
powershell.exe Information: 0 : 2018-10-24 15:08:31.5408	[OfficeDevPnP.Core]	[0]	[Debug]	Checking in file 'left-nav-override.js'	0ms	
powershell.exe Information: 0 : 2018-10-24 15:08:31.8009	[OfficeDevPnP.Core]	[0]	[Debug]	Publishing file 'left-nav-override.js'	0ms	
powershell.exe Information: 0 : 2018-10-24 15:08:32.4631	[OfficeDevPnP.Core]	[0]	[Information]	File left-nav-override.css retrieved from folder 	0ms	
powershell.exe Information: 0 : 2018-10-24 15:08:32.4631	[Files]	[14]	[Debug]	Uploading file left-nav-override.css	14871ms	42205691-d7a8-458d-bbc0-05477149c48d
powershell.exe Information: 0 : 2018-10-24 15:08:32.4641	[OfficeDevPnP.Core]	[0]	[Debug]	Creating file info with Url 'left-nav-override.css'	0ms	
powershell.exe Information: 0 : 2018-10-24 15:08:33.1367	[OfficeDevPnP.Core]	[0]	[Debug]	Checking in file 'left-nav-override.css'	0ms	
powershell.exe Information: 0 : 2018-10-24 15:08:33.3470	[OfficeDevPnP.Core]	[0]	[Debug]	Publishing file 'left-nav-override.css'	0ms	
powershell.exe Information: 0 : 2018-10-24 15:08:34.2968	[OfficeDevPnP.Core]	[0]	[Information]	File Custom-Script-Action.js retrieved from folder 	0ms	
powershell.exe Information: 0 : 2018-10-24 15:08:34.2978	[Files]	[14]	[Debug]	Uploading file Custom-Script-Action.js	16705ms	42205691-d7a8-458d-bbc0-05477149c48d
powershell.exe Information: 0 : 2018-10-24 15:08:34.2988	[OfficeDevPnP.Core]	[0]	[Debug]	Creating file info with Url 'Custom-Script-Action.js'	0ms	
powershell.exe Information: 0 : 2018-10-24 15:08:35.2895	[OfficeDevPnP.Core]	[0]	[Debug]	Checking in file 'Custom-Script-Action.js'	0ms	
powershell.exe Information: 0 : 2018-10-24 15:08:35.5066	[OfficeDevPnP.Core]	[0]	[Debug]	Publishing file 'Custom-Script-Action.js'	0ms	
powershell.exe Information: 0 : 2018-10-24 15:08:36.1311	[OfficeDevPnP.Core]	[0]	[Information]	File jquery-ui.min.js retrieved from folder 	0ms	
powershell.exe Information: 0 : 2018-10-24 15:08:36.1311	[Files]	[14]	[Debug]	Uploading file jquery-ui.min.js	18539ms	42205691-d7a8-458d-bbc0-05477149c48d
powershell.exe Information: 0 : 2018-10-24 15:08:36.1322	[OfficeDevPnP.Core]	[0]	[Debug]	Creating file info with Url 'jquery-ui.min.js'	0ms	
powershell.exe Information: 0 : 2018-10-24 15:08:36.8003	[OfficeDevPnP.Core]	[0]	[Debug]	Checking in file 'jquery-ui.min.js'	0ms	
powershell.exe Information: 0 : 2018-10-24 15:08:37.4250	[OfficeDevPnP.Core]	[0]	[Debug]	Publishing file 'jquery-ui.min.js'	0ms	
powershell.exe Information: 0 : 2018-10-24 15:08:37.6220	[Files]	[14]	[Debug]	Code execution scope ended	20030ms	42205691-d7a8-458d-bbc0-05477149c48d
powershell.exe Information: 0 : 2018-10-24 15:08:37.6840	[Tenant Settings]	[14]	[Debug]	Code execution scope started	0ms	42205691-d7a8-458d-bbc0-05477149c48d
powershell.exe Information: 0 : 2018-10-24 15:08:37.6850	[Tenant Settings]	[14]	[Debug]	Code execution scope ended	0ms	42205691-d7a8-458d-bbc0-05477149c48d
powershell.exe Information: 0 : 2018-10-24 15:08:37.7030	[Application Lifecycle Management]	[14]	[Debug]	Code execution scope started	0ms	42205691-d7a8-458d-bbc0-05477149c48d
powershell.exe Information: 0 : 2018-10-24 15:08:37.7040	[Application Lifecycle Management]	[14]	[Debug]	Code execution scope ended	0ms	42205691-d7a8-458d-bbc0-05477149c48d
powershell.exe Information: 0 : 2018-10-24 15:08:37.7260	[Custom Actions]	[14]	[Debug]	Code execution scope started	0ms	42205691-d7a8-458d-bbc0-05477149c48d
powershell.exe Information: 0 : 2018-10-24 15:08:37.8641	[Custom Actions]	[14]	[Debug]	Adding custom action 'QL_Dropdown' to scope Site	137ms	42205691-d7a8-458d-bbc0-05477149c48d
powershell.exe Information: 0 : 2018-10-24 15:08:38.1091	[Custom Actions]	[14]	[Debug]	Code execution scope ended	382ms	42205691-d7a8-458d-bbc0-05477149c48d
powershell.exe Information: 0 : 2018-10-24 15:08:38.1091	[Persist Template Info]	[14]	[Debug]	Code execution scope started	0ms	42205691-d7a8-458d-bbc0-05477149c48d
powershell.exe Information: 0 : 2018-10-24 15:08:39.3465	[Persist Template Info]	[14]	[Debug]	Code execution scope ended	1237ms	42205691-d7a8-458d-bbc0-05477149c48d
powershell.exe Information: 0 : 2018-10-24 15:08:39.3470	[Provisioning]	[14]	[Debug]	Code execution scope ended	30166ms	42205691-d7a8-458d-bbc0-05477149c48d
