powershell.exe Information: 0 : 2018-10-25 03:04:22.5830	[OfficeDevPnP.Core]	[0]	[Information]	File Custom.QuickLaunch.Template.xml retrieved from folder 	0ms	
powershell.exe Information: 0 : 2018-10-25 03:04:22.5840	[OfficeDevPnP.Core]	[0]	[Information]	File Custom.QuickLaunch.Template.xml retrieved from folder 	0ms	
powershell.exe Information: 0 : 2018-10-25 03:04:22.6120	[Provisioning]	[14]	[Debug]	Code execution scope started	0ms	8a427010-4230-4a6b-8caf-cea57feb8622
powershell.exe Information: 0 : 2018-10-25 03:04:22.6120	[Provisioning]	[14]	[Information]	ProgressDelegate registered	0ms	8a427010-4230-4a6b-8caf-cea57feb8622
powershell.exe Information: 0 : 2018-10-25 03:04:22.6150	[Provisioning]	[14]	[Information]	MessagesDelegate registered	3ms	8a427010-4230-4a6b-8caf-cea57feb8622
powershell.exe Information: 0 : 2018-10-25 03:04:29.4558	[Extensibility Providers]	[14]	[Debug]	Code execution scope started	0ms	8a427010-4230-4a6b-8caf-cea57feb8622
powershell.exe Information: 0 : 2018-10-25 03:04:29.4558	[Extensibility Providers]	[14]	[Debug]	Code execution scope ended	0ms	8a427010-4230-4a6b-8caf-cea57feb8622
powershell.exe Information: 0 : 2018-10-25 03:04:29.5828	[Files]	[14]	[Debug]	Code execution scope started	0ms	8a427010-4230-4a6b-8caf-cea57feb8622
powershell.exe Information: 0 : 2018-10-25 03:04:41.5446	[OfficeDevPnP.Core]	[0]	[Information]	Creating folder 'QuickLaunch' under List '/sites/brandme/Style Library'.	0ms	
powershell.exe Information: 0 : 2018-10-25 03:04:42.0804	[OfficeDevPnP.Core]	[0]	[Information]	File left-nav-override.js retrieved from folder 	0ms	
powershell.exe Information: 0 : 2018-10-25 03:04:42.0804	[Files]	[14]	[Debug]	Uploading file left-nav-override.js	12497ms	8a427010-4230-4a6b-8caf-cea57feb8622
powershell.exe Information: 0 : 2018-10-25 03:04:42.0804	[OfficeDevPnP.Core]	[0]	[Debug]	Creating file info with Url 'left-nav-override.js'	0ms	
powershell.exe Information: 0 : 2018-10-25 03:04:42.8514	[OfficeDevPnP.Core]	[0]	[Debug]	Checking in file 'left-nav-override.js'	0ms	
powershell.exe Information: 0 : 2018-10-25 03:04:43.0914	[OfficeDevPnP.Core]	[0]	[Debug]	Publishing file 'left-nav-override.js'	0ms	
powershell.exe Information: 0 : 2018-10-25 03:04:43.7038	[OfficeDevPnP.Core]	[0]	[Information]	File left-nav-override.css retrieved from folder 	0ms	
powershell.exe Information: 0 : 2018-10-25 03:04:43.7038	[Files]	[14]	[Debug]	Uploading file left-nav-override.css	14121ms	8a427010-4230-4a6b-8caf-cea57feb8622
powershell.exe Information: 0 : 2018-10-25 03:04:43.7048	[OfficeDevPnP.Core]	[0]	[Debug]	Creating file info with Url 'left-nav-override.css'	0ms	
powershell.exe Information: 0 : 2018-10-25 03:04:44.3598	[OfficeDevPnP.Core]	[0]	[Debug]	Checking in file 'left-nav-override.css'	0ms	
powershell.exe Information: 0 : 2018-10-25 03:04:44.5568	[OfficeDevPnP.Core]	[0]	[Debug]	Publishing file 'left-nav-override.css'	0ms	
powershell.exe Information: 0 : 2018-10-25 03:04:45.3813	[OfficeDevPnP.Core]	[0]	[Information]	File Custom-Script-Action.js retrieved from folder 	0ms	
powershell.exe Information: 0 : 2018-10-25 03:04:45.3823	[Files]	[14]	[Debug]	Uploading file Custom-Script-Action.js	15799ms	8a427010-4230-4a6b-8caf-cea57feb8622
powershell.exe Information: 0 : 2018-10-25 03:04:45.3823	[OfficeDevPnP.Core]	[0]	[Debug]	Creating file info with Url 'Custom-Script-Action.js'	0ms	
powershell.exe Information: 0 : 2018-10-25 03:04:46.3064	[OfficeDevPnP.Core]	[0]	[Debug]	Checking in file 'Custom-Script-Action.js'	0ms	
powershell.exe Information: 0 : 2018-10-25 03:04:46.4773	[OfficeDevPnP.Core]	[0]	[Debug]	Publishing file 'Custom-Script-Action.js'	0ms	
powershell.exe Information: 0 : 2018-10-25 03:04:47.1164	[Files]	[14]	[Debug]	Uploading and overwriting existing file connectslogo(78px).png	17533ms	8a427010-4230-4a6b-8caf-cea57feb8622
powershell.exe Information: 0 : 2018-10-25 03:04:47.3374	[OfficeDevPnP.Core]	[0]	[Information]	File connectslogo(78px).png retrieved from folder 	0ms	
powershell.exe Information: 0 : 2018-10-25 03:04:47.3374	[OfficeDevPnP.Core]	[0]	[Debug]	Creating file info with Url 'connectslogo(78px).png'	0ms	
powershell.exe Information: 0 : 2018-10-25 03:04:47.9514	[OfficeDevPnP.Core]	[0]	[Debug]	Checking in file 'connectslogo(78px).png'	0ms	
powershell.exe Information: 0 : 2018-10-25 03:04:48.1524	[OfficeDevPnP.Core]	[0]	[Debug]	Publishing file 'connectslogo(78px).png'	0ms	
powershell.exe Information: 0 : 2018-10-25 03:04:48.7823	[Files]	[14]	[Debug]	Uploading and overwriting existing file Waypoint-Logo_color.png	19199ms	8a427010-4230-4a6b-8caf-cea57feb8622
powershell.exe Information: 0 : 2018-10-25 03:04:48.9143	[OfficeDevPnP.Core]	[0]	[Information]	File Waypoint-Logo_color.png retrieved from folder 	0ms	
powershell.exe Information: 0 : 2018-10-25 03:04:48.9153	[OfficeDevPnP.Core]	[0]	[Debug]	Creating file info with Url 'Waypoint-Logo_color.png'	0ms	
powershell.exe Information: 0 : 2018-10-25 03:04:49.5263	[OfficeDevPnP.Core]	[0]	[Debug]	Checking in file 'Waypoint-Logo_color.png'	0ms	
powershell.exe Information: 0 : 2018-10-25 03:04:49.7423	[OfficeDevPnP.Core]	[0]	[Debug]	Publishing file 'Waypoint-Logo_color.png'	0ms	
powershell.exe Information: 0 : 2018-10-25 03:04:49.9223	[Files]	[14]	[Debug]	Code execution scope ended	20339ms	8a427010-4230-4a6b-8caf-cea57feb8622
powershell.exe Information: 0 : 2018-10-25 03:04:49.9603	[Tenant Settings]	[14]	[Debug]	Code execution scope started	0ms	8a427010-4230-4a6b-8caf-cea57feb8622
powershell.exe Information: 0 : 2018-10-25 03:04:49.9603	[Tenant Settings]	[14]	[Debug]	Code execution scope ended	0ms	8a427010-4230-4a6b-8caf-cea57feb8622
powershell.exe Information: 0 : 2018-10-25 03:04:49.9853	[Application Lifecycle Management]	[14]	[Debug]	Code execution scope started	0ms	8a427010-4230-4a6b-8caf-cea57feb8622
powershell.exe Information: 0 : 2018-10-25 03:04:49.9853	[Application Lifecycle Management]	[14]	[Debug]	Code execution scope ended	0ms	8a427010-4230-4a6b-8caf-cea57feb8622
powershell.exe Information: 0 : 2018-10-25 03:04:50.0037	[Custom Actions]	[14]	[Debug]	Code execution scope started	0ms	8a427010-4230-4a6b-8caf-cea57feb8622
powershell.exe Information: 0 : 2018-10-25 03:04:50.1205	[Custom Actions]	[14]	[Debug]	Adding custom action 'QL_Dropdown' to scope Site	116ms	8a427010-4230-4a6b-8caf-cea57feb8622
powershell.exe Information: 0 : 2018-10-25 03:04:50.4225	[Custom Actions]	[14]	[Debug]	Code execution scope ended	418ms	8a427010-4230-4a6b-8caf-cea57feb8622
powershell.exe Information: 0 : 2018-10-25 03:04:50.4225	[Persist Template Info]	[14]	[Debug]	Code execution scope started	0ms	8a427010-4230-4a6b-8caf-cea57feb8622
powershell.exe Information: 0 : 2018-10-25 03:04:51.1277	[Persist Template Info]	[14]	[Debug]	Code execution scope ended	704ms	8a427010-4230-4a6b-8caf-cea57feb8622
powershell.exe Information: 0 : 2018-10-25 03:04:51.1287	[Provisioning]	[14]	[Debug]	Code execution scope ended	28516ms	8a427010-4230-4a6b-8caf-cea57feb8622
