powershell.exe Information: 0 : 2018-10-24 16:24:11.4826	[OfficeDevPnP.Core]	[0]	[Information]	File Custom.QuickLaunch.Template.xml retrieved from folder 	0ms	
powershell.exe Information: 0 : 2018-10-24 16:24:11.4856	[OfficeDevPnP.Core]	[0]	[Information]	File Custom.QuickLaunch.Template.xml retrieved from folder 	0ms	
powershell.exe Information: 0 : 2018-10-24 16:24:11.5455	[Provisioning]	[14]	[Debug]	Code execution scope started	0ms	49833a55-5ea3-4b49-9b3c-06dc59e66b6e
powershell.exe Information: 0 : 2018-10-24 16:24:11.5455	[Provisioning]	[14]	[Information]	ProgressDelegate registered	0ms	49833a55-5ea3-4b49-9b3c-06dc59e66b6e
powershell.exe Information: 0 : 2018-10-24 16:24:11.5485	[Provisioning]	[14]	[Information]	MessagesDelegate registered	3ms	49833a55-5ea3-4b49-9b3c-06dc59e66b6e
powershell.exe Information: 0 : 2018-10-24 16:24:19.2828	[Extensibility Providers]	[14]	[Debug]	Code execution scope started	0ms	49833a55-5ea3-4b49-9b3c-06dc59e66b6e
powershell.exe Information: 0 : 2018-10-24 16:24:19.2828	[Extensibility Providers]	[14]	[Debug]	Code execution scope ended	0ms	49833a55-5ea3-4b49-9b3c-06dc59e66b6e
powershell.exe Information: 0 : 2018-10-24 16:24:19.4097	[Files]	[14]	[Debug]	Code execution scope started	0ms	49833a55-5ea3-4b49-9b3c-06dc59e66b6e
powershell.exe Information: 0 : 2018-10-24 16:24:31.9266	[OfficeDevPnP.Core]	[0]	[Information]	Creating folder 'QuickLaunch' under List '/sites/brandme/Style Library'.	0ms	
powershell.exe Information: 0 : 2018-10-24 16:24:32.5898	[OfficeDevPnP.Core]	[0]	[Information]	File left-nav-override.js retrieved from folder 	0ms	
powershell.exe Information: 0 : 2018-10-24 16:24:32.5898	[Files]	[14]	[Debug]	Uploading file left-nav-override.js	13179ms	49833a55-5ea3-4b49-9b3c-06dc59e66b6e
powershell.exe Information: 0 : 2018-10-24 16:24:32.5898	[OfficeDevPnP.Core]	[0]	[Debug]	Creating file info with Url 'left-nav-override.js'	0ms	
powershell.exe Information: 0 : 2018-10-24 16:24:33.3098	[OfficeDevPnP.Core]	[0]	[Debug]	Checking in file 'left-nav-override.js'	0ms	
powershell.exe Information: 0 : 2018-10-24 16:24:33.5049	[OfficeDevPnP.Core]	[0]	[Debug]	Publishing file 'left-nav-override.js'	0ms	
powershell.exe Information: 0 : 2018-10-24 16:24:34.1774	[OfficeDevPnP.Core]	[0]	[Information]	File left-nav-override.css retrieved from folder 	0ms	
powershell.exe Information: 0 : 2018-10-24 16:24:34.1784	[Files]	[14]	[Debug]	Uploading file left-nav-override.css	14768ms	49833a55-5ea3-4b49-9b3c-06dc59e66b6e
powershell.exe Information: 0 : 2018-10-24 16:24:34.1784	[OfficeDevPnP.Core]	[0]	[Debug]	Creating file info with Url 'left-nav-override.css'	0ms	
powershell.exe Information: 0 : 2018-10-24 16:24:34.9603	[OfficeDevPnP.Core]	[0]	[Debug]	Checking in file 'left-nav-override.css'	0ms	
powershell.exe Information: 0 : 2018-10-24 16:24:35.1594	[OfficeDevPnP.Core]	[0]	[Debug]	Publishing file 'left-nav-override.css'	0ms	
powershell.exe Information: 0 : 2018-10-24 16:24:35.8996	[OfficeDevPnP.Core]	[0]	[Information]	File Custom-Script-Action.js retrieved from folder 	0ms	
powershell.exe Information: 0 : 2018-10-24 16:24:35.9006	[Files]	[14]	[Debug]	Uploading file Custom-Script-Action.js	16489ms	49833a55-5ea3-4b49-9b3c-06dc59e66b6e
powershell.exe Information: 0 : 2018-10-24 16:24:35.9006	[OfficeDevPnP.Core]	[0]	[Debug]	Creating file info with Url 'Custom-Script-Action.js'	0ms	
powershell.exe Information: 0 : 2018-10-24 16:24:36.5700	[OfficeDevPnP.Core]	[0]	[Debug]	Checking in file 'Custom-Script-Action.js'	0ms	
powershell.exe Information: 0 : 2018-10-24 16:24:36.8399	[OfficeDevPnP.Core]	[0]	[Debug]	Publishing file 'Custom-Script-Action.js'	0ms	
powershell.exe Information: 0 : 2018-10-24 16:24:37.0258	[Files]	[14]	[Debug]	Code execution scope ended	17615ms	49833a55-5ea3-4b49-9b3c-06dc59e66b6e
powershell.exe Information: 0 : 2018-10-24 16:24:37.0703	[Tenant Settings]	[14]	[Debug]	Code execution scope started	0ms	49833a55-5ea3-4b49-9b3c-06dc59e66b6e
powershell.exe Information: 0 : 2018-10-24 16:24:37.0713	[Tenant Settings]	[14]	[Debug]	Code execution scope ended	0ms	49833a55-5ea3-4b49-9b3c-06dc59e66b6e
powershell.exe Information: 0 : 2018-10-24 16:24:37.0918	[Application Lifecycle Management]	[14]	[Debug]	Code execution scope started	0ms	49833a55-5ea3-4b49-9b3c-06dc59e66b6e
powershell.exe Information: 0 : 2018-10-24 16:24:37.0918	[Application Lifecycle Management]	[14]	[Debug]	Code execution scope ended	0ms	49833a55-5ea3-4b49-9b3c-06dc59e66b6e
powershell.exe Information: 0 : 2018-10-24 16:24:37.1123	[Custom Actions]	[14]	[Debug]	Code execution scope started	0ms	49833a55-5ea3-4b49-9b3c-06dc59e66b6e
powershell.exe Information: 0 : 2018-10-24 16:24:37.2286	[Custom Actions]	[14]	[Debug]	Adding custom action 'QL_Dropdown' to scope Site	116ms	49833a55-5ea3-4b49-9b3c-06dc59e66b6e
powershell.exe Information: 0 : 2018-10-24 16:24:37.5643	[Custom Actions]	[14]	[Debug]	Code execution scope ended	452ms	49833a55-5ea3-4b49-9b3c-06dc59e66b6e
powershell.exe Information: 0 : 2018-10-24 16:24:37.5653	[Persist Template Info]	[14]	[Debug]	Code execution scope started	0ms	49833a55-5ea3-4b49-9b3c-06dc59e66b6e
powershell.exe Information: 0 : 2018-10-24 16:24:38.3259	[Persist Template Info]	[14]	[Debug]	Code execution scope ended	760ms	49833a55-5ea3-4b49-9b3c-06dc59e66b6e
powershell.exe Information: 0 : 2018-10-24 16:24:38.3265	[Provisioning]	[14]	[Debug]	Code execution scope ended	26780ms	49833a55-5ea3-4b49-9b3c-06dc59e66b6e
