powershell.exe Information: 0 : 2018-10-22 09:46:34.5093	[OfficeDevPnP.Core]	[0]	[Information]	File Custom.QuickLaunch.Template.xml retrieved from folder 	0ms	
powershell.exe Information: 0 : 2018-10-22 09:46:34.5113	[OfficeDevPnP.Core]	[0]	[Information]	File Custom.QuickLaunch.Template.xml retrieved from folder 	0ms	
powershell.exe Information: 0 : 2018-10-22 09:46:34.5453	[Provisioning]	[14]	[Debug]	Code execution scope started	0ms	adeecf4f-32e3-405d-8771-646df1ac870a
powershell.exe Information: 0 : 2018-10-22 09:46:34.5458	[Provisioning]	[14]	[Information]	ProgressDelegate registered	0ms	adeecf4f-32e3-405d-8771-646df1ac870a
powershell.exe Information: 0 : 2018-10-22 09:46:34.5458	[Provisioning]	[14]	[Information]	MessagesDelegate registered	0ms	adeecf4f-32e3-405d-8771-646df1ac870a
powershell.exe Information: 0 : 2018-10-22 09:46:42.1012	[Extensibility Providers]	[14]	[Debug]	Code execution scope started	0ms	adeecf4f-32e3-405d-8771-646df1ac870a
powershell.exe Information: 0 : 2018-10-22 09:46:42.1012	[Extensibility Providers]	[14]	[Debug]	Code execution scope ended	0ms	adeecf4f-32e3-405d-8771-646df1ac870a
powershell.exe Information: 0 : 2018-10-22 09:46:42.2598	[Files]	[14]	[Debug]	Code execution scope started	0ms	adeecf4f-32e3-405d-8771-646df1ac870a
powershell.exe Information: 0 : 2018-10-22 09:46:54.8706	[OfficeDevPnP.Core]	[0]	[Information]	Creating folder 'QuickLaunch' under List '/sites/brandme/Style Library'.	0ms	
powershell.exe Information: 0 : 2018-10-22 09:46:55.6086	[OfficeDevPnP.Core]	[0]	[Information]	File left-nav-override.js retrieved from folder 	0ms	
powershell.exe Information: 0 : 2018-10-22 09:46:55.6086	[Files]	[14]	[Debug]	Uploading file left-nav-override.js	13348ms	adeecf4f-32e3-405d-8771-646df1ac870a
powershell.exe Information: 0 : 2018-10-22 09:46:55.6086	[OfficeDevPnP.Core]	[0]	[Debug]	Creating file info with Url 'left-nav-override.js'	0ms	
powershell.exe Information: 0 : 2018-10-22 09:46:56.2863	[OfficeDevPnP.Core]	[0]	[Debug]	Checking in file 'left-nav-override.js'	0ms	
powershell.exe Information: 0 : 2018-10-22 09:46:56.4999	[OfficeDevPnP.Core]	[0]	[Debug]	Publishing file 'left-nav-override.js'	0ms	
powershell.exe Information: 0 : 2018-10-22 09:46:57.2627	[OfficeDevPnP.Core]	[0]	[Information]	File left-nav-override.css retrieved from folder 	0ms	
powershell.exe Information: 0 : 2018-10-22 09:46:57.2632	[Files]	[14]	[Debug]	Uploading file left-nav-override.css	15003ms	adeecf4f-32e3-405d-8771-646df1ac870a
powershell.exe Information: 0 : 2018-10-22 09:46:57.2632	[OfficeDevPnP.Core]	[0]	[Debug]	Creating file info with Url 'left-nav-override.css'	0ms	
powershell.exe Information: 0 : 2018-10-22 09:46:57.8823	[OfficeDevPnP.Core]	[0]	[Debug]	Checking in file 'left-nav-override.css'	0ms	
powershell.exe Information: 0 : 2018-10-22 09:46:58.0768	[OfficeDevPnP.Core]	[0]	[Debug]	Publishing file 'left-nav-override.css'	0ms	
powershell.exe Information: 0 : 2018-10-22 09:46:58.7349	[OfficeDevPnP.Core]	[0]	[Information]	File Custom-Script-Action.js retrieved from folder 	0ms	
powershell.exe Information: 0 : 2018-10-22 09:46:58.7349	[Files]	[14]	[Debug]	Uploading file Custom-Script-Action.js	16475ms	adeecf4f-32e3-405d-8771-646df1ac870a
powershell.exe Information: 0 : 2018-10-22 09:46:58.7354	[OfficeDevPnP.Core]	[0]	[Debug]	Creating file info with Url 'Custom-Script-Action.js'	0ms	
powershell.exe Information: 0 : 2018-10-22 09:46:59.4735	[OfficeDevPnP.Core]	[0]	[Debug]	Checking in file 'Custom-Script-Action.js'	0ms	
powershell.exe Information: 0 : 2018-10-22 09:46:59.7514	[OfficeDevPnP.Core]	[0]	[Debug]	Publishing file 'Custom-Script-Action.js'	0ms	
powershell.exe Information: 0 : 2018-10-22 09:46:59.9823	[Files]	[14]	[Debug]	Code execution scope ended	17722ms	adeecf4f-32e3-405d-8771-646df1ac870a
powershell.exe Information: 0 : 2018-10-22 09:47:00.0288	[Tenant Settings]	[14]	[Debug]	Code execution scope started	0ms	adeecf4f-32e3-405d-8771-646df1ac870a
powershell.exe Information: 0 : 2018-10-22 09:47:00.0298	[Tenant Settings]	[14]	[Debug]	Code execution scope ended	0ms	adeecf4f-32e3-405d-8771-646df1ac870a
powershell.exe Information: 0 : 2018-10-22 09:47:00.0493	[Application Lifecycle Management]	[14]	[Debug]	Code execution scope started	0ms	adeecf4f-32e3-405d-8771-646df1ac870a
powershell.exe Information: 0 : 2018-10-22 09:47:00.0498	[Application Lifecycle Management]	[14]	[Debug]	Code execution scope ended	0ms	adeecf4f-32e3-405d-8771-646df1ac870a
powershell.exe Information: 0 : 2018-10-22 09:47:00.0648	[Custom Actions]	[14]	[Debug]	Code execution scope started	0ms	adeecf4f-32e3-405d-8771-646df1ac870a
powershell.exe Information: 0 : 2018-10-22 09:47:00.2070	[Custom Actions]	[14]	[Debug]	Adding custom action 'QL_Dropdown' to scope Site	142ms	adeecf4f-32e3-405d-8771-646df1ac870a
powershell.exe Information: 0 : 2018-10-22 09:47:00.5933	[Custom Actions]	[14]	[Debug]	Code execution scope ended	528ms	adeecf4f-32e3-405d-8771-646df1ac870a
powershell.exe Information: 0 : 2018-10-22 09:47:00.5943	[Persist Template Info]	[14]	[Debug]	Code execution scope started	0ms	adeecf4f-32e3-405d-8771-646df1ac870a
powershell.exe Information: 0 : 2018-10-22 09:47:01.7236	[Persist Template Info]	[14]	[Debug]	Code execution scope ended	1129ms	adeecf4f-32e3-405d-8771-646df1ac870a
powershell.exe Information: 0 : 2018-10-22 09:47:01.7246	[Provisioning]	[14]	[Debug]	Code execution scope ended	27178ms	adeecf4f-32e3-405d-8771-646df1ac870a
