powershell.exe Information: 0 : 2018-10-24 21:52:58.2175	[OfficeDevPnP.Core]	[0]	[Information]	File Custom.QuickLaunch.Template.xml retrieved from folder 	0ms	
powershell.exe Information: 0 : 2018-10-24 21:52:58.2190	[OfficeDevPnP.Core]	[0]	[Information]	File Custom.QuickLaunch.Template.xml retrieved from folder 	0ms	
powershell.exe Information: 0 : 2018-10-24 21:52:58.2485	[Provisioning]	[14]	[Debug]	Code execution scope started	0ms	e53b3df0-6df9-44ac-a3b2-9a81c3ead947
powershell.exe Information: 0 : 2018-10-24 21:52:58.2485	[Provisioning]	[14]	[Information]	ProgressDelegate registered	0ms	e53b3df0-6df9-44ac-a3b2-9a81c3ead947
powershell.exe Information: 0 : 2018-10-24 21:52:58.2495	[Provisioning]	[14]	[Information]	MessagesDelegate registered	1ms	e53b3df0-6df9-44ac-a3b2-9a81c3ead947
powershell.exe Information: 0 : 2018-10-24 21:53:05.2877	[Extensibility Providers]	[14]	[Debug]	Code execution scope started	0ms	e53b3df0-6df9-44ac-a3b2-9a81c3ead947
powershell.exe Information: 0 : 2018-10-24 21:53:05.2887	[Extensibility Providers]	[14]	[Debug]	Code execution scope ended	0ms	e53b3df0-6df9-44ac-a3b2-9a81c3ead947
powershell.exe Information: 0 : 2018-10-24 21:53:05.4227	[Files]	[14]	[Debug]	Code execution scope started	0ms	e53b3df0-6df9-44ac-a3b2-9a81c3ead947
powershell.exe Information: 0 : 2018-10-24 21:53:17.4466	[OfficeDevPnP.Core]	[0]	[Information]	Creating folder 'QuickLaunch' under List '/sites/brandme/Style Library'.	0ms	
powershell.exe Information: 0 : 2018-10-24 21:53:18.1224	[OfficeDevPnP.Core]	[0]	[Information]	File left-nav-override.js retrieved from folder 	0ms	
powershell.exe Information: 0 : 2018-10-24 21:53:18.1224	[Files]	[14]	[Debug]	Uploading file left-nav-override.js	12699ms	e53b3df0-6df9-44ac-a3b2-9a81c3ead947
powershell.exe Information: 0 : 2018-10-24 21:53:18.1234	[OfficeDevPnP.Core]	[0]	[Debug]	Creating file info with Url 'left-nav-override.js'	0ms	
powershell.exe Information: 0 : 2018-10-24 21:53:18.9087	[OfficeDevPnP.Core]	[0]	[Debug]	Checking in file 'left-nav-override.js'	0ms	
powershell.exe Information: 0 : 2018-10-24 21:53:19.0832	[OfficeDevPnP.Core]	[0]	[Debug]	Publishing file 'left-nav-override.js'	0ms	
powershell.exe Information: 0 : 2018-10-24 21:53:19.7019	[OfficeDevPnP.Core]	[0]	[Information]	File left-nav-override.css retrieved from folder 	0ms	
powershell.exe Information: 0 : 2018-10-24 21:53:19.7019	[Files]	[14]	[Debug]	Uploading file left-nav-override.css	14279ms	e53b3df0-6df9-44ac-a3b2-9a81c3ead947
powershell.exe Information: 0 : 2018-10-24 21:53:19.7029	[OfficeDevPnP.Core]	[0]	[Debug]	Creating file info with Url 'left-nav-override.css'	0ms	
powershell.exe Information: 0 : 2018-10-24 21:53:20.3832	[OfficeDevPnP.Core]	[0]	[Debug]	Checking in file 'left-nav-override.css'	0ms	
powershell.exe Information: 0 : 2018-10-24 21:53:20.5712	[OfficeDevPnP.Core]	[0]	[Debug]	Publishing file 'left-nav-override.css'	0ms	
powershell.exe Information: 0 : 2018-10-24 21:53:21.2622	[OfficeDevPnP.Core]	[0]	[Information]	File Custom-Script-Action.js retrieved from folder 	0ms	
powershell.exe Information: 0 : 2018-10-24 21:53:21.2622	[Files]	[14]	[Debug]	Uploading file Custom-Script-Action.js	15839ms	e53b3df0-6df9-44ac-a3b2-9a81c3ead947
powershell.exe Information: 0 : 2018-10-24 21:53:21.2622	[OfficeDevPnP.Core]	[0]	[Debug]	Creating file info with Url 'Custom-Script-Action.js'	0ms	
powershell.exe Information: 0 : 2018-10-24 21:53:22.0239	[OfficeDevPnP.Core]	[0]	[Debug]	Checking in file 'Custom-Script-Action.js'	0ms	
powershell.exe Information: 0 : 2018-10-24 21:53:22.2269	[OfficeDevPnP.Core]	[0]	[Debug]	Publishing file 'Custom-Script-Action.js'	0ms	
powershell.exe Information: 0 : 2018-10-24 21:53:22.5150	[Files]	[14]	[Debug]	Code execution scope ended	17091ms	e53b3df0-6df9-44ac-a3b2-9a81c3ead947
powershell.exe Information: 0 : 2018-10-24 21:53:22.5620	[Tenant Settings]	[14]	[Debug]	Code execution scope started	0ms	e53b3df0-6df9-44ac-a3b2-9a81c3ead947
powershell.exe Information: 0 : 2018-10-24 21:53:22.5630	[Tenant Settings]	[14]	[Debug]	Code execution scope ended	0ms	e53b3df0-6df9-44ac-a3b2-9a81c3ead947
powershell.exe Information: 0 : 2018-10-24 21:53:22.5820	[Application Lifecycle Management]	[14]	[Debug]	Code execution scope started	0ms	e53b3df0-6df9-44ac-a3b2-9a81c3ead947
powershell.exe Information: 0 : 2018-10-24 21:53:22.5820	[Application Lifecycle Management]	[14]	[Debug]	Code execution scope ended	0ms	e53b3df0-6df9-44ac-a3b2-9a81c3ead947
powershell.exe Information: 0 : 2018-10-24 21:53:22.6030	[Custom Actions]	[14]	[Debug]	Code execution scope started	0ms	e53b3df0-6df9-44ac-a3b2-9a81c3ead947
powershell.exe Information: 0 : 2018-10-24 21:53:22.7199	[Custom Actions]	[14]	[Debug]	Adding custom action 'QL_Dropdown' to scope Site	116ms	e53b3df0-6df9-44ac-a3b2-9a81c3ead947
powershell.exe Information: 0 : 2018-10-24 21:53:23.0504	[Custom Actions]	[14]	[Debug]	Code execution scope ended	447ms	e53b3df0-6df9-44ac-a3b2-9a81c3ead947
powershell.exe Information: 0 : 2018-10-24 21:53:23.0514	[Persist Template Info]	[14]	[Debug]	Code execution scope started	0ms	e53b3df0-6df9-44ac-a3b2-9a81c3ead947
powershell.exe Information: 0 : 2018-10-24 21:53:23.9255	[Persist Template Info]	[14]	[Debug]	Code execution scope ended	874ms	e53b3df0-6df9-44ac-a3b2-9a81c3ead947
powershell.exe Information: 0 : 2018-10-24 21:53:23.9265	[Provisioning]	[14]	[Debug]	Code execution scope ended	25677ms	e53b3df0-6df9-44ac-a3b2-9a81c3ead947
