powershell.exe Information: 0 : 2018-10-22 02:05:58.9134	[OfficeDevPnP.Core]	[0]	[Information]	File Custom.QuickLaunch.Template.xml retrieved from folder 	0ms	
powershell.exe Information: 0 : 2018-10-22 02:05:58.9144	[OfficeDevPnP.Core]	[0]	[Information]	File Custom.QuickLaunch.Template.xml retrieved from folder 	0ms	
powershell.exe Information: 0 : 2018-10-22 02:05:58.9459	[Provisioning]	[14]	[Debug]	Code execution scope started	0ms	8ef8d5d4-4925-47e2-8703-2e934e86b53c
powershell.exe Information: 0 : 2018-10-22 02:05:58.9464	[Provisioning]	[14]	[Information]	ProgressDelegate registered	0ms	8ef8d5d4-4925-47e2-8703-2e934e86b53c
powershell.exe Information: 0 : 2018-10-22 02:05:58.9484	[Provisioning]	[14]	[Information]	MessagesDelegate registered	2ms	8ef8d5d4-4925-47e2-8703-2e934e86b53c
powershell.exe Information: 0 : 2018-10-22 02:06:06.5901	[Extensibility Providers]	[14]	[Debug]	Code execution scope started	0ms	8ef8d5d4-4925-47e2-8703-2e934e86b53c
powershell.exe Information: 0 : 2018-10-22 02:06:06.5901	[Extensibility Providers]	[14]	[Debug]	Code execution scope ended	0ms	8ef8d5d4-4925-47e2-8703-2e934e86b53c
powershell.exe Information: 0 : 2018-10-22 02:06:06.7388	[Files]	[14]	[Debug]	Code execution scope started	0ms	8ef8d5d4-4925-47e2-8703-2e934e86b53c
powershell.exe Information: 0 : 2018-10-22 02:06:20.0119	[OfficeDevPnP.Core]	[0]	[Information]	Creating folder 'QuickLaunch' under List '/sites/brandme/Style Library'.	0ms	
powershell.exe Information: 0 : 2018-10-22 02:06:20.8242	[OfficeDevPnP.Core]	[0]	[Information]	File left-nav-override.js retrieved from folder 	0ms	
powershell.exe Information: 0 : 2018-10-22 02:06:20.8252	[Files]	[14]	[Debug]	Uploading file left-nav-override.js	14086ms	8ef8d5d4-4925-47e2-8703-2e934e86b53c
powershell.exe Information: 0 : 2018-10-22 02:06:20.8252	[OfficeDevPnP.Core]	[0]	[Debug]	Creating file info with Url 'left-nav-override.js'	0ms	
powershell.exe Information: 0 : 2018-10-22 02:06:21.8671	[OfficeDevPnP.Core]	[0]	[Debug]	Checking in file 'left-nav-override.js'	0ms	
powershell.exe Information: 0 : 2018-10-22 02:06:22.1281	[OfficeDevPnP.Core]	[0]	[Debug]	Publishing file 'left-nav-override.js'	0ms	
powershell.exe Information: 0 : 2018-10-22 02:06:22.9829	[OfficeDevPnP.Core]	[0]	[Information]	File left-nav-override.css retrieved from folder 	0ms	
powershell.exe Information: 0 : 2018-10-22 02:06:22.9829	[Files]	[14]	[Debug]	Uploading file left-nav-override.css	16244ms	8ef8d5d4-4925-47e2-8703-2e934e86b53c
powershell.exe Information: 0 : 2018-10-22 02:06:22.9829	[OfficeDevPnP.Core]	[0]	[Debug]	Creating file info with Url 'left-nav-override.css'	0ms	
powershell.exe Information: 0 : 2018-10-22 02:06:23.6449	[OfficeDevPnP.Core]	[0]	[Debug]	Checking in file 'left-nav-override.css'	0ms	
powershell.exe Information: 0 : 2018-10-22 02:06:23.8922	[OfficeDevPnP.Core]	[0]	[Debug]	Publishing file 'left-nav-override.css'	0ms	
powershell.exe Information: 0 : 2018-10-22 02:06:24.7032	[OfficeDevPnP.Core]	[0]	[Information]	File Custom-Script-Action.js retrieved from folder 	0ms	
powershell.exe Information: 0 : 2018-10-22 02:06:24.7032	[Files]	[14]	[Debug]	Uploading file Custom-Script-Action.js	17964ms	8ef8d5d4-4925-47e2-8703-2e934e86b53c
powershell.exe Information: 0 : 2018-10-22 02:06:24.7032	[OfficeDevPnP.Core]	[0]	[Debug]	Creating file info with Url 'Custom-Script-Action.js'	0ms	
powershell.exe Information: 0 : 2018-10-22 02:06:25.2452	[OfficeDevPnP.Core]	[0]	[Debug]	Checking in file 'Custom-Script-Action.js'	0ms	
powershell.exe Information: 0 : 2018-10-22 02:06:25.4287	[OfficeDevPnP.Core]	[0]	[Debug]	Publishing file 'Custom-Script-Action.js'	0ms	
powershell.exe Information: 0 : 2018-10-22 02:06:25.6043	[Files]	[14]	[Debug]	Code execution scope ended	18865ms	8ef8d5d4-4925-47e2-8703-2e934e86b53c
powershell.exe Information: 0 : 2018-10-22 02:06:25.6714	[Tenant Settings]	[14]	[Debug]	Code execution scope started	0ms	8ef8d5d4-4925-47e2-8703-2e934e86b53c
powershell.exe Information: 0 : 2018-10-22 02:06:25.6729	[Tenant Settings]	[14]	[Debug]	Code execution scope ended	1ms	8ef8d5d4-4925-47e2-8703-2e934e86b53c
powershell.exe Information: 0 : 2018-10-22 02:06:25.6915	[Application Lifecycle Management]	[14]	[Debug]	Code execution scope started	0ms	8ef8d5d4-4925-47e2-8703-2e934e86b53c
powershell.exe Information: 0 : 2018-10-22 02:06:25.6915	[Application Lifecycle Management]	[14]	[Debug]	Code execution scope ended	0ms	8ef8d5d4-4925-47e2-8703-2e934e86b53c
powershell.exe Information: 0 : 2018-10-22 02:06:25.7118	[Custom Actions]	[14]	[Debug]	Code execution scope started	0ms	8ef8d5d4-4925-47e2-8703-2e934e86b53c
powershell.exe Information: 0 : 2018-10-22 02:06:25.8666	[Custom Actions]	[14]	[Debug]	Adding custom action 'QL_Dropdown' to scope Site	154ms	8ef8d5d4-4925-47e2-8703-2e934e86b53c
powershell.exe Information: 0 : 2018-10-22 02:06:26.7976	[Custom Actions]	[14]	[Debug]	Code execution scope ended	1085ms	8ef8d5d4-4925-47e2-8703-2e934e86b53c
powershell.exe Information: 0 : 2018-10-22 02:06:26.7981	[Persist Template Info]	[14]	[Debug]	Code execution scope started	0ms	8ef8d5d4-4925-47e2-8703-2e934e86b53c
powershell.exe Information: 0 : 2018-10-22 02:06:27.9949	[Persist Template Info]	[14]	[Debug]	Code execution scope ended	1197ms	8ef8d5d4-4925-47e2-8703-2e934e86b53c
powershell.exe Information: 0 : 2018-10-22 02:06:27.9949	[Provisioning]	[14]	[Debug]	Code execution scope ended	29049ms	8ef8d5d4-4925-47e2-8703-2e934e86b53c
