powershell.exe Information: 0 : 2018-10-22 00:03:16.8023	[OfficeDevPnP.Core]	[0]	[Information]	File Custom.QuickLaunch.Template.xml retrieved from folder 	0ms	
powershell.exe Information: 0 : 2018-10-22 00:03:16.8033	[OfficeDevPnP.Core]	[0]	[Information]	File Custom.QuickLaunch.Template.xml retrieved from folder 	0ms	
powershell.exe Information: 0 : 2018-10-22 00:03:16.8253	[Provisioning]	[14]	[Debug]	Code execution scope started	0ms	b637429c-4fc6-440e-880a-493ffad80922
powershell.exe Information: 0 : 2018-10-22 00:03:16.8253	[Provisioning]	[14]	[Information]	ProgressDelegate registered	0ms	b637429c-4fc6-440e-880a-493ffad80922
powershell.exe Information: 0 : 2018-10-22 00:03:16.8253	[Provisioning]	[14]	[Information]	MessagesDelegate registered	0ms	b637429c-4fc6-440e-880a-493ffad80922
powershell.exe Information: 0 : 2018-10-22 00:03:24.5895	[Extensibility Providers]	[14]	[Debug]	Code execution scope started	0ms	b637429c-4fc6-440e-880a-493ffad80922
powershell.exe Information: 0 : 2018-10-22 00:03:24.5905	[Extensibility Providers]	[14]	[Debug]	Code execution scope ended	0ms	b637429c-4fc6-440e-880a-493ffad80922
powershell.exe Information: 0 : 2018-10-22 00:03:24.7516	[Files]	[14]	[Debug]	Code execution scope started	0ms	b637429c-4fc6-440e-880a-493ffad80922
powershell.exe Information: 0 : 2018-10-22 00:03:39.8562	[OfficeDevPnP.Core]	[0]	[Information]	Creating folder 'QuickLaunch' under List '/sites/brandme/Style Library'.	0ms	
powershell.exe Information: 0 : 2018-10-22 00:03:40.5302	[OfficeDevPnP.Core]	[0]	[Information]	File left-nav-override.js retrieved from folder 	0ms	
powershell.exe Information: 0 : 2018-10-22 00:03:40.5307	[Files]	[14]	[Debug]	Uploading file left-nav-override.js	15778ms	b637429c-4fc6-440e-880a-493ffad80922
powershell.exe Information: 0 : 2018-10-22 00:03:40.5312	[OfficeDevPnP.Core]	[0]	[Debug]	Creating file info with Url 'left-nav-override.js'	0ms	
powershell.exe Information: 0 : 2018-10-22 00:03:41.1935	[OfficeDevPnP.Core]	[0]	[Debug]	Checking in file 'left-nav-override.js'	0ms	
powershell.exe Information: 0 : 2018-10-22 00:03:41.4053	[OfficeDevPnP.Core]	[0]	[Debug]	Publishing file 'left-nav-override.js'	0ms	
powershell.exe Information: 0 : 2018-10-22 00:03:42.1193	[OfficeDevPnP.Core]	[0]	[Information]	File Custom-Script-Action.js retrieved from folder 	0ms	
powershell.exe Information: 0 : 2018-10-22 00:03:42.1193	[Files]	[14]	[Debug]	Uploading file Custom-Script-Action.js	17367ms	b637429c-4fc6-440e-880a-493ffad80922
powershell.exe Information: 0 : 2018-10-22 00:03:42.1198	[OfficeDevPnP.Core]	[0]	[Debug]	Creating file info with Url 'Custom-Script-Action.js'	0ms	
powershell.exe Information: 0 : 2018-10-22 00:03:42.8950	[OfficeDevPnP.Core]	[0]	[Debug]	Checking in file 'Custom-Script-Action.js'	0ms	
powershell.exe Information: 0 : 2018-10-22 00:03:43.2534	[OfficeDevPnP.Core]	[0]	[Debug]	Publishing file 'Custom-Script-Action.js'	0ms	
powershell.exe Information: 0 : 2018-10-22 00:03:43.4712	[Files]	[14]	[Debug]	Code execution scope ended	18719ms	b637429c-4fc6-440e-880a-493ffad80922
powershell.exe Information: 0 : 2018-10-22 00:03:43.5197	[Tenant Settings]	[14]	[Debug]	Code execution scope started	0ms	b637429c-4fc6-440e-880a-493ffad80922
powershell.exe Information: 0 : 2018-10-22 00:03:43.5212	[Tenant Settings]	[14]	[Debug]	Code execution scope ended	1ms	b637429c-4fc6-440e-880a-493ffad80922
powershell.exe Information: 0 : 2018-10-22 00:03:43.5428	[Application Lifecycle Management]	[14]	[Debug]	Code execution scope started	0ms	b637429c-4fc6-440e-880a-493ffad80922
powershell.exe Information: 0 : 2018-10-22 00:03:43.5428	[Application Lifecycle Management]	[14]	[Debug]	Code execution scope ended	0ms	b637429c-4fc6-440e-880a-493ffad80922
powershell.exe Information: 0 : 2018-10-22 00:03:43.5657	[Custom Actions]	[14]	[Debug]	Code execution scope started	0ms	b637429c-4fc6-440e-880a-493ffad80922
powershell.exe Information: 0 : 2018-10-22 00:03:43.7065	[Custom Actions]	[14]	[Debug]	Adding custom action 'QL_Dropdown' to scope Site	140ms	b637429c-4fc6-440e-880a-493ffad80922
powershell.exe Information: 0 : 2018-10-22 00:03:44.0521	[Custom Actions]	[14]	[Debug]	Code execution scope ended	486ms	b637429c-4fc6-440e-880a-493ffad80922
powershell.exe Information: 0 : 2018-10-22 00:03:44.0521	[Persist Template Info]	[14]	[Debug]	Code execution scope started	0ms	b637429c-4fc6-440e-880a-493ffad80922
powershell.exe Information: 0 : 2018-10-22 00:03:44.8082	[Persist Template Info]	[14]	[Debug]	Code execution scope ended	755ms	b637429c-4fc6-440e-880a-493ffad80922
powershell.exe Information: 0 : 2018-10-22 00:03:44.8092	[Provisioning]	[14]	[Debug]	Code execution scope ended	27983ms	b637429c-4fc6-440e-880a-493ffad80922
