powershell.exe Information: 0 : 2018-10-24 20:34:29.4946	[OfficeDevPnP.Core]	[0]	[Information]	File Custom.QuickLaunch.Template.xml retrieved from folder 	0ms	
powershell.exe Information: 0 : 2018-10-24 20:34:29.5096	[OfficeDevPnP.Core]	[0]	[Information]	File Custom.QuickLaunch.Template.xml retrieved from folder 	0ms	
powershell.exe Information: 0 : 2018-10-24 20:34:29.5346	[Provisioning]	[14]	[Debug]	Code execution scope started	0ms	a8c3969e-8f94-4270-a6fa-d37088dc5e49
powershell.exe Information: 0 : 2018-10-24 20:34:29.5346	[Provisioning]	[14]	[Information]	ProgressDelegate registered	0ms	a8c3969e-8f94-4270-a6fa-d37088dc5e49
powershell.exe Information: 0 : 2018-10-24 20:34:29.5446	[Provisioning]	[14]	[Information]	MessagesDelegate registered	10ms	a8c3969e-8f94-4270-a6fa-d37088dc5e49
powershell.exe Information: 0 : 2018-10-24 20:34:35.8958	[Extensibility Providers]	[14]	[Debug]	Code execution scope started	0ms	a8c3969e-8f94-4270-a6fa-d37088dc5e49
powershell.exe Information: 0 : 2018-10-24 20:34:35.8958	[Extensibility Providers]	[14]	[Debug]	Code execution scope ended	0ms	a8c3969e-8f94-4270-a6fa-d37088dc5e49
powershell.exe Information: 0 : 2018-10-24 20:34:36.0215	[Files]	[14]	[Debug]	Code execution scope started	0ms	a8c3969e-8f94-4270-a6fa-d37088dc5e49
powershell.exe Information: 0 : 2018-10-24 20:34:48.0139	[OfficeDevPnP.Core]	[0]	[Information]	Creating folder 'QuickLaunch' under List '/sites/brandme/Style Library'.	0ms	
powershell.exe Information: 0 : 2018-10-24 20:34:48.5671	[OfficeDevPnP.Core]	[0]	[Information]	File left-nav-override.js retrieved from folder 	0ms	
powershell.exe Information: 0 : 2018-10-24 20:34:48.5671	[Files]	[14]	[Debug]	Uploading file left-nav-override.js	12545ms	a8c3969e-8f94-4270-a6fa-d37088dc5e49
powershell.exe Information: 0 : 2018-10-24 20:34:48.5671	[OfficeDevPnP.Core]	[0]	[Debug]	Creating file info with Url 'left-nav-override.js'	0ms	
powershell.exe Information: 0 : 2018-10-24 20:34:49.1072	[OfficeDevPnP.Core]	[0]	[Debug]	Checking in file 'left-nav-override.js'	0ms	
powershell.exe Information: 0 : 2018-10-24 20:34:49.3000	[OfficeDevPnP.Core]	[0]	[Debug]	Publishing file 'left-nav-override.js'	0ms	
powershell.exe Information: 0 : 2018-10-24 20:34:49.9276	[OfficeDevPnP.Core]	[0]	[Information]	File left-nav-override.css retrieved from folder 	0ms	
powershell.exe Information: 0 : 2018-10-24 20:34:49.9276	[Files]	[14]	[Debug]	Uploading file left-nav-override.css	13906ms	a8c3969e-8f94-4270-a6fa-d37088dc5e49
powershell.exe Information: 0 : 2018-10-24 20:34:49.9276	[OfficeDevPnP.Core]	[0]	[Debug]	Creating file info with Url 'left-nav-override.css'	0ms	
powershell.exe Information: 0 : 2018-10-24 20:34:50.4298	[OfficeDevPnP.Core]	[0]	[Debug]	Checking in file 'left-nav-override.css'	0ms	
powershell.exe Information: 0 : 2018-10-24 20:34:50.7418	[OfficeDevPnP.Core]	[0]	[Debug]	Publishing file 'left-nav-override.css'	0ms	
powershell.exe Information: 0 : 2018-10-24 20:34:51.3944	[OfficeDevPnP.Core]	[0]	[Information]	File Custom-Script-Action.js retrieved from folder 	0ms	
powershell.exe Information: 0 : 2018-10-24 20:34:51.3954	[Files]	[14]	[Debug]	Uploading file Custom-Script-Action.js	15373ms	a8c3969e-8f94-4270-a6fa-d37088dc5e49
powershell.exe Information: 0 : 2018-10-24 20:34:51.3954	[OfficeDevPnP.Core]	[0]	[Debug]	Creating file info with Url 'Custom-Script-Action.js'	0ms	
powershell.exe Information: 0 : 2018-10-24 20:34:52.0546	[OfficeDevPnP.Core]	[0]	[Debug]	Checking in file 'Custom-Script-Action.js'	0ms	
powershell.exe Information: 0 : 2018-10-24 20:34:52.2346	[OfficeDevPnP.Core]	[0]	[Debug]	Publishing file 'Custom-Script-Action.js'	0ms	
powershell.exe Information: 0 : 2018-10-24 20:34:52.4058	[Files]	[14]	[Debug]	Code execution scope ended	16384ms	a8c3969e-8f94-4270-a6fa-d37088dc5e49
powershell.exe Information: 0 : 2018-10-24 20:34:52.4547	[Tenant Settings]	[14]	[Debug]	Code execution scope started	0ms	a8c3969e-8f94-4270-a6fa-d37088dc5e49
powershell.exe Information: 0 : 2018-10-24 20:34:52.4557	[Tenant Settings]	[14]	[Debug]	Code execution scope ended	0ms	a8c3969e-8f94-4270-a6fa-d37088dc5e49
powershell.exe Information: 0 : 2018-10-24 20:34:52.4783	[Application Lifecycle Management]	[14]	[Debug]	Code execution scope started	0ms	a8c3969e-8f94-4270-a6fa-d37088dc5e49
powershell.exe Information: 0 : 2018-10-24 20:34:52.4783	[Application Lifecycle Management]	[14]	[Debug]	Code execution scope ended	0ms	a8c3969e-8f94-4270-a6fa-d37088dc5e49
powershell.exe Information: 0 : 2018-10-24 20:34:52.5006	[Custom Actions]	[14]	[Debug]	Code execution scope started	0ms	a8c3969e-8f94-4270-a6fa-d37088dc5e49
powershell.exe Information: 0 : 2018-10-24 20:34:52.6112	[Custom Actions]	[14]	[Debug]	Adding custom action 'QL_Dropdown' to scope Site	110ms	a8c3969e-8f94-4270-a6fa-d37088dc5e49
powershell.exe Information: 0 : 2018-10-24 20:34:52.9084	[Custom Actions]	[14]	[Debug]	Code execution scope ended	407ms	a8c3969e-8f94-4270-a6fa-d37088dc5e49
powershell.exe Information: 0 : 2018-10-24 20:34:52.9089	[Persist Template Info]	[14]	[Debug]	Code execution scope started	0ms	a8c3969e-8f94-4270-a6fa-d37088dc5e49
powershell.exe Information: 0 : 2018-10-24 20:34:53.6237	[Persist Template Info]	[14]	[Debug]	Code execution scope ended	714ms	a8c3969e-8f94-4270-a6fa-d37088dc5e49
powershell.exe Information: 0 : 2018-10-24 20:34:53.6237	[Provisioning]	[14]	[Debug]	Code execution scope ended	24089ms	a8c3969e-8f94-4270-a6fa-d37088dc5e49
