powershell.exe Information: 0 : 2018-10-24 19:43:12.6440	[OfficeDevPnP.Core]	[0]	[Information]	File Custom.QuickLaunch.Template.xml retrieved from folder 	0ms	
powershell.exe Information: 0 : 2018-10-24 19:43:12.6450	[OfficeDevPnP.Core]	[0]	[Information]	File Custom.QuickLaunch.Template.xml retrieved from folder 	0ms	
powershell.exe Information: 0 : 2018-10-24 19:43:12.6700	[Provisioning]	[14]	[Debug]	Code execution scope started	0ms	a67c8426-3585-49ab-884f-7e14647919f6
powershell.exe Information: 0 : 2018-10-24 19:43:12.6710	[Provisioning]	[14]	[Information]	ProgressDelegate registered	0ms	a67c8426-3585-49ab-884f-7e14647919f6
powershell.exe Information: 0 : 2018-10-24 19:43:12.6720	[Provisioning]	[14]	[Information]	MessagesDelegate registered	1ms	a67c8426-3585-49ab-884f-7e14647919f6
powershell.exe Information: 0 : 2018-10-24 19:43:19.2418	[Extensibility Providers]	[14]	[Debug]	Code execution scope started	0ms	a67c8426-3585-49ab-884f-7e14647919f6
powershell.exe Information: 0 : 2018-10-24 19:43:19.2428	[Extensibility Providers]	[14]	[Debug]	Code execution scope ended	0ms	a67c8426-3585-49ab-884f-7e14647919f6
powershell.exe Information: 0 : 2018-10-24 19:43:19.3728	[Files]	[14]	[Debug]	Code execution scope started	0ms	a67c8426-3585-49ab-884f-7e14647919f6
powershell.exe Information: 0 : 2018-10-24 19:43:33.9739	[OfficeDevPnP.Core]	[0]	[Information]	Creating folder 'QuickLaunch' under List '/sites/brandme/Style Library'.	0ms	
powershell.exe Information: 0 : 2018-10-24 19:43:34.5345	[OfficeDevPnP.Core]	[0]	[Information]	File left-nav-override.js retrieved from folder 	0ms	
powershell.exe Information: 0 : 2018-10-24 19:43:34.5345	[Files]	[14]	[Debug]	Uploading file left-nav-override.js	15161ms	a67c8426-3585-49ab-884f-7e14647919f6
powershell.exe Information: 0 : 2018-10-24 19:43:34.5345	[OfficeDevPnP.Core]	[0]	[Debug]	Creating file info with Url 'left-nav-override.js'	0ms	
powershell.exe Information: 0 : 2018-10-24 19:43:35.3315	[OfficeDevPnP.Core]	[0]	[Debug]	Checking in file 'left-nav-override.js'	0ms	
powershell.exe Information: 0 : 2018-10-24 19:43:35.6785	[OfficeDevPnP.Core]	[0]	[Debug]	Publishing file 'left-nav-override.js'	0ms	
powershell.exe Information: 0 : 2018-10-24 19:43:36.4363	[OfficeDevPnP.Core]	[0]	[Information]	File left-nav-override.css retrieved from folder 	0ms	
powershell.exe Information: 0 : 2018-10-24 19:43:36.4363	[Files]	[14]	[Debug]	Uploading file left-nav-override.css	17063ms	a67c8426-3585-49ab-884f-7e14647919f6
powershell.exe Information: 0 : 2018-10-24 19:43:36.4363	[OfficeDevPnP.Core]	[0]	[Debug]	Creating file info with Url 'left-nav-override.css'	0ms	
powershell.exe Information: 0 : 2018-10-24 19:43:37.3283	[OfficeDevPnP.Core]	[0]	[Debug]	Checking in file 'left-nav-override.css'	0ms	
powershell.exe Information: 0 : 2018-10-24 19:43:37.8733	[OfficeDevPnP.Core]	[0]	[Debug]	Publishing file 'left-nav-override.css'	0ms	
powershell.exe Information: 0 : 2018-10-24 19:43:38.6850	[OfficeDevPnP.Core]	[0]	[Information]	File Custom-Script-Action.js retrieved from folder 	0ms	
powershell.exe Information: 0 : 2018-10-24 19:43:38.6850	[Files]	[14]	[Debug]	Uploading file Custom-Script-Action.js	19312ms	a67c8426-3585-49ab-884f-7e14647919f6
powershell.exe Information: 0 : 2018-10-24 19:43:38.6850	[OfficeDevPnP.Core]	[0]	[Debug]	Creating file info with Url 'Custom-Script-Action.js'	0ms	
powershell.exe Information: 0 : 2018-10-24 19:43:39.4752	[OfficeDevPnP.Core]	[0]	[Debug]	Checking in file 'Custom-Script-Action.js'	0ms	
powershell.exe Information: 0 : 2018-10-24 19:43:39.7777	[OfficeDevPnP.Core]	[0]	[Debug]	Publishing file 'Custom-Script-Action.js'	0ms	
powershell.exe Information: 0 : 2018-10-24 19:43:40.1190	[Files]	[14]	[Debug]	Code execution scope ended	20745ms	a67c8426-3585-49ab-884f-7e14647919f6
powershell.exe Information: 0 : 2018-10-24 19:43:40.1635	[Tenant Settings]	[14]	[Debug]	Code execution scope started	0ms	a67c8426-3585-49ab-884f-7e14647919f6
powershell.exe Information: 0 : 2018-10-24 19:43:40.1645	[Tenant Settings]	[14]	[Debug]	Code execution scope ended	0ms	a67c8426-3585-49ab-884f-7e14647919f6
powershell.exe Information: 0 : 2018-10-24 19:43:40.1840	[Application Lifecycle Management]	[14]	[Debug]	Code execution scope started	0ms	a67c8426-3585-49ab-884f-7e14647919f6
powershell.exe Information: 0 : 2018-10-24 19:43:40.1845	[Application Lifecycle Management]	[14]	[Debug]	Code execution scope ended	0ms	a67c8426-3585-49ab-884f-7e14647919f6
powershell.exe Information: 0 : 2018-10-24 19:43:40.2050	[Custom Actions]	[14]	[Debug]	Code execution scope started	0ms	a67c8426-3585-49ab-884f-7e14647919f6
powershell.exe Information: 0 : 2018-10-24 19:43:40.3110	[Custom Actions]	[14]	[Debug]	Adding custom action 'QL_Dropdown' to scope Site	106ms	a67c8426-3585-49ab-884f-7e14647919f6
powershell.exe Information: 0 : 2018-10-24 19:43:40.6568	[Custom Actions]	[14]	[Debug]	Code execution scope ended	451ms	a67c8426-3585-49ab-884f-7e14647919f6
powershell.exe Information: 0 : 2018-10-24 19:43:40.6568	[Persist Template Info]	[14]	[Debug]	Code execution scope started	0ms	a67c8426-3585-49ab-884f-7e14647919f6
powershell.exe Information: 0 : 2018-10-24 19:43:41.4783	[Persist Template Info]	[14]	[Debug]	Code execution scope ended	821ms	a67c8426-3585-49ab-884f-7e14647919f6
powershell.exe Information: 0 : 2018-10-24 19:43:41.4793	[Provisioning]	[14]	[Debug]	Code execution scope ended	28808ms	a67c8426-3585-49ab-884f-7e14647919f6
