powershell.exe Information: 0 : 2018-10-24 18:54:15.3784	[OfficeDevPnP.Core]	[0]	[Information]	File Custom.QuickLaunch.Template.xml retrieved from folder 	0ms	
powershell.exe Information: 0 : 2018-10-24 18:54:15.3794	[OfficeDevPnP.Core]	[0]	[Information]	File Custom.QuickLaunch.Template.xml retrieved from folder 	0ms	
powershell.exe Information: 0 : 2018-10-24 18:54:15.4024	[Provisioning]	[14]	[Debug]	Code execution scope started	0ms	dc9c3ff7-4e00-4313-b835-8bf0a8f26cb7
powershell.exe Information: 0 : 2018-10-24 18:54:15.4034	[Provisioning]	[14]	[Information]	ProgressDelegate registered	0ms	dc9c3ff7-4e00-4313-b835-8bf0a8f26cb7
powershell.exe Information: 0 : 2018-10-24 18:54:15.4034	[Provisioning]	[14]	[Information]	MessagesDelegate registered	0ms	dc9c3ff7-4e00-4313-b835-8bf0a8f26cb7
powershell.exe Information: 0 : 2018-10-24 18:54:22.8551	[Extensibility Providers]	[14]	[Debug]	Code execution scope started	0ms	dc9c3ff7-4e00-4313-b835-8bf0a8f26cb7
powershell.exe Information: 0 : 2018-10-24 18:54:22.8551	[Extensibility Providers]	[14]	[Debug]	Code execution scope ended	0ms	dc9c3ff7-4e00-4313-b835-8bf0a8f26cb7
powershell.exe Information: 0 : 2018-10-24 18:54:22.9858	[Files]	[14]	[Debug]	Code execution scope started	0ms	dc9c3ff7-4e00-4313-b835-8bf0a8f26cb7
powershell.exe Information: 0 : 2018-10-24 18:54:36.0887	[OfficeDevPnP.Core]	[0]	[Information]	Creating folder 'QuickLaunch' under List '/sites/brandme/Style Library'.	0ms	
powershell.exe Information: 0 : 2018-10-24 18:54:36.6782	[OfficeDevPnP.Core]	[0]	[Information]	File left-nav-override.js retrieved from folder 	0ms	
powershell.exe Information: 0 : 2018-10-24 18:54:36.6782	[Files]	[14]	[Debug]	Uploading file left-nav-override.js	13692ms	dc9c3ff7-4e00-4313-b835-8bf0a8f26cb7
powershell.exe Information: 0 : 2018-10-24 18:54:36.6787	[OfficeDevPnP.Core]	[0]	[Debug]	Creating file info with Url 'left-nav-override.js'	0ms	
powershell.exe Information: 0 : 2018-10-24 18:54:37.3897	[OfficeDevPnP.Core]	[0]	[Debug]	Checking in file 'left-nav-override.js'	0ms	
powershell.exe Information: 0 : 2018-10-24 18:54:37.5664	[OfficeDevPnP.Core]	[0]	[Debug]	Publishing file 'left-nav-override.js'	0ms	
powershell.exe Information: 0 : 2018-10-24 18:54:38.1988	[OfficeDevPnP.Core]	[0]	[Information]	File left-nav-override.css retrieved from folder 	0ms	
powershell.exe Information: 0 : 2018-10-24 18:54:38.1988	[Files]	[14]	[Debug]	Uploading file left-nav-override.css	15213ms	dc9c3ff7-4e00-4313-b835-8bf0a8f26cb7
powershell.exe Information: 0 : 2018-10-24 18:54:38.1998	[OfficeDevPnP.Core]	[0]	[Debug]	Creating file info with Url 'left-nav-override.css'	0ms	
powershell.exe Information: 0 : 2018-10-24 18:54:38.7294	[OfficeDevPnP.Core]	[0]	[Debug]	Checking in file 'left-nav-override.css'	0ms	
powershell.exe Information: 0 : 2018-10-24 18:54:38.9314	[OfficeDevPnP.Core]	[0]	[Debug]	Publishing file 'left-nav-override.css'	0ms	
powershell.exe Information: 0 : 2018-10-24 18:54:39.7453	[OfficeDevPnP.Core]	[0]	[Information]	File Custom-Script-Action.js retrieved from folder 	0ms	
powershell.exe Information: 0 : 2018-10-24 18:54:39.7453	[Files]	[14]	[Debug]	Uploading file Custom-Script-Action.js	16759ms	dc9c3ff7-4e00-4313-b835-8bf0a8f26cb7
powershell.exe Information: 0 : 2018-10-24 18:54:39.7463	[OfficeDevPnP.Core]	[0]	[Debug]	Creating file info with Url 'Custom-Script-Action.js'	0ms	
powershell.exe Information: 0 : 2018-10-24 18:54:40.3638	[OfficeDevPnP.Core]	[0]	[Debug]	Checking in file 'Custom-Script-Action.js'	0ms	
powershell.exe Information: 0 : 2018-10-24 18:54:40.5407	[OfficeDevPnP.Core]	[0]	[Debug]	Publishing file 'Custom-Script-Action.js'	0ms	
powershell.exe Information: 0 : 2018-10-24 18:54:40.7297	[Files]	[14]	[Debug]	Code execution scope ended	17744ms	dc9c3ff7-4e00-4313-b835-8bf0a8f26cb7
powershell.exe Information: 0 : 2018-10-24 18:54:40.7807	[Tenant Settings]	[14]	[Debug]	Code execution scope started	0ms	dc9c3ff7-4e00-4313-b835-8bf0a8f26cb7
powershell.exe Information: 0 : 2018-10-24 18:54:40.7817	[Tenant Settings]	[14]	[Debug]	Code execution scope ended	1ms	dc9c3ff7-4e00-4313-b835-8bf0a8f26cb7
powershell.exe Information: 0 : 2018-10-24 18:54:40.8087	[Application Lifecycle Management]	[14]	[Debug]	Code execution scope started	0ms	dc9c3ff7-4e00-4313-b835-8bf0a8f26cb7
powershell.exe Information: 0 : 2018-10-24 18:54:40.8097	[Application Lifecycle Management]	[14]	[Debug]	Code execution scope ended	0ms	dc9c3ff7-4e00-4313-b835-8bf0a8f26cb7
powershell.exe Information: 0 : 2018-10-24 18:54:40.8348	[Custom Actions]	[14]	[Debug]	Code execution scope started	0ms	dc9c3ff7-4e00-4313-b835-8bf0a8f26cb7
powershell.exe Information: 0 : 2018-10-24 18:54:40.9484	[Custom Actions]	[14]	[Debug]	Adding custom action 'QL_Dropdown' to scope Site	114ms	dc9c3ff7-4e00-4313-b835-8bf0a8f26cb7
powershell.exe Information: 0 : 2018-10-24 18:54:41.2830	[Custom Actions]	[14]	[Debug]	Code execution scope ended	447ms	dc9c3ff7-4e00-4313-b835-8bf0a8f26cb7
powershell.exe Information: 0 : 2018-10-24 18:54:41.2830	[Persist Template Info]	[14]	[Debug]	Code execution scope started	0ms	dc9c3ff7-4e00-4313-b835-8bf0a8f26cb7
powershell.exe Information: 0 : 2018-10-24 18:54:42.0066	[Persist Template Info]	[14]	[Debug]	Code execution scope ended	723ms	dc9c3ff7-4e00-4313-b835-8bf0a8f26cb7
powershell.exe Information: 0 : 2018-10-24 18:54:42.0066	[Provisioning]	[14]	[Debug]	Code execution scope ended	26603ms	dc9c3ff7-4e00-4313-b835-8bf0a8f26cb7
