powershell.exe Information: 0 : 2018-10-18 00:45:57.0144	[OfficeDevPnP.Core]	[0]	[Information]	File Custom.QuickLaunch.Template.xml retrieved from folder 	0ms	
powershell.exe Information: 0 : 2018-10-18 00:45:57.0154	[OfficeDevPnP.Core]	[0]	[Information]	File Custom.QuickLaunch.Template.xml retrieved from folder 	0ms	
powershell.exe Information: 0 : 2018-10-18 00:45:57.0334	[Provisioning]	[14]	[Debug]	Code execution scope started	0ms	db747725-bc48-43b0-bae4-34d704969fa1
powershell.exe Information: 0 : 2018-10-18 00:45:57.0334	[Provisioning]	[14]	[Information]	ProgressDelegate registered	0ms	db747725-bc48-43b0-bae4-34d704969fa1
powershell.exe Information: 0 : 2018-10-18 00:45:57.0364	[Provisioning]	[14]	[Information]	MessagesDelegate registered	3ms	db747725-bc48-43b0-bae4-34d704969fa1
powershell.exe Information: 0 : 2018-10-18 00:46:04.0870	[Extensibility Providers]	[14]	[Debug]	Code execution scope started	0ms	db747725-bc48-43b0-bae4-34d704969fa1
powershell.exe Information: 0 : 2018-10-18 00:46:04.0870	[Extensibility Providers]	[14]	[Debug]	Code execution scope ended	0ms	db747725-bc48-43b0-bae4-34d704969fa1
powershell.exe Information: 0 : 2018-10-18 00:46:04.2327	[Files]	[14]	[Debug]	Code execution scope started	0ms	db747725-bc48-43b0-bae4-34d704969fa1
powershell.exe Information: 0 : 2018-10-18 00:46:16.4007	[OfficeDevPnP.Core]	[0]	[Information]	Creating folder 'QuickLaunch' under List '/sites/brandme/Style Library'.	0ms	
powershell.exe Information: 0 : 2018-10-18 00:46:16.9638	[OfficeDevPnP.Core]	[0]	[Information]	File left-nav-override.js retrieved from folder 	0ms	
powershell.exe Information: 0 : 2018-10-18 00:46:16.9638	[Files]	[14]	[Debug]	Uploading file left-nav-override.js	12731ms	db747725-bc48-43b0-bae4-34d704969fa1
powershell.exe Information: 0 : 2018-10-18 00:46:16.9643	[OfficeDevPnP.Core]	[0]	[Debug]	Creating file info with Url 'left-nav-override.js'	0ms	
powershell.exe Information: 0 : 2018-10-18 00:46:17.7705	[OfficeDevPnP.Core]	[0]	[Debug]	Checking in file 'left-nav-override.js'	0ms	
powershell.exe Information: 0 : 2018-10-18 00:46:17.9631	[OfficeDevPnP.Core]	[0]	[Debug]	Publishing file 'left-nav-override.js'	0ms	
powershell.exe Information: 0 : 2018-10-18 00:46:18.8454	[OfficeDevPnP.Core]	[0]	[Information]	File Custom-Script-Action.js retrieved from folder 	0ms	
powershell.exe Information: 0 : 2018-10-18 00:46:18.8454	[Files]	[14]	[Debug]	Uploading file Custom-Script-Action.js	14613ms	db747725-bc48-43b0-bae4-34d704969fa1
powershell.exe Information: 0 : 2018-10-18 00:46:18.8463	[OfficeDevPnP.Core]	[0]	[Debug]	Creating file info with Url 'Custom-Script-Action.js'	0ms	
powershell.exe Information: 0 : 2018-10-18 00:46:19.5411	[OfficeDevPnP.Core]	[0]	[Debug]	Checking in file 'Custom-Script-Action.js'	0ms	
powershell.exe Information: 0 : 2018-10-18 00:46:19.8079	[OfficeDevPnP.Core]	[0]	[Debug]	Publishing file 'Custom-Script-Action.js'	0ms	
powershell.exe Information: 0 : 2018-10-18 00:46:20.0317	[Files]	[14]	[Debug]	Code execution scope ended	15799ms	db747725-bc48-43b0-bae4-34d704969fa1
powershell.exe Information: 0 : 2018-10-18 00:46:20.0859	[Tenant Settings]	[14]	[Debug]	Code execution scope started	0ms	db747725-bc48-43b0-bae4-34d704969fa1
powershell.exe Information: 0 : 2018-10-18 00:46:20.0864	[Tenant Settings]	[14]	[Debug]	Code execution scope ended	0ms	db747725-bc48-43b0-bae4-34d704969fa1
powershell.exe Information: 0 : 2018-10-18 00:46:20.1054	[Application Lifecycle Management]	[14]	[Debug]	Code execution scope started	0ms	db747725-bc48-43b0-bae4-34d704969fa1
powershell.exe Information: 0 : 2018-10-18 00:46:20.1059	[Application Lifecycle Management]	[14]	[Debug]	Code execution scope ended	0ms	db747725-bc48-43b0-bae4-34d704969fa1
powershell.exe Information: 0 : 2018-10-18 00:46:20.1320	[Custom Actions]	[14]	[Debug]	Code execution scope started	0ms	db747725-bc48-43b0-bae4-34d704969fa1
powershell.exe Information: 0 : 2018-10-18 00:46:20.2517	[Custom Actions]	[14]	[Debug]	Adding custom action 'QL_Dropdown' to scope Site	119ms	db747725-bc48-43b0-bae4-34d704969fa1
powershell.exe Information: 0 : 2018-10-18 00:46:20.5754	[Custom Actions]	[14]	[Debug]	Code execution scope ended	443ms	db747725-bc48-43b0-bae4-34d704969fa1
powershell.exe Information: 0 : 2018-10-18 00:46:20.5764	[Persist Template Info]	[14]	[Debug]	Code execution scope started	0ms	db747725-bc48-43b0-bae4-34d704969fa1
powershell.exe Information: 0 : 2018-10-18 00:46:21.3144	[Persist Template Info]	[14]	[Debug]	Code execution scope ended	738ms	db747725-bc48-43b0-bae4-34d704969fa1
powershell.exe Information: 0 : 2018-10-18 00:46:21.3154	[Provisioning]	[14]	[Debug]	Code execution scope ended	24281ms	db747725-bc48-43b0-bae4-34d704969fa1
