powershell.exe Information: 0 : 2018-10-22 01:54:18.0650	[OfficeDevPnP.Core]	[0]	[Information]	File Custom.QuickLaunch.Template.xml retrieved from folder 	0ms	
powershell.exe Information: 0 : 2018-10-22 01:54:18.0660	[OfficeDevPnP.Core]	[0]	[Information]	File Custom.QuickLaunch.Template.xml retrieved from folder 	0ms	
powershell.exe Information: 0 : 2018-10-22 01:54:18.0930	[Provisioning]	[14]	[Debug]	Code execution scope started	0ms	f7a946db-9c35-4b56-bfef-7b1bada582b0
powershell.exe Information: 0 : 2018-10-22 01:54:18.0930	[Provisioning]	[14]	[Information]	ProgressDelegate registered	0ms	f7a946db-9c35-4b56-bfef-7b1bada582b0
powershell.exe Information: 0 : 2018-10-22 01:54:18.0960	[Provisioning]	[14]	[Information]	MessagesDelegate registered	2ms	f7a946db-9c35-4b56-bfef-7b1bada582b0
powershell.exe Information: 0 : 2018-10-22 01:54:24.6949	[Extensibility Providers]	[14]	[Debug]	Code execution scope started	0ms	f7a946db-9c35-4b56-bfef-7b1bada582b0
powershell.exe Information: 0 : 2018-10-22 01:54:24.6959	[Extensibility Providers]	[14]	[Debug]	Code execution scope ended	0ms	f7a946db-9c35-4b56-bfef-7b1bada582b0
powershell.exe Information: 0 : 2018-10-22 01:54:24.8336	[Files]	[14]	[Debug]	Code execution scope started	0ms	f7a946db-9c35-4b56-bfef-7b1bada582b0
powershell.exe Information: 0 : 2018-10-22 01:54:41.4996	[OfficeDevPnP.Core]	[0]	[Information]	Creating folder 'QuickLaunch' under List '/sites/brandme/Style Library'.	0ms	
powershell.exe Information: 0 : 2018-10-22 01:54:42.1223	[OfficeDevPnP.Core]	[0]	[Information]	File left-nav-override.js retrieved from folder 	0ms	
powershell.exe Information: 0 : 2018-10-22 01:54:42.1233	[Files]	[14]	[Debug]	Uploading file left-nav-override.js	17290ms	f7a946db-9c35-4b56-bfef-7b1bada582b0
powershell.exe Information: 0 : 2018-10-22 01:54:42.1243	[OfficeDevPnP.Core]	[0]	[Debug]	Creating file info with Url 'left-nav-override.js'	0ms	
powershell.exe Information: 0 : 2018-10-22 01:54:42.7817	[OfficeDevPnP.Core]	[0]	[Debug]	Checking in file 'left-nav-override.js'	0ms	
powershell.exe Information: 0 : 2018-10-22 01:54:42.9853	[OfficeDevPnP.Core]	[0]	[Debug]	Publishing file 'left-nav-override.js'	0ms	
powershell.exe Information: 0 : 2018-10-22 01:54:44.3677	[OfficeDevPnP.Core]	[0]	[Information]	File left-nav-override.css retrieved from folder 	0ms	
powershell.exe Information: 0 : 2018-10-22 01:54:44.3677	[Files]	[14]	[Debug]	Uploading file left-nav-override.css	19534ms	f7a946db-9c35-4b56-bfef-7b1bada582b0
powershell.exe Information: 0 : 2018-10-22 01:54:44.3677	[OfficeDevPnP.Core]	[0]	[Debug]	Creating file info with Url 'left-nav-override.css'	0ms	
powershell.exe Information: 0 : 2018-10-22 01:54:44.9617	[OfficeDevPnP.Core]	[0]	[Debug]	Checking in file 'left-nav-override.css'	0ms	
powershell.exe Information: 0 : 2018-10-22 01:54:45.1477	[OfficeDevPnP.Core]	[0]	[Debug]	Publishing file 'left-nav-override.css'	0ms	
powershell.exe Information: 0 : 2018-10-22 01:54:45.7772	[OfficeDevPnP.Core]	[0]	[Information]	File Custom-Script-Action.js retrieved from folder 	0ms	
powershell.exe Information: 0 : 2018-10-22 01:54:45.7782	[Files]	[14]	[Debug]	Uploading file Custom-Script-Action.js	20944ms	f7a946db-9c35-4b56-bfef-7b1bada582b0
powershell.exe Information: 0 : 2018-10-22 01:54:45.7782	[OfficeDevPnP.Core]	[0]	[Debug]	Creating file info with Url 'Custom-Script-Action.js'	0ms	
powershell.exe Information: 0 : 2018-10-22 01:54:46.4820	[OfficeDevPnP.Core]	[0]	[Debug]	Checking in file 'Custom-Script-Action.js'	0ms	
powershell.exe Information: 0 : 2018-10-22 01:54:46.8542	[OfficeDevPnP.Core]	[0]	[Debug]	Publishing file 'Custom-Script-Action.js'	0ms	
powershell.exe Information: 0 : 2018-10-22 01:54:47.0349	[Files]	[14]	[Debug]	Code execution scope ended	22201ms	f7a946db-9c35-4b56-bfef-7b1bada582b0
powershell.exe Information: 0 : 2018-10-22 01:54:47.0836	[Tenant Settings]	[14]	[Debug]	Code execution scope started	0ms	f7a946db-9c35-4b56-bfef-7b1bada582b0
powershell.exe Information: 0 : 2018-10-22 01:54:47.0851	[Tenant Settings]	[14]	[Debug]	Code execution scope ended	1ms	f7a946db-9c35-4b56-bfef-7b1bada582b0
powershell.exe Information: 0 : 2018-10-22 01:54:47.1071	[Application Lifecycle Management]	[14]	[Debug]	Code execution scope started	0ms	f7a946db-9c35-4b56-bfef-7b1bada582b0
powershell.exe Information: 0 : 2018-10-22 01:54:47.1081	[Application Lifecycle Management]	[14]	[Debug]	Code execution scope ended	1ms	f7a946db-9c35-4b56-bfef-7b1bada582b0
powershell.exe Information: 0 : 2018-10-22 01:54:47.1271	[Custom Actions]	[14]	[Debug]	Code execution scope started	0ms	f7a946db-9c35-4b56-bfef-7b1bada582b0
powershell.exe Information: 0 : 2018-10-22 01:54:47.2466	[Custom Actions]	[14]	[Debug]	Adding custom action 'QL_Dropdown' to scope Site	119ms	f7a946db-9c35-4b56-bfef-7b1bada582b0
powershell.exe Information: 0 : 2018-10-22 01:54:47.5606	[Custom Actions]	[14]	[Debug]	Code execution scope ended	433ms	f7a946db-9c35-4b56-bfef-7b1bada582b0
powershell.exe Information: 0 : 2018-10-22 01:54:47.5611	[Persist Template Info]	[14]	[Debug]	Code execution scope started	0ms	f7a946db-9c35-4b56-bfef-7b1bada582b0
powershell.exe Information: 0 : 2018-10-22 01:54:48.2995	[Persist Template Info]	[14]	[Debug]	Code execution scope ended	738ms	f7a946db-9c35-4b56-bfef-7b1bada582b0
powershell.exe Information: 0 : 2018-10-22 01:54:48.2995	[Provisioning]	[14]	[Debug]	Code execution scope ended	30206ms	f7a946db-9c35-4b56-bfef-7b1bada582b0
