powershell.exe Information: 0 : 2018-10-24 22:25:42.7634	[OfficeDevPnP.Core]	[0]	[Information]	File Custom.QuickLaunch.Template.xml retrieved from folder 	0ms	
powershell.exe Information: 0 : 2018-10-24 22:25:42.7644	[OfficeDevPnP.Core]	[0]	[Information]	File Custom.QuickLaunch.Template.xml retrieved from folder 	0ms	
powershell.exe Information: 0 : 2018-10-24 22:25:42.7870	[Provisioning]	[14]	[Debug]	Code execution scope started	0ms	232786c8-4bf9-40e3-b3a5-3ba6d6cfacb0
powershell.exe Information: 0 : 2018-10-24 22:25:42.7876	[Provisioning]	[14]	[Information]	ProgressDelegate registered	0ms	232786c8-4bf9-40e3-b3a5-3ba6d6cfacb0
powershell.exe Information: 0 : 2018-10-24 22:25:42.7903	[Provisioning]	[14]	[Information]	MessagesDelegate registered	3ms	232786c8-4bf9-40e3-b3a5-3ba6d6cfacb0
powershell.exe Information: 0 : 2018-10-24 22:25:49.7378	[Extensibility Providers]	[14]	[Debug]	Code execution scope started	0ms	232786c8-4bf9-40e3-b3a5-3ba6d6cfacb0
powershell.exe Information: 0 : 2018-10-24 22:25:49.7388	[Extensibility Providers]	[14]	[Debug]	Code execution scope ended	0ms	232786c8-4bf9-40e3-b3a5-3ba6d6cfacb0
powershell.exe Information: 0 : 2018-10-24 22:25:49.9009	[Files]	[14]	[Debug]	Code execution scope started	0ms	232786c8-4bf9-40e3-b3a5-3ba6d6cfacb0
powershell.exe Information: 0 : 2018-10-24 22:26:02.0289	[OfficeDevPnP.Core]	[0]	[Information]	Creating folder 'QuickLaunch' under List '/sites/brandme/Style Library'.	0ms	
powershell.exe Information: 0 : 2018-10-24 22:26:02.6255	[OfficeDevPnP.Core]	[0]	[Information]	File left-nav-override.js retrieved from folder 	0ms	
powershell.exe Information: 0 : 2018-10-24 22:26:02.6255	[Files]	[14]	[Debug]	Uploading file left-nav-override.js	12725ms	232786c8-4bf9-40e3-b3a5-3ba6d6cfacb0
powershell.exe Information: 0 : 2018-10-24 22:26:02.6265	[OfficeDevPnP.Core]	[0]	[Debug]	Creating file info with Url 'left-nav-override.js'	0ms	
powershell.exe Information: 0 : 2018-10-24 22:26:03.2699	[OfficeDevPnP.Core]	[0]	[Debug]	Checking in file 'left-nav-override.js'	0ms	
powershell.exe Information: 0 : 2018-10-24 22:26:03.4635	[OfficeDevPnP.Core]	[0]	[Debug]	Publishing file 'left-nav-override.js'	0ms	
powershell.exe Information: 0 : 2018-10-24 22:26:04.0633	[OfficeDevPnP.Core]	[0]	[Information]	File left-nav-override.css retrieved from folder 	0ms	
powershell.exe Information: 0 : 2018-10-24 22:26:04.0633	[Files]	[14]	[Debug]	Uploading file left-nav-override.css	14162ms	232786c8-4bf9-40e3-b3a5-3ba6d6cfacb0
powershell.exe Information: 0 : 2018-10-24 22:26:04.0633	[OfficeDevPnP.Core]	[0]	[Debug]	Creating file info with Url 'left-nav-override.css'	0ms	
powershell.exe Information: 0 : 2018-10-24 22:26:05.0364	[OfficeDevPnP.Core]	[0]	[Debug]	Checking in file 'left-nav-override.css'	0ms	
powershell.exe Information: 0 : 2018-10-24 22:26:05.2352	[OfficeDevPnP.Core]	[0]	[Debug]	Publishing file 'left-nav-override.css'	0ms	
powershell.exe Information: 0 : 2018-10-24 22:26:05.8338	[OfficeDevPnP.Core]	[0]	[Information]	File Custom-Script-Action.js retrieved from folder 	0ms	
powershell.exe Information: 0 : 2018-10-24 22:26:05.8338	[Files]	[14]	[Debug]	Uploading file Custom-Script-Action.js	15932ms	232786c8-4bf9-40e3-b3a5-3ba6d6cfacb0
powershell.exe Information: 0 : 2018-10-24 22:26:05.8338	[OfficeDevPnP.Core]	[0]	[Debug]	Creating file info with Url 'Custom-Script-Action.js'	0ms	
powershell.exe Information: 0 : 2018-10-24 22:26:06.3703	[OfficeDevPnP.Core]	[0]	[Debug]	Checking in file 'Custom-Script-Action.js'	0ms	
powershell.exe Information: 0 : 2018-10-24 22:26:06.5513	[OfficeDevPnP.Core]	[0]	[Debug]	Publishing file 'Custom-Script-Action.js'	0ms	
powershell.exe Information: 0 : 2018-10-24 22:26:06.8103	[Files]	[14]	[Debug]	Code execution scope ended	16909ms	232786c8-4bf9-40e3-b3a5-3ba6d6cfacb0
powershell.exe Information: 0 : 2018-10-24 22:26:06.8533	[Tenant Settings]	[14]	[Debug]	Code execution scope started	0ms	232786c8-4bf9-40e3-b3a5-3ba6d6cfacb0
powershell.exe Information: 0 : 2018-10-24 22:26:06.8543	[Tenant Settings]	[14]	[Debug]	Code execution scope ended	0ms	232786c8-4bf9-40e3-b3a5-3ba6d6cfacb0
powershell.exe Information: 0 : 2018-10-24 22:26:06.8733	[Application Lifecycle Management]	[14]	[Debug]	Code execution scope started	0ms	232786c8-4bf9-40e3-b3a5-3ba6d6cfacb0
powershell.exe Information: 0 : 2018-10-24 22:26:06.8733	[Application Lifecycle Management]	[14]	[Debug]	Code execution scope ended	0ms	232786c8-4bf9-40e3-b3a5-3ba6d6cfacb0
powershell.exe Information: 0 : 2018-10-24 22:26:06.8943	[Custom Actions]	[14]	[Debug]	Code execution scope started	0ms	232786c8-4bf9-40e3-b3a5-3ba6d6cfacb0
powershell.exe Information: 0 : 2018-10-24 22:26:07.0085	[Custom Actions]	[14]	[Debug]	Adding custom action 'QL_Dropdown' to scope Site	114ms	232786c8-4bf9-40e3-b3a5-3ba6d6cfacb0
powershell.exe Information: 0 : 2018-10-24 22:26:07.3480	[Custom Actions]	[14]	[Debug]	Code execution scope ended	453ms	232786c8-4bf9-40e3-b3a5-3ba6d6cfacb0
powershell.exe Information: 0 : 2018-10-24 22:26:07.3480	[Persist Template Info]	[14]	[Debug]	Code execution scope started	0ms	232786c8-4bf9-40e3-b3a5-3ba6d6cfacb0
powershell.exe Information: 0 : 2018-10-24 22:26:08.4605	[Persist Template Info]	[14]	[Debug]	Code execution scope ended	1112ms	232786c8-4bf9-40e3-b3a5-3ba6d6cfacb0
powershell.exe Information: 0 : 2018-10-24 22:26:08.4605	[Provisioning]	[14]	[Debug]	Code execution scope ended	25673ms	232786c8-4bf9-40e3-b3a5-3ba6d6cfacb0
