powershell.exe Information: 0 : 2018-10-22 01:25:20.3054	[OfficeDevPnP.Core]	[0]	[Information]	File Custom.QuickLaunch.Template.xml retrieved from folder 	0ms	
powershell.exe Information: 0 : 2018-10-22 01:25:20.3074	[OfficeDevPnP.Core]	[0]	[Information]	File Custom.QuickLaunch.Template.xml retrieved from folder 	0ms	
powershell.exe Information: 0 : 2018-10-22 01:25:20.3484	[Provisioning]	[14]	[Debug]	Code execution scope started	0ms	391f9e74-9efc-4db9-bc3b-5fa54676d997
powershell.exe Information: 0 : 2018-10-22 01:25:20.3484	[Provisioning]	[14]	[Information]	ProgressDelegate registered	0ms	391f9e74-9efc-4db9-bc3b-5fa54676d997
powershell.exe Information: 0 : 2018-10-22 01:25:20.3504	[Provisioning]	[14]	[Information]	MessagesDelegate registered	1ms	391f9e74-9efc-4db9-bc3b-5fa54676d997
powershell.exe Information: 0 : 2018-10-22 01:25:30.3000	[Extensibility Providers]	[14]	[Debug]	Code execution scope started	0ms	391f9e74-9efc-4db9-bc3b-5fa54676d997
powershell.exe Information: 0 : 2018-10-22 01:25:30.3000	[Extensibility Providers]	[14]	[Debug]	Code execution scope ended	0ms	391f9e74-9efc-4db9-bc3b-5fa54676d997
powershell.exe Information: 0 : 2018-10-22 01:25:30.4540	[Files]	[14]	[Debug]	Code execution scope started	0ms	391f9e74-9efc-4db9-bc3b-5fa54676d997
powershell.exe Information: 0 : 2018-10-22 01:25:42.8746	[OfficeDevPnP.Core]	[0]	[Information]	Creating folder 'QuickLaunch' under List '/sites/brandme/Style Library'.	0ms	
powershell.exe Information: 0 : 2018-10-22 01:25:43.4560	[OfficeDevPnP.Core]	[0]	[Information]	File left-nav-override.js retrieved from folder 	0ms	
powershell.exe Information: 0 : 2018-10-22 01:25:43.4566	[Files]	[14]	[Debug]	Uploading file left-nav-override.js	13002ms	391f9e74-9efc-4db9-bc3b-5fa54676d997
powershell.exe Information: 0 : 2018-10-22 01:25:43.4570	[OfficeDevPnP.Core]	[0]	[Debug]	Creating file info with Url 'left-nav-override.js'	0ms	
powershell.exe Information: 0 : 2018-10-22 01:25:45.0767	[OfficeDevPnP.Core]	[0]	[Debug]	Checking in file 'left-nav-override.js'	0ms	
powershell.exe Information: 0 : 2018-10-22 01:25:45.3531	[OfficeDevPnP.Core]	[0]	[Debug]	Publishing file 'left-nav-override.js'	0ms	
powershell.exe Information: 0 : 2018-10-22 01:25:46.2336	[OfficeDevPnP.Core]	[0]	[Information]	File left-nav-override.css retrieved from folder 	0ms	
powershell.exe Information: 0 : 2018-10-22 01:25:46.2336	[Files]	[14]	[Debug]	Uploading file left-nav-override.css	15779ms	391f9e74-9efc-4db9-bc3b-5fa54676d997
powershell.exe Information: 0 : 2018-10-22 01:25:46.2336	[OfficeDevPnP.Core]	[0]	[Debug]	Creating file info with Url 'left-nav-override.css'	0ms	
powershell.exe Information: 0 : 2018-10-22 01:25:46.9510	[OfficeDevPnP.Core]	[0]	[Debug]	Checking in file 'left-nav-override.css'	0ms	
powershell.exe Information: 0 : 2018-10-22 01:25:47.2123	[OfficeDevPnP.Core]	[0]	[Debug]	Publishing file 'left-nav-override.css'	0ms	
powershell.exe Information: 0 : 2018-10-22 01:25:48.1452	[OfficeDevPnP.Core]	[0]	[Information]	File Custom-Script-Action.js retrieved from folder 	0ms	
powershell.exe Information: 0 : 2018-10-22 01:25:48.1452	[Files]	[14]	[Debug]	Uploading file Custom-Script-Action.js	17692ms	391f9e74-9efc-4db9-bc3b-5fa54676d997
powershell.exe Information: 0 : 2018-10-22 01:25:48.1462	[OfficeDevPnP.Core]	[0]	[Debug]	Creating file info with Url 'Custom-Script-Action.js'	0ms	
powershell.exe Information: 0 : 2018-10-22 01:25:48.9465	[OfficeDevPnP.Core]	[0]	[Debug]	Checking in file 'Custom-Script-Action.js'	0ms	
powershell.exe Information: 0 : 2018-10-22 01:25:49.1382	[OfficeDevPnP.Core]	[0]	[Debug]	Publishing file 'Custom-Script-Action.js'	0ms	
powershell.exe Information: 0 : 2018-10-22 01:25:49.3396	[Files]	[14]	[Debug]	Code execution scope ended	18886ms	391f9e74-9efc-4db9-bc3b-5fa54676d997
powershell.exe Information: 0 : 2018-10-22 01:25:49.4196	[Tenant Settings]	[14]	[Debug]	Code execution scope started	0ms	391f9e74-9efc-4db9-bc3b-5fa54676d997
powershell.exe Information: 0 : 2018-10-22 01:25:49.4216	[Tenant Settings]	[14]	[Debug]	Code execution scope ended	1ms	391f9e74-9efc-4db9-bc3b-5fa54676d997
powershell.exe Information: 0 : 2018-10-22 01:25:49.4511	[Application Lifecycle Management]	[14]	[Debug]	Code execution scope started	0ms	391f9e74-9efc-4db9-bc3b-5fa54676d997
powershell.exe Information: 0 : 2018-10-22 01:25:49.4511	[Application Lifecycle Management]	[14]	[Debug]	Code execution scope ended	0ms	391f9e74-9efc-4db9-bc3b-5fa54676d997
powershell.exe Information: 0 : 2018-10-22 01:25:49.4711	[Custom Actions]	[14]	[Debug]	Code execution scope started	0ms	391f9e74-9efc-4db9-bc3b-5fa54676d997
powershell.exe Information: 0 : 2018-10-22 01:25:49.5868	[Custom Actions]	[14]	[Debug]	Adding custom action 'QL_Dropdown_CSS' to scope Site	115ms	391f9e74-9efc-4db9-bc3b-5fa54676d997
powershell.exe Information: 0 : 2018-10-22 01:25:49.9821	[Custom Actions]	[14]	[Debug]	Adding custom action 'QL_Dropdown' to scope Site	511ms	391f9e74-9efc-4db9-bc3b-5fa54676d997
powershell.exe Information: 0 : 2018-10-22 01:25:50.2989	[Custom Actions]	[14]	[Debug]	Code execution scope ended	827ms	391f9e74-9efc-4db9-bc3b-5fa54676d997
powershell.exe Information: 0 : 2018-10-22 01:25:50.2994	[Persist Template Info]	[14]	[Debug]	Code execution scope started	0ms	391f9e74-9efc-4db9-bc3b-5fa54676d997
powershell.exe Information: 0 : 2018-10-22 01:25:51.1096	[Persist Template Info]	[14]	[Debug]	Code execution scope ended	810ms	391f9e74-9efc-4db9-bc3b-5fa54676d997
powershell.exe Information: 0 : 2018-10-22 01:25:51.1101	[Provisioning]	[14]	[Debug]	Code execution scope ended	30761ms	391f9e74-9efc-4db9-bc3b-5fa54676d997
