powershell.exe Information: 0 : 2018-10-24 12:56:50.6180	[OfficeDevPnP.Core]	[0]	[Information]	File Custom.QuickLaunch.Template.xml retrieved from folder 	0ms	
powershell.exe Information: 0 : 2018-10-24 12:56:50.6190	[OfficeDevPnP.Core]	[0]	[Information]	File Custom.QuickLaunch.Template.xml retrieved from folder 	0ms	
powershell.exe Information: 0 : 2018-10-24 12:56:50.6490	[Provisioning]	[14]	[Debug]	Code execution scope started	0ms	2fb9cc60-1c0d-4b9e-bef2-b3c307c34382
powershell.exe Information: 0 : 2018-10-24 12:56:50.6490	[Provisioning]	[14]	[Information]	ProgressDelegate registered	0ms	2fb9cc60-1c0d-4b9e-bef2-b3c307c34382
powershell.exe Information: 0 : 2018-10-24 12:56:50.6520	[Provisioning]	[14]	[Information]	MessagesDelegate registered	2ms	2fb9cc60-1c0d-4b9e-bef2-b3c307c34382
powershell.exe Information: 0 : 2018-10-24 12:56:57.5213	[Extensibility Providers]	[14]	[Debug]	Code execution scope started	0ms	2fb9cc60-1c0d-4b9e-bef2-b3c307c34382
powershell.exe Information: 0 : 2018-10-24 12:56:57.5213	[Extensibility Providers]	[14]	[Debug]	Code execution scope ended	0ms	2fb9cc60-1c0d-4b9e-bef2-b3c307c34382
powershell.exe Information: 0 : 2018-10-24 12:56:57.6573	[Files]	[14]	[Debug]	Code execution scope started	0ms	2fb9cc60-1c0d-4b9e-bef2-b3c307c34382
powershell.exe Information: 0 : 2018-10-24 12:57:10.4210	[OfficeDevPnP.Core]	[0]	[Information]	Creating folder 'QuickLaunch' under List '/sites/brandme/Style Library'.	0ms	
powershell.exe Information: 0 : 2018-10-24 12:57:11.0341	[OfficeDevPnP.Core]	[0]	[Information]	File left-nav-override.js retrieved from folder 	0ms	
powershell.exe Information: 0 : 2018-10-24 12:57:11.0351	[Files]	[14]	[Debug]	Uploading file left-nav-override.js	13376ms	2fb9cc60-1c0d-4b9e-bef2-b3c307c34382
powershell.exe Information: 0 : 2018-10-24 12:57:11.0351	[OfficeDevPnP.Core]	[0]	[Debug]	Creating file info with Url 'left-nav-override.js'	0ms	
powershell.exe Information: 0 : 2018-10-24 12:57:11.8131	[OfficeDevPnP.Core]	[0]	[Debug]	Checking in file 'left-nav-override.js'	0ms	
powershell.exe Information: 0 : 2018-10-24 12:57:12.1191	[OfficeDevPnP.Core]	[0]	[Debug]	Publishing file 'left-nav-override.js'	0ms	
powershell.exe Information: 0 : 2018-10-24 12:57:12.9001	[OfficeDevPnP.Core]	[0]	[Information]	File left-nav-override.css retrieved from folder 	0ms	
powershell.exe Information: 0 : 2018-10-24 12:57:12.9001	[Files]	[14]	[Debug]	Uploading file left-nav-override.css	15242ms	2fb9cc60-1c0d-4b9e-bef2-b3c307c34382
powershell.exe Information: 0 : 2018-10-24 12:57:12.9001	[OfficeDevPnP.Core]	[0]	[Debug]	Creating file info with Url 'left-nav-override.css'	0ms	
powershell.exe Information: 0 : 2018-10-24 12:57:13.5221	[OfficeDevPnP.Core]	[0]	[Debug]	Checking in file 'left-nav-override.css'	0ms	
powershell.exe Information: 0 : 2018-10-24 12:57:13.8251	[OfficeDevPnP.Core]	[0]	[Debug]	Publishing file 'left-nav-override.css'	0ms	
powershell.exe Information: 0 : 2018-10-24 12:57:14.5942	[OfficeDevPnP.Core]	[0]	[Information]	File Custom-Script-Action.js retrieved from folder 	0ms	
powershell.exe Information: 0 : 2018-10-24 12:57:14.5952	[Files]	[14]	[Debug]	Uploading file Custom-Script-Action.js	16936ms	2fb9cc60-1c0d-4b9e-bef2-b3c307c34382
powershell.exe Information: 0 : 2018-10-24 12:57:14.5952	[OfficeDevPnP.Core]	[0]	[Debug]	Creating file info with Url 'Custom-Script-Action.js'	0ms	
powershell.exe Information: 0 : 2018-10-24 12:57:15.2082	[OfficeDevPnP.Core]	[0]	[Debug]	Checking in file 'Custom-Script-Action.js'	0ms	
powershell.exe Information: 0 : 2018-10-24 12:57:15.4282	[OfficeDevPnP.Core]	[0]	[Debug]	Publishing file 'Custom-Script-Action.js'	0ms	
powershell.exe Information: 0 : 2018-10-24 12:57:16.0555	[OfficeDevPnP.Core]	[0]	[Information]	File jquery-ui.min.js retrieved from folder 	0ms	
powershell.exe Information: 0 : 2018-10-24 12:57:16.0555	[Files]	[14]	[Debug]	Uploading file jquery-ui.min.js	18397ms	2fb9cc60-1c0d-4b9e-bef2-b3c307c34382
powershell.exe Information: 0 : 2018-10-24 12:57:16.0555	[OfficeDevPnP.Core]	[0]	[Debug]	Creating file info with Url 'jquery-ui.min.js'	0ms	
powershell.exe Information: 0 : 2018-10-24 12:57:16.6533	[OfficeDevPnP.Core]	[0]	[Debug]	Checking in file 'jquery-ui.min.js'	0ms	
powershell.exe Information: 0 : 2018-10-24 12:57:16.8543	[OfficeDevPnP.Core]	[0]	[Debug]	Publishing file 'jquery-ui.min.js'	0ms	
powershell.exe Information: 0 : 2018-10-24 12:57:17.2383	[Files]	[14]	[Debug]	Code execution scope ended	19580ms	2fb9cc60-1c0d-4b9e-bef2-b3c307c34382
powershell.exe Information: 0 : 2018-10-24 12:57:17.2873	[Tenant Settings]	[14]	[Debug]	Code execution scope started	0ms	2fb9cc60-1c0d-4b9e-bef2-b3c307c34382
powershell.exe Information: 0 : 2018-10-24 12:57:17.2883	[Tenant Settings]	[14]	[Debug]	Code execution scope ended	0ms	2fb9cc60-1c0d-4b9e-bef2-b3c307c34382
powershell.exe Information: 0 : 2018-10-24 12:57:17.3079	[Application Lifecycle Management]	[14]	[Debug]	Code execution scope started	0ms	2fb9cc60-1c0d-4b9e-bef2-b3c307c34382
powershell.exe Information: 0 : 2018-10-24 12:57:17.3089	[Application Lifecycle Management]	[14]	[Debug]	Code execution scope ended	0ms	2fb9cc60-1c0d-4b9e-bef2-b3c307c34382
powershell.exe Information: 0 : 2018-10-24 12:57:17.3269	[Custom Actions]	[14]	[Debug]	Code execution scope started	0ms	2fb9cc60-1c0d-4b9e-bef2-b3c307c34382
powershell.exe Information: 0 : 2018-10-24 12:57:17.4760	[Custom Actions]	[14]	[Debug]	Adding custom action 'QL_Dropdown' to scope Site	149ms	2fb9cc60-1c0d-4b9e-bef2-b3c307c34382
powershell.exe Information: 0 : 2018-10-24 12:57:17.8019	[Custom Actions]	[14]	[Debug]	Code execution scope ended	475ms	2fb9cc60-1c0d-4b9e-bef2-b3c307c34382
powershell.exe Information: 0 : 2018-10-24 12:57:17.8024	[Persist Template Info]	[14]	[Debug]	Code execution scope started	0ms	2fb9cc60-1c0d-4b9e-bef2-b3c307c34382
powershell.exe Information: 0 : 2018-10-24 12:57:18.6999	[Persist Template Info]	[14]	[Debug]	Code execution scope ended	897ms	2fb9cc60-1c0d-4b9e-bef2-b3c307c34382
powershell.exe Information: 0 : 2018-10-24 12:57:18.6999	[Provisioning]	[14]	[Debug]	Code execution scope ended	28050ms	2fb9cc60-1c0d-4b9e-bef2-b3c307c34382
