powershell.exe Information: 0 : 2018-10-25 00:46:39.5950	[OfficeDevPnP.Core]	[0]	[Information]	File Custom.QuickLaunch.Template.xml retrieved from folder 	0ms	
powershell.exe Information: 0 : 2018-10-25 00:46:39.5960	[OfficeDevPnP.Core]	[0]	[Information]	File Custom.QuickLaunch.Template.xml retrieved from folder 	0ms	
powershell.exe Information: 0 : 2018-10-25 00:46:39.6211	[Provisioning]	[14]	[Debug]	Code execution scope started	0ms	3e81e4c3-c9dc-41b6-873f-ca1c43858d06
powershell.exe Information: 0 : 2018-10-25 00:46:39.6216	[Provisioning]	[14]	[Information]	ProgressDelegate registered	0ms	3e81e4c3-c9dc-41b6-873f-ca1c43858d06
powershell.exe Information: 0 : 2018-10-25 00:46:39.6231	[Provisioning]	[14]	[Information]	MessagesDelegate registered	2ms	3e81e4c3-c9dc-41b6-873f-ca1c43858d06
powershell.exe Information: 0 : 2018-10-25 00:46:47.8779	[Extensibility Providers]	[14]	[Debug]	Code execution scope started	0ms	3e81e4c3-c9dc-41b6-873f-ca1c43858d06
powershell.exe Information: 0 : 2018-10-25 00:46:47.8779	[Extensibility Providers]	[14]	[Debug]	Code execution scope ended	0ms	3e81e4c3-c9dc-41b6-873f-ca1c43858d06
powershell.exe Information: 0 : 2018-10-25 00:46:48.0109	[Files]	[14]	[Debug]	Code execution scope started	0ms	3e81e4c3-c9dc-41b6-873f-ca1c43858d06
powershell.exe Information: 0 : 2018-10-25 00:47:01.9966	[OfficeDevPnP.Core]	[0]	[Information]	Creating folder 'QuickLaunch' under List '/sites/brandme/Style Library'.	0ms	
powershell.exe Information: 0 : 2018-10-25 00:47:02.6986	[OfficeDevPnP.Core]	[0]	[Information]	File left-nav-override.js retrieved from folder 	0ms	
powershell.exe Information: 0 : 2018-10-25 00:47:02.6996	[Files]	[14]	[Debug]	Uploading file left-nav-override.js	14687ms	3e81e4c3-c9dc-41b6-873f-ca1c43858d06
powershell.exe Information: 0 : 2018-10-25 00:47:02.6996	[OfficeDevPnP.Core]	[0]	[Debug]	Creating file info with Url 'left-nav-override.js'	0ms	
powershell.exe Information: 0 : 2018-10-25 00:47:03.2496	[OfficeDevPnP.Core]	[0]	[Debug]	Checking in file 'left-nav-override.js'	0ms	
powershell.exe Information: 0 : 2018-10-25 00:47:03.4507	[OfficeDevPnP.Core]	[0]	[Debug]	Publishing file 'left-nav-override.js'	0ms	
powershell.exe Information: 0 : 2018-10-25 00:47:04.3472	[OfficeDevPnP.Core]	[0]	[Information]	File left-nav-override.css retrieved from folder 	0ms	
powershell.exe Information: 0 : 2018-10-25 00:47:04.3482	[Files]	[14]	[Debug]	Uploading file left-nav-override.css	16336ms	3e81e4c3-c9dc-41b6-873f-ca1c43858d06
powershell.exe Information: 0 : 2018-10-25 00:47:04.3482	[OfficeDevPnP.Core]	[0]	[Debug]	Creating file info with Url 'left-nav-override.css'	0ms	
powershell.exe Information: 0 : 2018-10-25 00:47:05.1141	[OfficeDevPnP.Core]	[0]	[Debug]	Checking in file 'left-nav-override.css'	0ms	
powershell.exe Information: 0 : 2018-10-25 00:47:05.3891	[OfficeDevPnP.Core]	[0]	[Debug]	Publishing file 'left-nav-override.css'	0ms	
powershell.exe Information: 0 : 2018-10-25 00:47:06.1099	[OfficeDevPnP.Core]	[0]	[Information]	File Custom-Script-Action.js retrieved from folder 	0ms	
powershell.exe Information: 0 : 2018-10-25 00:47:06.1109	[Files]	[14]	[Debug]	Uploading file Custom-Script-Action.js	18098ms	3e81e4c3-c9dc-41b6-873f-ca1c43858d06
powershell.exe Information: 0 : 2018-10-25 00:47:06.1109	[OfficeDevPnP.Core]	[0]	[Debug]	Creating file info with Url 'Custom-Script-Action.js'	0ms	
powershell.exe Information: 0 : 2018-10-25 00:47:07.1567	[OfficeDevPnP.Core]	[0]	[Debug]	Checking in file 'Custom-Script-Action.js'	0ms	
powershell.exe Information: 0 : 2018-10-25 00:47:07.5362	[OfficeDevPnP.Core]	[0]	[Debug]	Publishing file 'Custom-Script-Action.js'	0ms	
powershell.exe Information: 0 : 2018-10-25 00:47:08.2417	[Files]	[14]	[Debug]	Uploading and overwriting existing file connectslogo(78px).png	20230ms	3e81e4c3-c9dc-41b6-873f-ca1c43858d06
powershell.exe Information: 0 : 2018-10-25 00:47:08.3917	[OfficeDevPnP.Core]	[0]	[Information]	File connectslogo(78px).png retrieved from folder 	0ms	
powershell.exe Information: 0 : 2018-10-25 00:47:08.3917	[OfficeDevPnP.Core]	[0]	[Debug]	Creating file info with Url 'connectslogo(78px).png'	0ms	
powershell.exe Information: 0 : 2018-10-25 00:47:10.0328	[OfficeDevPnP.Core]	[0]	[Debug]	Checking in file 'connectslogo(78px).png'	0ms	
powershell.exe Information: 0 : 2018-10-25 00:47:10.3728	[OfficeDevPnP.Core]	[0]	[Debug]	Publishing file 'connectslogo(78px).png'	0ms	
powershell.exe Information: 0 : 2018-10-25 00:47:11.3470	[Files]	[14]	[Debug]	Uploading and overwriting existing file Waypoint-Logo_color.png	23335ms	3e81e4c3-c9dc-41b6-873f-ca1c43858d06
powershell.exe Information: 0 : 2018-10-25 00:47:11.4793	[OfficeDevPnP.Core]	[0]	[Information]	File Waypoint-Logo_color.png retrieved from folder 	0ms	
powershell.exe Information: 0 : 2018-10-25 00:47:11.4793	[OfficeDevPnP.Core]	[0]	[Debug]	Creating file info with Url 'Waypoint-Logo_color.png'	0ms	
powershell.exe Information: 0 : 2018-10-25 00:47:12.3984	[OfficeDevPnP.Core]	[0]	[Debug]	Checking in file 'Waypoint-Logo_color.png'	0ms	
powershell.exe Information: 0 : 2018-10-25 00:47:12.8104	[OfficeDevPnP.Core]	[0]	[Debug]	Publishing file 'Waypoint-Logo_color.png'	0ms	
powershell.exe Information: 0 : 2018-10-25 00:47:13.0124	[Files]	[14]	[Debug]	Code execution scope ended	25000ms	3e81e4c3-c9dc-41b6-873f-ca1c43858d06
powershell.exe Information: 0 : 2018-10-25 00:47:13.0604	[Tenant Settings]	[14]	[Debug]	Code execution scope started	0ms	3e81e4c3-c9dc-41b6-873f-ca1c43858d06
powershell.exe Information: 0 : 2018-10-25 00:47:13.0614	[Tenant Settings]	[14]	[Debug]	Code execution scope ended	1ms	3e81e4c3-c9dc-41b6-873f-ca1c43858d06
powershell.exe Information: 0 : 2018-10-25 00:47:13.0899	[Application Lifecycle Management]	[14]	[Debug]	Code execution scope started	0ms	3e81e4c3-c9dc-41b6-873f-ca1c43858d06
powershell.exe Information: 0 : 2018-10-25 00:47:13.0899	[Application Lifecycle Management]	[14]	[Debug]	Code execution scope ended	0ms	3e81e4c3-c9dc-41b6-873f-ca1c43858d06
powershell.exe Information: 0 : 2018-10-25 00:47:13.1089	[Custom Actions]	[14]	[Debug]	Code execution scope started	0ms	3e81e4c3-c9dc-41b6-873f-ca1c43858d06
powershell.exe Information: 0 : 2018-10-25 00:47:13.2155	[Custom Actions]	[14]	[Debug]	Adding custom action 'QL_Dropdown' to scope Site	107ms	3e81e4c3-c9dc-41b6-873f-ca1c43858d06
powershell.exe Information: 0 : 2018-10-25 00:47:13.5405	[Custom Actions]	[14]	[Debug]	Code execution scope ended	431ms	3e81e4c3-c9dc-41b6-873f-ca1c43858d06
powershell.exe Information: 0 : 2018-10-25 00:47:13.5415	[Persist Template Info]	[14]	[Debug]	Code execution scope started	0ms	3e81e4c3-c9dc-41b6-873f-ca1c43858d06
powershell.exe Information: 0 : 2018-10-25 00:47:14.4061	[Persist Template Info]	[14]	[Debug]	Code execution scope ended	864ms	3e81e4c3-c9dc-41b6-873f-ca1c43858d06
powershell.exe Information: 0 : 2018-10-25 00:47:14.4061	[Provisioning]	[14]	[Debug]	Code execution scope ended	34785ms	3e81e4c3-c9dc-41b6-873f-ca1c43858d06
