powershell.exe Information: 0 : 2018-10-22 00:31:20.0316	[OfficeDevPnP.Core]	[0]	[Information]	File Custom.QuickLaunch.Template.xml retrieved from folder 	0ms	
powershell.exe Information: 0 : 2018-10-22 00:31:20.0336	[OfficeDevPnP.Core]	[0]	[Information]	File Custom.QuickLaunch.Template.xml retrieved from folder 	0ms	
powershell.exe Information: 0 : 2018-10-22 00:31:20.0666	[Provisioning]	[14]	[Debug]	Code execution scope started	0ms	1629c2a7-55dd-432b-a228-cf13daeef00b
powershell.exe Information: 0 : 2018-10-22 00:31:20.0676	[Provisioning]	[14]	[Information]	ProgressDelegate registered	0ms	1629c2a7-55dd-432b-a228-cf13daeef00b
powershell.exe Information: 0 : 2018-10-22 00:31:20.0696	[Provisioning]	[14]	[Information]	MessagesDelegate registered	2ms	1629c2a7-55dd-432b-a228-cf13daeef00b
powershell.exe Information: 0 : 2018-10-22 00:31:26.8672	[Extensibility Providers]	[14]	[Debug]	Code execution scope started	0ms	1629c2a7-55dd-432b-a228-cf13daeef00b
powershell.exe Information: 0 : 2018-10-22 00:31:26.8682	[Extensibility Providers]	[14]	[Debug]	Code execution scope ended	0ms	1629c2a7-55dd-432b-a228-cf13daeef00b
powershell.exe Information: 0 : 2018-10-22 00:31:27.0141	[Files]	[14]	[Debug]	Code execution scope started	0ms	1629c2a7-55dd-432b-a228-cf13daeef00b
powershell.exe Information: 0 : 2018-10-22 00:31:39.3316	[OfficeDevPnP.Core]	[0]	[Information]	Creating folder 'QuickLaunch' under List '/sites/brandme/Style Library'.	0ms	
powershell.exe Information: 0 : 2018-10-22 00:31:39.9074	[OfficeDevPnP.Core]	[0]	[Information]	File left-nav-override.js retrieved from folder 	0ms	
powershell.exe Information: 0 : 2018-10-22 00:31:39.9074	[Files]	[14]	[Debug]	Uploading file left-nav-override.js	12893ms	1629c2a7-55dd-432b-a228-cf13daeef00b
powershell.exe Information: 0 : 2018-10-22 00:31:39.9074	[OfficeDevPnP.Core]	[0]	[Debug]	Creating file info with Url 'left-nav-override.js'	0ms	
powershell.exe Information: 0 : 2018-10-22 00:31:40.5779	[OfficeDevPnP.Core]	[0]	[Debug]	Checking in file 'left-nav-override.js'	0ms	
powershell.exe Information: 0 : 2018-10-22 00:31:40.7711	[OfficeDevPnP.Core]	[0]	[Debug]	Publishing file 'left-nav-override.js'	0ms	
powershell.exe Information: 0 : 2018-10-22 00:31:41.5365	[OfficeDevPnP.Core]	[0]	[Information]	File Custom-Script-Action.js retrieved from folder 	0ms	
powershell.exe Information: 0 : 2018-10-22 00:31:41.5370	[Files]	[14]	[Debug]	Uploading file Custom-Script-Action.js	14522ms	1629c2a7-55dd-432b-a228-cf13daeef00b
powershell.exe Information: 0 : 2018-10-22 00:31:41.5370	[OfficeDevPnP.Core]	[0]	[Debug]	Creating file info with Url 'Custom-Script-Action.js'	0ms	
powershell.exe Information: 0 : 2018-10-22 00:31:42.1212	[OfficeDevPnP.Core]	[0]	[Debug]	Checking in file 'Custom-Script-Action.js'	0ms	
powershell.exe Information: 0 : 2018-10-22 00:31:42.4675	[OfficeDevPnP.Core]	[0]	[Debug]	Publishing file 'Custom-Script-Action.js'	0ms	
powershell.exe Information: 0 : 2018-10-22 00:31:42.6594	[Files]	[14]	[Debug]	Code execution scope ended	15645ms	1629c2a7-55dd-432b-a228-cf13daeef00b
powershell.exe Information: 0 : 2018-10-22 00:31:42.7121	[Tenant Settings]	[14]	[Debug]	Code execution scope started	0ms	1629c2a7-55dd-432b-a228-cf13daeef00b
powershell.exe Information: 0 : 2018-10-22 00:31:42.7126	[Tenant Settings]	[14]	[Debug]	Code execution scope ended	0ms	1629c2a7-55dd-432b-a228-cf13daeef00b
powershell.exe Information: 0 : 2018-10-22 00:31:42.7356	[Application Lifecycle Management]	[14]	[Debug]	Code execution scope started	0ms	1629c2a7-55dd-432b-a228-cf13daeef00b
powershell.exe Information: 0 : 2018-10-22 00:31:42.7361	[Application Lifecycle Management]	[14]	[Debug]	Code execution scope ended	0ms	1629c2a7-55dd-432b-a228-cf13daeef00b
powershell.exe Information: 0 : 2018-10-22 00:31:42.7581	[Custom Actions]	[14]	[Debug]	Code execution scope started	0ms	1629c2a7-55dd-432b-a228-cf13daeef00b
powershell.exe Information: 0 : 2018-10-22 00:31:42.8952	[Custom Actions]	[14]	[Debug]	Adding custom action 'QL_Dropdown' to scope Site	137ms	1629c2a7-55dd-432b-a228-cf13daeef00b
powershell.exe Information: 0 : 2018-10-22 00:31:43.2357	[Custom Actions]	[14]	[Debug]	Code execution scope ended	477ms	1629c2a7-55dd-432b-a228-cf13daeef00b
powershell.exe Information: 0 : 2018-10-22 00:31:43.2367	[Persist Template Info]	[14]	[Debug]	Code execution scope started	0ms	1629c2a7-55dd-432b-a228-cf13daeef00b
powershell.exe Information: 0 : 2018-10-22 00:31:44.1725	[Persist Template Info]	[14]	[Debug]	Code execution scope ended	935ms	1629c2a7-55dd-432b-a228-cf13daeef00b
powershell.exe Information: 0 : 2018-10-22 00:31:44.1735	[Provisioning]	[14]	[Debug]	Code execution scope ended	24105ms	1629c2a7-55dd-432b-a228-cf13daeef00b
powershell.exe Error: 0 : 2018-10-22 00:34:45.0355	[OfficeDevPnP.Core]	[0]	[Error]	ExecuteQuery threw following exception: System.Net.WebException: The remote server returned an error: (403) Forbidden.
   at System.Net.HttpWebRequest.EndGetResponse(IAsyncResult asyncResult)
   at System.Threading.Tasks.TaskFactory`1.FromAsyncCoreLogic(IAsyncResult iar, Func`2 endFunction, Action`1 endAction, Task`1 promise, Boolean requiresSynchronization)
--- End of stack trace from previous location where exception was thrown ---
   at System.Runtime.ExceptionServices.ExceptionDispatchInfo.Throw()
   at System.Runtime.CompilerServices.TaskAwaiter.HandleNonSuccessAndDebuggerNotification(Task task)
   at Microsoft.SharePoint.Client.SPWebRequestExecutor.<ExecuteAsync>d__0.MoveNext()
--- End of stack trace from previous location where exception was thrown ---
   at System.Runtime.ExceptionServices.ExceptionDispatchInfo.Throw()
   at System.Runtime.CompilerServices.TaskAwaiter.HandleNonSuccessAndDebuggerNotification(Task task)
   at Microsoft.SharePoint.Client.ClientContext.<GetFormDigestInfoPrivateAsync>d__b.MoveNext()
--- End of stack trace from previous location where exception was thrown ---
   at System.Runtime.ExceptionServices.ExceptionDispatchInfo.Throw()
   at System.Runtime.CompilerServices.TaskAwaiter.HandleNonSuccessAndDebuggerNotification(Task task)
   at Microsoft.SharePoint.Client.ClientContext.<EnsureFormDigestAsync>d__8.MoveNext()
--- End of stack trace from previous location where exception was thrown ---
   at System.Runtime.ExceptionServices.ExceptionDispatchInfo.Throw()
   at System.Runtime.CompilerServices.TaskAwaiter.HandleNonSuccessAndDebuggerNotification(Task task)
   at Microsoft.SharePoint.Client.ClientContext.<ExecuteQueryAsync>d__4.MoveNext()
--- End of stack trace from previous location where exception was thrown ---
   at System.Runtime.ExceptionServices.ExceptionDispatchInfo.Throw()
   at System.Runtime.CompilerServices.TaskAwaiter.HandleNonSuccessAndDebuggerNotification(Task task)
   at Microsoft.SharePoint.Client.ClientContextExtensions.<ExecuteQueryImplementation>d__7.MoveNext().	0ms	
