powershell.exe Information: 0 : 2018-10-25 02:04:49.6637	[OfficeDevPnP.Core]	[0]	[Information]	File Custom.QuickLaunch.Template.xml retrieved from folder 	0ms	
powershell.exe Information: 0 : 2018-10-25 02:04:49.6657	[OfficeDevPnP.Core]	[0]	[Information]	File Custom.QuickLaunch.Template.xml retrieved from folder 	0ms	
powershell.exe Information: 0 : 2018-10-25 02:04:49.6999	[Provisioning]	[14]	[Debug]	Code execution scope started	0ms	80738f1a-f8f1-4211-b675-5024c3cd0f1d
powershell.exe Information: 0 : 2018-10-25 02:04:49.6999	[Provisioning]	[14]	[Information]	ProgressDelegate registered	0ms	80738f1a-f8f1-4211-b675-5024c3cd0f1d
powershell.exe Information: 0 : 2018-10-25 02:04:49.7099	[Provisioning]	[14]	[Information]	MessagesDelegate registered	10ms	80738f1a-f8f1-4211-b675-5024c3cd0f1d
powershell.exe Information: 0 : 2018-10-25 02:04:57.0748	[Extensibility Providers]	[14]	[Debug]	Code execution scope started	0ms	80738f1a-f8f1-4211-b675-5024c3cd0f1d
powershell.exe Information: 0 : 2018-10-25 02:04:57.0758	[Extensibility Providers]	[14]	[Debug]	Code execution scope ended	0ms	80738f1a-f8f1-4211-b675-5024c3cd0f1d
powershell.exe Information: 0 : 2018-10-25 02:04:57.2098	[Files]	[14]	[Debug]	Code execution scope started	0ms	80738f1a-f8f1-4211-b675-5024c3cd0f1d
powershell.exe Information: 0 : 2018-10-25 02:05:09.4509	[OfficeDevPnP.Core]	[0]	[Information]	Creating folder 'QuickLaunch' under List '/sites/brandme/Style Library'.	0ms	
powershell.exe Information: 0 : 2018-10-25 02:05:10.0071	[OfficeDevPnP.Core]	[0]	[Information]	File left-nav-override.js retrieved from folder 	0ms	
powershell.exe Information: 0 : 2018-10-25 02:05:10.0071	[Files]	[14]	[Debug]	Uploading file left-nav-override.js	12797ms	80738f1a-f8f1-4211-b675-5024c3cd0f1d
powershell.exe Information: 0 : 2018-10-25 02:05:10.0081	[OfficeDevPnP.Core]	[0]	[Debug]	Creating file info with Url 'left-nav-override.js'	0ms	
powershell.exe Information: 0 : 2018-10-25 02:05:10.9421	[OfficeDevPnP.Core]	[0]	[Debug]	Checking in file 'left-nav-override.js'	0ms	
powershell.exe Information: 0 : 2018-10-25 02:05:11.1391	[OfficeDevPnP.Core]	[0]	[Debug]	Publishing file 'left-nav-override.js'	0ms	
powershell.exe Information: 0 : 2018-10-25 02:05:11.7941	[OfficeDevPnP.Core]	[0]	[Information]	File left-nav-override.css retrieved from folder 	0ms	
powershell.exe Information: 0 : 2018-10-25 02:05:11.7951	[Files]	[14]	[Debug]	Uploading file left-nav-override.css	14584ms	80738f1a-f8f1-4211-b675-5024c3cd0f1d
powershell.exe Information: 0 : 2018-10-25 02:05:11.7951	[OfficeDevPnP.Core]	[0]	[Debug]	Creating file info with Url 'left-nav-override.css'	0ms	
powershell.exe Information: 0 : 2018-10-25 02:05:12.3961	[OfficeDevPnP.Core]	[0]	[Debug]	Checking in file 'left-nav-override.css'	0ms	
powershell.exe Information: 0 : 2018-10-25 02:05:12.6761	[OfficeDevPnP.Core]	[0]	[Debug]	Publishing file 'left-nav-override.css'	0ms	
powershell.exe Information: 0 : 2018-10-25 02:05:13.3142	[OfficeDevPnP.Core]	[0]	[Information]	File Custom-Script-Action.js retrieved from folder 	0ms	
powershell.exe Information: 0 : 2018-10-25 02:05:13.3152	[Files]	[14]	[Debug]	Uploading file Custom-Script-Action.js	16104ms	80738f1a-f8f1-4211-b675-5024c3cd0f1d
powershell.exe Information: 0 : 2018-10-25 02:05:13.3152	[OfficeDevPnP.Core]	[0]	[Debug]	Creating file info with Url 'Custom-Script-Action.js'	0ms	
powershell.exe Information: 0 : 2018-10-25 02:05:13.8922	[OfficeDevPnP.Core]	[0]	[Debug]	Checking in file 'Custom-Script-Action.js'	0ms	
powershell.exe Information: 0 : 2018-10-25 02:05:14.1542	[OfficeDevPnP.Core]	[0]	[Debug]	Publishing file 'Custom-Script-Action.js'	0ms	
powershell.exe Information: 0 : 2018-10-25 02:05:14.8508	[Files]	[14]	[Debug]	Uploading and overwriting existing file connectslogo(78px).png	17640ms	80738f1a-f8f1-4211-b675-5024c3cd0f1d
powershell.exe Information: 0 : 2018-10-25 02:05:14.9828	[OfficeDevPnP.Core]	[0]	[Information]	File connectslogo(78px).png retrieved from folder 	0ms	
powershell.exe Information: 0 : 2018-10-25 02:05:14.9828	[OfficeDevPnP.Core]	[0]	[Debug]	Creating file info with Url 'connectslogo(78px).png'	0ms	
powershell.exe Information: 0 : 2018-10-25 02:05:15.6182	[OfficeDevPnP.Core]	[0]	[Debug]	Checking in file 'connectslogo(78px).png'	0ms	
powershell.exe Information: 0 : 2018-10-25 02:05:16.0698	[OfficeDevPnP.Core]	[0]	[Debug]	Publishing file 'connectslogo(78px).png'	0ms	
powershell.exe Information: 0 : 2018-10-25 02:05:16.7198	[Files]	[14]	[Debug]	Uploading and overwriting existing file Waypoint-Logo_color.png	19509ms	80738f1a-f8f1-4211-b675-5024c3cd0f1d
powershell.exe Information: 0 : 2018-10-25 02:05:16.8587	[OfficeDevPnP.Core]	[0]	[Information]	File Waypoint-Logo_color.png retrieved from folder 	0ms	
powershell.exe Information: 0 : 2018-10-25 02:05:16.8592	[OfficeDevPnP.Core]	[0]	[Debug]	Creating file info with Url 'Waypoint-Logo_color.png'	0ms	
powershell.exe Information: 0 : 2018-10-25 02:05:17.5277	[OfficeDevPnP.Core]	[0]	[Debug]	Checking in file 'Waypoint-Logo_color.png'	0ms	
powershell.exe Information: 0 : 2018-10-25 02:05:17.7517	[OfficeDevPnP.Core]	[0]	[Debug]	Publishing file 'Waypoint-Logo_color.png'	0ms	
powershell.exe Information: 0 : 2018-10-25 02:05:17.9867	[Files]	[14]	[Debug]	Code execution scope ended	20776ms	80738f1a-f8f1-4211-b675-5024c3cd0f1d
powershell.exe Information: 0 : 2018-10-25 02:05:18.0397	[Tenant Settings]	[14]	[Debug]	Code execution scope started	0ms	80738f1a-f8f1-4211-b675-5024c3cd0f1d
powershell.exe Information: 0 : 2018-10-25 02:05:18.0407	[Tenant Settings]	[14]	[Debug]	Code execution scope ended	0ms	80738f1a-f8f1-4211-b675-5024c3cd0f1d
powershell.exe Information: 0 : 2018-10-25 02:05:18.0657	[Application Lifecycle Management]	[14]	[Debug]	Code execution scope started	0ms	80738f1a-f8f1-4211-b675-5024c3cd0f1d
powershell.exe Information: 0 : 2018-10-25 02:05:18.0657	[Application Lifecycle Management]	[14]	[Debug]	Code execution scope ended	0ms	80738f1a-f8f1-4211-b675-5024c3cd0f1d
powershell.exe Information: 0 : 2018-10-25 02:05:18.0877	[Custom Actions]	[14]	[Debug]	Code execution scope started	0ms	80738f1a-f8f1-4211-b675-5024c3cd0f1d
powershell.exe Information: 0 : 2018-10-25 02:05:18.1977	[Custom Actions]	[14]	[Debug]	Adding custom action 'QL_Dropdown' to scope Site	110ms	80738f1a-f8f1-4211-b675-5024c3cd0f1d
powershell.exe Information: 0 : 2018-10-25 02:05:18.4942	[Custom Actions]	[14]	[Debug]	Code execution scope ended	406ms	80738f1a-f8f1-4211-b675-5024c3cd0f1d
powershell.exe Information: 0 : 2018-10-25 02:05:18.4952	[Persist Template Info]	[14]	[Debug]	Code execution scope started	0ms	80738f1a-f8f1-4211-b675-5024c3cd0f1d
powershell.exe Information: 0 : 2018-10-25 02:05:19.2555	[Persist Template Info]	[14]	[Debug]	Code execution scope ended	761ms	80738f1a-f8f1-4211-b675-5024c3cd0f1d
powershell.exe Information: 0 : 2018-10-25 02:05:19.2555	[Provisioning]	[14]	[Debug]	Code execution scope ended	29556ms	80738f1a-f8f1-4211-b675-5024c3cd0f1d
