powershell.exe Information: 0 : 2018-10-21 21:35:54.0992	[OfficeDevPnP.Core]	[0]	[Information]	File Custom.QuickLaunch.Template.xml retrieved from folder 	0ms	
powershell.exe Information: 0 : 2018-10-21 21:35:54.1002	[OfficeDevPnP.Core]	[0]	[Information]	File Custom.QuickLaunch.Template.xml retrieved from folder 	0ms	
powershell.exe Information: 0 : 2018-10-21 21:35:54.1742	[Provisioning]	[14]	[Debug]	Code execution scope started	0ms	f5553cde-3189-4b42-98b9-bb3f7c1b54f9
powershell.exe Information: 0 : 2018-10-21 21:35:54.1752	[Provisioning]	[14]	[Information]	ProgressDelegate registered	0ms	f5553cde-3189-4b42-98b9-bb3f7c1b54f9
powershell.exe Information: 0 : 2018-10-21 21:35:54.1752	[Provisioning]	[14]	[Information]	MessagesDelegate registered	0ms	f5553cde-3189-4b42-98b9-bb3f7c1b54f9
powershell.exe Information: 0 : 2018-10-21 21:36:01.8398	[Extensibility Providers]	[14]	[Debug]	Code execution scope started	0ms	f5553cde-3189-4b42-98b9-bb3f7c1b54f9
powershell.exe Information: 0 : 2018-10-21 21:36:01.8398	[Extensibility Providers]	[14]	[Debug]	Code execution scope ended	0ms	f5553cde-3189-4b42-98b9-bb3f7c1b54f9
powershell.exe Information: 0 : 2018-10-21 21:36:01.9897	[Files]	[14]	[Debug]	Code execution scope started	0ms	f5553cde-3189-4b42-98b9-bb3f7c1b54f9
powershell.exe Information: 0 : 2018-10-21 21:36:15.4169	[OfficeDevPnP.Core]	[0]	[Information]	Creating folder 'QuickLaunch' under List '/sites/brandme/Style Library'.	0ms	
powershell.exe Information: 0 : 2018-10-21 21:36:16.1239	[OfficeDevPnP.Core]	[0]	[Information]	File left-nav-override.js retrieved from folder 	0ms	
powershell.exe Information: 0 : 2018-10-21 21:36:16.1239	[Files]	[14]	[Debug]	Uploading file left-nav-override.js	14134ms	f5553cde-3189-4b42-98b9-bb3f7c1b54f9
powershell.exe Information: 0 : 2018-10-21 21:36:16.1249	[OfficeDevPnP.Core]	[0]	[Debug]	Creating file info with Url 'left-nav-override.js'	0ms	
powershell.exe Information: 0 : 2018-10-21 21:36:17.0184	[OfficeDevPnP.Core]	[0]	[Debug]	Checking in file 'left-nav-override.js'	0ms	
powershell.exe Information: 0 : 2018-10-21 21:36:17.2476	[OfficeDevPnP.Core]	[0]	[Debug]	Publishing file 'left-nav-override.js'	0ms	
powershell.exe Information: 0 : 2018-10-21 21:36:17.9823	[OfficeDevPnP.Core]	[0]	[Information]	File Custom-Script-Action.js retrieved from folder 	0ms	
powershell.exe Information: 0 : 2018-10-21 21:36:17.9833	[Files]	[14]	[Debug]	Uploading file Custom-Script-Action.js	15993ms	f5553cde-3189-4b42-98b9-bb3f7c1b54f9
powershell.exe Information: 0 : 2018-10-21 21:36:17.9833	[OfficeDevPnP.Core]	[0]	[Debug]	Creating file info with Url 'Custom-Script-Action.js'	0ms	
powershell.exe Information: 0 : 2018-10-21 21:36:18.7272	[OfficeDevPnP.Core]	[0]	[Debug]	Checking in file 'Custom-Script-Action.js'	0ms	
powershell.exe Information: 0 : 2018-10-21 21:36:18.9252	[OfficeDevPnP.Core]	[0]	[Debug]	Publishing file 'Custom-Script-Action.js'	0ms	
powershell.exe Information: 0 : 2018-10-21 21:36:19.1175	[Files]	[14]	[Debug]	Code execution scope ended	17127ms	f5553cde-3189-4b42-98b9-bb3f7c1b54f9
powershell.exe Information: 0 : 2018-10-21 21:36:19.1640	[Tenant Settings]	[14]	[Debug]	Code execution scope started	0ms	f5553cde-3189-4b42-98b9-bb3f7c1b54f9
powershell.exe Information: 0 : 2018-10-21 21:36:19.1660	[Tenant Settings]	[14]	[Debug]	Code execution scope ended	1ms	f5553cde-3189-4b42-98b9-bb3f7c1b54f9
powershell.exe Information: 0 : 2018-10-21 21:36:19.1800	[Application Lifecycle Management]	[14]	[Debug]	Code execution scope started	0ms	f5553cde-3189-4b42-98b9-bb3f7c1b54f9
powershell.exe Information: 0 : 2018-10-21 21:36:19.1800	[Application Lifecycle Management]	[14]	[Debug]	Code execution scope ended	0ms	f5553cde-3189-4b42-98b9-bb3f7c1b54f9
powershell.exe Information: 0 : 2018-10-21 21:36:19.2033	[Custom Actions]	[14]	[Debug]	Code execution scope started	0ms	f5553cde-3189-4b42-98b9-bb3f7c1b54f9
powershell.exe Information: 0 : 2018-10-21 21:36:19.3643	[Custom Actions]	[14]	[Debug]	Adding custom action 'QL_Dropdown' to scope Site	160ms	f5553cde-3189-4b42-98b9-bb3f7c1b54f9
powershell.exe Information: 0 : 2018-10-21 21:36:19.7209	[Custom Actions]	[14]	[Debug]	Code execution scope ended	517ms	f5553cde-3189-4b42-98b9-bb3f7c1b54f9
powershell.exe Information: 0 : 2018-10-21 21:36:19.7219	[Persist Template Info]	[14]	[Debug]	Code execution scope started	0ms	f5553cde-3189-4b42-98b9-bb3f7c1b54f9
powershell.exe Information: 0 : 2018-10-21 21:36:20.4920	[Persist Template Info]	[14]	[Debug]	Code execution scope ended	769ms	f5553cde-3189-4b42-98b9-bb3f7c1b54f9
powershell.exe Information: 0 : 2018-10-21 21:36:20.4920	[Provisioning]	[14]	[Debug]	Code execution scope ended	26316ms	f5553cde-3189-4b42-98b9-bb3f7c1b54f9
