powershell.exe Information: 0 : 2018-10-24 20:07:48.4223	[OfficeDevPnP.Core]	[0]	[Information]	File Custom.QuickLaunch.Template.xml retrieved from folder 	0ms	
powershell.exe Information: 0 : 2018-10-24 20:07:48.4243	[OfficeDevPnP.Core]	[0]	[Information]	File Custom.QuickLaunch.Template.xml retrieved from folder 	0ms	
powershell.exe Information: 0 : 2018-10-24 20:07:48.4483	[Provisioning]	[14]	[Debug]	Code execution scope started	0ms	b102993c-fd30-46f1-bbf2-4600ffdc34d4
powershell.exe Information: 0 : 2018-10-24 20:07:48.4494	[Provisioning]	[14]	[Information]	ProgressDelegate registered	0ms	b102993c-fd30-46f1-bbf2-4600ffdc34d4
powershell.exe Information: 0 : 2018-10-24 20:07:48.4513	[Provisioning]	[14]	[Information]	MessagesDelegate registered	2ms	b102993c-fd30-46f1-bbf2-4600ffdc34d4
powershell.exe Information: 0 : 2018-10-24 20:07:55.1176	[Extensibility Providers]	[14]	[Debug]	Code execution scope started	0ms	b102993c-fd30-46f1-bbf2-4600ffdc34d4
powershell.exe Information: 0 : 2018-10-24 20:07:55.1186	[Extensibility Providers]	[14]	[Debug]	Code execution scope ended	0ms	b102993c-fd30-46f1-bbf2-4600ffdc34d4
powershell.exe Information: 0 : 2018-10-24 20:07:55.2653	[Files]	[14]	[Debug]	Code execution scope started	0ms	b102993c-fd30-46f1-bbf2-4600ffdc34d4
powershell.exe Information: 0 : 2018-10-24 20:08:07.1875	[OfficeDevPnP.Core]	[0]	[Information]	Creating folder 'QuickLaunch' under List '/sites/brandme/Style Library'.	0ms	
powershell.exe Information: 0 : 2018-10-24 20:08:07.7915	[OfficeDevPnP.Core]	[0]	[Information]	File left-nav-override.js retrieved from folder 	0ms	
powershell.exe Information: 0 : 2018-10-24 20:08:07.7925	[Files]	[14]	[Debug]	Uploading file left-nav-override.js	12527ms	b102993c-fd30-46f1-bbf2-4600ffdc34d4
powershell.exe Information: 0 : 2018-10-24 20:08:07.7925	[OfficeDevPnP.Core]	[0]	[Debug]	Creating file info with Url 'left-nav-override.js'	0ms	
powershell.exe Information: 0 : 2018-10-24 20:08:08.4099	[OfficeDevPnP.Core]	[0]	[Debug]	Checking in file 'left-nav-override.js'	0ms	
powershell.exe Information: 0 : 2018-10-24 20:08:08.6303	[OfficeDevPnP.Core]	[0]	[Debug]	Publishing file 'left-nav-override.js'	0ms	
powershell.exe Information: 0 : 2018-10-24 20:08:09.2668	[OfficeDevPnP.Core]	[0]	[Information]	File left-nav-override.css retrieved from folder 	0ms	
powershell.exe Information: 0 : 2018-10-24 20:08:09.2678	[Files]	[14]	[Debug]	Uploading file left-nav-override.css	14002ms	b102993c-fd30-46f1-bbf2-4600ffdc34d4
powershell.exe Information: 0 : 2018-10-24 20:08:09.2678	[OfficeDevPnP.Core]	[0]	[Debug]	Creating file info with Url 'left-nav-override.css'	0ms	
powershell.exe Information: 0 : 2018-10-24 20:08:10.0133	[OfficeDevPnP.Core]	[0]	[Debug]	Checking in file 'left-nav-override.css'	0ms	
powershell.exe Information: 0 : 2018-10-24 20:08:10.1944	[OfficeDevPnP.Core]	[0]	[Debug]	Publishing file 'left-nav-override.css'	0ms	
powershell.exe Information: 0 : 2018-10-24 20:08:10.7787	[OfficeDevPnP.Core]	[0]	[Information]	File Custom-Script-Action.js retrieved from folder 	0ms	
powershell.exe Information: 0 : 2018-10-24 20:08:10.7797	[Files]	[14]	[Debug]	Uploading file Custom-Script-Action.js	15514ms	b102993c-fd30-46f1-bbf2-4600ffdc34d4
powershell.exe Information: 0 : 2018-10-24 20:08:10.7797	[OfficeDevPnP.Core]	[0]	[Debug]	Creating file info with Url 'Custom-Script-Action.js'	0ms	
powershell.exe Information: 0 : 2018-10-24 20:08:11.3980	[OfficeDevPnP.Core]	[0]	[Debug]	Checking in file 'Custom-Script-Action.js'	0ms	
powershell.exe Information: 0 : 2018-10-24 20:08:11.6408	[OfficeDevPnP.Core]	[0]	[Debug]	Publishing file 'Custom-Script-Action.js'	0ms	
powershell.exe Information: 0 : 2018-10-24 20:08:11.8158	[Files]	[14]	[Debug]	Code execution scope ended	16550ms	b102993c-fd30-46f1-bbf2-4600ffdc34d4
powershell.exe Information: 0 : 2018-10-24 20:08:11.8868	[Tenant Settings]	[14]	[Debug]	Code execution scope started	0ms	b102993c-fd30-46f1-bbf2-4600ffdc34d4
powershell.exe Information: 0 : 2018-10-24 20:08:11.8878	[Tenant Settings]	[14]	[Debug]	Code execution scope ended	0ms	b102993c-fd30-46f1-bbf2-4600ffdc34d4
powershell.exe Information: 0 : 2018-10-24 20:08:11.9058	[Application Lifecycle Management]	[14]	[Debug]	Code execution scope started	0ms	b102993c-fd30-46f1-bbf2-4600ffdc34d4
powershell.exe Information: 0 : 2018-10-24 20:08:11.9068	[Application Lifecycle Management]	[14]	[Debug]	Code execution scope ended	0ms	b102993c-fd30-46f1-bbf2-4600ffdc34d4
powershell.exe Information: 0 : 2018-10-24 20:08:11.9238	[Custom Actions]	[14]	[Debug]	Code execution scope started	0ms	b102993c-fd30-46f1-bbf2-4600ffdc34d4
powershell.exe Information: 0 : 2018-10-24 20:08:12.0385	[Custom Actions]	[14]	[Debug]	Adding custom action 'QL_Dropdown' to scope Site	114ms	b102993c-fd30-46f1-bbf2-4600ffdc34d4
powershell.exe Information: 0 : 2018-10-24 20:08:12.3907	[Custom Actions]	[14]	[Debug]	Code execution scope ended	466ms	b102993c-fd30-46f1-bbf2-4600ffdc34d4
powershell.exe Information: 0 : 2018-10-24 20:08:12.3917	[Persist Template Info]	[14]	[Debug]	Code execution scope started	0ms	b102993c-fd30-46f1-bbf2-4600ffdc34d4
powershell.exe Information: 0 : 2018-10-24 20:08:13.1207	[Persist Template Info]	[14]	[Debug]	Code execution scope ended	729ms	b102993c-fd30-46f1-bbf2-4600ffdc34d4
powershell.exe Information: 0 : 2018-10-24 20:08:13.1217	[Provisioning]	[14]	[Debug]	Code execution scope ended	24672ms	b102993c-fd30-46f1-bbf2-4600ffdc34d4
