powershell.exe Information: 0 : 2018-10-18 00:42:50.9505	[OfficeDevPnP.Core]	[0]	[Information]	File Custom.QuickLaunch.Template.xml retrieved from folder 	0ms	
powershell.exe Information: 0 : 2018-10-18 00:42:50.9515	[OfficeDevPnP.Core]	[0]	[Information]	File Custom.QuickLaunch.Template.xml retrieved from folder 	0ms	
powershell.exe Information: 0 : 2018-10-18 00:42:50.9805	[Provisioning]	[14]	[Debug]	Code execution scope started	0ms	2a40ab76-acc3-46e0-a60f-d85fd4dc878c
powershell.exe Information: 0 : 2018-10-18 00:42:50.9805	[Provisioning]	[14]	[Information]	ProgressDelegate registered	0ms	2a40ab76-acc3-46e0-a60f-d85fd4dc878c
powershell.exe Information: 0 : 2018-10-18 00:42:50.9825	[Provisioning]	[14]	[Information]	MessagesDelegate registered	2ms	2a40ab76-acc3-46e0-a60f-d85fd4dc878c
powershell.exe Information: 0 : 2018-10-18 00:42:57.7006	[Extensibility Providers]	[14]	[Debug]	Code execution scope started	0ms	2a40ab76-acc3-46e0-a60f-d85fd4dc878c
powershell.exe Information: 0 : 2018-10-18 00:42:57.7006	[Extensibility Providers]	[14]	[Debug]	Code execution scope ended	0ms	2a40ab76-acc3-46e0-a60f-d85fd4dc878c
powershell.exe Information: 0 : 2018-10-18 00:42:57.8372	[Files]	[14]	[Debug]	Code execution scope started	0ms	2a40ab76-acc3-46e0-a60f-d85fd4dc878c
powershell.exe Information: 0 : 2018-10-18 00:43:10.7586	[OfficeDevPnP.Core]	[0]	[Information]	Creating folder 'QuickLaunch' under List '/sites/brandme/Style Library'.	0ms	
powershell.exe Information: 0 : 2018-10-18 00:43:11.4040	[OfficeDevPnP.Core]	[0]	[Information]	File left-nav-override.js retrieved from folder 	0ms	
powershell.exe Information: 0 : 2018-10-18 00:43:11.4040	[Files]	[14]	[Debug]	Uploading file left-nav-override.js	13566ms	2a40ab76-acc3-46e0-a60f-d85fd4dc878c
powershell.exe Information: 0 : 2018-10-18 00:43:11.4045	[OfficeDevPnP.Core]	[0]	[Debug]	Creating file info with Url 'left-nav-override.js'	0ms	
powershell.exe Information: 0 : 2018-10-18 00:43:12.0156	[OfficeDevPnP.Core]	[0]	[Debug]	Checking in file 'left-nav-override.js'	0ms	
powershell.exe Information: 0 : 2018-10-18 00:43:12.2196	[OfficeDevPnP.Core]	[0]	[Debug]	Publishing file 'left-nav-override.js'	0ms	
powershell.exe Information: 0 : 2018-10-18 00:43:12.8490	[OfficeDevPnP.Core]	[0]	[Information]	File Custom-Script-Action.js retrieved from folder 	0ms	
powershell.exe Information: 0 : 2018-10-18 00:43:12.8490	[Files]	[14]	[Debug]	Uploading file Custom-Script-Action.js	15011ms	2a40ab76-acc3-46e0-a60f-d85fd4dc878c
powershell.exe Information: 0 : 2018-10-18 00:43:12.8495	[OfficeDevPnP.Core]	[0]	[Debug]	Creating file info with Url 'Custom-Script-Action.js'	0ms	
powershell.exe Information: 0 : 2018-10-18 00:43:13.5652	[OfficeDevPnP.Core]	[0]	[Debug]	Checking in file 'Custom-Script-Action.js'	0ms	
powershell.exe Information: 0 : 2018-10-18 00:43:13.7689	[OfficeDevPnP.Core]	[0]	[Debug]	Publishing file 'Custom-Script-Action.js'	0ms	
powershell.exe Information: 0 : 2018-10-18 00:43:13.9678	[Files]	[14]	[Debug]	Code execution scope ended	16130ms	2a40ab76-acc3-46e0-a60f-d85fd4dc878c
powershell.exe Information: 0 : 2018-10-18 00:43:14.0044	[Tenant Settings]	[14]	[Debug]	Code execution scope started	0ms	2a40ab76-acc3-46e0-a60f-d85fd4dc878c
powershell.exe Information: 0 : 2018-10-18 00:43:14.0053	[Tenant Settings]	[14]	[Debug]	Code execution scope ended	0ms	2a40ab76-acc3-46e0-a60f-d85fd4dc878c
powershell.exe Information: 0 : 2018-10-18 00:43:14.0284	[Application Lifecycle Management]	[14]	[Debug]	Code execution scope started	0ms	2a40ab76-acc3-46e0-a60f-d85fd4dc878c
powershell.exe Information: 0 : 2018-10-18 00:43:14.0293	[Application Lifecycle Management]	[14]	[Debug]	Code execution scope ended	0ms	2a40ab76-acc3-46e0-a60f-d85fd4dc878c
powershell.exe Information: 0 : 2018-10-18 00:43:14.0464	[Custom Actions]	[14]	[Debug]	Code execution scope started	0ms	2a40ab76-acc3-46e0-a60f-d85fd4dc878c
powershell.exe Information: 0 : 2018-10-18 00:43:14.1659	[Custom Actions]	[14]	[Debug]	Adding custom action 'QL_Dropdown' to scope Site	119ms	2a40ab76-acc3-46e0-a60f-d85fd4dc878c
powershell.exe Information: 0 : 2018-10-18 00:43:14.4759	[Custom Actions]	[14]	[Debug]	Code execution scope ended	429ms	2a40ab76-acc3-46e0-a60f-d85fd4dc878c
powershell.exe Information: 0 : 2018-10-18 00:43:14.4759	[Persist Template Info]	[14]	[Debug]	Code execution scope started	0ms	2a40ab76-acc3-46e0-a60f-d85fd4dc878c
powershell.exe Information: 0 : 2018-10-18 00:43:15.2288	[Persist Template Info]	[14]	[Debug]	Code execution scope ended	752ms	2a40ab76-acc3-46e0-a60f-d85fd4dc878c
powershell.exe Information: 0 : 2018-10-18 00:43:15.2288	[Provisioning]	[14]	[Debug]	Code execution scope ended	24248ms	2a40ab76-acc3-46e0-a60f-d85fd4dc878c
