powershell.exe Information: 0 : 2018-10-25 05:37:41.6102	[OfficeDevPnP.Core]	[0]	[Information]	File Custom.QuickLaunch.Template.xml retrieved from folder 	0ms	
powershell.exe Information: 0 : 2018-10-25 05:37:41.6112	[OfficeDevPnP.Core]	[0]	[Information]	File Custom.QuickLaunch.Template.xml retrieved from folder 	0ms	
powershell.exe Information: 0 : 2018-10-25 05:37:41.6302	[Provisioning]	[14]	[Debug]	Code execution scope started	0ms	4438784c-9016-40a6-b007-fe049b2361bf
powershell.exe Information: 0 : 2018-10-25 05:37:41.6302	[Provisioning]	[14]	[Information]	ProgressDelegate registered	0ms	4438784c-9016-40a6-b007-fe049b2361bf
powershell.exe Information: 0 : 2018-10-25 05:37:41.6332	[Provisioning]	[14]	[Information]	MessagesDelegate registered	3ms	4438784c-9016-40a6-b007-fe049b2361bf
powershell.exe Information: 0 : 2018-10-25 05:37:48.6123	[Extensibility Providers]	[14]	[Debug]	Code execution scope started	0ms	4438784c-9016-40a6-b007-fe049b2361bf
powershell.exe Information: 0 : 2018-10-25 05:37:48.6123	[Extensibility Providers]	[14]	[Debug]	Code execution scope ended	0ms	4438784c-9016-40a6-b007-fe049b2361bf
powershell.exe Information: 0 : 2018-10-25 05:37:48.7452	[Files]	[14]	[Debug]	Code execution scope started	0ms	4438784c-9016-40a6-b007-fe049b2361bf
powershell.exe Information: 0 : 2018-10-25 05:38:00.9894	[OfficeDevPnP.Core]	[0]	[Information]	Creating folder 'QuickLaunch' under List '/sites/brandme/Style Library'.	0ms	
powershell.exe Information: 0 : 2018-10-25 05:38:01.6087	[OfficeDevPnP.Core]	[0]	[Information]	File left-nav-override.js retrieved from folder 	0ms	
powershell.exe Information: 0 : 2018-10-25 05:38:01.6087	[Files]	[14]	[Debug]	Uploading file left-nav-override.js	12863ms	4438784c-9016-40a6-b007-fe049b2361bf
powershell.exe Information: 0 : 2018-10-25 05:38:01.6087	[OfficeDevPnP.Core]	[0]	[Debug]	Creating file info with Url 'left-nav-override.js'	0ms	
powershell.exe Information: 0 : 2018-10-25 05:38:02.1923	[OfficeDevPnP.Core]	[0]	[Debug]	Checking in file 'left-nav-override.js'	0ms	
powershell.exe Information: 0 : 2018-10-25 05:38:02.4117	[OfficeDevPnP.Core]	[0]	[Debug]	Publishing file 'left-nav-override.js'	0ms	
powershell.exe Information: 0 : 2018-10-25 05:38:03.0917	[OfficeDevPnP.Core]	[0]	[Information]	File left-nav-override.css retrieved from folder 	0ms	
powershell.exe Information: 0 : 2018-10-25 05:38:03.0917	[Files]	[14]	[Debug]	Uploading file left-nav-override.css	14346ms	4438784c-9016-40a6-b007-fe049b2361bf
powershell.exe Information: 0 : 2018-10-25 05:38:03.0922	[OfficeDevPnP.Core]	[0]	[Debug]	Creating file info with Url 'left-nav-override.css'	0ms	
powershell.exe Information: 0 : 2018-10-25 05:38:03.6801	[OfficeDevPnP.Core]	[0]	[Debug]	Checking in file 'left-nav-override.css'	0ms	
powershell.exe Information: 0 : 2018-10-25 05:38:03.9281	[OfficeDevPnP.Core]	[0]	[Debug]	Publishing file 'left-nav-override.css'	0ms	
powershell.exe Information: 0 : 2018-10-25 05:38:04.7803	[OfficeDevPnP.Core]	[0]	[Information]	File Custom-Script-Action.js retrieved from folder 	0ms	
powershell.exe Information: 0 : 2018-10-25 05:38:04.7813	[Files]	[14]	[Debug]	Uploading file Custom-Script-Action.js	16036ms	4438784c-9016-40a6-b007-fe049b2361bf
powershell.exe Information: 0 : 2018-10-25 05:38:04.7813	[OfficeDevPnP.Core]	[0]	[Debug]	Creating file info with Url 'Custom-Script-Action.js'	0ms	
powershell.exe Information: 0 : 2018-10-25 05:38:05.3298	[OfficeDevPnP.Core]	[0]	[Debug]	Checking in file 'Custom-Script-Action.js'	0ms	
powershell.exe Information: 0 : 2018-10-25 05:38:05.5649	[OfficeDevPnP.Core]	[0]	[Debug]	Publishing file 'Custom-Script-Action.js'	0ms	
powershell.exe Information: 0 : 2018-10-25 05:38:06.2064	[Files]	[14]	[Debug]	Uploading and overwriting existing file connectslogo(78px).png	17461ms	4438784c-9016-40a6-b007-fe049b2361bf
powershell.exe Information: 0 : 2018-10-25 05:38:06.3468	[OfficeDevPnP.Core]	[0]	[Information]	File connectslogo(78px).png retrieved from folder 	0ms	
powershell.exe Information: 0 : 2018-10-25 05:38:06.3468	[OfficeDevPnP.Core]	[0]	[Debug]	Creating file info with Url 'connectslogo(78px).png'	0ms	
powershell.exe Information: 0 : 2018-10-25 05:38:07.1895	[OfficeDevPnP.Core]	[0]	[Debug]	Checking in file 'connectslogo(78px).png'	0ms	
powershell.exe Information: 0 : 2018-10-25 05:38:07.3735	[OfficeDevPnP.Core]	[0]	[Debug]	Publishing file 'connectslogo(78px).png'	0ms	
powershell.exe Information: 0 : 2018-10-25 05:38:08.0129	[Files]	[14]	[Debug]	Uploading and overwriting existing file Waypoint-Logo_color.png	19268ms	4438784c-9016-40a6-b007-fe049b2361bf
powershell.exe Information: 0 : 2018-10-25 05:38:08.1529	[OfficeDevPnP.Core]	[0]	[Information]	File Waypoint-Logo_color.png retrieved from folder 	0ms	
powershell.exe Information: 0 : 2018-10-25 05:38:08.1529	[OfficeDevPnP.Core]	[0]	[Debug]	Creating file info with Url 'Waypoint-Logo_color.png'	0ms	
powershell.exe Information: 0 : 2018-10-25 05:38:08.8595	[OfficeDevPnP.Core]	[0]	[Debug]	Checking in file 'Waypoint-Logo_color.png'	0ms	
powershell.exe Information: 0 : 2018-10-25 05:38:09.0723	[OfficeDevPnP.Core]	[0]	[Debug]	Publishing file 'Waypoint-Logo_color.png'	0ms	
powershell.exe Information: 0 : 2018-10-25 05:38:09.2563	[Files]	[14]	[Debug]	Code execution scope ended	20510ms	4438784c-9016-40a6-b007-fe049b2361bf
powershell.exe Information: 0 : 2018-10-25 05:38:09.2983	[Tenant Settings]	[14]	[Debug]	Code execution scope started	0ms	4438784c-9016-40a6-b007-fe049b2361bf
powershell.exe Information: 0 : 2018-10-25 05:38:09.2993	[Tenant Settings]	[14]	[Debug]	Code execution scope ended	0ms	4438784c-9016-40a6-b007-fe049b2361bf
powershell.exe Information: 0 : 2018-10-25 05:38:09.3183	[Application Lifecycle Management]	[14]	[Debug]	Code execution scope started	0ms	4438784c-9016-40a6-b007-fe049b2361bf
powershell.exe Information: 0 : 2018-10-25 05:38:09.3183	[Application Lifecycle Management]	[14]	[Debug]	Code execution scope ended	0ms	4438784c-9016-40a6-b007-fe049b2361bf
powershell.exe Information: 0 : 2018-10-25 05:38:09.3373	[Custom Actions]	[14]	[Debug]	Code execution scope started	0ms	4438784c-9016-40a6-b007-fe049b2361bf
powershell.exe Information: 0 : 2018-10-25 05:38:09.4467	[Custom Actions]	[14]	[Debug]	Adding custom action 'QL_Dropdown' to scope Site	108ms	4438784c-9016-40a6-b007-fe049b2361bf
powershell.exe Information: 0 : 2018-10-25 05:38:09.6935	[Custom Actions]	[14]	[Debug]	Code execution scope ended	356ms	4438784c-9016-40a6-b007-fe049b2361bf
powershell.exe Information: 0 : 2018-10-25 05:38:09.6945	[Persist Template Info]	[14]	[Debug]	Code execution scope started	0ms	4438784c-9016-40a6-b007-fe049b2361bf
powershell.exe Information: 0 : 2018-10-25 05:38:10.6003	[Persist Template Info]	[14]	[Debug]	Code execution scope ended	906ms	4438784c-9016-40a6-b007-fe049b2361bf
powershell.exe Information: 0 : 2018-10-25 05:38:10.6013	[Provisioning]	[14]	[Debug]	Code execution scope ended	28970ms	4438784c-9016-40a6-b007-fe049b2361bf
