powershell.exe Information: 0 : 2018-10-24 23:05:49.1115	[OfficeDevPnP.Core]	[0]	[Information]	File Custom.QuickLaunch.Template.xml retrieved from folder 	0ms	
powershell.exe Information: 0 : 2018-10-24 23:05:49.1135	[OfficeDevPnP.Core]	[0]	[Information]	File Custom.QuickLaunch.Template.xml retrieved from folder 	0ms	
powershell.exe Information: 0 : 2018-10-24 23:05:49.1345	[Provisioning]	[14]	[Debug]	Code execution scope started	0ms	26367ee6-472f-411b-810a-a268a0510a49
powershell.exe Information: 0 : 2018-10-24 23:05:49.1345	[Provisioning]	[14]	[Information]	ProgressDelegate registered	0ms	26367ee6-472f-411b-810a-a268a0510a49
powershell.exe Information: 0 : 2018-10-24 23:05:49.1375	[Provisioning]	[14]	[Information]	MessagesDelegate registered	2ms	26367ee6-472f-411b-810a-a268a0510a49
powershell.exe Information: 0 : 2018-10-24 23:05:55.9270	[Extensibility Providers]	[14]	[Debug]	Code execution scope started	0ms	26367ee6-472f-411b-810a-a268a0510a49
powershell.exe Information: 0 : 2018-10-24 23:05:55.9270	[Extensibility Providers]	[14]	[Debug]	Code execution scope ended	0ms	26367ee6-472f-411b-810a-a268a0510a49
powershell.exe Information: 0 : 2018-10-24 23:05:56.0491	[Files]	[14]	[Debug]	Code execution scope started	0ms	26367ee6-472f-411b-810a-a268a0510a49
powershell.exe Information: 0 : 2018-10-24 23:06:08.0258	[OfficeDevPnP.Core]	[0]	[Information]	Creating folder 'QuickLaunch' under List '/sites/brandme/Style Library'.	0ms	
powershell.exe Information: 0 : 2018-10-24 23:06:08.5984	[OfficeDevPnP.Core]	[0]	[Information]	File left-nav-override.js retrieved from folder 	0ms	
powershell.exe Information: 0 : 2018-10-24 23:06:08.5984	[Files]	[14]	[Debug]	Uploading file left-nav-override.js	12548ms	26367ee6-472f-411b-810a-a268a0510a49
powershell.exe Information: 0 : 2018-10-24 23:06:08.5984	[OfficeDevPnP.Core]	[0]	[Debug]	Creating file info with Url 'left-nav-override.js'	0ms	
powershell.exe Information: 0 : 2018-10-24 23:06:09.4813	[OfficeDevPnP.Core]	[0]	[Debug]	Checking in file 'left-nav-override.js'	0ms	
powershell.exe Information: 0 : 2018-10-24 23:06:10.4026	[OfficeDevPnP.Core]	[0]	[Debug]	Publishing file 'left-nav-override.js'	0ms	
powershell.exe Information: 0 : 2018-10-24 23:06:11.0511	[OfficeDevPnP.Core]	[0]	[Information]	File left-nav-override.css retrieved from folder 	0ms	
powershell.exe Information: 0 : 2018-10-24 23:06:11.0521	[Files]	[14]	[Debug]	Uploading file left-nav-override.css	15002ms	26367ee6-472f-411b-810a-a268a0510a49
powershell.exe Information: 0 : 2018-10-24 23:06:11.0521	[OfficeDevPnP.Core]	[0]	[Debug]	Creating file info with Url 'left-nav-override.css'	0ms	
powershell.exe Information: 0 : 2018-10-24 23:06:11.7723	[OfficeDevPnP.Core]	[0]	[Debug]	Checking in file 'left-nav-override.css'	0ms	
powershell.exe Information: 0 : 2018-10-24 23:06:12.0287	[OfficeDevPnP.Core]	[0]	[Debug]	Publishing file 'left-nav-override.css'	0ms	
powershell.exe Information: 0 : 2018-10-24 23:06:12.6677	[OfficeDevPnP.Core]	[0]	[Information]	File Custom-Script-Action.js retrieved from folder 	0ms	
powershell.exe Information: 0 : 2018-10-24 23:06:12.6677	[Files]	[14]	[Debug]	Uploading file Custom-Script-Action.js	16618ms	26367ee6-472f-411b-810a-a268a0510a49
powershell.exe Information: 0 : 2018-10-24 23:06:12.6688	[OfficeDevPnP.Core]	[0]	[Debug]	Creating file info with Url 'Custom-Script-Action.js'	0ms	
powershell.exe Information: 0 : 2018-10-24 23:06:13.2247	[OfficeDevPnP.Core]	[0]	[Debug]	Checking in file 'Custom-Script-Action.js'	0ms	
powershell.exe Information: 0 : 2018-10-24 23:06:13.4189	[OfficeDevPnP.Core]	[0]	[Debug]	Publishing file 'Custom-Script-Action.js'	0ms	
powershell.exe Information: 0 : 2018-10-24 23:06:13.6188	[Files]	[14]	[Debug]	Code execution scope ended	17569ms	26367ee6-472f-411b-810a-a268a0510a49
powershell.exe Information: 0 : 2018-10-24 23:06:13.6567	[Tenant Settings]	[14]	[Debug]	Code execution scope started	0ms	26367ee6-472f-411b-810a-a268a0510a49
powershell.exe Information: 0 : 2018-10-24 23:06:13.6567	[Tenant Settings]	[14]	[Debug]	Code execution scope ended	0ms	26367ee6-472f-411b-810a-a268a0510a49
powershell.exe Information: 0 : 2018-10-24 23:06:13.6779	[Application Lifecycle Management]	[14]	[Debug]	Code execution scope started	0ms	26367ee6-472f-411b-810a-a268a0510a49
powershell.exe Information: 0 : 2018-10-24 23:06:13.6779	[Application Lifecycle Management]	[14]	[Debug]	Code execution scope ended	0ms	26367ee6-472f-411b-810a-a268a0510a49
powershell.exe Information: 0 : 2018-10-24 23:06:13.7009	[Custom Actions]	[14]	[Debug]	Code execution scope started	0ms	26367ee6-472f-411b-810a-a268a0510a49
powershell.exe Information: 0 : 2018-10-24 23:06:13.8260	[Custom Actions]	[14]	[Debug]	Adding custom action 'QL_Dropdown' to scope Site	126ms	26367ee6-472f-411b-810a-a268a0510a49
powershell.exe Information: 0 : 2018-10-24 23:06:14.2272	[Custom Actions]	[14]	[Debug]	Code execution scope ended	526ms	26367ee6-472f-411b-810a-a268a0510a49
powershell.exe Information: 0 : 2018-10-24 23:06:14.2272	[Persist Template Info]	[14]	[Debug]	Code execution scope started	0ms	26367ee6-472f-411b-810a-a268a0510a49
powershell.exe Information: 0 : 2018-10-24 23:06:14.9783	[Persist Template Info]	[14]	[Debug]	Code execution scope ended	751ms	26367ee6-472f-411b-810a-a268a0510a49
powershell.exe Information: 0 : 2018-10-24 23:06:14.9783	[Provisioning]	[14]	[Debug]	Code execution scope ended	25844ms	26367ee6-472f-411b-810a-a268a0510a49
