powershell.exe Information: 0 : 2018-10-24 21:17:44.1633	[OfficeDevPnP.Core]	[0]	[Information]	File Custom.QuickLaunch.Template.xml retrieved from folder 	0ms	
powershell.exe Information: 0 : 2018-10-24 21:17:44.1643	[OfficeDevPnP.Core]	[0]	[Information]	File Custom.QuickLaunch.Template.xml retrieved from folder 	0ms	
powershell.exe Information: 0 : 2018-10-24 21:17:44.1863	[Provisioning]	[14]	[Debug]	Code execution scope started	0ms	6a27c620-2257-435c-a2db-09bacbcafc2d
powershell.exe Information: 0 : 2018-10-24 21:17:44.1863	[Provisioning]	[14]	[Information]	ProgressDelegate registered	0ms	6a27c620-2257-435c-a2db-09bacbcafc2d
powershell.exe Information: 0 : 2018-10-24 21:17:44.1883	[Provisioning]	[14]	[Information]	MessagesDelegate registered	2ms	6a27c620-2257-435c-a2db-09bacbcafc2d
powershell.exe Information: 0 : 2018-10-24 21:17:51.4020	[Extensibility Providers]	[14]	[Debug]	Code execution scope started	0ms	6a27c620-2257-435c-a2db-09bacbcafc2d
powershell.exe Information: 0 : 2018-10-24 21:17:51.4030	[Extensibility Providers]	[14]	[Debug]	Code execution scope ended	0ms	6a27c620-2257-435c-a2db-09bacbcafc2d
powershell.exe Information: 0 : 2018-10-24 21:17:51.5350	[Files]	[14]	[Debug]	Code execution scope started	0ms	6a27c620-2257-435c-a2db-09bacbcafc2d
powershell.exe Information: 0 : 2018-10-24 21:18:03.6963	[OfficeDevPnP.Core]	[0]	[Information]	Creating folder 'QuickLaunch' under List '/sites/brandme/Style Library'.	0ms	
powershell.exe Information: 0 : 2018-10-24 21:18:04.5794	[OfficeDevPnP.Core]	[0]	[Information]	File left-nav-override.js retrieved from folder 	0ms	
powershell.exe Information: 0 : 2018-10-24 21:18:04.5794	[Files]	[14]	[Debug]	Uploading file left-nav-override.js	13043ms	6a27c620-2257-435c-a2db-09bacbcafc2d
powershell.exe Information: 0 : 2018-10-24 21:18:04.5794	[OfficeDevPnP.Core]	[0]	[Debug]	Creating file info with Url 'left-nav-override.js'	0ms	
powershell.exe Information: 0 : 2018-10-24 21:18:05.1929	[OfficeDevPnP.Core]	[0]	[Debug]	Checking in file 'left-nav-override.js'	0ms	
powershell.exe Information: 0 : 2018-10-24 21:18:05.4362	[OfficeDevPnP.Core]	[0]	[Debug]	Publishing file 'left-nav-override.js'	0ms	
powershell.exe Information: 0 : 2018-10-24 21:18:06.0728	[OfficeDevPnP.Core]	[0]	[Information]	File left-nav-override.css retrieved from folder 	0ms	
powershell.exe Information: 0 : 2018-10-24 21:18:06.0728	[Files]	[14]	[Debug]	Uploading file left-nav-override.css	14537ms	6a27c620-2257-435c-a2db-09bacbcafc2d
powershell.exe Information: 0 : 2018-10-24 21:18:06.0728	[OfficeDevPnP.Core]	[0]	[Debug]	Creating file info with Url 'left-nav-override.css'	0ms	
powershell.exe Information: 0 : 2018-10-24 21:18:06.9682	[OfficeDevPnP.Core]	[0]	[Debug]	Checking in file 'left-nav-override.css'	0ms	
powershell.exe Information: 0 : 2018-10-24 21:18:07.2277	[OfficeDevPnP.Core]	[0]	[Debug]	Publishing file 'left-nav-override.css'	0ms	
powershell.exe Information: 0 : 2018-10-24 21:18:07.8410	[OfficeDevPnP.Core]	[0]	[Information]	File Custom-Script-Action.js retrieved from folder 	0ms	
powershell.exe Information: 0 : 2018-10-24 21:18:07.8410	[Files]	[14]	[Debug]	Uploading file Custom-Script-Action.js	16305ms	6a27c620-2257-435c-a2db-09bacbcafc2d
powershell.exe Information: 0 : 2018-10-24 21:18:07.8416	[OfficeDevPnP.Core]	[0]	[Debug]	Creating file info with Url 'Custom-Script-Action.js'	0ms	
powershell.exe Information: 0 : 2018-10-24 21:18:08.3657	[OfficeDevPnP.Core]	[0]	[Debug]	Checking in file 'Custom-Script-Action.js'	0ms	
powershell.exe Information: 0 : 2018-10-24 21:18:08.6337	[OfficeDevPnP.Core]	[0]	[Debug]	Publishing file 'Custom-Script-Action.js'	0ms	
powershell.exe Information: 0 : 2018-10-24 21:18:08.8427	[Files]	[14]	[Debug]	Code execution scope ended	17306ms	6a27c620-2257-435c-a2db-09bacbcafc2d
powershell.exe Information: 0 : 2018-10-24 21:18:08.8877	[Tenant Settings]	[14]	[Debug]	Code execution scope started	0ms	6a27c620-2257-435c-a2db-09bacbcafc2d
powershell.exe Information: 0 : 2018-10-24 21:18:08.8887	[Tenant Settings]	[14]	[Debug]	Code execution scope ended	0ms	6a27c620-2257-435c-a2db-09bacbcafc2d
powershell.exe Information: 0 : 2018-10-24 21:18:08.9077	[Application Lifecycle Management]	[14]	[Debug]	Code execution scope started	0ms	6a27c620-2257-435c-a2db-09bacbcafc2d
powershell.exe Information: 0 : 2018-10-24 21:18:08.9077	[Application Lifecycle Management]	[14]	[Debug]	Code execution scope ended	0ms	6a27c620-2257-435c-a2db-09bacbcafc2d
powershell.exe Information: 0 : 2018-10-24 21:18:08.9277	[Custom Actions]	[14]	[Debug]	Code execution scope started	0ms	6a27c620-2257-435c-a2db-09bacbcafc2d
powershell.exe Information: 0 : 2018-10-24 21:18:09.0397	[Custom Actions]	[14]	[Debug]	Adding custom action 'QL_Dropdown' to scope Site	112ms	6a27c620-2257-435c-a2db-09bacbcafc2d
powershell.exe Information: 0 : 2018-10-24 21:18:09.5807	[Custom Actions]	[14]	[Debug]	Code execution scope ended	653ms	6a27c620-2257-435c-a2db-09bacbcafc2d
powershell.exe Information: 0 : 2018-10-24 21:18:09.5817	[Persist Template Info]	[14]	[Debug]	Code execution scope started	0ms	6a27c620-2257-435c-a2db-09bacbcafc2d
powershell.exe Information: 0 : 2018-10-24 21:18:10.2887	[Persist Template Info]	[14]	[Debug]	Code execution scope ended	706ms	6a27c620-2257-435c-a2db-09bacbcafc2d
powershell.exe Information: 0 : 2018-10-24 21:18:10.2887	[Provisioning]	[14]	[Debug]	Code execution scope ended	26102ms	6a27c620-2257-435c-a2db-09bacbcafc2d
