powershell.exe Information: 0 : 2018-10-25 04:33:28.3824	[OfficeDevPnP.Core]	[0]	[Information]	File Custom.QuickLaunch.Template.xml retrieved from folder 	0ms	
powershell.exe Information: 0 : 2018-10-25 04:33:28.3844	[OfficeDevPnP.Core]	[0]	[Information]	File Custom.QuickLaunch.Template.xml retrieved from folder 	0ms	
powershell.exe Information: 0 : 2018-10-25 04:33:28.4134	[Provisioning]	[14]	[Debug]	Code execution scope started	0ms	a6b30e69-5c8c-43ad-8cb3-f95580d541b2
powershell.exe Information: 0 : 2018-10-25 04:33:28.4144	[Provisioning]	[14]	[Information]	ProgressDelegate registered	0ms	a6b30e69-5c8c-43ad-8cb3-f95580d541b2
powershell.exe Information: 0 : 2018-10-25 04:33:28.4164	[Provisioning]	[14]	[Information]	MessagesDelegate registered	2ms	a6b30e69-5c8c-43ad-8cb3-f95580d541b2
powershell.exe Information: 0 : 2018-10-25 04:33:35.3327	[Extensibility Providers]	[14]	[Debug]	Code execution scope started	0ms	a6b30e69-5c8c-43ad-8cb3-f95580d541b2
powershell.exe Information: 0 : 2018-10-25 04:33:35.3327	[Extensibility Providers]	[14]	[Debug]	Code execution scope ended	0ms	a6b30e69-5c8c-43ad-8cb3-f95580d541b2
powershell.exe Information: 0 : 2018-10-25 04:33:35.4597	[Files]	[14]	[Debug]	Code execution scope started	0ms	a6b30e69-5c8c-43ad-8cb3-f95580d541b2
powershell.exe Information: 0 : 2018-10-25 04:33:48.3135	[OfficeDevPnP.Core]	[0]	[Information]	Creating folder 'QuickLaunch' under List '/sites/brandme/Style Library'.	0ms	
powershell.exe Information: 0 : 2018-10-25 04:33:48.9116	[OfficeDevPnP.Core]	[0]	[Information]	File left-nav-override.js retrieved from folder 	0ms	
powershell.exe Information: 0 : 2018-10-25 04:33:48.9126	[Files]	[14]	[Debug]	Uploading file left-nav-override.js	13453ms	a6b30e69-5c8c-43ad-8cb3-f95580d541b2
powershell.exe Information: 0 : 2018-10-25 04:33:48.9126	[OfficeDevPnP.Core]	[0]	[Debug]	Creating file info with Url 'left-nav-override.js'	0ms	
powershell.exe Information: 0 : 2018-10-25 04:33:49.4512	[OfficeDevPnP.Core]	[0]	[Debug]	Checking in file 'left-nav-override.js'	0ms	
powershell.exe Information: 0 : 2018-10-25 04:33:49.7290	[OfficeDevPnP.Core]	[0]	[Debug]	Publishing file 'left-nav-override.js'	0ms	
powershell.exe Information: 0 : 2018-10-25 04:33:50.3821	[OfficeDevPnP.Core]	[0]	[Information]	File left-nav-override.css retrieved from folder 	0ms	
powershell.exe Information: 0 : 2018-10-25 04:33:50.3821	[Files]	[14]	[Debug]	Uploading file left-nav-override.css	14923ms	a6b30e69-5c8c-43ad-8cb3-f95580d541b2
powershell.exe Information: 0 : 2018-10-25 04:33:50.3831	[OfficeDevPnP.Core]	[0]	[Debug]	Creating file info with Url 'left-nav-override.css'	0ms	
powershell.exe Information: 0 : 2018-10-25 04:33:51.0634	[OfficeDevPnP.Core]	[0]	[Debug]	Checking in file 'left-nav-override.css'	0ms	
powershell.exe Information: 0 : 2018-10-25 04:33:51.2584	[OfficeDevPnP.Core]	[0]	[Debug]	Publishing file 'left-nav-override.css'	0ms	
powershell.exe Information: 0 : 2018-10-25 04:33:52.2057	[OfficeDevPnP.Core]	[0]	[Information]	File Custom-Script-Action.js retrieved from folder 	0ms	
powershell.exe Information: 0 : 2018-10-25 04:33:52.2067	[Files]	[14]	[Debug]	Uploading file Custom-Script-Action.js	16747ms	a6b30e69-5c8c-43ad-8cb3-f95580d541b2
powershell.exe Information: 0 : 2018-10-25 04:33:52.2077	[OfficeDevPnP.Core]	[0]	[Debug]	Creating file info with Url 'Custom-Script-Action.js'	0ms	
powershell.exe Information: 0 : 2018-10-25 04:33:52.9722	[OfficeDevPnP.Core]	[0]	[Debug]	Checking in file 'Custom-Script-Action.js'	0ms	
powershell.exe Information: 0 : 2018-10-25 04:33:53.1961	[OfficeDevPnP.Core]	[0]	[Debug]	Publishing file 'Custom-Script-Action.js'	0ms	
powershell.exe Information: 0 : 2018-10-25 04:33:53.8714	[Files]	[14]	[Debug]	Uploading and overwriting existing file connectslogo(78px).png	18411ms	a6b30e69-5c8c-43ad-8cb3-f95580d541b2
powershell.exe Information: 0 : 2018-10-25 04:33:54.0089	[OfficeDevPnP.Core]	[0]	[Information]	File connectslogo(78px).png retrieved from folder 	0ms	
powershell.exe Information: 0 : 2018-10-25 04:33:54.0099	[OfficeDevPnP.Core]	[0]	[Debug]	Creating file info with Url 'connectslogo(78px).png'	0ms	
powershell.exe Information: 0 : 2018-10-25 04:33:54.6000	[OfficeDevPnP.Core]	[0]	[Debug]	Checking in file 'connectslogo(78px).png'	0ms	
powershell.exe Information: 0 : 2018-10-25 04:33:54.8627	[OfficeDevPnP.Core]	[0]	[Debug]	Publishing file 'connectslogo(78px).png'	0ms	
powershell.exe Information: 0 : 2018-10-25 04:33:55.4627	[Files]	[14]	[Debug]	Uploading and overwriting existing file Waypoint-Logo_color.png	20003ms	a6b30e69-5c8c-43ad-8cb3-f95580d541b2
powershell.exe Information: 0 : 2018-10-25 04:33:55.6118	[OfficeDevPnP.Core]	[0]	[Information]	File Waypoint-Logo_color.png retrieved from folder 	0ms	
powershell.exe Information: 0 : 2018-10-25 04:33:55.6127	[OfficeDevPnP.Core]	[0]	[Debug]	Creating file info with Url 'Waypoint-Logo_color.png'	0ms	
powershell.exe Information: 0 : 2018-10-25 04:33:56.2247	[OfficeDevPnP.Core]	[0]	[Debug]	Checking in file 'Waypoint-Logo_color.png'	0ms	
powershell.exe Information: 0 : 2018-10-25 04:33:56.4438	[OfficeDevPnP.Core]	[0]	[Debug]	Publishing file 'Waypoint-Logo_color.png'	0ms	
powershell.exe Information: 0 : 2018-10-25 04:33:56.7307	[Files]	[14]	[Debug]	Code execution scope ended	21271ms	a6b30e69-5c8c-43ad-8cb3-f95580d541b2
powershell.exe Information: 0 : 2018-10-25 04:33:56.7778	[Tenant Settings]	[14]	[Debug]	Code execution scope started	0ms	a6b30e69-5c8c-43ad-8cb3-f95580d541b2
powershell.exe Information: 0 : 2018-10-25 04:33:56.7778	[Tenant Settings]	[14]	[Debug]	Code execution scope ended	0ms	a6b30e69-5c8c-43ad-8cb3-f95580d541b2
powershell.exe Information: 0 : 2018-10-25 04:33:56.7998	[Application Lifecycle Management]	[14]	[Debug]	Code execution scope started	0ms	a6b30e69-5c8c-43ad-8cb3-f95580d541b2
powershell.exe Information: 0 : 2018-10-25 04:33:56.7998	[Application Lifecycle Management]	[14]	[Debug]	Code execution scope ended	0ms	a6b30e69-5c8c-43ad-8cb3-f95580d541b2
powershell.exe Information: 0 : 2018-10-25 04:33:56.8198	[Custom Actions]	[14]	[Debug]	Code execution scope started	0ms	a6b30e69-5c8c-43ad-8cb3-f95580d541b2
powershell.exe Information: 0 : 2018-10-25 04:33:56.9338	[Custom Actions]	[14]	[Debug]	Adding custom action 'QL_Dropdown' to scope Site	113ms	a6b30e69-5c8c-43ad-8cb3-f95580d541b2
powershell.exe Information: 0 : 2018-10-25 04:33:57.2888	[Custom Actions]	[14]	[Debug]	Code execution scope ended	468ms	a6b30e69-5c8c-43ad-8cb3-f95580d541b2
powershell.exe Information: 0 : 2018-10-25 04:33:57.2888	[Persist Template Info]	[14]	[Debug]	Code execution scope started	0ms	a6b30e69-5c8c-43ad-8cb3-f95580d541b2
powershell.exe Information: 0 : 2018-10-25 04:33:58.0469	[Persist Template Info]	[14]	[Debug]	Code execution scope ended	757ms	a6b30e69-5c8c-43ad-8cb3-f95580d541b2
powershell.exe Information: 0 : 2018-10-25 04:33:58.0469	[Provisioning]	[14]	[Debug]	Code execution scope ended	29633ms	a6b30e69-5c8c-43ad-8cb3-f95580d541b2
