powershell.exe Information: 0 : 2018-10-25 02:10:26.0252	[OfficeDevPnP.Core]	[0]	[Information]	File Custom.QuickLaunch.Template.xml retrieved from folder 	0ms	
powershell.exe Information: 0 : 2018-10-25 02:10:26.0262	[OfficeDevPnP.Core]	[0]	[Information]	File Custom.QuickLaunch.Template.xml retrieved from folder 	0ms	
powershell.exe Information: 0 : 2018-10-25 02:10:26.0592	[Provisioning]	[14]	[Debug]	Code execution scope started	0ms	beead4f2-84bc-4f3a-b9a2-2599a643864c
powershell.exe Information: 0 : 2018-10-25 02:10:26.0602	[Provisioning]	[14]	[Information]	ProgressDelegate registered	0ms	beead4f2-84bc-4f3a-b9a2-2599a643864c
powershell.exe Information: 0 : 2018-10-25 02:10:26.0602	[Provisioning]	[14]	[Information]	MessagesDelegate registered	0ms	beead4f2-84bc-4f3a-b9a2-2599a643864c
powershell.exe Information: 0 : 2018-10-25 02:10:33.0153	[Extensibility Providers]	[14]	[Debug]	Code execution scope started	0ms	beead4f2-84bc-4f3a-b9a2-2599a643864c
powershell.exe Information: 0 : 2018-10-25 02:10:33.0153	[Extensibility Providers]	[14]	[Debug]	Code execution scope ended	0ms	beead4f2-84bc-4f3a-b9a2-2599a643864c
powershell.exe Information: 0 : 2018-10-25 02:10:33.1393	[Files]	[14]	[Debug]	Code execution scope started	0ms	beead4f2-84bc-4f3a-b9a2-2599a643864c
powershell.exe Information: 0 : 2018-10-25 02:10:44.8682	[OfficeDevPnP.Core]	[0]	[Information]	Creating folder 'QuickLaunch' under List '/sites/brandme/Style Library'.	0ms	
powershell.exe Information: 0 : 2018-10-25 02:10:45.4082	[OfficeDevPnP.Core]	[0]	[Information]	File left-nav-override.js retrieved from folder 	0ms	
powershell.exe Information: 0 : 2018-10-25 02:10:45.4082	[Files]	[14]	[Debug]	Uploading file left-nav-override.js	12269ms	beead4f2-84bc-4f3a-b9a2-2599a643864c
powershell.exe Information: 0 : 2018-10-25 02:10:45.4092	[OfficeDevPnP.Core]	[0]	[Debug]	Creating file info with Url 'left-nav-override.js'	0ms	
powershell.exe Information: 0 : 2018-10-25 02:10:46.0862	[OfficeDevPnP.Core]	[0]	[Debug]	Checking in file 'left-nav-override.js'	0ms	
powershell.exe Information: 0 : 2018-10-25 02:10:46.2573	[OfficeDevPnP.Core]	[0]	[Debug]	Publishing file 'left-nav-override.js'	0ms	
powershell.exe Information: 0 : 2018-10-25 02:10:46.8621	[OfficeDevPnP.Core]	[0]	[Information]	File left-nav-override.css retrieved from folder 	0ms	
powershell.exe Information: 0 : 2018-10-25 02:10:46.8631	[Files]	[14]	[Debug]	Uploading file left-nav-override.css	13723ms	beead4f2-84bc-4f3a-b9a2-2599a643864c
powershell.exe Information: 0 : 2018-10-25 02:10:46.8631	[OfficeDevPnP.Core]	[0]	[Debug]	Creating file info with Url 'left-nav-override.css'	0ms	
powershell.exe Information: 0 : 2018-10-25 02:10:47.5451	[OfficeDevPnP.Core]	[0]	[Debug]	Checking in file 'left-nav-override.css'	0ms	
powershell.exe Information: 0 : 2018-10-25 02:10:47.7401	[OfficeDevPnP.Core]	[0]	[Debug]	Publishing file 'left-nav-override.css'	0ms	
powershell.exe Information: 0 : 2018-10-25 02:10:48.3572	[OfficeDevPnP.Core]	[0]	[Information]	File Custom-Script-Action.js retrieved from folder 	0ms	
powershell.exe Information: 0 : 2018-10-25 02:10:48.3582	[Files]	[14]	[Debug]	Uploading file Custom-Script-Action.js	15218ms	beead4f2-84bc-4f3a-b9a2-2599a643864c
powershell.exe Information: 0 : 2018-10-25 02:10:48.3582	[OfficeDevPnP.Core]	[0]	[Debug]	Creating file info with Url 'Custom-Script-Action.js'	0ms	
powershell.exe Information: 0 : 2018-10-25 02:10:48.8902	[OfficeDevPnP.Core]	[0]	[Debug]	Checking in file 'Custom-Script-Action.js'	0ms	
powershell.exe Information: 0 : 2018-10-25 02:10:49.1342	[OfficeDevPnP.Core]	[0]	[Debug]	Publishing file 'Custom-Script-Action.js'	0ms	
powershell.exe Information: 0 : 2018-10-25 02:10:49.8258	[Files]	[14]	[Debug]	Uploading and overwriting existing file connectslogo(78px).png	16686ms	beead4f2-84bc-4f3a-b9a2-2599a643864c
powershell.exe Information: 0 : 2018-10-25 02:10:49.9628	[OfficeDevPnP.Core]	[0]	[Information]	File connectslogo(78px).png retrieved from folder 	0ms	
powershell.exe Information: 0 : 2018-10-25 02:10:49.9628	[OfficeDevPnP.Core]	[0]	[Debug]	Creating file info with Url 'connectslogo(78px).png'	0ms	
powershell.exe Information: 0 : 2018-10-25 02:10:50.5769	[OfficeDevPnP.Core]	[0]	[Debug]	Checking in file 'connectslogo(78px).png'	0ms	
powershell.exe Information: 0 : 2018-10-25 02:10:50.7579	[OfficeDevPnP.Core]	[0]	[Debug]	Publishing file 'connectslogo(78px).png'	0ms	
powershell.exe Information: 0 : 2018-10-25 02:10:51.4004	[Files]	[14]	[Debug]	Uploading and overwriting existing file Waypoint-Logo_color.png	18260ms	beead4f2-84bc-4f3a-b9a2-2599a643864c
powershell.exe Information: 0 : 2018-10-25 02:10:51.5404	[OfficeDevPnP.Core]	[0]	[Information]	File Waypoint-Logo_color.png retrieved from folder 	0ms	
powershell.exe Information: 0 : 2018-10-25 02:10:51.5404	[OfficeDevPnP.Core]	[0]	[Debug]	Creating file info with Url 'Waypoint-Logo_color.png'	0ms	
powershell.exe Information: 0 : 2018-10-25 02:10:52.1321	[OfficeDevPnP.Core]	[0]	[Debug]	Checking in file 'Waypoint-Logo_color.png'	0ms	
powershell.exe Information: 0 : 2018-10-25 02:10:52.3191	[OfficeDevPnP.Core]	[0]	[Debug]	Publishing file 'Waypoint-Logo_color.png'	0ms	
powershell.exe Information: 0 : 2018-10-25 02:10:52.5481	[Files]	[14]	[Debug]	Code execution scope ended	19408ms	beead4f2-84bc-4f3a-b9a2-2599a643864c
powershell.exe Information: 0 : 2018-10-25 02:10:52.5911	[Tenant Settings]	[14]	[Debug]	Code execution scope started	0ms	beead4f2-84bc-4f3a-b9a2-2599a643864c
powershell.exe Information: 0 : 2018-10-25 02:10:52.5921	[Tenant Settings]	[14]	[Debug]	Code execution scope ended	0ms	beead4f2-84bc-4f3a-b9a2-2599a643864c
powershell.exe Information: 0 : 2018-10-25 02:10:52.6111	[Application Lifecycle Management]	[14]	[Debug]	Code execution scope started	0ms	beead4f2-84bc-4f3a-b9a2-2599a643864c
powershell.exe Information: 0 : 2018-10-25 02:10:52.6111	[Application Lifecycle Management]	[14]	[Debug]	Code execution scope ended	0ms	beead4f2-84bc-4f3a-b9a2-2599a643864c
powershell.exe Information: 0 : 2018-10-25 02:10:52.6312	[Custom Actions]	[14]	[Debug]	Code execution scope started	0ms	beead4f2-84bc-4f3a-b9a2-2599a643864c
powershell.exe Information: 0 : 2018-10-25 02:10:52.7432	[Custom Actions]	[14]	[Debug]	Adding custom action 'QL_Dropdown' to scope Site	112ms	beead4f2-84bc-4f3a-b9a2-2599a643864c
powershell.exe Information: 0 : 2018-10-25 02:10:53.0372	[Custom Actions]	[14]	[Debug]	Code execution scope ended	406ms	beead4f2-84bc-4f3a-b9a2-2599a643864c
powershell.exe Information: 0 : 2018-10-25 02:10:53.0382	[Persist Template Info]	[14]	[Debug]	Code execution scope started	0ms	beead4f2-84bc-4f3a-b9a2-2599a643864c
powershell.exe Information: 0 : 2018-10-25 02:10:53.7862	[Persist Template Info]	[14]	[Debug]	Code execution scope ended	748ms	beead4f2-84bc-4f3a-b9a2-2599a643864c
powershell.exe Information: 0 : 2018-10-25 02:10:53.7862	[Provisioning]	[14]	[Debug]	Code execution scope ended	27726ms	beead4f2-84bc-4f3a-b9a2-2599a643864c
