powershell.exe Information: 0 : 2018-10-24 16:43:33.5312	[OfficeDevPnP.Core]	[0]	[Information]	File Custom.QuickLaunch.Template.xml retrieved from folder 	0ms	
powershell.exe Information: 0 : 2018-10-24 16:43:33.5322	[OfficeDevPnP.Core]	[0]	[Information]	File Custom.QuickLaunch.Template.xml retrieved from folder 	0ms	
powershell.exe Information: 0 : 2018-10-24 16:43:33.5562	[Provisioning]	[14]	[Debug]	Code execution scope started	0ms	762e74c7-6c61-4721-80e4-d20cc0d4e86c
powershell.exe Information: 0 : 2018-10-24 16:43:33.5562	[Provisioning]	[14]	[Information]	ProgressDelegate registered	0ms	762e74c7-6c61-4721-80e4-d20cc0d4e86c
powershell.exe Information: 0 : 2018-10-24 16:43:33.5582	[Provisioning]	[14]	[Information]	MessagesDelegate registered	1ms	762e74c7-6c61-4721-80e4-d20cc0d4e86c
powershell.exe Information: 0 : 2018-10-24 16:43:40.5307	[Extensibility Providers]	[14]	[Debug]	Code execution scope started	0ms	762e74c7-6c61-4721-80e4-d20cc0d4e86c
powershell.exe Information: 0 : 2018-10-24 16:43:40.5307	[Extensibility Providers]	[14]	[Debug]	Code execution scope ended	0ms	762e74c7-6c61-4721-80e4-d20cc0d4e86c
powershell.exe Information: 0 : 2018-10-24 16:43:40.6683	[Files]	[14]	[Debug]	Code execution scope started	0ms	762e74c7-6c61-4721-80e4-d20cc0d4e86c
powershell.exe Information: 0 : 2018-10-24 16:43:54.0407	[OfficeDevPnP.Core]	[0]	[Information]	Creating folder 'QuickLaunch' under List '/sites/brandme/Style Library'.	0ms	
powershell.exe Information: 0 : 2018-10-24 16:43:54.6519	[OfficeDevPnP.Core]	[0]	[Information]	File left-nav-override.js retrieved from folder 	0ms	
powershell.exe Information: 0 : 2018-10-24 16:43:54.6529	[Files]	[14]	[Debug]	Uploading file left-nav-override.js	13984ms	762e74c7-6c61-4721-80e4-d20cc0d4e86c
powershell.exe Information: 0 : 2018-10-24 16:43:54.6529	[OfficeDevPnP.Core]	[0]	[Debug]	Creating file info with Url 'left-nav-override.js'	0ms	
powershell.exe Information: 0 : 2018-10-24 16:43:55.2421	[OfficeDevPnP.Core]	[0]	[Debug]	Checking in file 'left-nav-override.js'	0ms	
powershell.exe Information: 0 : 2018-10-24 16:43:55.4935	[OfficeDevPnP.Core]	[0]	[Debug]	Publishing file 'left-nav-override.js'	0ms	
powershell.exe Information: 0 : 2018-10-24 16:43:56.2343	[OfficeDevPnP.Core]	[0]	[Information]	File left-nav-override.css retrieved from folder 	0ms	
powershell.exe Information: 0 : 2018-10-24 16:43:56.2343	[Files]	[14]	[Debug]	Uploading file left-nav-override.css	15566ms	762e74c7-6c61-4721-80e4-d20cc0d4e86c
powershell.exe Information: 0 : 2018-10-24 16:43:56.2353	[OfficeDevPnP.Core]	[0]	[Debug]	Creating file info with Url 'left-nav-override.css'	0ms	
powershell.exe Information: 0 : 2018-10-24 16:43:56.9275	[OfficeDevPnP.Core]	[0]	[Debug]	Checking in file 'left-nav-override.css'	0ms	
powershell.exe Information: 0 : 2018-10-24 16:43:57.1539	[OfficeDevPnP.Core]	[0]	[Debug]	Publishing file 'left-nav-override.css'	0ms	
powershell.exe Information: 0 : 2018-10-24 16:43:57.8634	[OfficeDevPnP.Core]	[0]	[Information]	File Custom-Script-Action.js retrieved from folder 	0ms	
powershell.exe Information: 0 : 2018-10-24 16:43:57.8634	[Files]	[14]	[Debug]	Uploading file Custom-Script-Action.js	17195ms	762e74c7-6c61-4721-80e4-d20cc0d4e86c
powershell.exe Information: 0 : 2018-10-24 16:43:57.8644	[OfficeDevPnP.Core]	[0]	[Debug]	Creating file info with Url 'Custom-Script-Action.js'	0ms	
powershell.exe Information: 0 : 2018-10-24 16:43:58.6232	[OfficeDevPnP.Core]	[0]	[Debug]	Checking in file 'Custom-Script-Action.js'	0ms	
powershell.exe Information: 0 : 2018-10-24 16:43:58.8242	[OfficeDevPnP.Core]	[0]	[Debug]	Publishing file 'Custom-Script-Action.js'	0ms	
powershell.exe Information: 0 : 2018-10-24 16:43:58.9902	[Files]	[14]	[Debug]	Code execution scope ended	18321ms	762e74c7-6c61-4721-80e4-d20cc0d4e86c
powershell.exe Information: 0 : 2018-10-24 16:43:59.0272	[Tenant Settings]	[14]	[Debug]	Code execution scope started	0ms	762e74c7-6c61-4721-80e4-d20cc0d4e86c
powershell.exe Information: 0 : 2018-10-24 16:43:59.0272	[Tenant Settings]	[14]	[Debug]	Code execution scope ended	0ms	762e74c7-6c61-4721-80e4-d20cc0d4e86c
powershell.exe Information: 0 : 2018-10-24 16:43:59.0442	[Application Lifecycle Management]	[14]	[Debug]	Code execution scope started	0ms	762e74c7-6c61-4721-80e4-d20cc0d4e86c
powershell.exe Information: 0 : 2018-10-24 16:43:59.0442	[Application Lifecycle Management]	[14]	[Debug]	Code execution scope ended	0ms	762e74c7-6c61-4721-80e4-d20cc0d4e86c
powershell.exe Information: 0 : 2018-10-24 16:43:59.0583	[Custom Actions]	[14]	[Debug]	Code execution scope started	0ms	762e74c7-6c61-4721-80e4-d20cc0d4e86c
powershell.exe Information: 0 : 2018-10-24 16:43:59.3818	[Custom Actions]	[14]	[Debug]	Adding custom action 'QL_Dropdown' to scope Site	323ms	762e74c7-6c61-4721-80e4-d20cc0d4e86c
powershell.exe Information: 0 : 2018-10-24 16:43:59.7549	[Custom Actions]	[14]	[Debug]	Code execution scope ended	697ms	762e74c7-6c61-4721-80e4-d20cc0d4e86c
powershell.exe Information: 0 : 2018-10-24 16:43:59.7558	[Persist Template Info]	[14]	[Debug]	Code execution scope started	0ms	762e74c7-6c61-4721-80e4-d20cc0d4e86c
powershell.exe Information: 0 : 2018-10-24 16:44:00.6772	[Persist Template Info]	[14]	[Debug]	Code execution scope ended	921ms	762e74c7-6c61-4721-80e4-d20cc0d4e86c
powershell.exe Information: 0 : 2018-10-24 16:44:00.6781	[Provisioning]	[14]	[Debug]	Code execution scope ended	27121ms	762e74c7-6c61-4721-80e4-d20cc0d4e86c
