powershell.exe Information: 0 : 2018-10-24 22:11:39.0446	[OfficeDevPnP.Core]	[0]	[Information]	File Custom.QuickLaunch.Template.xml retrieved from folder 	0ms	
powershell.exe Information: 0 : 2018-10-24 22:11:39.0466	[OfficeDevPnP.Core]	[0]	[Information]	File Custom.QuickLaunch.Template.xml retrieved from folder 	0ms	
powershell.exe Information: 0 : 2018-10-24 22:11:39.0696	[Provisioning]	[14]	[Debug]	Code execution scope started	0ms	74c2dace-0fc5-45d4-815f-1acf4a294bc7
powershell.exe Information: 0 : 2018-10-24 22:11:39.0696	[Provisioning]	[14]	[Information]	ProgressDelegate registered	0ms	74c2dace-0fc5-45d4-815f-1acf4a294bc7
powershell.exe Information: 0 : 2018-10-24 22:11:39.0716	[Provisioning]	[14]	[Information]	MessagesDelegate registered	1ms	74c2dace-0fc5-45d4-815f-1acf4a294bc7
powershell.exe Information: 0 : 2018-10-24 22:11:45.5312	[Extensibility Providers]	[14]	[Debug]	Code execution scope started	0ms	74c2dace-0fc5-45d4-815f-1acf4a294bc7
powershell.exe Information: 0 : 2018-10-24 22:11:45.5322	[Extensibility Providers]	[14]	[Debug]	Code execution scope ended	0ms	74c2dace-0fc5-45d4-815f-1acf4a294bc7
powershell.exe Information: 0 : 2018-10-24 22:11:45.6582	[Files]	[14]	[Debug]	Code execution scope started	0ms	74c2dace-0fc5-45d4-815f-1acf4a294bc7
powershell.exe Information: 0 : 2018-10-24 22:11:57.3685	[OfficeDevPnP.Core]	[0]	[Information]	Creating folder 'QuickLaunch' under List '/sites/brandme/Style Library'.	0ms	
powershell.exe Information: 0 : 2018-10-24 22:11:57.9335	[OfficeDevPnP.Core]	[0]	[Information]	File left-nav-override.js retrieved from folder 	0ms	
powershell.exe Information: 0 : 2018-10-24 22:11:57.9345	[Files]	[14]	[Debug]	Uploading file left-nav-override.js	12276ms	74c2dace-0fc5-45d4-815f-1acf4a294bc7
powershell.exe Information: 0 : 2018-10-24 22:11:57.9345	[OfficeDevPnP.Core]	[0]	[Debug]	Creating file info with Url 'left-nav-override.js'	0ms	
powershell.exe Information: 0 : 2018-10-24 22:11:58.4945	[OfficeDevPnP.Core]	[0]	[Debug]	Checking in file 'left-nav-override.js'	0ms	
powershell.exe Information: 0 : 2018-10-24 22:11:58.6795	[OfficeDevPnP.Core]	[0]	[Debug]	Publishing file 'left-nav-override.js'	0ms	
powershell.exe Information: 0 : 2018-10-24 22:11:59.2945	[OfficeDevPnP.Core]	[0]	[Information]	File left-nav-override.css retrieved from folder 	0ms	
powershell.exe Information: 0 : 2018-10-24 22:11:59.2945	[Files]	[14]	[Debug]	Uploading file left-nav-override.css	13636ms	74c2dace-0fc5-45d4-815f-1acf4a294bc7
powershell.exe Information: 0 : 2018-10-24 22:11:59.2955	[OfficeDevPnP.Core]	[0]	[Debug]	Creating file info with Url 'left-nav-override.css'	0ms	
powershell.exe Information: 0 : 2018-10-24 22:12:00.0015	[OfficeDevPnP.Core]	[0]	[Debug]	Checking in file 'left-nav-override.css'	0ms	
powershell.exe Information: 0 : 2018-10-24 22:12:00.1945	[OfficeDevPnP.Core]	[0]	[Debug]	Publishing file 'left-nav-override.css'	0ms	
powershell.exe Information: 0 : 2018-10-24 22:12:00.8885	[OfficeDevPnP.Core]	[0]	[Information]	File Custom-Script-Action.js retrieved from folder 	0ms	
powershell.exe Information: 0 : 2018-10-24 22:12:00.8885	[Files]	[14]	[Debug]	Uploading file Custom-Script-Action.js	15230ms	74c2dace-0fc5-45d4-815f-1acf4a294bc7
powershell.exe Information: 0 : 2018-10-24 22:12:00.8885	[OfficeDevPnP.Core]	[0]	[Debug]	Creating file info with Url 'Custom-Script-Action.js'	0ms	
powershell.exe Information: 0 : 2018-10-24 22:12:01.5455	[OfficeDevPnP.Core]	[0]	[Debug]	Checking in file 'Custom-Script-Action.js'	0ms	
powershell.exe Information: 0 : 2018-10-24 22:12:01.7445	[OfficeDevPnP.Core]	[0]	[Debug]	Publishing file 'Custom-Script-Action.js'	0ms	
powershell.exe Information: 0 : 2018-10-24 22:12:01.9215	[Files]	[14]	[Debug]	Code execution scope ended	16263ms	74c2dace-0fc5-45d4-815f-1acf4a294bc7
powershell.exe Information: 0 : 2018-10-24 22:12:01.9679	[Tenant Settings]	[14]	[Debug]	Code execution scope started	0ms	74c2dace-0fc5-45d4-815f-1acf4a294bc7
powershell.exe Information: 0 : 2018-10-24 22:12:01.9694	[Tenant Settings]	[14]	[Debug]	Code execution scope ended	1ms	74c2dace-0fc5-45d4-815f-1acf4a294bc7
powershell.exe Information: 0 : 2018-10-24 22:12:01.9917	[Application Lifecycle Management]	[14]	[Debug]	Code execution scope started	0ms	74c2dace-0fc5-45d4-815f-1acf4a294bc7
powershell.exe Information: 0 : 2018-10-24 22:12:01.9917	[Application Lifecycle Management]	[14]	[Debug]	Code execution scope ended	0ms	74c2dace-0fc5-45d4-815f-1acf4a294bc7
powershell.exe Information: 0 : 2018-10-24 22:12:02.0145	[Custom Actions]	[14]	[Debug]	Code execution scope started	0ms	74c2dace-0fc5-45d4-815f-1acf4a294bc7
powershell.exe Information: 0 : 2018-10-24 22:12:02.1315	[Custom Actions]	[14]	[Debug]	Adding custom action 'QL_Dropdown' to scope Site	117ms	74c2dace-0fc5-45d4-815f-1acf4a294bc7
powershell.exe Information: 0 : 2018-10-24 22:12:02.4565	[Custom Actions]	[14]	[Debug]	Code execution scope ended	442ms	74c2dace-0fc5-45d4-815f-1acf4a294bc7
powershell.exe Information: 0 : 2018-10-24 22:12:02.4575	[Persist Template Info]	[14]	[Debug]	Code execution scope started	0ms	74c2dace-0fc5-45d4-815f-1acf4a294bc7
powershell.exe Information: 0 : 2018-10-24 22:12:03.1464	[Persist Template Info]	[14]	[Debug]	Code execution scope ended	688ms	74c2dace-0fc5-45d4-815f-1acf4a294bc7
powershell.exe Information: 0 : 2018-10-24 22:12:03.1464	[Provisioning]	[14]	[Debug]	Code execution scope ended	24077ms	74c2dace-0fc5-45d4-815f-1acf4a294bc7
