powershell.exe Information: 0 : 2018-10-25 05:31:18.6378	[OfficeDevPnP.Core]	[0]	[Information]	File Custom.QuickLaunch.Template.xml retrieved from folder 	0ms	
powershell.exe Information: 0 : 2018-10-25 05:31:18.6408	[OfficeDevPnP.Core]	[0]	[Information]	File Custom.QuickLaunch.Template.xml retrieved from folder 	0ms	
powershell.exe Information: 0 : 2018-10-25 05:31:18.6568	[Provisioning]	[14]	[Debug]	Code execution scope started	0ms	f13f80c8-fb6e-4923-b943-b504c54b10b2
powershell.exe Information: 0 : 2018-10-25 05:31:18.6578	[Provisioning]	[14]	[Information]	ProgressDelegate registered	0ms	f13f80c8-fb6e-4923-b943-b504c54b10b2
powershell.exe Information: 0 : 2018-10-25 05:31:18.6578	[Provisioning]	[14]	[Information]	MessagesDelegate registered	0ms	f13f80c8-fb6e-4923-b943-b504c54b10b2
powershell.exe Information: 0 : 2018-10-25 05:31:25.2347	[Extensibility Providers]	[14]	[Debug]	Code execution scope started	0ms	f13f80c8-fb6e-4923-b943-b504c54b10b2
powershell.exe Information: 0 : 2018-10-25 05:31:25.2347	[Extensibility Providers]	[14]	[Debug]	Code execution scope ended	0ms	f13f80c8-fb6e-4923-b943-b504c54b10b2
powershell.exe Information: 0 : 2018-10-25 05:31:25.3817	[Files]	[14]	[Debug]	Code execution scope started	0ms	f13f80c8-fb6e-4923-b943-b504c54b10b2
powershell.exe Information: 0 : 2018-10-25 05:31:37.5933	[OfficeDevPnP.Core]	[0]	[Information]	Creating folder 'QuickLaunch' under List '/sites/brandme/Style Library'.	0ms	
powershell.exe Information: 0 : 2018-10-25 05:31:38.1806	[OfficeDevPnP.Core]	[0]	[Information]	File left-nav-override.js retrieved from folder 	0ms	
powershell.exe Information: 0 : 2018-10-25 05:31:38.1806	[Files]	[14]	[Debug]	Uploading file left-nav-override.js	12799ms	f13f80c8-fb6e-4923-b943-b504c54b10b2
powershell.exe Information: 0 : 2018-10-25 05:31:38.1816	[OfficeDevPnP.Core]	[0]	[Debug]	Creating file info with Url 'left-nav-override.js'	0ms	
powershell.exe Information: 0 : 2018-10-25 05:31:40.6389	[OfficeDevPnP.Core]	[0]	[Debug]	Checking in file 'left-nav-override.js'	0ms	
powershell.exe Information: 0 : 2018-10-25 05:31:40.8339	[OfficeDevPnP.Core]	[0]	[Debug]	Publishing file 'left-nav-override.js'	0ms	
powershell.exe Information: 0 : 2018-10-25 05:31:41.4798	[OfficeDevPnP.Core]	[0]	[Information]	File left-nav-override.css retrieved from folder 	0ms	
powershell.exe Information: 0 : 2018-10-25 05:31:41.4808	[Files]	[14]	[Debug]	Uploading file left-nav-override.css	16098ms	f13f80c8-fb6e-4923-b943-b504c54b10b2
powershell.exe Information: 0 : 2018-10-25 05:31:41.4808	[OfficeDevPnP.Core]	[0]	[Debug]	Creating file info with Url 'left-nav-override.css'	0ms	
powershell.exe Information: 0 : 2018-10-25 05:31:42.1617	[OfficeDevPnP.Core]	[0]	[Debug]	Checking in file 'left-nav-override.css'	0ms	
powershell.exe Information: 0 : 2018-10-25 05:31:42.3436	[OfficeDevPnP.Core]	[0]	[Debug]	Publishing file 'left-nav-override.css'	0ms	
powershell.exe Information: 0 : 2018-10-25 05:31:42.9326	[OfficeDevPnP.Core]	[0]	[Information]	File Custom-Script-Action.js retrieved from folder 	0ms	
powershell.exe Information: 0 : 2018-10-25 05:31:42.9326	[Files]	[14]	[Debug]	Uploading file Custom-Script-Action.js	17550ms	f13f80c8-fb6e-4923-b943-b504c54b10b2
powershell.exe Information: 0 : 2018-10-25 05:31:42.9326	[OfficeDevPnP.Core]	[0]	[Debug]	Creating file info with Url 'Custom-Script-Action.js'	0ms	
powershell.exe Information: 0 : 2018-10-25 05:31:43.5223	[OfficeDevPnP.Core]	[0]	[Debug]	Checking in file 'Custom-Script-Action.js'	0ms	
powershell.exe Information: 0 : 2018-10-25 05:31:43.7273	[OfficeDevPnP.Core]	[0]	[Debug]	Publishing file 'Custom-Script-Action.js'	0ms	
powershell.exe Information: 0 : 2018-10-25 05:31:44.3828	[Files]	[14]	[Debug]	Uploading and overwriting existing file connectslogo(78px).png	19001ms	f13f80c8-fb6e-4923-b943-b504c54b10b2
powershell.exe Information: 0 : 2018-10-25 05:31:44.5337	[OfficeDevPnP.Core]	[0]	[Information]	File connectslogo(78px).png retrieved from folder 	0ms	
powershell.exe Information: 0 : 2018-10-25 05:31:44.5337	[OfficeDevPnP.Core]	[0]	[Debug]	Creating file info with Url 'connectslogo(78px).png'	0ms	
powershell.exe Information: 0 : 2018-10-25 05:31:45.1301	[OfficeDevPnP.Core]	[0]	[Debug]	Checking in file 'connectslogo(78px).png'	0ms	
powershell.exe Information: 0 : 2018-10-25 05:31:45.3727	[OfficeDevPnP.Core]	[0]	[Debug]	Publishing file 'connectslogo(78px).png'	0ms	
powershell.exe Information: 0 : 2018-10-25 05:31:46.0281	[Files]	[14]	[Debug]	Uploading and overwriting existing file Waypoint-Logo_color.png	20646ms	f13f80c8-fb6e-4923-b943-b504c54b10b2
powershell.exe Information: 0 : 2018-10-25 05:31:46.1736	[OfficeDevPnP.Core]	[0]	[Information]	File Waypoint-Logo_color.png retrieved from folder 	0ms	
powershell.exe Information: 0 : 2018-10-25 05:31:46.1746	[OfficeDevPnP.Core]	[0]	[Debug]	Creating file info with Url 'Waypoint-Logo_color.png'	0ms	
powershell.exe Information: 0 : 2018-10-25 05:31:46.7591	[OfficeDevPnP.Core]	[0]	[Debug]	Checking in file 'Waypoint-Logo_color.png'	0ms	
powershell.exe Information: 0 : 2018-10-25 05:31:46.9672	[OfficeDevPnP.Core]	[0]	[Debug]	Publishing file 'Waypoint-Logo_color.png'	0ms	
powershell.exe Information: 0 : 2018-10-25 05:31:47.1564	[Files]	[14]	[Debug]	Code execution scope ended	21774ms	f13f80c8-fb6e-4923-b943-b504c54b10b2
powershell.exe Information: 0 : 2018-10-25 05:31:47.1984	[Tenant Settings]	[14]	[Debug]	Code execution scope started	0ms	f13f80c8-fb6e-4923-b943-b504c54b10b2
powershell.exe Information: 0 : 2018-10-25 05:31:47.1994	[Tenant Settings]	[14]	[Debug]	Code execution scope ended	0ms	f13f80c8-fb6e-4923-b943-b504c54b10b2
powershell.exe Information: 0 : 2018-10-25 05:31:47.2183	[Application Lifecycle Management]	[14]	[Debug]	Code execution scope started	0ms	f13f80c8-fb6e-4923-b943-b504c54b10b2
powershell.exe Information: 0 : 2018-10-25 05:31:47.2183	[Application Lifecycle Management]	[14]	[Debug]	Code execution scope ended	0ms	f13f80c8-fb6e-4923-b943-b504c54b10b2
powershell.exe Information: 0 : 2018-10-25 05:31:47.2407	[Custom Actions]	[14]	[Debug]	Code execution scope started	0ms	f13f80c8-fb6e-4923-b943-b504c54b10b2
powershell.exe Information: 0 : 2018-10-25 05:31:47.3527	[Custom Actions]	[14]	[Debug]	Adding custom action 'QL_Dropdown' to scope Site	111ms	f13f80c8-fb6e-4923-b943-b504c54b10b2
powershell.exe Information: 0 : 2018-10-25 05:31:47.6145	[Custom Actions]	[14]	[Debug]	Code execution scope ended	373ms	f13f80c8-fb6e-4923-b943-b504c54b10b2
powershell.exe Information: 0 : 2018-10-25 05:31:47.6145	[Persist Template Info]	[14]	[Debug]	Code execution scope started	0ms	f13f80c8-fb6e-4923-b943-b504c54b10b2
powershell.exe Information: 0 : 2018-10-25 05:31:48.3614	[Persist Template Info]	[14]	[Debug]	Code execution scope ended	746ms	f13f80c8-fb6e-4923-b943-b504c54b10b2
powershell.exe Information: 0 : 2018-10-25 05:31:48.3614	[Provisioning]	[14]	[Debug]	Code execution scope ended	29704ms	f13f80c8-fb6e-4923-b943-b504c54b10b2
