powershell.exe Information: 0 : 2018-10-25 01:01:36.2581	[OfficeDevPnP.Core]	[0]	[Information]	File Custom.QuickLaunch.Template.xml retrieved from folder 	0ms	
powershell.exe Information: 0 : 2018-10-25 01:01:36.2601	[OfficeDevPnP.Core]	[0]	[Information]	File Custom.QuickLaunch.Template.xml retrieved from folder 	0ms	
powershell.exe Information: 0 : 2018-10-25 01:01:36.2871	[Provisioning]	[14]	[Debug]	Code execution scope started	0ms	a417a58e-7512-4b9a-bb93-0c55107a42ad
powershell.exe Information: 0 : 2018-10-25 01:01:36.2881	[Provisioning]	[14]	[Information]	ProgressDelegate registered	0ms	a417a58e-7512-4b9a-bb93-0c55107a42ad
powershell.exe Information: 0 : 2018-10-25 01:01:36.2901	[Provisioning]	[14]	[Information]	MessagesDelegate registered	2ms	a417a58e-7512-4b9a-bb93-0c55107a42ad
powershell.exe Information: 0 : 2018-10-25 01:01:42.7470	[Extensibility Providers]	[14]	[Debug]	Code execution scope started	0ms	a417a58e-7512-4b9a-bb93-0c55107a42ad
powershell.exe Information: 0 : 2018-10-25 01:01:42.7480	[Extensibility Providers]	[14]	[Debug]	Code execution scope ended	0ms	a417a58e-7512-4b9a-bb93-0c55107a42ad
powershell.exe Information: 0 : 2018-10-25 01:01:42.8700	[Files]	[14]	[Debug]	Code execution scope started	0ms	a417a58e-7512-4b9a-bb93-0c55107a42ad
powershell.exe Information: 0 : 2018-10-25 01:01:55.1205	[OfficeDevPnP.Core]	[0]	[Information]	Creating folder 'QuickLaunch' under List '/sites/brandme/Style Library'.	0ms	
powershell.exe Information: 0 : 2018-10-25 01:01:55.7475	[OfficeDevPnP.Core]	[0]	[Information]	File left-nav-override.js retrieved from folder 	0ms	
powershell.exe Information: 0 : 2018-10-25 01:01:55.7475	[Files]	[14]	[Debug]	Uploading file left-nav-override.js	12877ms	a417a58e-7512-4b9a-bb93-0c55107a42ad
powershell.exe Information: 0 : 2018-10-25 01:01:55.7475	[OfficeDevPnP.Core]	[0]	[Debug]	Creating file info with Url 'left-nav-override.js'	0ms	
powershell.exe Information: 0 : 2018-10-25 01:01:56.3665	[OfficeDevPnP.Core]	[0]	[Debug]	Checking in file 'left-nav-override.js'	0ms	
powershell.exe Information: 0 : 2018-10-25 01:01:56.7385	[OfficeDevPnP.Core]	[0]	[Debug]	Publishing file 'left-nav-override.js'	0ms	
powershell.exe Information: 0 : 2018-10-25 01:01:57.3796	[OfficeDevPnP.Core]	[0]	[Information]	File left-nav-override.css retrieved from folder 	0ms	
powershell.exe Information: 0 : 2018-10-25 01:01:57.3796	[Files]	[14]	[Debug]	Uploading file left-nav-override.css	14509ms	a417a58e-7512-4b9a-bb93-0c55107a42ad
powershell.exe Information: 0 : 2018-10-25 01:01:57.3796	[OfficeDevPnP.Core]	[0]	[Debug]	Creating file info with Url 'left-nav-override.css'	0ms	
powershell.exe Information: 0 : 2018-10-25 01:01:58.2393	[OfficeDevPnP.Core]	[0]	[Debug]	Checking in file 'left-nav-override.css'	0ms	
powershell.exe Information: 0 : 2018-10-25 01:01:58.4393	[OfficeDevPnP.Core]	[0]	[Debug]	Publishing file 'left-nav-override.css'	0ms	
powershell.exe Information: 0 : 2018-10-25 01:01:59.1556	[OfficeDevPnP.Core]	[0]	[Information]	File Custom-Script-Action.js retrieved from folder 	0ms	
powershell.exe Information: 0 : 2018-10-25 01:01:59.1556	[Files]	[14]	[Debug]	Uploading file Custom-Script-Action.js	16285ms	a417a58e-7512-4b9a-bb93-0c55107a42ad
powershell.exe Information: 0 : 2018-10-25 01:01:59.1566	[OfficeDevPnP.Core]	[0]	[Debug]	Creating file info with Url 'Custom-Script-Action.js'	0ms	
powershell.exe Information: 0 : 2018-10-25 01:01:59.6826	[OfficeDevPnP.Core]	[0]	[Debug]	Checking in file 'Custom-Script-Action.js'	0ms	
powershell.exe Information: 0 : 2018-10-25 01:01:59.9018	[OfficeDevPnP.Core]	[0]	[Debug]	Publishing file 'Custom-Script-Action.js'	0ms	
powershell.exe Information: 0 : 2018-10-25 01:02:00.5480	[Files]	[14]	[Debug]	Uploading and overwriting existing file connectslogo(78px).png	17677ms	a417a58e-7512-4b9a-bb93-0c55107a42ad
powershell.exe Information: 0 : 2018-10-25 01:02:00.7380	[OfficeDevPnP.Core]	[0]	[Information]	File connectslogo(78px).png retrieved from folder 	0ms	
powershell.exe Information: 0 : 2018-10-25 01:02:00.7380	[OfficeDevPnP.Core]	[0]	[Debug]	Creating file info with Url 'connectslogo(78px).png'	0ms	
powershell.exe Information: 0 : 2018-10-25 01:02:01.3797	[OfficeDevPnP.Core]	[0]	[Debug]	Checking in file 'connectslogo(78px).png'	0ms	
powershell.exe Information: 0 : 2018-10-25 01:02:01.5838	[OfficeDevPnP.Core]	[0]	[Debug]	Publishing file 'connectslogo(78px).png'	0ms	
powershell.exe Information: 0 : 2018-10-25 01:02:02.2459	[Files]	[14]	[Debug]	Uploading and overwriting existing file Waypoint-Logo_color.png	19375ms	a417a58e-7512-4b9a-bb93-0c55107a42ad
powershell.exe Information: 0 : 2018-10-25 01:02:02.3959	[OfficeDevPnP.Core]	[0]	[Information]	File Waypoint-Logo_color.png retrieved from folder 	0ms	
powershell.exe Information: 0 : 2018-10-25 01:02:02.3959	[OfficeDevPnP.Core]	[0]	[Debug]	Creating file info with Url 'Waypoint-Logo_color.png'	0ms	
powershell.exe Information: 0 : 2018-10-25 01:02:03.1647	[OfficeDevPnP.Core]	[0]	[Debug]	Checking in file 'Waypoint-Logo_color.png'	0ms	
powershell.exe Information: 0 : 2018-10-25 01:02:03.3927	[OfficeDevPnP.Core]	[0]	[Debug]	Publishing file 'Waypoint-Logo_color.png'	0ms	
powershell.exe Information: 0 : 2018-10-25 01:02:03.5737	[Files]	[14]	[Debug]	Code execution scope ended	20703ms	a417a58e-7512-4b9a-bb93-0c55107a42ad
powershell.exe Information: 0 : 2018-10-25 01:02:03.6227	[Tenant Settings]	[14]	[Debug]	Code execution scope started	0ms	a417a58e-7512-4b9a-bb93-0c55107a42ad
powershell.exe Information: 0 : 2018-10-25 01:02:03.6237	[Tenant Settings]	[14]	[Debug]	Code execution scope ended	0ms	a417a58e-7512-4b9a-bb93-0c55107a42ad
powershell.exe Information: 0 : 2018-10-25 01:02:03.6407	[Application Lifecycle Management]	[14]	[Debug]	Code execution scope started	0ms	a417a58e-7512-4b9a-bb93-0c55107a42ad
powershell.exe Information: 0 : 2018-10-25 01:02:03.6407	[Application Lifecycle Management]	[14]	[Debug]	Code execution scope ended	0ms	a417a58e-7512-4b9a-bb93-0c55107a42ad
powershell.exe Information: 0 : 2018-10-25 01:02:03.6628	[Custom Actions]	[14]	[Debug]	Code execution scope started	0ms	a417a58e-7512-4b9a-bb93-0c55107a42ad
powershell.exe Information: 0 : 2018-10-25 01:02:03.7848	[Custom Actions]	[14]	[Debug]	Adding custom action 'QL_Dropdown' to scope Site	122ms	a417a58e-7512-4b9a-bb93-0c55107a42ad
powershell.exe Information: 0 : 2018-10-25 01:02:04.1678	[Custom Actions]	[14]	[Debug]	Code execution scope ended	505ms	a417a58e-7512-4b9a-bb93-0c55107a42ad
powershell.exe Information: 0 : 2018-10-25 01:02:04.1687	[Persist Template Info]	[14]	[Debug]	Code execution scope started	0ms	a417a58e-7512-4b9a-bb93-0c55107a42ad
powershell.exe Information: 0 : 2018-10-25 01:02:04.8798	[Persist Template Info]	[14]	[Debug]	Code execution scope ended	711ms	a417a58e-7512-4b9a-bb93-0c55107a42ad
powershell.exe Information: 0 : 2018-10-25 01:02:04.8798	[Provisioning]	[14]	[Debug]	Code execution scope ended	28592ms	a417a58e-7512-4b9a-bb93-0c55107a42ad
