powershell.exe Information: 0 : 2018-10-18 02:03:05.8311	[OfficeDevPnP.Core]	[0]	[Information]	File Custom.QuickLaunch.Template.xml retrieved from folder 	0ms	
powershell.exe Information: 0 : 2018-10-18 02:03:05.8331	[OfficeDevPnP.Core]	[0]	[Information]	File Custom.QuickLaunch.Template.xml retrieved from folder 	0ms	
powershell.exe Information: 0 : 2018-10-18 02:03:05.8581	[Provisioning]	[14]	[Debug]	Code execution scope started	0ms	becec493-2210-493f-bfbb-968e10f91b31
powershell.exe Information: 0 : 2018-10-18 02:03:05.8591	[Provisioning]	[14]	[Information]	ProgressDelegate registered	0ms	becec493-2210-493f-bfbb-968e10f91b31
powershell.exe Information: 0 : 2018-10-18 02:03:05.8611	[Provisioning]	[14]	[Information]	MessagesDelegate registered	2ms	becec493-2210-493f-bfbb-968e10f91b31
powershell.exe Information: 0 : 2018-10-18 02:03:12.4216	[Extensibility Providers]	[14]	[Debug]	Code execution scope started	0ms	becec493-2210-493f-bfbb-968e10f91b31
powershell.exe Information: 0 : 2018-10-18 02:03:12.4216	[Extensibility Providers]	[14]	[Debug]	Code execution scope ended	0ms	becec493-2210-493f-bfbb-968e10f91b31
powershell.exe Information: 0 : 2018-10-18 02:03:12.5533	[Files]	[14]	[Debug]	Code execution scope started	0ms	becec493-2210-493f-bfbb-968e10f91b31
powershell.exe Information: 0 : 2018-10-18 02:03:24.3047	[OfficeDevPnP.Core]	[0]	[Information]	Creating folder 'QuickLaunch' under List '/sites/brandme/Style Library'.	0ms	
powershell.exe Information: 0 : 2018-10-18 02:03:24.9912	[OfficeDevPnP.Core]	[0]	[Information]	File left-nav-override.js retrieved from folder 	0ms	
powershell.exe Information: 0 : 2018-10-18 02:03:24.9912	[Files]	[14]	[Debug]	Uploading file left-nav-override.js	12437ms	becec493-2210-493f-bfbb-968e10f91b31
powershell.exe Information: 0 : 2018-10-18 02:03:24.9912	[OfficeDevPnP.Core]	[0]	[Debug]	Creating file info with Url 'left-nav-override.js'	0ms	
powershell.exe Information: 0 : 2018-10-18 02:03:25.7198	[OfficeDevPnP.Core]	[0]	[Debug]	Checking in file 'left-nav-override.js'	0ms	
powershell.exe Information: 0 : 2018-10-18 02:03:26.0399	[OfficeDevPnP.Core]	[0]	[Debug]	Publishing file 'left-nav-override.js'	0ms	
powershell.exe Information: 0 : 2018-10-18 02:03:26.7121	[OfficeDevPnP.Core]	[0]	[Information]	File Custom-Script-Action.js retrieved from folder 	0ms	
powershell.exe Information: 0 : 2018-10-18 02:03:26.7126	[Files]	[14]	[Debug]	Uploading file Custom-Script-Action.js	14159ms	becec493-2210-493f-bfbb-968e10f91b31
powershell.exe Information: 0 : 2018-10-18 02:03:26.7131	[OfficeDevPnP.Core]	[0]	[Debug]	Creating file info with Url 'Custom-Script-Action.js'	0ms	
powershell.exe Information: 0 : 2018-10-18 02:03:27.5180	[OfficeDevPnP.Core]	[0]	[Debug]	Checking in file 'Custom-Script-Action.js'	0ms	
powershell.exe Information: 0 : 2018-10-18 02:03:27.8064	[OfficeDevPnP.Core]	[0]	[Debug]	Publishing file 'Custom-Script-Action.js'	0ms	
powershell.exe Information: 0 : 2018-10-18 02:03:28.0255	[Files]	[14]	[Debug]	Code execution scope ended	15472ms	becec493-2210-493f-bfbb-968e10f91b31
powershell.exe Information: 0 : 2018-10-18 02:03:28.0791	[Tenant Settings]	[14]	[Debug]	Code execution scope started	0ms	becec493-2210-493f-bfbb-968e10f91b31
powershell.exe Information: 0 : 2018-10-18 02:03:28.0791	[Tenant Settings]	[14]	[Debug]	Code execution scope ended	0ms	becec493-2210-493f-bfbb-968e10f91b31
powershell.exe Information: 0 : 2018-10-18 02:03:28.0989	[Application Lifecycle Management]	[14]	[Debug]	Code execution scope started	0ms	becec493-2210-493f-bfbb-968e10f91b31
powershell.exe Information: 0 : 2018-10-18 02:03:28.0999	[Application Lifecycle Management]	[14]	[Debug]	Code execution scope ended	0ms	becec493-2210-493f-bfbb-968e10f91b31
powershell.exe Information: 0 : 2018-10-18 02:03:28.1219	[Custom Actions]	[14]	[Debug]	Code execution scope started	0ms	becec493-2210-493f-bfbb-968e10f91b31
powershell.exe Information: 0 : 2018-10-18 02:03:28.2304	[Custom Actions]	[14]	[Debug]	Adding custom action 'QL_Dropdown' to scope Site	108ms	becec493-2210-493f-bfbb-968e10f91b31
powershell.exe Information: 0 : 2018-10-18 02:03:28.5657	[Custom Actions]	[14]	[Debug]	Code execution scope ended	444ms	becec493-2210-493f-bfbb-968e10f91b31
powershell.exe Information: 0 : 2018-10-18 02:03:28.5667	[Persist Template Info]	[14]	[Debug]	Code execution scope started	0ms	becec493-2210-493f-bfbb-968e10f91b31
powershell.exe Information: 0 : 2018-10-18 02:03:29.2564	[Persist Template Info]	[14]	[Debug]	Code execution scope ended	690ms	becec493-2210-493f-bfbb-968e10f91b31
powershell.exe Information: 0 : 2018-10-18 02:03:29.2574	[Provisioning]	[14]	[Debug]	Code execution scope ended	23398ms	becec493-2210-493f-bfbb-968e10f91b31
