powershell.exe Information: 0 : 2018-10-18 01:45:49.6278	[OfficeDevPnP.Core]	[0]	[Information]	File Custom.QuickLaunch.Template.xml retrieved from folder 	0ms	
powershell.exe Information: 0 : 2018-10-18 01:45:49.6289	[OfficeDevPnP.Core]	[0]	[Information]	File Custom.QuickLaunch.Template.xml retrieved from folder 	0ms	
powershell.exe Information: 0 : 2018-10-18 01:45:49.6539	[Provisioning]	[14]	[Debug]	Code execution scope started	0ms	fe5dea7a-4c66-40e3-b8fe-0710d83b527a
powershell.exe Information: 0 : 2018-10-18 01:45:49.6549	[Provisioning]	[14]	[Information]	ProgressDelegate registered	0ms	fe5dea7a-4c66-40e3-b8fe-0710d83b527a
powershell.exe Information: 0 : 2018-10-18 01:45:49.6549	[Provisioning]	[14]	[Information]	MessagesDelegate registered	0ms	fe5dea7a-4c66-40e3-b8fe-0710d83b527a
powershell.exe Information: 0 : 2018-10-18 01:45:56.1410	[Extensibility Providers]	[14]	[Debug]	Code execution scope started	0ms	fe5dea7a-4c66-40e3-b8fe-0710d83b527a
powershell.exe Information: 0 : 2018-10-18 01:45:56.1410	[Extensibility Providers]	[14]	[Debug]	Code execution scope ended	0ms	fe5dea7a-4c66-40e3-b8fe-0710d83b527a
powershell.exe Information: 0 : 2018-10-18 01:45:56.2700	[Files]	[14]	[Debug]	Code execution scope started	0ms	fe5dea7a-4c66-40e3-b8fe-0710d83b527a
powershell.exe Information: 0 : 2018-10-18 01:46:07.7036	[OfficeDevPnP.Core]	[0]	[Information]	Creating folder 'QuickLaunch' under List '/sites/brandme/Style Library'.	0ms	
powershell.exe Information: 0 : 2018-10-18 01:46:08.2651	[OfficeDevPnP.Core]	[0]	[Information]	File left-nav-override.js retrieved from folder 	0ms	
powershell.exe Information: 0 : 2018-10-18 01:46:08.2651	[Files]	[14]	[Debug]	Uploading file left-nav-override.js	11995ms	fe5dea7a-4c66-40e3-b8fe-0710d83b527a
powershell.exe Information: 0 : 2018-10-18 01:46:08.2661	[OfficeDevPnP.Core]	[0]	[Debug]	Creating file info with Url 'left-nav-override.js'	0ms	
powershell.exe Information: 0 : 2018-10-18 01:46:10.4049	[OfficeDevPnP.Core]	[0]	[Debug]	Checking in file 'left-nav-override.js'	0ms	
powershell.exe Information: 0 : 2018-10-18 01:46:10.6446	[OfficeDevPnP.Core]	[0]	[Debug]	Publishing file 'left-nav-override.js'	0ms	
powershell.exe Information: 0 : 2018-10-18 01:46:11.5354	[OfficeDevPnP.Core]	[0]	[Information]	File Custom-Script-Action.js retrieved from folder 	0ms	
powershell.exe Information: 0 : 2018-10-18 01:46:11.5363	[Files]	[14]	[Debug]	Uploading file Custom-Script-Action.js	15266ms	fe5dea7a-4c66-40e3-b8fe-0710d83b527a
powershell.exe Information: 0 : 2018-10-18 01:46:11.5374	[OfficeDevPnP.Core]	[0]	[Debug]	Creating file info with Url 'Custom-Script-Action.js'	0ms	
powershell.exe Information: 0 : 2018-10-18 01:46:12.2577	[OfficeDevPnP.Core]	[0]	[Debug]	Checking in file 'Custom-Script-Action.js'	0ms	
powershell.exe Information: 0 : 2018-10-18 01:46:12.4705	[OfficeDevPnP.Core]	[0]	[Debug]	Publishing file 'Custom-Script-Action.js'	0ms	
powershell.exe Information: 0 : 2018-10-18 01:46:12.6959	[Files]	[14]	[Debug]	Code execution scope ended	16426ms	fe5dea7a-4c66-40e3-b8fe-0710d83b527a
powershell.exe Information: 0 : 2018-10-18 01:46:12.7804	[Tenant Settings]	[14]	[Debug]	Code execution scope started	0ms	fe5dea7a-4c66-40e3-b8fe-0710d83b527a
powershell.exe Information: 0 : 2018-10-18 01:46:12.7809	[Tenant Settings]	[14]	[Debug]	Code execution scope ended	0ms	fe5dea7a-4c66-40e3-b8fe-0710d83b527a
powershell.exe Information: 0 : 2018-10-18 01:46:12.7954	[Application Lifecycle Management]	[14]	[Debug]	Code execution scope started	0ms	fe5dea7a-4c66-40e3-b8fe-0710d83b527a
powershell.exe Information: 0 : 2018-10-18 01:46:12.7954	[Application Lifecycle Management]	[14]	[Debug]	Code execution scope ended	0ms	fe5dea7a-4c66-40e3-b8fe-0710d83b527a
powershell.exe Information: 0 : 2018-10-18 01:46:12.8128	[Custom Actions]	[14]	[Debug]	Code execution scope started	0ms	fe5dea7a-4c66-40e3-b8fe-0710d83b527a
powershell.exe Information: 0 : 2018-10-18 01:46:12.9217	[Custom Actions]	[14]	[Debug]	Adding custom action 'QL_Dropdown' to scope Site	109ms	fe5dea7a-4c66-40e3-b8fe-0710d83b527a
powershell.exe Information: 0 : 2018-10-18 01:46:13.2382	[Custom Actions]	[14]	[Debug]	Code execution scope ended	426ms	fe5dea7a-4c66-40e3-b8fe-0710d83b527a
powershell.exe Information: 0 : 2018-10-18 01:46:13.2402	[Persist Template Info]	[14]	[Debug]	Code execution scope started	0ms	fe5dea7a-4c66-40e3-b8fe-0710d83b527a
powershell.exe Information: 0 : 2018-10-18 01:46:13.9232	[Persist Template Info]	[14]	[Debug]	Code execution scope ended	683ms	fe5dea7a-4c66-40e3-b8fe-0710d83b527a
powershell.exe Information: 0 : 2018-10-18 01:46:13.9232	[Provisioning]	[14]	[Debug]	Code execution scope ended	24268ms	fe5dea7a-4c66-40e3-b8fe-0710d83b527a
