powershell.exe Information: 0 : 2018-10-25 03:53:02.4103	[OfficeDevPnP.Core]	[0]	[Information]	File Custom.QuickLaunch.Template.xml retrieved from folder 	0ms	
powershell.exe Information: 0 : 2018-10-25 03:53:02.4113	[OfficeDevPnP.Core]	[0]	[Information]	File Custom.QuickLaunch.Template.xml retrieved from folder 	0ms	
powershell.exe Information: 0 : 2018-10-25 03:53:02.4423	[Provisioning]	[14]	[Debug]	Code execution scope started	0ms	d9bd096d-5e02-43d4-b183-f70666aba109
powershell.exe Information: 0 : 2018-10-25 03:53:02.4433	[Provisioning]	[14]	[Information]	ProgressDelegate registered	0ms	d9bd096d-5e02-43d4-b183-f70666aba109
powershell.exe Information: 0 : 2018-10-25 03:53:02.4453	[Provisioning]	[14]	[Information]	MessagesDelegate registered	2ms	d9bd096d-5e02-43d4-b183-f70666aba109
powershell.exe Information: 0 : 2018-10-25 03:53:09.7307	[Extensibility Providers]	[14]	[Debug]	Code execution scope started	0ms	d9bd096d-5e02-43d4-b183-f70666aba109
powershell.exe Information: 0 : 2018-10-25 03:53:09.7318	[Extensibility Providers]	[14]	[Debug]	Code execution scope ended	0ms	d9bd096d-5e02-43d4-b183-f70666aba109
powershell.exe Information: 0 : 2018-10-25 03:53:09.8750	[Files]	[14]	[Debug]	Code execution scope started	0ms	d9bd096d-5e02-43d4-b183-f70666aba109
powershell.exe Information: 0 : 2018-10-25 03:53:22.6726	[OfficeDevPnP.Core]	[0]	[Information]	Creating folder 'QuickLaunch' under List '/sites/brandme/Style Library'.	0ms	
powershell.exe Information: 0 : 2018-10-25 03:53:23.2176	[OfficeDevPnP.Core]	[0]	[Information]	File left-nav-override.js retrieved from folder 	0ms	
powershell.exe Information: 0 : 2018-10-25 03:53:23.2176	[Files]	[14]	[Debug]	Uploading file left-nav-override.js	13342ms	d9bd096d-5e02-43d4-b183-f70666aba109
powershell.exe Information: 0 : 2018-10-25 03:53:23.2186	[OfficeDevPnP.Core]	[0]	[Debug]	Creating file info with Url 'left-nav-override.js'	0ms	
powershell.exe Information: 0 : 2018-10-25 03:53:23.9246	[OfficeDevPnP.Core]	[0]	[Debug]	Checking in file 'left-nav-override.js'	0ms	
powershell.exe Information: 0 : 2018-10-25 03:53:24.1120	[OfficeDevPnP.Core]	[0]	[Debug]	Publishing file 'left-nav-override.js'	0ms	
powershell.exe Information: 0 : 2018-10-25 03:53:24.7223	[OfficeDevPnP.Core]	[0]	[Information]	File left-nav-override.css retrieved from folder 	0ms	
powershell.exe Information: 0 : 2018-10-25 03:53:24.7223	[Files]	[14]	[Debug]	Uploading file left-nav-override.css	14846ms	d9bd096d-5e02-43d4-b183-f70666aba109
powershell.exe Information: 0 : 2018-10-25 03:53:24.7223	[OfficeDevPnP.Core]	[0]	[Debug]	Creating file info with Url 'left-nav-override.css'	0ms	
powershell.exe Information: 0 : 2018-10-25 03:53:25.3967	[OfficeDevPnP.Core]	[0]	[Debug]	Checking in file 'left-nav-override.css'	0ms	
powershell.exe Information: 0 : 2018-10-25 03:53:25.5847	[OfficeDevPnP.Core]	[0]	[Debug]	Publishing file 'left-nav-override.css'	0ms	
powershell.exe Information: 0 : 2018-10-25 03:53:26.2041	[OfficeDevPnP.Core]	[0]	[Information]	File Custom-Script-Action.js retrieved from folder 	0ms	
powershell.exe Information: 0 : 2018-10-25 03:53:26.2051	[Files]	[14]	[Debug]	Uploading file Custom-Script-Action.js	16329ms	d9bd096d-5e02-43d4-b183-f70666aba109
powershell.exe Information: 0 : 2018-10-25 03:53:26.2051	[OfficeDevPnP.Core]	[0]	[Debug]	Creating file info with Url 'Custom-Script-Action.js'	0ms	
powershell.exe Information: 0 : 2018-10-25 03:53:26.9877	[OfficeDevPnP.Core]	[0]	[Debug]	Checking in file 'Custom-Script-Action.js'	0ms	
powershell.exe Information: 0 : 2018-10-25 03:53:27.1678	[OfficeDevPnP.Core]	[0]	[Debug]	Publishing file 'Custom-Script-Action.js'	0ms	
powershell.exe Information: 0 : 2018-10-25 03:53:27.8662	[Files]	[14]	[Debug]	Uploading and overwriting existing file connectslogo(78px).png	17990ms	d9bd096d-5e02-43d4-b183-f70666aba109
powershell.exe Information: 0 : 2018-10-25 03:53:28.0012	[OfficeDevPnP.Core]	[0]	[Information]	File connectslogo(78px).png retrieved from folder 	0ms	
powershell.exe Information: 0 : 2018-10-25 03:53:28.0012	[OfficeDevPnP.Core]	[0]	[Debug]	Creating file info with Url 'connectslogo(78px).png'	0ms	
powershell.exe Information: 0 : 2018-10-25 03:53:28.5741	[OfficeDevPnP.Core]	[0]	[Debug]	Checking in file 'connectslogo(78px).png'	0ms	
powershell.exe Information: 0 : 2018-10-25 03:53:28.8044	[OfficeDevPnP.Core]	[0]	[Debug]	Publishing file 'connectslogo(78px).png'	0ms	
powershell.exe Information: 0 : 2018-10-25 03:53:29.4607	[Files]	[14]	[Debug]	Uploading and overwriting existing file Waypoint-Logo_color.png	19585ms	d9bd096d-5e02-43d4-b183-f70666aba109
powershell.exe Information: 0 : 2018-10-25 03:53:29.5921	[OfficeDevPnP.Core]	[0]	[Information]	File Waypoint-Logo_color.png retrieved from folder 	0ms	
powershell.exe Information: 0 : 2018-10-25 03:53:29.5931	[OfficeDevPnP.Core]	[0]	[Debug]	Creating file info with Url 'Waypoint-Logo_color.png'	0ms	
powershell.exe Information: 0 : 2018-10-25 03:53:30.2174	[OfficeDevPnP.Core]	[0]	[Debug]	Checking in file 'Waypoint-Logo_color.png'	0ms	
powershell.exe Information: 0 : 2018-10-25 03:53:30.4133	[OfficeDevPnP.Core]	[0]	[Debug]	Publishing file 'Waypoint-Logo_color.png'	0ms	
powershell.exe Information: 0 : 2018-10-25 03:53:30.6087	[Files]	[14]	[Debug]	Code execution scope ended	20732ms	d9bd096d-5e02-43d4-b183-f70666aba109
powershell.exe Information: 0 : 2018-10-25 03:53:30.6467	[Tenant Settings]	[14]	[Debug]	Code execution scope started	0ms	d9bd096d-5e02-43d4-b183-f70666aba109
powershell.exe Information: 0 : 2018-10-25 03:53:30.6467	[Tenant Settings]	[14]	[Debug]	Code execution scope ended	0ms	d9bd096d-5e02-43d4-b183-f70666aba109
powershell.exe Information: 0 : 2018-10-25 03:53:30.6727	[Application Lifecycle Management]	[14]	[Debug]	Code execution scope started	0ms	d9bd096d-5e02-43d4-b183-f70666aba109
powershell.exe Information: 0 : 2018-10-25 03:53:30.6727	[Application Lifecycle Management]	[14]	[Debug]	Code execution scope ended	0ms	d9bd096d-5e02-43d4-b183-f70666aba109
powershell.exe Information: 0 : 2018-10-25 03:53:30.6947	[Custom Actions]	[14]	[Debug]	Code execution scope started	0ms	d9bd096d-5e02-43d4-b183-f70666aba109
powershell.exe Information: 0 : 2018-10-25 03:53:30.8050	[Custom Actions]	[14]	[Debug]	Adding custom action 'QL_Dropdown' to scope Site	110ms	d9bd096d-5e02-43d4-b183-f70666aba109
powershell.exe Information: 0 : 2018-10-25 03:53:31.1705	[Custom Actions]	[14]	[Debug]	Code execution scope ended	476ms	d9bd096d-5e02-43d4-b183-f70666aba109
powershell.exe Information: 0 : 2018-10-25 03:53:31.1715	[Persist Template Info]	[14]	[Debug]	Code execution scope started	0ms	d9bd096d-5e02-43d4-b183-f70666aba109
powershell.exe Information: 0 : 2018-10-25 03:53:32.0816	[Persist Template Info]	[14]	[Debug]	Code execution scope ended	910ms	d9bd096d-5e02-43d4-b183-f70666aba109
powershell.exe Information: 0 : 2018-10-25 03:53:32.0816	[Provisioning]	[14]	[Debug]	Code execution scope ended	29639ms	d9bd096d-5e02-43d4-b183-f70666aba109
