powershell.exe Information: 0 : 2018-10-24 20:31:36.9994	[OfficeDevPnP.Core]	[0]	[Information]	File Custom.QuickLaunch.Template.xml retrieved from folder 	0ms	
powershell.exe Information: 0 : 2018-10-24 20:31:37.0004	[OfficeDevPnP.Core]	[0]	[Information]	File Custom.QuickLaunch.Template.xml retrieved from folder 	0ms	
powershell.exe Information: 0 : 2018-10-24 20:31:37.0284	[Provisioning]	[14]	[Debug]	Code execution scope started	0ms	3da9cab9-cc72-4411-9da4-19b32f4c84ed
powershell.exe Information: 0 : 2018-10-24 20:31:37.0284	[Provisioning]	[14]	[Information]	ProgressDelegate registered	0ms	3da9cab9-cc72-4411-9da4-19b32f4c84ed
powershell.exe Information: 0 : 2018-10-24 20:31:37.0294	[Provisioning]	[14]	[Information]	MessagesDelegate registered	0ms	3da9cab9-cc72-4411-9da4-19b32f4c84ed
powershell.exe Information: 0 : 2018-10-24 20:31:43.9488	[Extensibility Providers]	[14]	[Debug]	Code execution scope started	0ms	3da9cab9-cc72-4411-9da4-19b32f4c84ed
powershell.exe Information: 0 : 2018-10-24 20:31:43.9498	[Extensibility Providers]	[14]	[Debug]	Code execution scope ended	0ms	3da9cab9-cc72-4411-9da4-19b32f4c84ed
powershell.exe Information: 0 : 2018-10-24 20:31:44.0828	[Files]	[14]	[Debug]	Code execution scope started	0ms	3da9cab9-cc72-4411-9da4-19b32f4c84ed
powershell.exe Information: 0 : 2018-10-24 20:31:56.6141	[OfficeDevPnP.Core]	[0]	[Information]	Creating folder 'QuickLaunch' under List '/sites/brandme/Style Library'.	0ms	
powershell.exe Information: 0 : 2018-10-24 20:31:57.1712	[OfficeDevPnP.Core]	[0]	[Information]	File left-nav-override.js retrieved from folder 	0ms	
powershell.exe Information: 0 : 2018-10-24 20:31:57.1712	[Files]	[14]	[Debug]	Uploading file left-nav-override.js	13088ms	3da9cab9-cc72-4411-9da4-19b32f4c84ed
powershell.exe Information: 0 : 2018-10-24 20:31:57.1712	[OfficeDevPnP.Core]	[0]	[Debug]	Creating file info with Url 'left-nav-override.js'	0ms	
powershell.exe Information: 0 : 2018-10-24 20:31:57.8144	[OfficeDevPnP.Core]	[0]	[Debug]	Checking in file 'left-nav-override.js'	0ms	
powershell.exe Information: 0 : 2018-10-24 20:31:58.0184	[OfficeDevPnP.Core]	[0]	[Debug]	Publishing file 'left-nav-override.js'	0ms	
powershell.exe Information: 0 : 2018-10-24 20:31:58.6311	[OfficeDevPnP.Core]	[0]	[Information]	File left-nav-override.css retrieved from folder 	0ms	
powershell.exe Information: 0 : 2018-10-24 20:31:58.6311	[Files]	[14]	[Debug]	Uploading file left-nav-override.css	14548ms	3da9cab9-cc72-4411-9da4-19b32f4c84ed
powershell.exe Information: 0 : 2018-10-24 20:31:58.6321	[OfficeDevPnP.Core]	[0]	[Debug]	Creating file info with Url 'left-nav-override.css'	0ms	
powershell.exe Information: 0 : 2018-10-24 20:31:59.3223	[OfficeDevPnP.Core]	[0]	[Debug]	Checking in file 'left-nav-override.css'	0ms	
powershell.exe Information: 0 : 2018-10-24 20:31:59.7503	[OfficeDevPnP.Core]	[0]	[Debug]	Publishing file 'left-nav-override.css'	0ms	
powershell.exe Information: 0 : 2018-10-24 20:32:00.5005	[OfficeDevPnP.Core]	[0]	[Information]	File Custom-Script-Action.js retrieved from folder 	0ms	
powershell.exe Information: 0 : 2018-10-24 20:32:00.5015	[Files]	[14]	[Debug]	Uploading file Custom-Script-Action.js	16418ms	3da9cab9-cc72-4411-9da4-19b32f4c84ed
powershell.exe Information: 0 : 2018-10-24 20:32:00.5015	[OfficeDevPnP.Core]	[0]	[Debug]	Creating file info with Url 'Custom-Script-Action.js'	0ms	
powershell.exe Information: 0 : 2018-10-24 20:32:01.0586	[OfficeDevPnP.Core]	[0]	[Debug]	Checking in file 'Custom-Script-Action.js'	0ms	
powershell.exe Information: 0 : 2018-10-24 20:32:01.5626	[OfficeDevPnP.Core]	[0]	[Debug]	Publishing file 'Custom-Script-Action.js'	0ms	
powershell.exe Information: 0 : 2018-10-24 20:32:01.7372	[Files]	[14]	[Debug]	Code execution scope ended	17654ms	3da9cab9-cc72-4411-9da4-19b32f4c84ed
powershell.exe Information: 0 : 2018-10-24 20:32:01.8017	[Tenant Settings]	[14]	[Debug]	Code execution scope started	0ms	3da9cab9-cc72-4411-9da4-19b32f4c84ed
powershell.exe Information: 0 : 2018-10-24 20:32:01.8027	[Tenant Settings]	[14]	[Debug]	Code execution scope ended	1ms	3da9cab9-cc72-4411-9da4-19b32f4c84ed
powershell.exe Information: 0 : 2018-10-24 20:32:01.8242	[Application Lifecycle Management]	[14]	[Debug]	Code execution scope started	0ms	3da9cab9-cc72-4411-9da4-19b32f4c84ed
powershell.exe Information: 0 : 2018-10-24 20:32:01.8252	[Application Lifecycle Management]	[14]	[Debug]	Code execution scope ended	0ms	3da9cab9-cc72-4411-9da4-19b32f4c84ed
powershell.exe Information: 0 : 2018-10-24 20:32:01.8567	[Custom Actions]	[14]	[Debug]	Code execution scope started	0ms	3da9cab9-cc72-4411-9da4-19b32f4c84ed
powershell.exe Information: 0 : 2018-10-24 20:32:01.9722	[Custom Actions]	[14]	[Debug]	Adding custom action 'QL_Dropdown' to scope Site	116ms	3da9cab9-cc72-4411-9da4-19b32f4c84ed
powershell.exe Information: 0 : 2018-10-24 20:32:02.2842	[Custom Actions]	[14]	[Debug]	Code execution scope ended	427ms	3da9cab9-cc72-4411-9da4-19b32f4c84ed
powershell.exe Information: 0 : 2018-10-24 20:32:02.2842	[Persist Template Info]	[14]	[Debug]	Code execution scope started	0ms	3da9cab9-cc72-4411-9da4-19b32f4c84ed
powershell.exe Information: 0 : 2018-10-24 20:32:03.0012	[Persist Template Info]	[14]	[Debug]	Code execution scope ended	716ms	3da9cab9-cc72-4411-9da4-19b32f4c84ed
powershell.exe Information: 0 : 2018-10-24 20:32:03.0012	[Provisioning]	[14]	[Debug]	Code execution scope ended	25973ms	3da9cab9-cc72-4411-9da4-19b32f4c84ed
