powershell.exe Information: 0 : 2018-10-17 23:53:02.3103	[OfficeDevPnP.Core]	[0]	[Information]	File Custom.QuickLaunch.Template.xml retrieved from folder 	0ms	
powershell.exe Information: 0 : 2018-10-17 23:53:02.3113	[OfficeDevPnP.Core]	[0]	[Information]	File Custom.QuickLaunch.Template.xml retrieved from folder 	0ms	
powershell.exe Information: 0 : 2018-10-17 23:53:02.3544	[Provisioning]	[14]	[Debug]	Code execution scope started	0ms	5e2dfe65-73e8-442f-b775-655d4ba75948
powershell.exe Information: 0 : 2018-10-17 23:53:02.3564	[Provisioning]	[14]	[Information]	ProgressDelegate registered	1ms	5e2dfe65-73e8-442f-b775-655d4ba75948
powershell.exe Information: 0 : 2018-10-17 23:53:02.3574	[Provisioning]	[14]	[Information]	MessagesDelegate registered	3ms	5e2dfe65-73e8-442f-b775-655d4ba75948
powershell.exe Information: 0 : 2018-10-17 23:53:09.0290	[Extensibility Providers]	[14]	[Debug]	Code execution scope started	0ms	5e2dfe65-73e8-442f-b775-655d4ba75948
powershell.exe Information: 0 : 2018-10-17 23:53:09.0295	[Extensibility Providers]	[14]	[Debug]	Code execution scope ended	0ms	5e2dfe65-73e8-442f-b775-655d4ba75948
powershell.exe Information: 0 : 2018-10-17 23:53:09.1617	[Files]	[14]	[Debug]	Code execution scope started	0ms	5e2dfe65-73e8-442f-b775-655d4ba75948
powershell.exe Information: 0 : 2018-10-17 23:53:21.6167	[OfficeDevPnP.Core]	[0]	[Information]	Creating folder 'QuickLaunch' under List '/sites/brandme/Style Library'.	0ms	
powershell.exe Information: 0 : 2018-10-17 23:53:22.2153	[OfficeDevPnP.Core]	[0]	[Information]	File left-nav-override.js retrieved from folder 	0ms	
powershell.exe Information: 0 : 2018-10-17 23:53:22.2158	[Files]	[14]	[Debug]	Uploading file left-nav-override.js	13054ms	5e2dfe65-73e8-442f-b775-655d4ba75948
powershell.exe Information: 0 : 2018-10-17 23:53:22.2163	[OfficeDevPnP.Core]	[0]	[Debug]	Creating file info with Url 'left-nav-override.js'	0ms	
powershell.exe Information: 0 : 2018-10-17 23:53:23.0053	[OfficeDevPnP.Core]	[0]	[Debug]	Checking in file 'left-nav-override.js'	0ms	
powershell.exe Information: 0 : 2018-10-17 23:53:23.2919	[OfficeDevPnP.Core]	[0]	[Debug]	Publishing file 'left-nav-override.js'	0ms	
powershell.exe Information: 0 : 2018-10-17 23:53:23.9543	[OfficeDevPnP.Core]	[0]	[Information]	File Custom-Script-Action.js retrieved from folder 	0ms	
powershell.exe Information: 0 : 2018-10-17 23:53:23.9543	[Files]	[14]	[Debug]	Uploading file Custom-Script-Action.js	14792ms	5e2dfe65-73e8-442f-b775-655d4ba75948
powershell.exe Information: 0 : 2018-10-17 23:53:23.9548	[OfficeDevPnP.Core]	[0]	[Debug]	Creating file info with Url 'Custom-Script-Action.js'	0ms	
powershell.exe Information: 0 : 2018-10-17 23:53:24.5742	[OfficeDevPnP.Core]	[0]	[Debug]	Checking in file 'Custom-Script-Action.js'	0ms	
powershell.exe Information: 0 : 2018-10-17 23:53:24.7840	[OfficeDevPnP.Core]	[0]	[Debug]	Publishing file 'Custom-Script-Action.js'	0ms	
powershell.exe Information: 0 : 2018-10-17 23:53:24.9710	[Files]	[14]	[Debug]	Code execution scope ended	15809ms	5e2dfe65-73e8-442f-b775-655d4ba75948
powershell.exe Information: 0 : 2018-10-17 23:53:25.0280	[Tenant Settings]	[14]	[Debug]	Code execution scope started	0ms	5e2dfe65-73e8-442f-b775-655d4ba75948
powershell.exe Information: 0 : 2018-10-17 23:53:25.0290	[Tenant Settings]	[14]	[Debug]	Code execution scope ended	1ms	5e2dfe65-73e8-442f-b775-655d4ba75948
powershell.exe Information: 0 : 2018-10-17 23:53:25.0490	[Application Lifecycle Management]	[14]	[Debug]	Code execution scope started	0ms	5e2dfe65-73e8-442f-b775-655d4ba75948
powershell.exe Information: 0 : 2018-10-17 23:53:25.0490	[Application Lifecycle Management]	[14]	[Debug]	Code execution scope ended	0ms	5e2dfe65-73e8-442f-b775-655d4ba75948
powershell.exe Information: 0 : 2018-10-17 23:53:25.0695	[Custom Actions]	[14]	[Debug]	Code execution scope started	0ms	5e2dfe65-73e8-442f-b775-655d4ba75948
powershell.exe Information: 0 : 2018-10-17 23:53:25.1858	[Custom Actions]	[14]	[Debug]	Adding custom action 'QL_Dropdown' to scope Site	116ms	5e2dfe65-73e8-442f-b775-655d4ba75948
powershell.exe Information: 0 : 2018-10-17 23:53:25.5187	[Custom Actions]	[14]	[Debug]	Code execution scope ended	448ms	5e2dfe65-73e8-442f-b775-655d4ba75948
powershell.exe Information: 0 : 2018-10-17 23:53:25.5187	[Persist Template Info]	[14]	[Debug]	Code execution scope started	0ms	5e2dfe65-73e8-442f-b775-655d4ba75948
powershell.exe Information: 0 : 2018-10-17 23:53:26.2724	[Persist Template Info]	[14]	[Debug]	Code execution scope ended	753ms	5e2dfe65-73e8-442f-b775-655d4ba75948
powershell.exe Information: 0 : 2018-10-17 23:53:26.2734	[Provisioning]	[14]	[Debug]	Code execution scope ended	23918ms	5e2dfe65-73e8-442f-b775-655d4ba75948
