powershell.exe Information: 0 : 2018-10-24 14:20:03.2189	[OfficeDevPnP.Core]	[0]	[Information]	File Custom.QuickLaunch.Template.xml retrieved from folder 	0ms	
powershell.exe Information: 0 : 2018-10-24 14:20:03.2209	[OfficeDevPnP.Core]	[0]	[Information]	File Custom.QuickLaunch.Template.xml retrieved from folder 	0ms	
powershell.exe Information: 0 : 2018-10-24 14:20:03.2519	[Provisioning]	[14]	[Debug]	Code execution scope started	0ms	87641ffd-c08e-491d-9958-85e00c8be5df
powershell.exe Information: 0 : 2018-10-24 14:20:03.2519	[Provisioning]	[14]	[Information]	ProgressDelegate registered	0ms	87641ffd-c08e-491d-9958-85e00c8be5df
powershell.exe Information: 0 : 2018-10-24 14:20:03.2519	[Provisioning]	[14]	[Information]	MessagesDelegate registered	0ms	87641ffd-c08e-491d-9958-85e00c8be5df
powershell.exe Information: 0 : 2018-10-24 14:20:11.1098	[Extensibility Providers]	[14]	[Debug]	Code execution scope started	0ms	87641ffd-c08e-491d-9958-85e00c8be5df
powershell.exe Information: 0 : 2018-10-24 14:20:11.1108	[Extensibility Providers]	[14]	[Debug]	Code execution scope ended	0ms	87641ffd-c08e-491d-9958-85e00c8be5df
powershell.exe Information: 0 : 2018-10-24 14:20:11.2638	[Files]	[14]	[Debug]	Code execution scope started	0ms	87641ffd-c08e-491d-9958-85e00c8be5df
powershell.exe Information: 0 : 2018-10-24 14:20:25.2177	[OfficeDevPnP.Core]	[0]	[Information]	Creating folder 'QuickLaunch' under List '/sites/brandme/Style Library'.	0ms	
powershell.exe Information: 0 : 2018-10-24 14:20:25.7884	[OfficeDevPnP.Core]	[0]	[Information]	File left-nav-override.js retrieved from folder 	0ms	
powershell.exe Information: 0 : 2018-10-24 14:20:25.7884	[Files]	[14]	[Debug]	Uploading file left-nav-override.js	14524ms	87641ffd-c08e-491d-9958-85e00c8be5df
powershell.exe Information: 0 : 2018-10-24 14:20:25.7894	[OfficeDevPnP.Core]	[0]	[Debug]	Creating file info with Url 'left-nav-override.js'	0ms	
powershell.exe Information: 0 : 2018-10-24 14:20:26.5790	[OfficeDevPnP.Core]	[0]	[Debug]	Checking in file 'left-nav-override.js'	0ms	
powershell.exe Information: 0 : 2018-10-24 14:20:26.8138	[OfficeDevPnP.Core]	[0]	[Debug]	Publishing file 'left-nav-override.js'	0ms	
powershell.exe Information: 0 : 2018-10-24 14:20:27.4422	[OfficeDevPnP.Core]	[0]	[Information]	File left-nav-override.css retrieved from folder 	0ms	
powershell.exe Information: 0 : 2018-10-24 14:20:27.4427	[Files]	[14]	[Debug]	Uploading file left-nav-override.css	16178ms	87641ffd-c08e-491d-9958-85e00c8be5df
powershell.exe Information: 0 : 2018-10-24 14:20:27.4427	[OfficeDevPnP.Core]	[0]	[Debug]	Creating file info with Url 'left-nav-override.css'	0ms	
powershell.exe Information: 0 : 2018-10-24 14:20:28.0442	[OfficeDevPnP.Core]	[0]	[Debug]	Checking in file 'left-nav-override.css'	0ms	
powershell.exe Information: 0 : 2018-10-24 14:20:28.2857	[OfficeDevPnP.Core]	[0]	[Debug]	Publishing file 'left-nav-override.css'	0ms	
powershell.exe Information: 0 : 2018-10-24 14:20:29.0894	[OfficeDevPnP.Core]	[0]	[Information]	File Custom-Script-Action.js retrieved from folder 	0ms	
powershell.exe Information: 0 : 2018-10-24 14:20:29.0894	[Files]	[14]	[Debug]	Uploading file Custom-Script-Action.js	17825ms	87641ffd-c08e-491d-9958-85e00c8be5df
powershell.exe Information: 0 : 2018-10-24 14:20:29.0894	[OfficeDevPnP.Core]	[0]	[Debug]	Creating file info with Url 'Custom-Script-Action.js'	0ms	
powershell.exe Information: 0 : 2018-10-24 14:20:29.6894	[OfficeDevPnP.Core]	[0]	[Debug]	Checking in file 'Custom-Script-Action.js'	0ms	
powershell.exe Information: 0 : 2018-10-24 14:20:29.9974	[OfficeDevPnP.Core]	[0]	[Debug]	Publishing file 'Custom-Script-Action.js'	0ms	
powershell.exe Information: 0 : 2018-10-24 14:20:30.6274	[OfficeDevPnP.Core]	[0]	[Information]	File jquery-ui.min.js retrieved from folder 	0ms	
powershell.exe Information: 0 : 2018-10-24 14:20:30.6274	[Files]	[14]	[Debug]	Uploading file jquery-ui.min.js	19363ms	87641ffd-c08e-491d-9958-85e00c8be5df
powershell.exe Information: 0 : 2018-10-24 14:20:30.6284	[OfficeDevPnP.Core]	[0]	[Debug]	Creating file info with Url 'jquery-ui.min.js'	0ms	
powershell.exe Information: 0 : 2018-10-24 14:20:31.5984	[OfficeDevPnP.Core]	[0]	[Debug]	Checking in file 'jquery-ui.min.js'	0ms	
powershell.exe Information: 0 : 2018-10-24 14:20:31.8044	[OfficeDevPnP.Core]	[0]	[Debug]	Publishing file 'jquery-ui.min.js'	0ms	
powershell.exe Information: 0 : 2018-10-24 14:20:31.9914	[Files]	[14]	[Debug]	Code execution scope ended	20727ms	87641ffd-c08e-491d-9958-85e00c8be5df
powershell.exe Information: 0 : 2018-10-24 14:20:32.0434	[Tenant Settings]	[14]	[Debug]	Code execution scope started	0ms	87641ffd-c08e-491d-9958-85e00c8be5df
powershell.exe Information: 0 : 2018-10-24 14:20:32.0444	[Tenant Settings]	[14]	[Debug]	Code execution scope ended	0ms	87641ffd-c08e-491d-9958-85e00c8be5df
powershell.exe Information: 0 : 2018-10-24 14:20:32.0644	[Application Lifecycle Management]	[14]	[Debug]	Code execution scope started	0ms	87641ffd-c08e-491d-9958-85e00c8be5df
powershell.exe Information: 0 : 2018-10-24 14:20:32.0644	[Application Lifecycle Management]	[14]	[Debug]	Code execution scope ended	0ms	87641ffd-c08e-491d-9958-85e00c8be5df
powershell.exe Information: 0 : 2018-10-24 14:20:32.0844	[Custom Actions]	[14]	[Debug]	Code execution scope started	0ms	87641ffd-c08e-491d-9958-85e00c8be5df
powershell.exe Information: 0 : 2018-10-24 14:20:32.1954	[Custom Actions]	[14]	[Debug]	Adding custom action 'QL_Dropdown' to scope Site	110ms	87641ffd-c08e-491d-9958-85e00c8be5df
powershell.exe Information: 0 : 2018-10-24 14:20:32.4838	[Custom Actions]	[14]	[Debug]	Code execution scope ended	399ms	87641ffd-c08e-491d-9958-85e00c8be5df
powershell.exe Information: 0 : 2018-10-24 14:20:32.4848	[Persist Template Info]	[14]	[Debug]	Code execution scope started	0ms	87641ffd-c08e-491d-9958-85e00c8be5df
powershell.exe Information: 0 : 2018-10-24 14:20:33.2308	[Persist Template Info]	[14]	[Debug]	Code execution scope ended	745ms	87641ffd-c08e-491d-9958-85e00c8be5df
powershell.exe Information: 0 : 2018-10-24 14:20:33.2308	[Provisioning]	[14]	[Debug]	Code execution scope ended	29979ms	87641ffd-c08e-491d-9958-85e00c8be5df
