powershell.exe Information: 0 : 2018-10-18 00:59:54.6049	[OfficeDevPnP.Core]	[0]	[Information]	File Custom.QuickLaunch.Template.xml retrieved from folder 	0ms	
powershell.exe Information: 0 : 2018-10-18 00:59:54.6060	[OfficeDevPnP.Core]	[0]	[Information]	File Custom.QuickLaunch.Template.xml retrieved from folder 	0ms	
powershell.exe Information: 0 : 2018-10-18 00:59:54.6227	[Provisioning]	[14]	[Debug]	Code execution scope started	0ms	b339b56c-99b3-4769-bc4c-f150ee7a920d
powershell.exe Information: 0 : 2018-10-18 00:59:54.6227	[Provisioning]	[14]	[Information]	ProgressDelegate registered	0ms	b339b56c-99b3-4769-bc4c-f150ee7a920d
powershell.exe Information: 0 : 2018-10-18 00:59:54.6247	[Provisioning]	[14]	[Information]	MessagesDelegate registered	1ms	b339b56c-99b3-4769-bc4c-f150ee7a920d
powershell.exe Information: 0 : 2018-10-18 01:00:10.4263	[Extensibility Providers]	[14]	[Debug]	Code execution scope started	0ms	b339b56c-99b3-4769-bc4c-f150ee7a920d
powershell.exe Information: 0 : 2018-10-18 01:00:10.4263	[Extensibility Providers]	[14]	[Debug]	Code execution scope ended	0ms	b339b56c-99b3-4769-bc4c-f150ee7a920d
powershell.exe Information: 0 : 2018-10-18 01:00:10.8961	[Files]	[14]	[Debug]	Code execution scope started	0ms	b339b56c-99b3-4769-bc4c-f150ee7a920d
powershell.exe Information: 0 : 2018-10-18 01:00:44.2823	[OfficeDevPnP.Core]	[0]	[Information]	Creating folder 'QuickLaunch' under List '/sites/brandme/Style Library'.	0ms	
powershell.exe Information: 0 : 2018-10-18 01:00:45.8424	[OfficeDevPnP.Core]	[0]	[Information]	File left-nav-override.js retrieved from folder 	0ms	
powershell.exe Information: 0 : 2018-10-18 01:00:45.8424	[Files]	[14]	[Debug]	Uploading file left-nav-override.js	34946ms	b339b56c-99b3-4769-bc4c-f150ee7a920d
powershell.exe Information: 0 : 2018-10-18 01:00:45.8424	[OfficeDevPnP.Core]	[0]	[Debug]	Creating file info with Url 'left-nav-override.js'	0ms	
powershell.exe Information: 0 : 2018-10-18 01:00:47.1003	[OfficeDevPnP.Core]	[0]	[Debug]	Checking in file 'left-nav-override.js'	0ms	
powershell.exe Information: 0 : 2018-10-18 01:00:47.3242	[OfficeDevPnP.Core]	[0]	[Debug]	Publishing file 'left-nav-override.js'	0ms	
powershell.exe Information: 0 : 2018-10-18 01:00:49.2424	[OfficeDevPnP.Core]	[0]	[Information]	File Custom-Script-Action.js retrieved from folder 	0ms	
powershell.exe Information: 0 : 2018-10-18 01:00:49.2429	[Files]	[14]	[Debug]	Uploading file Custom-Script-Action.js	38346ms	b339b56c-99b3-4769-bc4c-f150ee7a920d
powershell.exe Information: 0 : 2018-10-18 01:00:49.2434	[OfficeDevPnP.Core]	[0]	[Debug]	Creating file info with Url 'Custom-Script-Action.js'	0ms	
powershell.exe Information: 0 : 2018-10-18 01:00:50.3548	[OfficeDevPnP.Core]	[0]	[Debug]	Checking in file 'Custom-Script-Action.js'	0ms	
powershell.exe Information: 0 : 2018-10-18 01:00:50.6577	[OfficeDevPnP.Core]	[0]	[Debug]	Publishing file 'Custom-Script-Action.js'	0ms	
powershell.exe Information: 0 : 2018-10-18 01:00:51.1786	[Files]	[14]	[Debug]	Code execution scope ended	40282ms	b339b56c-99b3-4769-bc4c-f150ee7a920d
powershell.exe Information: 0 : 2018-10-18 01:00:51.2286	[Tenant Settings]	[14]	[Debug]	Code execution scope started	0ms	b339b56c-99b3-4769-bc4c-f150ee7a920d
powershell.exe Information: 0 : 2018-10-18 01:00:51.2296	[Tenant Settings]	[14]	[Debug]	Code execution scope ended	0ms	b339b56c-99b3-4769-bc4c-f150ee7a920d
powershell.exe Information: 0 : 2018-10-18 01:00:51.2486	[Application Lifecycle Management]	[14]	[Debug]	Code execution scope started	0ms	b339b56c-99b3-4769-bc4c-f150ee7a920d
powershell.exe Information: 0 : 2018-10-18 01:00:51.2486	[Application Lifecycle Management]	[14]	[Debug]	Code execution scope ended	0ms	b339b56c-99b3-4769-bc4c-f150ee7a920d
powershell.exe Information: 0 : 2018-10-18 01:00:51.2696	[Custom Actions]	[14]	[Debug]	Code execution scope started	0ms	b339b56c-99b3-4769-bc4c-f150ee7a920d
powershell.exe Information: 0 : 2018-10-18 01:00:51.6880	[Custom Actions]	[14]	[Debug]	Adding custom action 'QL_Dropdown' to scope Site	418ms	b339b56c-99b3-4769-bc4c-f150ee7a920d
powershell.exe Information: 0 : 2018-10-18 01:00:52.8729	[Custom Actions]	[14]	[Debug]	Code execution scope ended	1603ms	b339b56c-99b3-4769-bc4c-f150ee7a920d
powershell.exe Information: 0 : 2018-10-18 01:00:52.8739	[Persist Template Info]	[14]	[Debug]	Code execution scope started	0ms	b339b56c-99b3-4769-bc4c-f150ee7a920d
powershell.exe Information: 0 : 2018-10-18 01:00:54.7274	[Persist Template Info]	[14]	[Debug]	Code execution scope ended	1853ms	b339b56c-99b3-4769-bc4c-f150ee7a920d
powershell.exe Information: 0 : 2018-10-18 01:00:54.7274	[Provisioning]	[14]	[Debug]	Code execution scope ended	60104ms	b339b56c-99b3-4769-bc4c-f150ee7a920d
