powershell.exe Information: 0 : 2018-10-21 23:17:34.2150	[OfficeDevPnP.Core]	[0]	[Information]	File Custom.QuickLaunch.Template.xml retrieved from folder 	0ms	
powershell.exe Information: 0 : 2018-10-21 23:17:34.2160	[OfficeDevPnP.Core]	[0]	[Information]	File Custom.QuickLaunch.Template.xml retrieved from folder 	0ms	
powershell.exe Information: 0 : 2018-10-21 23:17:34.2371	[Provisioning]	[14]	[Debug]	Code execution scope started	0ms	686b0b2c-0cdb-4f32-9527-04868426c5ff
powershell.exe Information: 0 : 2018-10-21 23:17:34.2371	[Provisioning]	[14]	[Information]	ProgressDelegate registered	0ms	686b0b2c-0cdb-4f32-9527-04868426c5ff
powershell.exe Information: 0 : 2018-10-21 23:17:34.2381	[Provisioning]	[14]	[Information]	MessagesDelegate registered	0ms	686b0b2c-0cdb-4f32-9527-04868426c5ff
powershell.exe Information: 0 : 2018-10-21 23:17:41.3586	[Extensibility Providers]	[14]	[Debug]	Code execution scope started	0ms	686b0b2c-0cdb-4f32-9527-04868426c5ff
powershell.exe Information: 0 : 2018-10-21 23:17:41.3586	[Extensibility Providers]	[14]	[Debug]	Code execution scope ended	0ms	686b0b2c-0cdb-4f32-9527-04868426c5ff
powershell.exe Information: 0 : 2018-10-21 23:17:41.6313	[Files]	[14]	[Debug]	Code execution scope started	0ms	686b0b2c-0cdb-4f32-9527-04868426c5ff
powershell.exe Information: 0 : 2018-10-21 23:17:54.6544	[OfficeDevPnP.Core]	[0]	[Information]	Creating folder 'QuickLaunch' under List '/sites/brandme/Style Library'.	0ms	
powershell.exe Information: 0 : 2018-10-21 23:17:55.2157	[OfficeDevPnP.Core]	[0]	[Information]	File left-nav-override.js retrieved from folder 	0ms	
powershell.exe Information: 0 : 2018-10-21 23:17:55.2157	[Files]	[14]	[Debug]	Uploading file left-nav-override.js	13584ms	686b0b2c-0cdb-4f32-9527-04868426c5ff
powershell.exe Information: 0 : 2018-10-21 23:17:55.2162	[OfficeDevPnP.Core]	[0]	[Debug]	Creating file info with Url 'left-nav-override.js'	0ms	
powershell.exe Information: 0 : 2018-10-21 23:17:55.9165	[OfficeDevPnP.Core]	[0]	[Debug]	Checking in file 'left-nav-override.js'	0ms	
powershell.exe Information: 0 : 2018-10-21 23:17:56.1215	[OfficeDevPnP.Core]	[0]	[Debug]	Publishing file 'left-nav-override.js'	0ms	
powershell.exe Information: 0 : 2018-10-21 23:17:56.7617	[OfficeDevPnP.Core]	[0]	[Information]	File Custom-Script-Action.js retrieved from folder 	0ms	
powershell.exe Information: 0 : 2018-10-21 23:17:56.7617	[Files]	[14]	[Debug]	Uploading file Custom-Script-Action.js	15131ms	686b0b2c-0cdb-4f32-9527-04868426c5ff
powershell.exe Information: 0 : 2018-10-21 23:17:56.7627	[OfficeDevPnP.Core]	[0]	[Debug]	Creating file info with Url 'Custom-Script-Action.js'	0ms	
powershell.exe Information: 0 : 2018-10-21 23:17:57.2754	[OfficeDevPnP.Core]	[0]	[Debug]	Checking in file 'Custom-Script-Action.js'	0ms	
powershell.exe Information: 0 : 2018-10-21 23:17:57.4789	[OfficeDevPnP.Core]	[0]	[Debug]	Publishing file 'Custom-Script-Action.js'	0ms	
powershell.exe Information: 0 : 2018-10-21 23:17:57.6596	[Files]	[14]	[Debug]	Code execution scope ended	16028ms	686b0b2c-0cdb-4f32-9527-04868426c5ff
powershell.exe Information: 0 : 2018-10-21 23:17:57.7280	[Tenant Settings]	[14]	[Debug]	Code execution scope started	0ms	686b0b2c-0cdb-4f32-9527-04868426c5ff
powershell.exe Information: 0 : 2018-10-21 23:17:57.7300	[Tenant Settings]	[14]	[Debug]	Code execution scope ended	1ms	686b0b2c-0cdb-4f32-9527-04868426c5ff
powershell.exe Information: 0 : 2018-10-21 23:17:57.7500	[Application Lifecycle Management]	[14]	[Debug]	Code execution scope started	0ms	686b0b2c-0cdb-4f32-9527-04868426c5ff
powershell.exe Information: 0 : 2018-10-21 23:17:57.7500	[Application Lifecycle Management]	[14]	[Debug]	Code execution scope ended	0ms	686b0b2c-0cdb-4f32-9527-04868426c5ff
powershell.exe Information: 0 : 2018-10-21 23:17:57.7675	[Custom Actions]	[14]	[Debug]	Code execution scope started	0ms	686b0b2c-0cdb-4f32-9527-04868426c5ff
powershell.exe Information: 0 : 2018-10-21 23:17:57.8845	[Custom Actions]	[14]	[Debug]	Adding custom action 'QL_Dropdown' to scope Site	116ms	686b0b2c-0cdb-4f32-9527-04868426c5ff
powershell.exe Information: 0 : 2018-10-21 23:17:58.2222	[Custom Actions]	[14]	[Debug]	Code execution scope ended	454ms	686b0b2c-0cdb-4f32-9527-04868426c5ff
powershell.exe Information: 0 : 2018-10-21 23:17:58.2232	[Persist Template Info]	[14]	[Debug]	Code execution scope started	0ms	686b0b2c-0cdb-4f32-9527-04868426c5ff
powershell.exe Information: 0 : 2018-10-21 23:17:58.9598	[Persist Template Info]	[14]	[Debug]	Code execution scope ended	736ms	686b0b2c-0cdb-4f32-9527-04868426c5ff
powershell.exe Information: 0 : 2018-10-21 23:17:58.9603	[Provisioning]	[14]	[Debug]	Code execution scope ended	24722ms	686b0b2c-0cdb-4f32-9527-04868426c5ff
