powershell.exe Information: 0 : 2018-10-24 14:52:13.1832	[OfficeDevPnP.Core]	[0]	[Information]	File Custom.QuickLaunch.Template.xml retrieved from folder 	0ms	
powershell.exe Information: 0 : 2018-10-24 14:52:13.1852	[OfficeDevPnP.Core]	[0]	[Information]	File Custom.QuickLaunch.Template.xml retrieved from folder 	0ms	
powershell.exe Information: 0 : 2018-10-24 14:52:13.2182	[Provisioning]	[14]	[Debug]	Code execution scope started	0ms	e636bc71-df06-46f1-b505-2244139013e7
powershell.exe Information: 0 : 2018-10-24 14:52:13.2182	[Provisioning]	[14]	[Information]	ProgressDelegate registered	0ms	e636bc71-df06-46f1-b505-2244139013e7
powershell.exe Information: 0 : 2018-10-24 14:52:13.2212	[Provisioning]	[14]	[Information]	MessagesDelegate registered	2ms	e636bc71-df06-46f1-b505-2244139013e7
powershell.exe Information: 0 : 2018-10-24 14:52:20.4764	[Extensibility Providers]	[14]	[Debug]	Code execution scope started	0ms	e636bc71-df06-46f1-b505-2244139013e7
powershell.exe Information: 0 : 2018-10-24 14:52:20.4764	[Extensibility Providers]	[14]	[Debug]	Code execution scope ended	0ms	e636bc71-df06-46f1-b505-2244139013e7
powershell.exe Information: 0 : 2018-10-24 14:52:20.6136	[Files]	[14]	[Debug]	Code execution scope started	0ms	e636bc71-df06-46f1-b505-2244139013e7
powershell.exe Information: 0 : 2018-10-24 14:52:33.8699	[OfficeDevPnP.Core]	[0]	[Information]	Creating folder 'QuickLaunch' under List '/sites/brandme/Style Library'.	0ms	
powershell.exe Information: 0 : 2018-10-24 14:52:34.7656	[OfficeDevPnP.Core]	[0]	[Information]	File left-nav-override.js retrieved from folder 	0ms	
powershell.exe Information: 0 : 2018-10-24 14:52:34.7656	[Files]	[14]	[Debug]	Uploading file left-nav-override.js	14152ms	e636bc71-df06-46f1-b505-2244139013e7
powershell.exe Information: 0 : 2018-10-24 14:52:34.7666	[OfficeDevPnP.Core]	[0]	[Debug]	Creating file info with Url 'left-nav-override.js'	0ms	
powershell.exe Information: 0 : 2018-10-24 14:52:35.5404	[OfficeDevPnP.Core]	[0]	[Debug]	Checking in file 'left-nav-override.js'	0ms	
powershell.exe Information: 0 : 2018-10-24 14:52:35.7265	[OfficeDevPnP.Core]	[0]	[Debug]	Publishing file 'left-nav-override.js'	0ms	
powershell.exe Information: 0 : 2018-10-24 14:52:36.4136	[OfficeDevPnP.Core]	[0]	[Information]	File left-nav-override.css retrieved from folder 	0ms	
powershell.exe Information: 0 : 2018-10-24 14:52:36.4136	[Files]	[14]	[Debug]	Uploading file left-nav-override.css	15799ms	e636bc71-df06-46f1-b505-2244139013e7
powershell.exe Information: 0 : 2018-10-24 14:52:36.4136	[OfficeDevPnP.Core]	[0]	[Debug]	Creating file info with Url 'left-nav-override.css'	0ms	
powershell.exe Information: 0 : 2018-10-24 14:52:36.9694	[OfficeDevPnP.Core]	[0]	[Debug]	Checking in file 'left-nav-override.css'	0ms	
powershell.exe Information: 0 : 2018-10-24 14:52:37.4224	[OfficeDevPnP.Core]	[0]	[Debug]	Publishing file 'left-nav-override.css'	0ms	
powershell.exe Information: 0 : 2018-10-24 14:52:38.1949	[OfficeDevPnP.Core]	[0]	[Information]	File Custom-Script-Action.js retrieved from folder 	0ms	
powershell.exe Information: 0 : 2018-10-24 14:52:38.1959	[Files]	[14]	[Debug]	Uploading file Custom-Script-Action.js	17582ms	e636bc71-df06-46f1-b505-2244139013e7
powershell.exe Information: 0 : 2018-10-24 14:52:38.1970	[OfficeDevPnP.Core]	[0]	[Debug]	Creating file info with Url 'Custom-Script-Action.js'	0ms	
powershell.exe Information: 0 : 2018-10-24 14:52:38.8592	[OfficeDevPnP.Core]	[0]	[Debug]	Checking in file 'Custom-Script-Action.js'	0ms	
powershell.exe Information: 0 : 2018-10-24 14:52:39.0584	[OfficeDevPnP.Core]	[0]	[Debug]	Publishing file 'Custom-Script-Action.js'	0ms	
powershell.exe Information: 0 : 2018-10-24 14:52:40.0390	[OfficeDevPnP.Core]	[0]	[Information]	File jquery-ui.min.js retrieved from folder 	0ms	
powershell.exe Information: 0 : 2018-10-24 14:52:40.0390	[Files]	[14]	[Debug]	Uploading file jquery-ui.min.js	19425ms	e636bc71-df06-46f1-b505-2244139013e7
powershell.exe Information: 0 : 2018-10-24 14:52:40.0390	[OfficeDevPnP.Core]	[0]	[Debug]	Creating file info with Url 'jquery-ui.min.js'	0ms	
powershell.exe Information: 0 : 2018-10-24 14:52:40.6861	[OfficeDevPnP.Core]	[0]	[Debug]	Checking in file 'jquery-ui.min.js'	0ms	
powershell.exe Information: 0 : 2018-10-24 14:52:40.9220	[OfficeDevPnP.Core]	[0]	[Debug]	Publishing file 'jquery-ui.min.js'	0ms	
powershell.exe Information: 0 : 2018-10-24 14:52:41.1140	[Files]	[14]	[Debug]	Code execution scope ended	20500ms	e636bc71-df06-46f1-b505-2244139013e7
powershell.exe Information: 0 : 2018-10-24 14:52:41.1560	[Tenant Settings]	[14]	[Debug]	Code execution scope started	0ms	e636bc71-df06-46f1-b505-2244139013e7
powershell.exe Information: 0 : 2018-10-24 14:52:41.1570	[Tenant Settings]	[14]	[Debug]	Code execution scope ended	0ms	e636bc71-df06-46f1-b505-2244139013e7
powershell.exe Information: 0 : 2018-10-24 14:52:41.1770	[Application Lifecycle Management]	[14]	[Debug]	Code execution scope started	0ms	e636bc71-df06-46f1-b505-2244139013e7
powershell.exe Information: 0 : 2018-10-24 14:52:41.1780	[Application Lifecycle Management]	[14]	[Debug]	Code execution scope ended	1ms	e636bc71-df06-46f1-b505-2244139013e7
powershell.exe Information: 0 : 2018-10-24 14:52:41.2030	[Custom Actions]	[14]	[Debug]	Code execution scope started	0ms	e636bc71-df06-46f1-b505-2244139013e7
powershell.exe Information: 0 : 2018-10-24 14:52:41.3187	[Custom Actions]	[14]	[Debug]	Adding custom action 'QL_Dropdown' to scope Site	115ms	e636bc71-df06-46f1-b505-2244139013e7
powershell.exe Information: 0 : 2018-10-24 14:52:41.7087	[Custom Actions]	[14]	[Debug]	Code execution scope ended	505ms	e636bc71-df06-46f1-b505-2244139013e7
powershell.exe Information: 0 : 2018-10-24 14:52:41.7097	[Persist Template Info]	[14]	[Debug]	Code execution scope started	0ms	e636bc71-df06-46f1-b505-2244139013e7
powershell.exe Information: 0 : 2018-10-24 14:52:42.4406	[Persist Template Info]	[14]	[Debug]	Code execution scope ended	731ms	e636bc71-df06-46f1-b505-2244139013e7
powershell.exe Information: 0 : 2018-10-24 14:52:42.4416	[Provisioning]	[14]	[Debug]	Code execution scope ended	29223ms	e636bc71-df06-46f1-b505-2244139013e7
