powershell.exe Information: 0 : 2018-10-24 20:29:27.0761	[OfficeDevPnP.Core]	[0]	[Information]	File Custom.QuickLaunch.Template.xml retrieved from folder 	0ms	
powershell.exe Information: 0 : 2018-10-24 20:29:27.0770	[OfficeDevPnP.Core]	[0]	[Information]	File Custom.QuickLaunch.Template.xml retrieved from folder 	0ms	
powershell.exe Information: 0 : 2018-10-24 20:29:27.0990	[Provisioning]	[14]	[Debug]	Code execution scope started	0ms	457a35db-201a-4f0a-bcb3-5808a356ee05
powershell.exe Information: 0 : 2018-10-24 20:29:27.0990	[Provisioning]	[14]	[Information]	ProgressDelegate registered	0ms	457a35db-201a-4f0a-bcb3-5808a356ee05
powershell.exe Information: 0 : 2018-10-24 20:29:27.1001	[Provisioning]	[14]	[Information]	MessagesDelegate registered	0ms	457a35db-201a-4f0a-bcb3-5808a356ee05
powershell.exe Information: 0 : 2018-10-24 20:29:34.1015	[Extensibility Providers]	[14]	[Debug]	Code execution scope started	0ms	457a35db-201a-4f0a-bcb3-5808a356ee05
powershell.exe Information: 0 : 2018-10-24 20:29:34.1025	[Extensibility Providers]	[14]	[Debug]	Code execution scope ended	0ms	457a35db-201a-4f0a-bcb3-5808a356ee05
powershell.exe Information: 0 : 2018-10-24 20:29:34.2251	[Files]	[14]	[Debug]	Code execution scope started	0ms	457a35db-201a-4f0a-bcb3-5808a356ee05
powershell.exe Information: 0 : 2018-10-24 20:29:46.1583	[OfficeDevPnP.Core]	[0]	[Information]	Creating folder 'QuickLaunch' under List '/sites/brandme/Style Library'.	0ms	
powershell.exe Information: 0 : 2018-10-24 20:29:46.7889	[OfficeDevPnP.Core]	[0]	[Information]	File left-nav-override.js retrieved from folder 	0ms	
powershell.exe Information: 0 : 2018-10-24 20:29:46.7899	[Files]	[14]	[Debug]	Uploading file left-nav-override.js	12564ms	457a35db-201a-4f0a-bcb3-5808a356ee05
powershell.exe Information: 0 : 2018-10-24 20:29:46.7899	[OfficeDevPnP.Core]	[0]	[Debug]	Creating file info with Url 'left-nav-override.js'	0ms	
powershell.exe Information: 0 : 2018-10-24 20:29:47.3965	[OfficeDevPnP.Core]	[0]	[Debug]	Checking in file 'left-nav-override.js'	0ms	
powershell.exe Information: 0 : 2018-10-24 20:29:47.5840	[OfficeDevPnP.Core]	[0]	[Debug]	Publishing file 'left-nav-override.js'	0ms	
powershell.exe Information: 0 : 2018-10-24 20:29:48.3746	[OfficeDevPnP.Core]	[0]	[Information]	File left-nav-override.css retrieved from folder 	0ms	
powershell.exe Information: 0 : 2018-10-24 20:29:48.3746	[Files]	[14]	[Debug]	Uploading file left-nav-override.css	14149ms	457a35db-201a-4f0a-bcb3-5808a356ee05
powershell.exe Information: 0 : 2018-10-24 20:29:48.3746	[OfficeDevPnP.Core]	[0]	[Debug]	Creating file info with Url 'left-nav-override.css'	0ms	
powershell.exe Information: 0 : 2018-10-24 20:29:49.1782	[OfficeDevPnP.Core]	[0]	[Debug]	Checking in file 'left-nav-override.css'	0ms	
powershell.exe Information: 0 : 2018-10-24 20:29:49.3637	[OfficeDevPnP.Core]	[0]	[Debug]	Publishing file 'left-nav-override.css'	0ms	
powershell.exe Information: 0 : 2018-10-24 20:29:49.9572	[OfficeDevPnP.Core]	[0]	[Information]	File Custom-Script-Action.js retrieved from folder 	0ms	
powershell.exe Information: 0 : 2018-10-24 20:29:49.9577	[Files]	[14]	[Debug]	Uploading file Custom-Script-Action.js	15732ms	457a35db-201a-4f0a-bcb3-5808a356ee05
powershell.exe Information: 0 : 2018-10-24 20:29:49.9582	[OfficeDevPnP.Core]	[0]	[Debug]	Creating file info with Url 'Custom-Script-Action.js'	0ms	
powershell.exe Information: 0 : 2018-10-24 20:29:50.5772	[OfficeDevPnP.Core]	[0]	[Debug]	Checking in file 'Custom-Script-Action.js'	0ms	
powershell.exe Information: 0 : 2018-10-24 20:29:50.7647	[OfficeDevPnP.Core]	[0]	[Debug]	Publishing file 'Custom-Script-Action.js'	0ms	
powershell.exe Information: 0 : 2018-10-24 20:29:50.9427	[Files]	[14]	[Debug]	Code execution scope ended	16717ms	457a35db-201a-4f0a-bcb3-5808a356ee05
powershell.exe Information: 0 : 2018-10-24 20:29:50.9917	[Tenant Settings]	[14]	[Debug]	Code execution scope started	0ms	457a35db-201a-4f0a-bcb3-5808a356ee05
powershell.exe Information: 0 : 2018-10-24 20:29:50.9932	[Tenant Settings]	[14]	[Debug]	Code execution scope ended	1ms	457a35db-201a-4f0a-bcb3-5808a356ee05
powershell.exe Information: 0 : 2018-10-24 20:29:51.0102	[Application Lifecycle Management]	[14]	[Debug]	Code execution scope started	0ms	457a35db-201a-4f0a-bcb3-5808a356ee05
powershell.exe Information: 0 : 2018-10-24 20:29:51.0108	[Application Lifecycle Management]	[14]	[Debug]	Code execution scope ended	0ms	457a35db-201a-4f0a-bcb3-5808a356ee05
powershell.exe Information: 0 : 2018-10-24 20:29:51.0292	[Custom Actions]	[14]	[Debug]	Code execution scope started	0ms	457a35db-201a-4f0a-bcb3-5808a356ee05
powershell.exe Information: 0 : 2018-10-24 20:29:51.1927	[Custom Actions]	[14]	[Debug]	Adding custom action 'QL_Dropdown' to scope Site	164ms	457a35db-201a-4f0a-bcb3-5808a356ee05
powershell.exe Information: 0 : 2018-10-24 20:29:51.7367	[Custom Actions]	[14]	[Debug]	Code execution scope ended	707ms	457a35db-201a-4f0a-bcb3-5808a356ee05
powershell.exe Information: 0 : 2018-10-24 20:29:51.7367	[Persist Template Info]	[14]	[Debug]	Code execution scope started	0ms	457a35db-201a-4f0a-bcb3-5808a356ee05
powershell.exe Information: 0 : 2018-10-24 20:29:52.4178	[Persist Template Info]	[14]	[Debug]	Code execution scope ended	680ms	457a35db-201a-4f0a-bcb3-5808a356ee05
powershell.exe Information: 0 : 2018-10-24 20:29:52.4178	[Provisioning]	[14]	[Debug]	Code execution scope ended	25318ms	457a35db-201a-4f0a-bcb3-5808a356ee05
