powershell.exe Information: 0 : 2018-10-25 04:49:21.8318	[OfficeDevPnP.Core]	[0]	[Information]	File Custom.QuickLaunch.Template.xml retrieved from folder 	0ms	
powershell.exe Information: 0 : 2018-10-25 04:49:21.8329	[OfficeDevPnP.Core]	[0]	[Information]	File Custom.QuickLaunch.Template.xml retrieved from folder 	0ms	
powershell.exe Information: 0 : 2018-10-25 04:49:21.8499	[Provisioning]	[14]	[Debug]	Code execution scope started	0ms	1988e880-dfb2-4e5e-93c2-0164d8adc9ae
powershell.exe Information: 0 : 2018-10-25 04:49:21.8509	[Provisioning]	[14]	[Information]	ProgressDelegate registered	0ms	1988e880-dfb2-4e5e-93c2-0164d8adc9ae
powershell.exe Information: 0 : 2018-10-25 04:49:21.8529	[Provisioning]	[14]	[Information]	MessagesDelegate registered	2ms	1988e880-dfb2-4e5e-93c2-0164d8adc9ae
powershell.exe Information: 0 : 2018-10-25 04:49:28.5563	[Extensibility Providers]	[14]	[Debug]	Code execution scope started	0ms	1988e880-dfb2-4e5e-93c2-0164d8adc9ae
powershell.exe Information: 0 : 2018-10-25 04:49:28.5563	[Extensibility Providers]	[14]	[Debug]	Code execution scope ended	0ms	1988e880-dfb2-4e5e-93c2-0164d8adc9ae
powershell.exe Information: 0 : 2018-10-25 04:49:28.6868	[Files]	[14]	[Debug]	Code execution scope started	0ms	1988e880-dfb2-4e5e-93c2-0164d8adc9ae
powershell.exe Information: 0 : 2018-10-25 04:49:40.8362	[OfficeDevPnP.Core]	[0]	[Information]	Creating folder 'QuickLaunch' under List '/sites/brandme/Style Library'.	0ms	
powershell.exe Information: 0 : 2018-10-25 04:49:41.4207	[OfficeDevPnP.Core]	[0]	[Information]	File left-nav-override.js retrieved from folder 	0ms	
powershell.exe Information: 0 : 2018-10-25 04:49:41.4207	[Files]	[14]	[Debug]	Uploading file left-nav-override.js	12734ms	1988e880-dfb2-4e5e-93c2-0164d8adc9ae
powershell.exe Information: 0 : 2018-10-25 04:49:41.4217	[OfficeDevPnP.Core]	[0]	[Debug]	Creating file info with Url 'left-nav-override.js'	0ms	
powershell.exe Information: 0 : 2018-10-25 04:49:42.1074	[OfficeDevPnP.Core]	[0]	[Debug]	Checking in file 'left-nav-override.js'	0ms	
powershell.exe Information: 0 : 2018-10-25 04:49:42.2934	[OfficeDevPnP.Core]	[0]	[Debug]	Publishing file 'left-nav-override.js'	0ms	
powershell.exe Information: 0 : 2018-10-25 04:49:43.1583	[OfficeDevPnP.Core]	[0]	[Information]	File left-nav-override.css retrieved from folder 	0ms	
powershell.exe Information: 0 : 2018-10-25 04:49:43.1583	[Files]	[14]	[Debug]	Uploading file left-nav-override.css	14471ms	1988e880-dfb2-4e5e-93c2-0164d8adc9ae
powershell.exe Information: 0 : 2018-10-25 04:49:43.1583	[OfficeDevPnP.Core]	[0]	[Debug]	Creating file info with Url 'left-nav-override.css'	0ms	
powershell.exe Information: 0 : 2018-10-25 04:49:43.8539	[OfficeDevPnP.Core]	[0]	[Debug]	Checking in file 'left-nav-override.css'	0ms	
powershell.exe Information: 0 : 2018-10-25 04:49:44.0675	[OfficeDevPnP.Core]	[0]	[Debug]	Publishing file 'left-nav-override.css'	0ms	
powershell.exe Information: 0 : 2018-10-25 04:49:44.6948	[OfficeDevPnP.Core]	[0]	[Information]	File Custom-Script-Action.js retrieved from folder 	0ms	
powershell.exe Information: 0 : 2018-10-25 04:49:44.6958	[Files]	[14]	[Debug]	Uploading file Custom-Script-Action.js	16009ms	1988e880-dfb2-4e5e-93c2-0164d8adc9ae
powershell.exe Information: 0 : 2018-10-25 04:49:44.6968	[OfficeDevPnP.Core]	[0]	[Debug]	Creating file info with Url 'Custom-Script-Action.js'	0ms	
powershell.exe Information: 0 : 2018-10-25 04:49:45.2667	[OfficeDevPnP.Core]	[0]	[Debug]	Checking in file 'Custom-Script-Action.js'	0ms	
powershell.exe Information: 0 : 2018-10-25 04:49:45.4459	[OfficeDevPnP.Core]	[0]	[Debug]	Publishing file 'Custom-Script-Action.js'	0ms	
powershell.exe Information: 0 : 2018-10-25 04:49:46.0878	[Files]	[14]	[Debug]	Uploading and overwriting existing file connectslogo(78px).png	17400ms	1988e880-dfb2-4e5e-93c2-0164d8adc9ae
powershell.exe Information: 0 : 2018-10-25 04:49:46.3339	[OfficeDevPnP.Core]	[0]	[Information]	File connectslogo(78px).png retrieved from folder 	0ms	
powershell.exe Information: 0 : 2018-10-25 04:49:46.3339	[OfficeDevPnP.Core]	[0]	[Debug]	Creating file info with Url 'connectslogo(78px).png'	0ms	
powershell.exe Information: 0 : 2018-10-25 04:49:48.6499	[OfficeDevPnP.Core]	[0]	[Debug]	Checking in file 'connectslogo(78px).png'	0ms	
powershell.exe Information: 0 : 2018-10-25 04:49:48.8472	[OfficeDevPnP.Core]	[0]	[Debug]	Publishing file 'connectslogo(78px).png'	0ms	
powershell.exe Information: 0 : 2018-10-25 04:49:49.5262	[Files]	[14]	[Debug]	Uploading and overwriting existing file Waypoint-Logo_color.png	20839ms	1988e880-dfb2-4e5e-93c2-0164d8adc9ae
powershell.exe Information: 0 : 2018-10-25 04:49:49.6822	[OfficeDevPnP.Core]	[0]	[Information]	File Waypoint-Logo_color.png retrieved from folder 	0ms	
powershell.exe Information: 0 : 2018-10-25 04:49:49.6822	[OfficeDevPnP.Core]	[0]	[Debug]	Creating file info with Url 'Waypoint-Logo_color.png'	0ms	
powershell.exe Information: 0 : 2018-10-25 04:49:50.2494	[OfficeDevPnP.Core]	[0]	[Debug]	Checking in file 'Waypoint-Logo_color.png'	0ms	
powershell.exe Information: 0 : 2018-10-25 04:49:50.4400	[OfficeDevPnP.Core]	[0]	[Debug]	Publishing file 'Waypoint-Logo_color.png'	0ms	
powershell.exe Information: 0 : 2018-10-25 04:49:50.6570	[Files]	[14]	[Debug]	Code execution scope ended	21970ms	1988e880-dfb2-4e5e-93c2-0164d8adc9ae
powershell.exe Information: 0 : 2018-10-25 04:49:50.6980	[Tenant Settings]	[14]	[Debug]	Code execution scope started	0ms	1988e880-dfb2-4e5e-93c2-0164d8adc9ae
powershell.exe Information: 0 : 2018-10-25 04:49:50.6980	[Tenant Settings]	[14]	[Debug]	Code execution scope ended	0ms	1988e880-dfb2-4e5e-93c2-0164d8adc9ae
powershell.exe Information: 0 : 2018-10-25 04:49:50.7210	[Application Lifecycle Management]	[14]	[Debug]	Code execution scope started	0ms	1988e880-dfb2-4e5e-93c2-0164d8adc9ae
powershell.exe Information: 0 : 2018-10-25 04:49:50.7210	[Application Lifecycle Management]	[14]	[Debug]	Code execution scope ended	0ms	1988e880-dfb2-4e5e-93c2-0164d8adc9ae
powershell.exe Information: 0 : 2018-10-25 04:49:50.7380	[Custom Actions]	[14]	[Debug]	Code execution scope started	0ms	1988e880-dfb2-4e5e-93c2-0164d8adc9ae
powershell.exe Information: 0 : 2018-10-25 04:49:50.8523	[Custom Actions]	[14]	[Debug]	Adding custom action 'QL_Dropdown' to scope Site	113ms	1988e880-dfb2-4e5e-93c2-0164d8adc9ae
powershell.exe Information: 0 : 2018-10-25 04:49:51.5397	[Custom Actions]	[14]	[Debug]	Code execution scope ended	801ms	1988e880-dfb2-4e5e-93c2-0164d8adc9ae
powershell.exe Information: 0 : 2018-10-25 04:49:51.5407	[Persist Template Info]	[14]	[Debug]	Code execution scope started	0ms	1988e880-dfb2-4e5e-93c2-0164d8adc9ae
powershell.exe Information: 0 : 2018-10-25 04:49:52.2859	[Persist Template Info]	[14]	[Debug]	Code execution scope ended	745ms	1988e880-dfb2-4e5e-93c2-0164d8adc9ae
powershell.exe Information: 0 : 2018-10-25 04:49:52.2859	[Provisioning]	[14]	[Debug]	Code execution scope ended	30435ms	1988e880-dfb2-4e5e-93c2-0164d8adc9ae
