powershell.exe Information: 0 : 2018-10-21 22:14:43.2980	[OfficeDevPnP.Core]	[0]	[Information]	File Custom.QuickLaunch.Template.xml retrieved from folder 	0ms	
powershell.exe Information: 0 : 2018-10-21 22:14:43.3040	[OfficeDevPnP.Core]	[0]	[Information]	File Custom.QuickLaunch.Template.xml retrieved from folder 	0ms	
powershell.exe Information: 0 : 2018-10-21 22:14:43.3540	[Provisioning]	[14]	[Debug]	Code execution scope started	0ms	3e055782-04cd-4c70-8b3c-849ff4313034
powershell.exe Information: 0 : 2018-10-21 22:14:43.3540	[Provisioning]	[14]	[Information]	ProgressDelegate registered	0ms	3e055782-04cd-4c70-8b3c-849ff4313034
powershell.exe Information: 0 : 2018-10-21 22:14:43.3551	[Provisioning]	[14]	[Information]	MessagesDelegate registered	0ms	3e055782-04cd-4c70-8b3c-849ff4313034
powershell.exe Information: 0 : 2018-10-21 22:14:50.7664	[Extensibility Providers]	[14]	[Debug]	Code execution scope started	0ms	3e055782-04cd-4c70-8b3c-849ff4313034
powershell.exe Information: 0 : 2018-10-21 22:14:50.7664	[Extensibility Providers]	[14]	[Debug]	Code execution scope ended	0ms	3e055782-04cd-4c70-8b3c-849ff4313034
powershell.exe Information: 0 : 2018-10-21 22:14:50.9051	[Files]	[14]	[Debug]	Code execution scope started	0ms	3e055782-04cd-4c70-8b3c-849ff4313034
powershell.exe Information: 0 : 2018-10-21 22:15:06.2618	[OfficeDevPnP.Core]	[0]	[Information]	Creating folder 'QuickLaunch' under List '/sites/brandme/Style Library'.	0ms	
powershell.exe Information: 0 : 2018-10-21 22:15:06.8495	[OfficeDevPnP.Core]	[0]	[Information]	File left-nav-override.js retrieved from folder 	0ms	
powershell.exe Information: 0 : 2018-10-21 22:15:06.8495	[Files]	[14]	[Debug]	Uploading file left-nav-override.js	15944ms	3e055782-04cd-4c70-8b3c-849ff4313034
powershell.exe Information: 0 : 2018-10-21 22:15:06.8500	[OfficeDevPnP.Core]	[0]	[Debug]	Creating file info with Url 'left-nav-override.js'	0ms	
powershell.exe Information: 0 : 2018-10-21 22:15:07.4980	[OfficeDevPnP.Core]	[0]	[Debug]	Checking in file 'left-nav-override.js'	0ms	
powershell.exe Information: 0 : 2018-10-21 22:15:07.7122	[OfficeDevPnP.Core]	[0]	[Debug]	Publishing file 'left-nav-override.js'	0ms	
powershell.exe Information: 0 : 2018-10-21 22:15:08.4247	[OfficeDevPnP.Core]	[0]	[Information]	File Custom-Script-Action.js retrieved from folder 	0ms	
powershell.exe Information: 0 : 2018-10-21 22:15:08.4247	[Files]	[14]	[Debug]	Uploading file Custom-Script-Action.js	17519ms	3e055782-04cd-4c70-8b3c-849ff4313034
powershell.exe Information: 0 : 2018-10-21 22:15:08.4252	[OfficeDevPnP.Core]	[0]	[Debug]	Creating file info with Url 'Custom-Script-Action.js'	0ms	
powershell.exe Information: 0 : 2018-10-21 22:15:09.0897	[OfficeDevPnP.Core]	[0]	[Debug]	Checking in file 'Custom-Script-Action.js'	0ms	
powershell.exe Information: 0 : 2018-10-21 22:15:09.2819	[OfficeDevPnP.Core]	[0]	[Debug]	Publishing file 'Custom-Script-Action.js'	0ms	
powershell.exe Information: 0 : 2018-10-21 22:15:09.4573	[Files]	[14]	[Debug]	Code execution scope ended	18552ms	3e055782-04cd-4c70-8b3c-849ff4313034
powershell.exe Information: 0 : 2018-10-21 22:15:09.5339	[Tenant Settings]	[14]	[Debug]	Code execution scope started	0ms	3e055782-04cd-4c70-8b3c-849ff4313034
powershell.exe Information: 0 : 2018-10-21 22:15:09.5348	[Tenant Settings]	[14]	[Debug]	Code execution scope ended	0ms	3e055782-04cd-4c70-8b3c-849ff4313034
powershell.exe Information: 0 : 2018-10-21 22:15:09.5799	[Application Lifecycle Management]	[14]	[Debug]	Code execution scope started	0ms	3e055782-04cd-4c70-8b3c-849ff4313034
powershell.exe Information: 0 : 2018-10-21 22:15:09.5809	[Application Lifecycle Management]	[14]	[Debug]	Code execution scope ended	0ms	3e055782-04cd-4c70-8b3c-849ff4313034
powershell.exe Information: 0 : 2018-10-21 22:15:09.6009	[Custom Actions]	[14]	[Debug]	Code execution scope started	0ms	3e055782-04cd-4c70-8b3c-849ff4313034
powershell.exe Information: 0 : 2018-10-21 22:15:09.7239	[Custom Actions]	[14]	[Debug]	Adding custom action 'QL_Dropdown' to scope Site	123ms	3e055782-04cd-4c70-8b3c-849ff4313034
powershell.exe Information: 0 : 2018-10-21 22:15:10.0661	[Custom Actions]	[14]	[Debug]	Code execution scope ended	465ms	3e055782-04cd-4c70-8b3c-849ff4313034
powershell.exe Information: 0 : 2018-10-21 22:15:10.0671	[Persist Template Info]	[14]	[Debug]	Code execution scope started	0ms	3e055782-04cd-4c70-8b3c-849ff4313034
powershell.exe Information: 0 : 2018-10-21 22:15:10.8327	[Persist Template Info]	[14]	[Debug]	Code execution scope ended	765ms	3e055782-04cd-4c70-8b3c-849ff4313034
powershell.exe Information: 0 : 2018-10-21 22:15:10.8327	[Provisioning]	[14]	[Debug]	Code execution scope ended	27478ms	3e055782-04cd-4c70-8b3c-849ff4313034
