powershell.exe Information: 0 : 2018-10-24 17:31:08.7591	[OfficeDevPnP.Core]	[0]	[Information]	File Custom.QuickLaunch.Template.xml retrieved from folder 	0ms	
powershell.exe Information: 0 : 2018-10-24 17:31:08.7601	[OfficeDevPnP.Core]	[0]	[Information]	File Custom.QuickLaunch.Template.xml retrieved from folder 	0ms	
powershell.exe Information: 0 : 2018-10-24 17:31:08.7876	[Provisioning]	[14]	[Debug]	Code execution scope started	0ms	babfa8de-d0ee-400d-b2b3-94da2b4ec3e0
powershell.exe Information: 0 : 2018-10-24 17:31:08.7881	[Provisioning]	[14]	[Information]	ProgressDelegate registered	0ms	babfa8de-d0ee-400d-b2b3-94da2b4ec3e0
powershell.exe Information: 0 : 2018-10-24 17:31:08.7896	[Provisioning]	[14]	[Information]	MessagesDelegate registered	1ms	babfa8de-d0ee-400d-b2b3-94da2b4ec3e0
powershell.exe Information: 0 : 2018-10-24 17:31:16.4096	[Extensibility Providers]	[14]	[Debug]	Code execution scope started	0ms	babfa8de-d0ee-400d-b2b3-94da2b4ec3e0
powershell.exe Information: 0 : 2018-10-24 17:31:16.4101	[Extensibility Providers]	[14]	[Debug]	Code execution scope ended	0ms	babfa8de-d0ee-400d-b2b3-94da2b4ec3e0
powershell.exe Information: 0 : 2018-10-24 17:31:16.5500	[Files]	[14]	[Debug]	Code execution scope started	0ms	babfa8de-d0ee-400d-b2b3-94da2b4ec3e0
powershell.exe Information: 0 : 2018-10-24 17:31:28.5555	[OfficeDevPnP.Core]	[0]	[Information]	Creating folder 'QuickLaunch' under List '/sites/brandme/Style Library'.	0ms	
powershell.exe Information: 0 : 2018-10-24 17:31:29.1957	[OfficeDevPnP.Core]	[0]	[Information]	File left-nav-override.js retrieved from folder 	0ms	
powershell.exe Information: 0 : 2018-10-24 17:31:29.1957	[Files]	[14]	[Debug]	Uploading file left-nav-override.js	12645ms	babfa8de-d0ee-400d-b2b3-94da2b4ec3e0
powershell.exe Information: 0 : 2018-10-24 17:31:29.1962	[OfficeDevPnP.Core]	[0]	[Debug]	Creating file info with Url 'left-nav-override.js'	0ms	
powershell.exe Information: 0 : 2018-10-24 17:31:29.9511	[OfficeDevPnP.Core]	[0]	[Debug]	Checking in file 'left-nav-override.js'	0ms	
powershell.exe Information: 0 : 2018-10-24 17:31:30.1761	[OfficeDevPnP.Core]	[0]	[Debug]	Publishing file 'left-nav-override.js'	0ms	
powershell.exe Information: 0 : 2018-10-24 17:31:30.8168	[OfficeDevPnP.Core]	[0]	[Information]	File left-nav-override.css retrieved from folder 	0ms	
powershell.exe Information: 0 : 2018-10-24 17:31:30.8173	[Files]	[14]	[Debug]	Uploading file left-nav-override.css	14266ms	babfa8de-d0ee-400d-b2b3-94da2b4ec3e0
powershell.exe Information: 0 : 2018-10-24 17:31:30.8173	[OfficeDevPnP.Core]	[0]	[Debug]	Creating file info with Url 'left-nav-override.css'	0ms	
powershell.exe Information: 0 : 2018-10-24 17:31:31.5743	[OfficeDevPnP.Core]	[0]	[Debug]	Checking in file 'left-nav-override.css'	0ms	
powershell.exe Information: 0 : 2018-10-24 17:31:31.8408	[OfficeDevPnP.Core]	[0]	[Debug]	Publishing file 'left-nav-override.css'	0ms	
powershell.exe Information: 0 : 2018-10-24 17:31:32.5212	[OfficeDevPnP.Core]	[0]	[Information]	File Custom-Script-Action.js retrieved from folder 	0ms	
powershell.exe Information: 0 : 2018-10-24 17:31:32.5212	[Files]	[14]	[Debug]	Uploading file Custom-Script-Action.js	15971ms	babfa8de-d0ee-400d-b2b3-94da2b4ec3e0
powershell.exe Information: 0 : 2018-10-24 17:31:32.5217	[OfficeDevPnP.Core]	[0]	[Debug]	Creating file info with Url 'Custom-Script-Action.js'	0ms	
powershell.exe Information: 0 : 2018-10-24 17:31:33.1809	[OfficeDevPnP.Core]	[0]	[Debug]	Checking in file 'Custom-Script-Action.js'	0ms	
powershell.exe Information: 0 : 2018-10-24 17:31:33.4544	[OfficeDevPnP.Core]	[0]	[Debug]	Publishing file 'Custom-Script-Action.js'	0ms	
powershell.exe Information: 0 : 2018-10-24 17:31:33.6904	[Files]	[14]	[Debug]	Code execution scope ended	17140ms	babfa8de-d0ee-400d-b2b3-94da2b4ec3e0
powershell.exe Information: 0 : 2018-10-24 17:31:33.7284	[Tenant Settings]	[14]	[Debug]	Code execution scope started	0ms	babfa8de-d0ee-400d-b2b3-94da2b4ec3e0
powershell.exe Information: 0 : 2018-10-24 17:31:33.7289	[Tenant Settings]	[14]	[Debug]	Code execution scope ended	0ms	babfa8de-d0ee-400d-b2b3-94da2b4ec3e0
powershell.exe Information: 0 : 2018-10-24 17:31:33.7564	[Application Lifecycle Management]	[14]	[Debug]	Code execution scope started	0ms	babfa8de-d0ee-400d-b2b3-94da2b4ec3e0
powershell.exe Information: 0 : 2018-10-24 17:31:33.7569	[Application Lifecycle Management]	[14]	[Debug]	Code execution scope ended	0ms	babfa8de-d0ee-400d-b2b3-94da2b4ec3e0
powershell.exe Information: 0 : 2018-10-24 17:31:33.7824	[Custom Actions]	[14]	[Debug]	Code execution scope started	0ms	babfa8de-d0ee-400d-b2b3-94da2b4ec3e0
powershell.exe Information: 0 : 2018-10-24 17:31:33.9054	[Custom Actions]	[14]	[Debug]	Adding custom action 'QL_Dropdown' to scope Site	123ms	babfa8de-d0ee-400d-b2b3-94da2b4ec3e0
powershell.exe Information: 0 : 2018-10-24 17:31:34.2414	[Custom Actions]	[14]	[Debug]	Code execution scope ended	459ms	babfa8de-d0ee-400d-b2b3-94da2b4ec3e0
powershell.exe Information: 0 : 2018-10-24 17:31:34.2424	[Persist Template Info]	[14]	[Debug]	Code execution scope started	0ms	babfa8de-d0ee-400d-b2b3-94da2b4ec3e0
powershell.exe Information: 0 : 2018-10-24 17:31:35.0190	[Persist Template Info]	[14]	[Debug]	Code execution scope ended	776ms	babfa8de-d0ee-400d-b2b3-94da2b4ec3e0
powershell.exe Information: 0 : 2018-10-24 17:31:35.0195	[Provisioning]	[14]	[Debug]	Code execution scope ended	26231ms	babfa8de-d0ee-400d-b2b3-94da2b4ec3e0
