powershell.exe Information: 0 : 2018-10-24 19:11:33.9047	[OfficeDevPnP.Core]	[0]	[Information]	File Custom.QuickLaunch.Template.xml retrieved from folder 	0ms	
powershell.exe Information: 0 : 2018-10-24 19:11:33.9057	[OfficeDevPnP.Core]	[0]	[Information]	File Custom.QuickLaunch.Template.xml retrieved from folder 	0ms	
powershell.exe Information: 0 : 2018-10-24 19:11:33.9247	[Provisioning]	[14]	[Debug]	Code execution scope started	0ms	a5ca3b49-6eac-4e90-bdc6-68e7b79757eb
powershell.exe Information: 0 : 2018-10-24 19:11:33.9247	[Provisioning]	[14]	[Information]	ProgressDelegate registered	0ms	a5ca3b49-6eac-4e90-bdc6-68e7b79757eb
powershell.exe Information: 0 : 2018-10-24 19:11:33.9257	[Provisioning]	[14]	[Information]	MessagesDelegate registered	0ms	a5ca3b49-6eac-4e90-bdc6-68e7b79757eb
powershell.exe Information: 0 : 2018-10-24 19:11:40.6710	[Extensibility Providers]	[14]	[Debug]	Code execution scope started	0ms	a5ca3b49-6eac-4e90-bdc6-68e7b79757eb
powershell.exe Information: 0 : 2018-10-24 19:11:40.6710	[Extensibility Providers]	[14]	[Debug]	Code execution scope ended	0ms	a5ca3b49-6eac-4e90-bdc6-68e7b79757eb
powershell.exe Information: 0 : 2018-10-24 19:11:40.8000	[Files]	[14]	[Debug]	Code execution scope started	0ms	a5ca3b49-6eac-4e90-bdc6-68e7b79757eb
powershell.exe Information: 0 : 2018-10-24 19:11:52.8157	[OfficeDevPnP.Core]	[0]	[Information]	Creating folder 'QuickLaunch' under List '/sites/brandme/Style Library'.	0ms	
powershell.exe Information: 0 : 2018-10-24 19:11:53.3629	[OfficeDevPnP.Core]	[0]	[Information]	File left-nav-override.js retrieved from folder 	0ms	
powershell.exe Information: 0 : 2018-10-24 19:11:53.3629	[Files]	[14]	[Debug]	Uploading file left-nav-override.js	12563ms	a5ca3b49-6eac-4e90-bdc6-68e7b79757eb
powershell.exe Information: 0 : 2018-10-24 19:11:53.3639	[OfficeDevPnP.Core]	[0]	[Debug]	Creating file info with Url 'left-nav-override.js'	0ms	
powershell.exe Information: 0 : 2018-10-24 19:11:54.0471	[OfficeDevPnP.Core]	[0]	[Debug]	Checking in file 'left-nav-override.js'	0ms	
powershell.exe Information: 0 : 2018-10-24 19:11:54.2898	[OfficeDevPnP.Core]	[0]	[Debug]	Publishing file 'left-nav-override.js'	0ms	
powershell.exe Information: 0 : 2018-10-24 19:11:55.0326	[OfficeDevPnP.Core]	[0]	[Information]	File left-nav-override.css retrieved from folder 	0ms	
powershell.exe Information: 0 : 2018-10-24 19:11:55.0326	[Files]	[14]	[Debug]	Uploading file left-nav-override.css	14233ms	a5ca3b49-6eac-4e90-bdc6-68e7b79757eb
powershell.exe Information: 0 : 2018-10-24 19:11:55.0336	[OfficeDevPnP.Core]	[0]	[Debug]	Creating file info with Url 'left-nav-override.css'	0ms	
powershell.exe Information: 0 : 2018-10-24 19:11:55.7113	[OfficeDevPnP.Core]	[0]	[Debug]	Checking in file 'left-nav-override.css'	0ms	
powershell.exe Information: 0 : 2018-10-24 19:11:55.9398	[OfficeDevPnP.Core]	[0]	[Debug]	Publishing file 'left-nav-override.css'	0ms	
powershell.exe Information: 0 : 2018-10-24 19:11:56.7386	[OfficeDevPnP.Core]	[0]	[Information]	File Custom-Script-Action.js retrieved from folder 	0ms	
powershell.exe Information: 0 : 2018-10-24 19:11:56.7386	[Files]	[14]	[Debug]	Uploading file Custom-Script-Action.js	15938ms	a5ca3b49-6eac-4e90-bdc6-68e7b79757eb
powershell.exe Information: 0 : 2018-10-24 19:11:56.7386	[OfficeDevPnP.Core]	[0]	[Debug]	Creating file info with Url 'Custom-Script-Action.js'	0ms	
powershell.exe Information: 0 : 2018-10-24 19:11:57.4748	[OfficeDevPnP.Core]	[0]	[Debug]	Checking in file 'Custom-Script-Action.js'	0ms	
powershell.exe Information: 0 : 2018-10-24 19:11:57.7438	[OfficeDevPnP.Core]	[0]	[Debug]	Publishing file 'Custom-Script-Action.js'	0ms	
powershell.exe Information: 0 : 2018-10-24 19:11:57.9676	[Files]	[14]	[Debug]	Code execution scope ended	17167ms	a5ca3b49-6eac-4e90-bdc6-68e7b79757eb
powershell.exe Information: 0 : 2018-10-24 19:11:58.0208	[Tenant Settings]	[14]	[Debug]	Code execution scope started	0ms	a5ca3b49-6eac-4e90-bdc6-68e7b79757eb
powershell.exe Information: 0 : 2018-10-24 19:11:58.0218	[Tenant Settings]	[14]	[Debug]	Code execution scope ended	0ms	a5ca3b49-6eac-4e90-bdc6-68e7b79757eb
powershell.exe Information: 0 : 2018-10-24 19:11:58.0508	[Application Lifecycle Management]	[14]	[Debug]	Code execution scope started	0ms	a5ca3b49-6eac-4e90-bdc6-68e7b79757eb
powershell.exe Information: 0 : 2018-10-24 19:11:58.0518	[Application Lifecycle Management]	[14]	[Debug]	Code execution scope ended	0ms	a5ca3b49-6eac-4e90-bdc6-68e7b79757eb
powershell.exe Information: 0 : 2018-10-24 19:11:58.0732	[Custom Actions]	[14]	[Debug]	Code execution scope started	0ms	a5ca3b49-6eac-4e90-bdc6-68e7b79757eb
powershell.exe Information: 0 : 2018-10-24 19:11:58.1837	[Custom Actions]	[14]	[Debug]	Adding custom action 'QL_Dropdown' to scope Site	110ms	a5ca3b49-6eac-4e90-bdc6-68e7b79757eb
powershell.exe Information: 0 : 2018-10-24 19:11:58.5424	[Custom Actions]	[14]	[Debug]	Code execution scope ended	468ms	a5ca3b49-6eac-4e90-bdc6-68e7b79757eb
powershell.exe Information: 0 : 2018-10-24 19:11:58.5424	[Persist Template Info]	[14]	[Debug]	Code execution scope started	0ms	a5ca3b49-6eac-4e90-bdc6-68e7b79757eb
powershell.exe Information: 0 : 2018-10-24 19:11:59.2530	[Persist Template Info]	[14]	[Debug]	Code execution scope ended	710ms	a5ca3b49-6eac-4e90-bdc6-68e7b79757eb
powershell.exe Information: 0 : 2018-10-24 19:11:59.2540	[Provisioning]	[14]	[Debug]	Code execution scope ended	25329ms	a5ca3b49-6eac-4e90-bdc6-68e7b79757eb
