powershell.exe Information: 0 : 2018-10-22 00:35:16.6407	[OfficeDevPnP.Core]	[0]	[Information]	File Custom.QuickLaunch.Template.xml retrieved from folder 	0ms	
powershell.exe Information: 0 : 2018-10-22 00:35:16.6418	[OfficeDevPnP.Core]	[0]	[Information]	File Custom.QuickLaunch.Template.xml retrieved from folder 	0ms	
powershell.exe Information: 0 : 2018-10-22 00:35:16.6607	[Provisioning]	[14]	[Debug]	Code execution scope started	0ms	580f9c3f-2940-4288-84c7-c0a218b7c080
powershell.exe Information: 0 : 2018-10-22 00:35:16.6607	[Provisioning]	[14]	[Information]	ProgressDelegate registered	0ms	580f9c3f-2940-4288-84c7-c0a218b7c080
powershell.exe Information: 0 : 2018-10-22 00:35:16.6637	[Provisioning]	[14]	[Information]	MessagesDelegate registered	2ms	580f9c3f-2940-4288-84c7-c0a218b7c080
powershell.exe Information: 0 : 2018-10-22 00:35:25.8772	[Extensibility Providers]	[14]	[Debug]	Code execution scope started	0ms	580f9c3f-2940-4288-84c7-c0a218b7c080
powershell.exe Information: 0 : 2018-10-22 00:35:25.8772	[Extensibility Providers]	[14]	[Debug]	Code execution scope ended	0ms	580f9c3f-2940-4288-84c7-c0a218b7c080
powershell.exe Information: 0 : 2018-10-22 00:35:26.2096	[Files]	[14]	[Debug]	Code execution scope started	0ms	580f9c3f-2940-4288-84c7-c0a218b7c080
powershell.exe Information: 0 : 2018-10-22 00:35:40.6195	[OfficeDevPnP.Core]	[0]	[Information]	Creating folder 'QuickLaunch' under List '/sites/brandme/Style Library'.	0ms	
powershell.exe Information: 0 : 2018-10-22 00:35:41.2459	[OfficeDevPnP.Core]	[0]	[Information]	File left-nav-override.js retrieved from folder 	0ms	
powershell.exe Information: 0 : 2018-10-22 00:35:41.2459	[Files]	[14]	[Debug]	Uploading file left-nav-override.js	15035ms	580f9c3f-2940-4288-84c7-c0a218b7c080
powershell.exe Information: 0 : 2018-10-22 00:35:41.2464	[OfficeDevPnP.Core]	[0]	[Debug]	Creating file info with Url 'left-nav-override.js'	0ms	
powershell.exe Information: 0 : 2018-10-22 00:35:41.7919	[OfficeDevPnP.Core]	[0]	[Debug]	Checking in file 'left-nav-override.js'	0ms	
powershell.exe Information: 0 : 2018-10-22 00:35:42.1516	[OfficeDevPnP.Core]	[0]	[Debug]	Publishing file 'left-nav-override.js'	0ms	
powershell.exe Information: 0 : 2018-10-22 00:35:43.0493	[OfficeDevPnP.Core]	[0]	[Information]	File Custom-Script-Action.js retrieved from folder 	0ms	
powershell.exe Information: 0 : 2018-10-22 00:35:43.0493	[Files]	[14]	[Debug]	Uploading file Custom-Script-Action.js	16839ms	580f9c3f-2940-4288-84c7-c0a218b7c080
powershell.exe Information: 0 : 2018-10-22 00:35:43.0498	[OfficeDevPnP.Core]	[0]	[Debug]	Creating file info with Url 'Custom-Script-Action.js'	0ms	
powershell.exe Information: 0 : 2018-10-22 00:35:43.7252	[OfficeDevPnP.Core]	[0]	[Debug]	Checking in file 'Custom-Script-Action.js'	0ms	
powershell.exe Information: 0 : 2018-10-22 00:35:43.9359	[OfficeDevPnP.Core]	[0]	[Debug]	Publishing file 'Custom-Script-Action.js'	0ms	
powershell.exe Information: 0 : 2018-10-22 00:35:44.1207	[Files]	[14]	[Debug]	Code execution scope ended	17910ms	580f9c3f-2940-4288-84c7-c0a218b7c080
powershell.exe Information: 0 : 2018-10-22 00:35:44.1616	[Tenant Settings]	[14]	[Debug]	Code execution scope started	0ms	580f9c3f-2940-4288-84c7-c0a218b7c080
powershell.exe Information: 0 : 2018-10-22 00:35:44.1621	[Tenant Settings]	[14]	[Debug]	Code execution scope ended	0ms	580f9c3f-2940-4288-84c7-c0a218b7c080
powershell.exe Information: 0 : 2018-10-22 00:35:44.1877	[Application Lifecycle Management]	[14]	[Debug]	Code execution scope started	0ms	580f9c3f-2940-4288-84c7-c0a218b7c080
powershell.exe Information: 0 : 2018-10-22 00:35:44.1877	[Application Lifecycle Management]	[14]	[Debug]	Code execution scope ended	0ms	580f9c3f-2940-4288-84c7-c0a218b7c080
powershell.exe Information: 0 : 2018-10-22 00:35:44.2096	[Custom Actions]	[14]	[Debug]	Code execution scope started	0ms	580f9c3f-2940-4288-84c7-c0a218b7c080
powershell.exe Information: 0 : 2018-10-22 00:35:44.3351	[Custom Actions]	[14]	[Debug]	Adding custom action 'QL_Dropdown' to scope Site	125ms	580f9c3f-2940-4288-84c7-c0a218b7c080
powershell.exe Information: 0 : 2018-10-22 00:35:44.6528	[Custom Actions]	[14]	[Debug]	Code execution scope ended	443ms	580f9c3f-2940-4288-84c7-c0a218b7c080
powershell.exe Information: 0 : 2018-10-22 00:35:44.6534	[Persist Template Info]	[14]	[Debug]	Code execution scope started	0ms	580f9c3f-2940-4288-84c7-c0a218b7c080
powershell.exe Information: 0 : 2018-10-22 00:35:45.4219	[Persist Template Info]	[14]	[Debug]	Code execution scope ended	769ms	580f9c3f-2940-4288-84c7-c0a218b7c080
powershell.exe Information: 0 : 2018-10-22 00:35:45.4229	[Provisioning]	[14]	[Debug]	Code execution scope ended	28761ms	580f9c3f-2940-4288-84c7-c0a218b7c080
