powershell.exe Information: 0 : 2018-10-25 04:20:17.7045	[OfficeDevPnP.Core]	[0]	[Information]	File Custom.QuickLaunch.Template.xml retrieved from folder 	0ms	
powershell.exe Information: 0 : 2018-10-25 04:20:17.7065	[OfficeDevPnP.Core]	[0]	[Information]	File Custom.QuickLaunch.Template.xml retrieved from folder 	0ms	
powershell.exe Information: 0 : 2018-10-25 04:20:17.7305	[Provisioning]	[14]	[Debug]	Code execution scope started	0ms	9fc3742e-6e68-448f-afc4-37571d865ccd
powershell.exe Information: 0 : 2018-10-25 04:20:17.7315	[Provisioning]	[14]	[Information]	ProgressDelegate registered	0ms	9fc3742e-6e68-448f-afc4-37571d865ccd
powershell.exe Information: 0 : 2018-10-25 04:20:17.7335	[Provisioning]	[14]	[Information]	MessagesDelegate registered	2ms	9fc3742e-6e68-448f-afc4-37571d865ccd
powershell.exe Information: 0 : 2018-10-25 04:20:24.1193	[Extensibility Providers]	[14]	[Debug]	Code execution scope started	0ms	9fc3742e-6e68-448f-afc4-37571d865ccd
powershell.exe Information: 0 : 2018-10-25 04:20:24.1203	[Extensibility Providers]	[14]	[Debug]	Code execution scope ended	0ms	9fc3742e-6e68-448f-afc4-37571d865ccd
powershell.exe Information: 0 : 2018-10-25 04:20:24.2563	[Files]	[14]	[Debug]	Code execution scope started	0ms	9fc3742e-6e68-448f-afc4-37571d865ccd
powershell.exe Information: 0 : 2018-10-25 04:20:35.9443	[OfficeDevPnP.Core]	[0]	[Information]	Creating folder 'QuickLaunch' under List '/sites/brandme/Style Library'.	0ms	
powershell.exe Information: 0 : 2018-10-25 04:20:36.5491	[OfficeDevPnP.Core]	[0]	[Information]	File left-nav-override.js retrieved from folder 	0ms	
powershell.exe Information: 0 : 2018-10-25 04:20:36.5491	[Files]	[14]	[Debug]	Uploading file left-nav-override.js	12292ms	9fc3742e-6e68-448f-afc4-37571d865ccd
powershell.exe Information: 0 : 2018-10-25 04:20:36.5501	[OfficeDevPnP.Core]	[0]	[Debug]	Creating file info with Url 'left-nav-override.js'	0ms	
powershell.exe Information: 0 : 2018-10-25 04:20:37.2047	[OfficeDevPnP.Core]	[0]	[Debug]	Checking in file 'left-nav-override.js'	0ms	
powershell.exe Information: 0 : 2018-10-25 04:20:37.4055	[OfficeDevPnP.Core]	[0]	[Debug]	Publishing file 'left-nav-override.js'	0ms	
powershell.exe Information: 0 : 2018-10-25 04:20:38.0311	[OfficeDevPnP.Core]	[0]	[Information]	File left-nav-override.css retrieved from folder 	0ms	
powershell.exe Information: 0 : 2018-10-25 04:20:38.0316	[Files]	[14]	[Debug]	Uploading file left-nav-override.css	13774ms	9fc3742e-6e68-448f-afc4-37571d865ccd
powershell.exe Information: 0 : 2018-10-25 04:20:38.0326	[OfficeDevPnP.Core]	[0]	[Debug]	Creating file info with Url 'left-nav-override.css'	0ms	
powershell.exe Information: 0 : 2018-10-25 04:20:38.6200	[OfficeDevPnP.Core]	[0]	[Debug]	Checking in file 'left-nav-override.css'	0ms	
powershell.exe Information: 0 : 2018-10-25 04:20:38.8190	[OfficeDevPnP.Core]	[0]	[Debug]	Publishing file 'left-nav-override.css'	0ms	
powershell.exe Information: 0 : 2018-10-25 04:20:39.4072	[OfficeDevPnP.Core]	[0]	[Information]	File Custom-Script-Action.js retrieved from folder 	0ms	
powershell.exe Information: 0 : 2018-10-25 04:20:39.4082	[Files]	[14]	[Debug]	Uploading file Custom-Script-Action.js	15151ms	9fc3742e-6e68-448f-afc4-37571d865ccd
powershell.exe Information: 0 : 2018-10-25 04:20:39.4092	[OfficeDevPnP.Core]	[0]	[Debug]	Creating file info with Url 'Custom-Script-Action.js'	0ms	
powershell.exe Information: 0 : 2018-10-25 04:20:39.9302	[OfficeDevPnP.Core]	[0]	[Debug]	Checking in file 'Custom-Script-Action.js'	0ms	
powershell.exe Information: 0 : 2018-10-25 04:20:40.1204	[OfficeDevPnP.Core]	[0]	[Debug]	Publishing file 'Custom-Script-Action.js'	0ms	
powershell.exe Information: 0 : 2018-10-25 04:20:40.7809	[Files]	[14]	[Debug]	Uploading and overwriting existing file connectslogo(78px).png	16524ms	9fc3742e-6e68-448f-afc4-37571d865ccd
powershell.exe Information: 0 : 2018-10-25 04:20:40.9454	[OfficeDevPnP.Core]	[0]	[Information]	File connectslogo(78px).png retrieved from folder 	0ms	
powershell.exe Information: 0 : 2018-10-25 04:20:40.9464	[OfficeDevPnP.Core]	[0]	[Debug]	Creating file info with Url 'connectslogo(78px).png'	0ms	
powershell.exe Information: 0 : 2018-10-25 04:20:41.5628	[OfficeDevPnP.Core]	[0]	[Debug]	Checking in file 'connectslogo(78px).png'	0ms	
powershell.exe Information: 0 : 2018-10-25 04:20:41.8604	[OfficeDevPnP.Core]	[0]	[Debug]	Publishing file 'connectslogo(78px).png'	0ms	
powershell.exe Information: 0 : 2018-10-25 04:20:42.5196	[Files]	[14]	[Debug]	Uploading and overwriting existing file Waypoint-Logo_color.png	18262ms	9fc3742e-6e68-448f-afc4-37571d865ccd
powershell.exe Information: 0 : 2018-10-25 04:20:42.6582	[OfficeDevPnP.Core]	[0]	[Information]	File Waypoint-Logo_color.png retrieved from folder 	0ms	
powershell.exe Information: 0 : 2018-10-25 04:20:42.6592	[OfficeDevPnP.Core]	[0]	[Debug]	Creating file info with Url 'Waypoint-Logo_color.png'	0ms	
powershell.exe Information: 0 : 2018-10-25 04:20:43.3374	[OfficeDevPnP.Core]	[0]	[Debug]	Checking in file 'Waypoint-Logo_color.png'	0ms	
powershell.exe Information: 0 : 2018-10-25 04:20:43.5776	[OfficeDevPnP.Core]	[0]	[Debug]	Publishing file 'Waypoint-Logo_color.png'	0ms	
powershell.exe Information: 0 : 2018-10-25 04:20:43.7938	[Files]	[14]	[Debug]	Code execution scope ended	19537ms	9fc3742e-6e68-448f-afc4-37571d865ccd
powershell.exe Information: 0 : 2018-10-25 04:20:43.8358	[Tenant Settings]	[14]	[Debug]	Code execution scope started	0ms	9fc3742e-6e68-448f-afc4-37571d865ccd
powershell.exe Information: 0 : 2018-10-25 04:20:43.8368	[Tenant Settings]	[14]	[Debug]	Code execution scope ended	1ms	9fc3742e-6e68-448f-afc4-37571d865ccd
powershell.exe Information: 0 : 2018-10-25 04:20:43.8824	[Application Lifecycle Management]	[14]	[Debug]	Code execution scope started	0ms	9fc3742e-6e68-448f-afc4-37571d865ccd
powershell.exe Information: 0 : 2018-10-25 04:20:43.8834	[Application Lifecycle Management]	[14]	[Debug]	Code execution scope ended	0ms	9fc3742e-6e68-448f-afc4-37571d865ccd
powershell.exe Information: 0 : 2018-10-25 04:20:43.9044	[Custom Actions]	[14]	[Debug]	Code execution scope started	0ms	9fc3742e-6e68-448f-afc4-37571d865ccd
powershell.exe Information: 0 : 2018-10-25 04:20:44.0214	[Custom Actions]	[14]	[Debug]	Adding custom action 'QL_Dropdown' to scope Site	116ms	9fc3742e-6e68-448f-afc4-37571d865ccd
powershell.exe Information: 0 : 2018-10-25 04:20:44.3297	[Custom Actions]	[14]	[Debug]	Code execution scope ended	424ms	9fc3742e-6e68-448f-afc4-37571d865ccd
powershell.exe Information: 0 : 2018-10-25 04:20:44.3297	[Persist Template Info]	[14]	[Debug]	Code execution scope started	0ms	9fc3742e-6e68-448f-afc4-37571d865ccd
powershell.exe Information: 0 : 2018-10-25 04:20:45.0048	[Persist Template Info]	[14]	[Debug]	Code execution scope ended	674ms	9fc3742e-6e68-448f-afc4-37571d865ccd
powershell.exe Information: 0 : 2018-10-25 04:20:45.0048	[Provisioning]	[14]	[Debug]	Code execution scope ended	27274ms	9fc3742e-6e68-448f-afc4-37571d865ccd
