powershell.exe Information: 0 : 2018-10-25 05:11:39.1865	[OfficeDevPnP.Core]	[0]	[Information]	File Custom.QuickLaunch.Template.xml retrieved from folder 	0ms	
powershell.exe Information: 0 : 2018-10-25 05:11:39.1880	[OfficeDevPnP.Core]	[0]	[Information]	File Custom.QuickLaunch.Template.xml retrieved from folder 	0ms	
powershell.exe Information: 0 : 2018-10-25 05:11:39.2165	[Provisioning]	[14]	[Debug]	Code execution scope started	0ms	d96eec58-7f02-4d92-aad7-3b5bfbcbd9d8
powershell.exe Information: 0 : 2018-10-25 05:11:39.2165	[Provisioning]	[14]	[Information]	ProgressDelegate registered	0ms	d96eec58-7f02-4d92-aad7-3b5bfbcbd9d8
powershell.exe Information: 0 : 2018-10-25 05:11:39.2186	[Provisioning]	[14]	[Information]	MessagesDelegate registered	1ms	d96eec58-7f02-4d92-aad7-3b5bfbcbd9d8
powershell.exe Information: 0 : 2018-10-25 05:11:45.8273	[Extensibility Providers]	[14]	[Debug]	Code execution scope started	0ms	d96eec58-7f02-4d92-aad7-3b5bfbcbd9d8
powershell.exe Information: 0 : 2018-10-25 05:11:45.8273	[Extensibility Providers]	[14]	[Debug]	Code execution scope ended	0ms	d96eec58-7f02-4d92-aad7-3b5bfbcbd9d8
powershell.exe Information: 0 : 2018-10-25 05:11:45.9543	[Files]	[14]	[Debug]	Code execution scope started	0ms	d96eec58-7f02-4d92-aad7-3b5bfbcbd9d8
powershell.exe Information: 0 : 2018-10-25 05:11:57.9452	[OfficeDevPnP.Core]	[0]	[Information]	Creating folder 'QuickLaunch' under List '/sites/brandme/Style Library'.	0ms	
powershell.exe Information: 0 : 2018-10-25 05:11:58.5565	[OfficeDevPnP.Core]	[0]	[Information]	File left-nav-override.js retrieved from folder 	0ms	
powershell.exe Information: 0 : 2018-10-25 05:11:58.5565	[Files]	[14]	[Debug]	Uploading file left-nav-override.js	12602ms	d96eec58-7f02-4d92-aad7-3b5bfbcbd9d8
powershell.exe Information: 0 : 2018-10-25 05:11:58.5575	[OfficeDevPnP.Core]	[0]	[Debug]	Creating file info with Url 'left-nav-override.js'	0ms	
powershell.exe Information: 0 : 2018-10-25 05:11:59.2495	[OfficeDevPnP.Core]	[0]	[Debug]	Checking in file 'left-nav-override.js'	0ms	
powershell.exe Information: 0 : 2018-10-25 05:11:59.4620	[OfficeDevPnP.Core]	[0]	[Debug]	Publishing file 'left-nav-override.js'	0ms	
powershell.exe Information: 0 : 2018-10-25 05:12:01.2549	[OfficeDevPnP.Core]	[0]	[Information]	File left-nav-override.css retrieved from folder 	0ms	
powershell.exe Information: 0 : 2018-10-25 05:12:01.2559	[Files]	[14]	[Debug]	Uploading file left-nav-override.css	15301ms	d96eec58-7f02-4d92-aad7-3b5bfbcbd9d8
powershell.exe Information: 0 : 2018-10-25 05:12:01.2559	[OfficeDevPnP.Core]	[0]	[Debug]	Creating file info with Url 'left-nav-override.css'	0ms	
powershell.exe Information: 0 : 2018-10-25 05:12:02.0379	[OfficeDevPnP.Core]	[0]	[Debug]	Checking in file 'left-nav-override.css'	0ms	
powershell.exe Information: 0 : 2018-10-25 05:12:02.2939	[OfficeDevPnP.Core]	[0]	[Debug]	Publishing file 'left-nav-override.css'	0ms	
powershell.exe Information: 0 : 2018-10-25 05:12:03.2154	[OfficeDevPnP.Core]	[0]	[Information]	File Custom-Script-Action.js retrieved from folder 	0ms	
powershell.exe Information: 0 : 2018-10-25 05:12:03.2154	[Files]	[14]	[Debug]	Uploading file Custom-Script-Action.js	17261ms	d96eec58-7f02-4d92-aad7-3b5bfbcbd9d8
powershell.exe Information: 0 : 2018-10-25 05:12:03.2154	[OfficeDevPnP.Core]	[0]	[Debug]	Creating file info with Url 'Custom-Script-Action.js'	0ms	
powershell.exe Information: 0 : 2018-10-25 05:12:03.8993	[OfficeDevPnP.Core]	[0]	[Debug]	Checking in file 'Custom-Script-Action.js'	0ms	
powershell.exe Information: 0 : 2018-10-25 05:12:04.1533	[OfficeDevPnP.Core]	[0]	[Debug]	Publishing file 'Custom-Script-Action.js'	0ms	
powershell.exe Information: 0 : 2018-10-25 05:12:04.8287	[Files]	[14]	[Debug]	Uploading and overwriting existing file connectslogo(78px).png	18874ms	d96eec58-7f02-4d92-aad7-3b5bfbcbd9d8
powershell.exe Information: 0 : 2018-10-25 05:12:04.9687	[OfficeDevPnP.Core]	[0]	[Information]	File connectslogo(78px).png retrieved from folder 	0ms	
powershell.exe Information: 0 : 2018-10-25 05:12:04.9687	[OfficeDevPnP.Core]	[0]	[Debug]	Creating file info with Url 'connectslogo(78px).png'	0ms	
powershell.exe Information: 0 : 2018-10-25 05:12:05.5338	[OfficeDevPnP.Core]	[0]	[Debug]	Checking in file 'connectslogo(78px).png'	0ms	
powershell.exe Information: 0 : 2018-10-25 05:12:05.7253	[OfficeDevPnP.Core]	[0]	[Debug]	Publishing file 'connectslogo(78px).png'	0ms	
powershell.exe Information: 0 : 2018-10-25 05:12:06.3533	[Files]	[14]	[Debug]	Uploading and overwriting existing file Waypoint-Logo_color.png	20398ms	d96eec58-7f02-4d92-aad7-3b5bfbcbd9d8
powershell.exe Information: 0 : 2018-10-25 05:12:06.4983	[OfficeDevPnP.Core]	[0]	[Information]	File Waypoint-Logo_color.png retrieved from folder 	0ms	
powershell.exe Information: 0 : 2018-10-25 05:12:06.4993	[OfficeDevPnP.Core]	[0]	[Debug]	Creating file info with Url 'Waypoint-Logo_color.png'	0ms	
powershell.exe Information: 0 : 2018-10-25 05:12:07.2231	[OfficeDevPnP.Core]	[0]	[Debug]	Checking in file 'Waypoint-Logo_color.png'	0ms	
powershell.exe Information: 0 : 2018-10-25 05:12:07.4246	[OfficeDevPnP.Core]	[0]	[Debug]	Publishing file 'Waypoint-Logo_color.png'	0ms	
powershell.exe Information: 0 : 2018-10-25 05:12:07.6057	[Files]	[14]	[Debug]	Code execution scope ended	21651ms	d96eec58-7f02-4d92-aad7-3b5bfbcbd9d8
powershell.exe Information: 0 : 2018-10-25 05:12:07.6506	[Tenant Settings]	[14]	[Debug]	Code execution scope started	0ms	d96eec58-7f02-4d92-aad7-3b5bfbcbd9d8
powershell.exe Information: 0 : 2018-10-25 05:12:07.6516	[Tenant Settings]	[14]	[Debug]	Code execution scope ended	0ms	d96eec58-7f02-4d92-aad7-3b5bfbcbd9d8
powershell.exe Information: 0 : 2018-10-25 05:12:07.6756	[Application Lifecycle Management]	[14]	[Debug]	Code execution scope started	0ms	d96eec58-7f02-4d92-aad7-3b5bfbcbd9d8
powershell.exe Information: 0 : 2018-10-25 05:12:07.6766	[Application Lifecycle Management]	[14]	[Debug]	Code execution scope ended	0ms	d96eec58-7f02-4d92-aad7-3b5bfbcbd9d8
powershell.exe Information: 0 : 2018-10-25 05:12:07.7026	[Custom Actions]	[14]	[Debug]	Code execution scope started	0ms	d96eec58-7f02-4d92-aad7-3b5bfbcbd9d8
powershell.exe Information: 0 : 2018-10-25 05:12:07.8251	[Custom Actions]	[14]	[Debug]	Adding custom action 'QL_Dropdown' to scope Site	122ms	d96eec58-7f02-4d92-aad7-3b5bfbcbd9d8
powershell.exe Information: 0 : 2018-10-25 05:12:08.0922	[Custom Actions]	[14]	[Debug]	Code execution scope ended	389ms	d96eec58-7f02-4d92-aad7-3b5bfbcbd9d8
powershell.exe Information: 0 : 2018-10-25 05:12:08.0932	[Persist Template Info]	[14]	[Debug]	Code execution scope started	0ms	d96eec58-7f02-4d92-aad7-3b5bfbcbd9d8
powershell.exe Information: 0 : 2018-10-25 05:12:08.8929	[Persist Template Info]	[14]	[Debug]	Code execution scope ended	799ms	d96eec58-7f02-4d92-aad7-3b5bfbcbd9d8
powershell.exe Information: 0 : 2018-10-25 05:12:08.8934	[Provisioning]	[14]	[Debug]	Code execution scope ended	29676ms	d96eec58-7f02-4d92-aad7-3b5bfbcbd9d8
