powershell.exe Information: 0 : 2018-10-24 22:21:54.2811	[OfficeDevPnP.Core]	[0]	[Information]	File Custom.QuickLaunch.Template.xml retrieved from folder 	0ms	
powershell.exe Information: 0 : 2018-10-24 22:21:54.2831	[OfficeDevPnP.Core]	[0]	[Information]	File Custom.QuickLaunch.Template.xml retrieved from folder 	0ms	
powershell.exe Information: 0 : 2018-10-24 22:21:54.3101	[Provisioning]	[14]	[Debug]	Code execution scope started	0ms	fafa7f3a-b57d-4581-ad1c-b868f2edc658
powershell.exe Information: 0 : 2018-10-24 22:21:54.3101	[Provisioning]	[14]	[Information]	ProgressDelegate registered	0ms	fafa7f3a-b57d-4581-ad1c-b868f2edc658
powershell.exe Information: 0 : 2018-10-24 22:21:54.3121	[Provisioning]	[14]	[Information]	MessagesDelegate registered	2ms	fafa7f3a-b57d-4581-ad1c-b868f2edc658
powershell.exe Information: 0 : 2018-10-24 22:22:00.7864	[Extensibility Providers]	[14]	[Debug]	Code execution scope started	0ms	fafa7f3a-b57d-4581-ad1c-b868f2edc658
powershell.exe Information: 0 : 2018-10-24 22:22:00.7864	[Extensibility Providers]	[14]	[Debug]	Code execution scope ended	0ms	fafa7f3a-b57d-4581-ad1c-b868f2edc658
powershell.exe Information: 0 : 2018-10-24 22:22:00.9278	[Files]	[14]	[Debug]	Code execution scope started	0ms	fafa7f3a-b57d-4581-ad1c-b868f2edc658
powershell.exe Information: 0 : 2018-10-24 22:22:12.6071	[OfficeDevPnP.Core]	[0]	[Information]	Creating folder 'QuickLaunch' under List '/sites/brandme/Style Library'.	0ms	
powershell.exe Information: 0 : 2018-10-24 22:22:13.1995	[OfficeDevPnP.Core]	[0]	[Information]	File left-nav-override.js retrieved from folder 	0ms	
powershell.exe Information: 0 : 2018-10-24 22:22:13.1995	[Files]	[14]	[Debug]	Uploading file left-nav-override.js	12271ms	fafa7f3a-b57d-4581-ad1c-b868f2edc658
powershell.exe Information: 0 : 2018-10-24 22:22:13.1995	[OfficeDevPnP.Core]	[0]	[Debug]	Creating file info with Url 'left-nav-override.js'	0ms	
powershell.exe Information: 0 : 2018-10-24 22:22:14.1832	[OfficeDevPnP.Core]	[0]	[Debug]	Checking in file 'left-nav-override.js'	0ms	
powershell.exe Information: 0 : 2018-10-24 22:22:14.3767	[OfficeDevPnP.Core]	[0]	[Debug]	Publishing file 'left-nav-override.js'	0ms	
powershell.exe Information: 0 : 2018-10-24 22:22:14.9761	[OfficeDevPnP.Core]	[0]	[Information]	File left-nav-override.css retrieved from folder 	0ms	
powershell.exe Information: 0 : 2018-10-24 22:22:14.9761	[Files]	[14]	[Debug]	Uploading file left-nav-override.css	14048ms	fafa7f3a-b57d-4581-ad1c-b868f2edc658
powershell.exe Information: 0 : 2018-10-24 22:22:14.9761	[OfficeDevPnP.Core]	[0]	[Debug]	Creating file info with Url 'left-nav-override.css'	0ms	
powershell.exe Information: 0 : 2018-10-24 22:22:15.5874	[OfficeDevPnP.Core]	[0]	[Debug]	Checking in file 'left-nav-override.css'	0ms	
powershell.exe Information: 0 : 2018-10-24 22:22:15.8044	[OfficeDevPnP.Core]	[0]	[Debug]	Publishing file 'left-nav-override.css'	0ms	
powershell.exe Information: 0 : 2018-10-24 22:22:16.4072	[OfficeDevPnP.Core]	[0]	[Information]	File Custom-Script-Action.js retrieved from folder 	0ms	
powershell.exe Information: 0 : 2018-10-24 22:22:16.4072	[Files]	[14]	[Debug]	Uploading file Custom-Script-Action.js	15479ms	fafa7f3a-b57d-4581-ad1c-b868f2edc658
powershell.exe Information: 0 : 2018-10-24 22:22:16.4072	[OfficeDevPnP.Core]	[0]	[Debug]	Creating file info with Url 'Custom-Script-Action.js'	0ms	
powershell.exe Information: 0 : 2018-10-24 22:22:16.9671	[OfficeDevPnP.Core]	[0]	[Debug]	Checking in file 'Custom-Script-Action.js'	0ms	
powershell.exe Information: 0 : 2018-10-24 22:22:17.1581	[OfficeDevPnP.Core]	[0]	[Debug]	Publishing file 'Custom-Script-Action.js'	0ms	
powershell.exe Information: 0 : 2018-10-24 22:22:17.4611	[Files]	[14]	[Debug]	Code execution scope ended	16533ms	fafa7f3a-b57d-4581-ad1c-b868f2edc658
powershell.exe Information: 0 : 2018-10-24 22:22:17.5051	[Tenant Settings]	[14]	[Debug]	Code execution scope started	0ms	fafa7f3a-b57d-4581-ad1c-b868f2edc658
powershell.exe Information: 0 : 2018-10-24 22:22:17.5061	[Tenant Settings]	[14]	[Debug]	Code execution scope ended	0ms	fafa7f3a-b57d-4581-ad1c-b868f2edc658
powershell.exe Information: 0 : 2018-10-24 22:22:17.5261	[Application Lifecycle Management]	[14]	[Debug]	Code execution scope started	0ms	fafa7f3a-b57d-4581-ad1c-b868f2edc658
powershell.exe Information: 0 : 2018-10-24 22:22:17.5261	[Application Lifecycle Management]	[14]	[Debug]	Code execution scope ended	0ms	fafa7f3a-b57d-4581-ad1c-b868f2edc658
powershell.exe Information: 0 : 2018-10-24 22:22:17.5431	[Custom Actions]	[14]	[Debug]	Code execution scope started	0ms	fafa7f3a-b57d-4581-ad1c-b868f2edc658
powershell.exe Information: 0 : 2018-10-24 22:22:17.6541	[Custom Actions]	[14]	[Debug]	Adding custom action 'QL_Dropdown' to scope Site	110ms	fafa7f3a-b57d-4581-ad1c-b868f2edc658
powershell.exe Information: 0 : 2018-10-24 22:22:17.9002	[Custom Actions]	[14]	[Debug]	Code execution scope ended	356ms	fafa7f3a-b57d-4581-ad1c-b868f2edc658
powershell.exe Information: 0 : 2018-10-24 22:22:17.9012	[Persist Template Info]	[14]	[Debug]	Code execution scope started	0ms	fafa7f3a-b57d-4581-ad1c-b868f2edc658
powershell.exe Information: 0 : 2018-10-24 22:22:18.7482	[Persist Template Info]	[14]	[Debug]	Code execution scope ended	847ms	fafa7f3a-b57d-4581-ad1c-b868f2edc658
powershell.exe Information: 0 : 2018-10-24 22:22:18.7487	[Provisioning]	[14]	[Debug]	Code execution scope ended	24438ms	fafa7f3a-b57d-4581-ad1c-b868f2edc658
